[13:06:06] [Server console handler/ERROR]: Exception handling console input
java.io.IOException: The handle is invalid
	at java.io.FileInputStream.readBytes(Native Method) ~[?:1.8.0_191]
	at java.io.FileInputStream.read(Unknown Source) ~[?:1.8.0_191]
	at java.io.BufferedInputStream.fill(Unknown Source) ~[?:1.8.0_191]
	at java.io.BufferedInputStream.read(Unknown Source) ~[?:1.8.0_191]
	at org.bukkit.craftbukkit.libs.jline.internal.NonBlockingInputStream.read(NonBlockingInputStream.java:248) ~[spigot-1.14.3.jar:git-Spigot-9a643a6-2349feb]
	at org.bukkit.craftbukkit.libs.jline.internal.InputStreamReader.read(InputStreamReader.java:261) ~[spigot-1.14.3.jar:git-Spigot-9a643a6-2349feb]
	at org.bukkit.craftbukkit.libs.jline.internal.InputStreamReader.read(InputStreamReader.java:198) ~[spigot-1.14.3.jar:git-Spigot-9a643a6-2349feb]
	at org.bukkit.craftbukkit.libs.jline.console.ConsoleReader.readCharacter(ConsoleReader.java:2145) ~[spigot-1.14.3.jar:git-Spigot-9a643a6-2349feb]
	at org.bukkit.craftbukkit.libs.jline.console.ConsoleReader.readLineSimple(ConsoleReader.java:3183) ~[spigot-1.14.3.jar:git-Spigot-9a643a6-2349feb]
	at org.bukkit.craftbukkit.libs.jline.console.ConsoleReader.readLine(ConsoleReader.java:2333) ~[spigot-1.14.3.jar:git-Spigot-9a643a6-2349feb]
	at org.bukkit.craftbukkit.libs.jline.console.ConsoleReader.readLine(ConsoleReader.java:2269) ~[spigot-1.14.3.jar:git-Spigot-9a643a6-2349feb]
	at org.bukkit.craftbukkit.libs.jline.console.ConsoleReader.readLine(ConsoleReader.java:2257) ~[spigot-1.14.3.jar:git-Spigot-9a643a6-2349feb]
	at net.minecraft.server.v1_14_R1.DedicatedServer$2.run(DedicatedServer.java:97) [spigot-1.14.3.jar:git-Spigot-9a643a6-2349feb]
[13:06:06] [Server thread/INFO]: Loading properties
[13:06:06] [Server thread/INFO]: This server is running CraftBukkit version git-Spigot-9a643a6-2349feb (MC: 1.14.3) (Implementing API version 1.14.3-R0.1-SNAPSHOT)
[13:06:06] [Server thread/INFO]: Debug logging is disabled
[13:06:06] [Server thread/INFO]: Using 4 threads for Netty based IO
[13:06:06] [Server thread/INFO]: Server Ping Player Sample Count: 12
[13:06:06] [Server thread/INFO]: Default game type: SURVIVAL
[13:06:06] [Server thread/INFO]: Generating keypair
[13:06:07] [Server thread/INFO]: Starting Minecraft server on *:25565
[13:06:07] [Server thread/INFO]: Using default channel type
[13:06:12] [Server thread/INFO]: [LuckPerms] Loading LuckPerms v4.4.1
[13:06:14] [Server thread/INFO]: [HomeSpawn] Loading HomeSpawn v3.1.4
[13:06:14] [Server thread/INFO]: [SkinsRestorer] Loading SkinsRestorer v13.7.1
[13:06:14] [Server thread/INFO]: [mcMMO] Loading mcMMO v2.1.97-SNAPSHOT
[13:06:14] [Server thread/INFO]: [AutoRestart] Loading AutoRestart v3.3.3
[13:06:14] [Server thread/INFO]: [Vault] Loading Vault v1.7.2-b107
[13:06:14] [Server thread/INFO]: [GriefPrevention] Loading GriefPrevention v16.11.6
[13:06:14] [Server thread/INFO]: [Essentials] Loading Essentials v2.17.0.0
[13:06:14] [Server thread/INFO]: [EssentialsSpawn] Loading EssentialsSpawn v2.17.0.0
[13:06:14] [Server thread/INFO]: [EssentialsChat] Loading EssentialsChat v2.17.0.0
[13:06:14] [Server thread/INFO]: [LuckPerms] Enabling LuckPerms v4.4.1
[13:06:14] [Server thread/INFO]:         __    
[13:06:14] [Server thread/INFO]:   |    |__)   LuckPerms v4.4.1
[13:06:14] [Server thread/INFO]:   |___ |      Running on Bukkit - CraftBukkit
[13:06:14] [Server thread/INFO]: [LuckPerms] Loading configuration...
[13:06:14] [Server thread/INFO]: [LuckPerms] Loading storage provider... [H2]
[13:06:15] [Server thread/INFO]: [LuckPerms] Loading internal permission managers...
[13:06:15] [Server thread/INFO]: [LuckPerms] Performing initial data load...
[13:06:15] [Server thread/INFO]: [LuckPerms] Successfully enabled. (took 1420ms)
[13:06:15] [Server thread/INFO]: [mcMMO] Enabling mcMMO v2.1.97-SNAPSHOT
[13:06:16] [Server thread/INFO]: [mcMMO] enabling Acrobatics Skills
[13:06:16] [Server thread/INFO]: [mcMMO] registered subskill: Roll
[13:06:16] [Server thread/INFO]: [mcMMO] 0 entries in mcMMO World Blacklist
[13:06:16] [Server thread/INFO]: [Vault] Enabling Vault v1.7.2-b107
[13:06:16] [Server thread/INFO]: [Vault] [Economy] Essentials Economy found: Waiting
[13:06:16] [Server thread/INFO]: [Vault] [Permission] SuperPermissions loaded as backup permission system.
[13:06:16] [Server thread/INFO]: [Vault] Enabled Version 1.7.2-b107
[13:06:16] [Server thread/INFO]: [LuckPerms] Registered Vault permission & chat hook.
[13:06:16] [Server thread/WARN]: **** SERVER IS RUNNING IN OFFLINE/INSECURE MODE!
[13:06:16] [Server thread/WARN]: The server will make no attempt to authenticate usernames. Beware.
[13:06:16] [Server thread/WARN]: While this makes the game possible to play without internet access, it also opens up the ability for hackers to connect with any username they choose.
[13:06:16] [Server thread/WARN]: To change this, set "online-mode" to "true" in the server.properties file.
[13:06:16] [Server thread/INFO]: Preparing level "world"
[13:06:16] [Server thread/INFO]: Reloading ResourceManager: Default, bukkit
[13:06:16] [Server thread/INFO]: Loaded 6 recipes
[13:06:17] [Server thread/INFO]: -------- World Settings For [world] --------
[13:06:17] [Server thread/INFO]: View Distance: 10
[13:06:17] [Server thread/INFO]: Item Merge Radius: 2.5
[13:06:17] [Server thread/INFO]: Item Despawn Rate: 6000
[13:06:17] [Server thread/INFO]: Arrow Despawn Rate: 1200
[13:06:17] [Server thread/INFO]: Allow Zombie Pigmen to spawn from portal blocks: true
[13:06:17] [Server thread/INFO]: Nerfing mobs spawned from spawners: false
[13:06:17] [Server thread/INFO]: Zombie Aggressive Towards Villager: true
[13:06:17] [Server thread/INFO]: Custom Map Seeds:  Village: 10387312 Desert: 14357617 Igloo: 14357618 Jungle: 14357619 Swamp: 14357620 Monument: 10387313Ocean: 14357621 Shipwreck: 165745295 Slime: 987234911
[13:06:17] [Server thread/INFO]: Experience Merge Radius: 3.0
[13:06:17] [Server thread/INFO]: Cactus Growth Modifier: 100%
[13:06:17] [Server thread/INFO]: Cane Growth Modifier: 100%
[13:06:17] [Server thread/INFO]: Melon Growth Modifier: 100%
[13:06:17] [Server thread/INFO]: Mushroom Growth Modifier: 100%
[13:06:17] [Server thread/INFO]: Pumpkin Growth Modifier: 100%
[13:06:17] [Server thread/INFO]: Sapling Growth Modifier: 100%
[13:06:17] [Server thread/INFO]: Beetroot Growth Modifier: 100%
[13:06:17] [Server thread/INFO]: Carrot Growth Modifier: 100%
[13:06:17] [Server thread/INFO]: Potato Growth Modifier: 100%
[13:06:17] [Server thread/INFO]: Wheat Growth Modifier: 100%
[13:06:17] [Server thread/INFO]: NetherWart Growth Modifier: 100%
[13:06:17] [Server thread/INFO]: Vine Growth Modifier: 100%
[13:06:17] [Server thread/INFO]: Cocoa Growth Modifier: 100%
[13:06:17] [Server thread/INFO]: Bamboo Growth Modifier: 100%
[13:06:17] [Server thread/INFO]: SweetBerry Growth Modifier: 100%
[13:06:17] [Server thread/INFO]: Kelp Growth Modifier: 100%
[13:06:17] [Server thread/INFO]: Mob Spawn Range: 6
[13:06:17] [Server thread/INFO]: Entity Activation Range: An 32 / Mo 32 / Ra 48 / Mi 16 / Tiv true
[13:06:17] [Server thread/INFO]: Entity Tracking Range: Pl 48 / An 48 / Mo 48 / Mi 32 / Other 64
[13:06:17] [Server thread/INFO]: Tile Max Tick Time: 50ms Entity max Tick Time: 50ms
[13:06:17] [Server thread/INFO]: Hopper Transfer: 8 Hopper Check: 1 Hopper Amount: 1
[13:06:17] [Server thread/INFO]: Max TNT Explosions: 100
[13:06:17] [Server thread/INFO]: -------- World Settings For [world_nether] --------
[13:06:17] [Server thread/INFO]: View Distance: 10
[13:06:17] [Server thread/INFO]: Item Merge Radius: 2.5
[13:06:17] [Server thread/INFO]: Item Despawn Rate: 6000
[13:06:17] [Server thread/INFO]: Arrow Despawn Rate: 1200
[13:06:17] [Server thread/INFO]: Allow Zombie Pigmen to spawn from portal blocks: true
[13:06:17] [Server thread/INFO]: Nerfing mobs spawned from spawners: false
[13:06:17] [Server thread/INFO]: Zombie Aggressive Towards Villager: true
[13:06:17] [Server thread/INFO]: Custom Map Seeds:  Village: 10387312 Desert: 14357617 Igloo: 14357618 Jungle: 14357619 Swamp: 14357620 Monument: 10387313Ocean: 14357621 Shipwreck: 165745295 Slime: 987234911
[13:06:17] [Server thread/INFO]: Experience Merge Radius: 3.0
[13:06:17] [Server thread/INFO]: Cactus Growth Modifier: 100%
[13:06:17] [Server thread/INFO]: Cane Growth Modifier: 100%
[13:06:17] [Server thread/INFO]: Melon Growth Modifier: 100%
[13:06:17] [Server thread/INFO]: Mushroom Growth Modifier: 100%
[13:06:17] [Server thread/INFO]: Pumpkin Growth Modifier: 100%
[13:06:17] [Server thread/INFO]: Sapling Growth Modifier: 100%
[13:06:17] [Server thread/INFO]: Beetroot Growth Modifier: 100%
[13:06:17] [Server thread/INFO]: Carrot Growth Modifier: 100%
[13:06:17] [Server thread/INFO]: Potato Growth Modifier: 100%
[13:06:17] [Server thread/INFO]: Wheat Growth Modifier: 100%
[13:06:17] [Server thread/INFO]: NetherWart Growth Modifier: 100%
[13:06:17] [Server thread/INFO]: Vine Growth Modifier: 100%
[13:06:17] [Server thread/INFO]: Cocoa Growth Modifier: 100%
[13:06:17] [Server thread/INFO]: Bamboo Growth Modifier: 100%
[13:06:17] [Server thread/INFO]: SweetBerry Growth Modifier: 100%
[13:06:17] [Server thread/INFO]: Kelp Growth Modifier: 100%
[13:06:17] [Server thread/INFO]: Mob Spawn Range: 6
[13:06:17] [Server thread/INFO]: Entity Activation Range: An 32 / Mo 32 / Ra 48 / Mi 16 / Tiv true
[13:06:17] [Server thread/INFO]: Entity Tracking Range: Pl 48 / An 48 / Mo 48 / Mi 32 / Other 64
[13:06:17] [Server thread/INFO]: Tile Max Tick Time: 50ms Entity max Tick Time: 50ms
[13:06:17] [Server thread/INFO]: Hopper Transfer: 8 Hopper Check: 1 Hopper Amount: 1
[13:06:17] [Server thread/INFO]: Max TNT Explosions: 100
[13:06:17] [Server thread/INFO]: -------- World Settings For [world_the_end] --------
[13:06:17] [Server thread/INFO]: View Distance: 10
[13:06:17] [Server thread/INFO]: Item Merge Radius: 2.5
[13:06:17] [Server thread/INFO]: Item Despawn Rate: 6000
[13:06:17] [Server thread/INFO]: Arrow Despawn Rate: 1200
[13:06:17] [Server thread/INFO]: Allow Zombie Pigmen to spawn from portal blocks: true
[13:06:17] [Server thread/INFO]: Nerfing mobs spawned from spawners: false
[13:06:17] [Server thread/INFO]: Zombie Aggressive Towards Villager: true
[13:06:17] [Server thread/INFO]: Custom Map Seeds:  Village: 10387312 Desert: 14357617 Igloo: 14357618 Jungle: 14357619 Swamp: 14357620 Monument: 10387313Ocean: 14357621 Shipwreck: 165745295 Slime: 987234911
[13:06:17] [Server thread/INFO]: Experience Merge Radius: 3.0
[13:06:17] [Server thread/INFO]: Cactus Growth Modifier: 100%
[13:06:17] [Server thread/INFO]: Cane Growth Modifier: 100%
[13:06:17] [Server thread/INFO]: Melon Growth Modifier: 100%
[13:06:17] [Server thread/INFO]: Mushroom Growth Modifier: 100%
[13:06:17] [Server thread/INFO]: Pumpkin Growth Modifier: 100%
[13:06:17] [Server thread/INFO]: Sapling Growth Modifier: 100%
[13:06:17] [Server thread/INFO]: Beetroot Growth Modifier: 100%
[13:06:17] [Server thread/INFO]: Carrot Growth Modifier: 100%
[13:06:17] [Server thread/INFO]: Potato Growth Modifier: 100%
[13:06:17] [Server thread/INFO]: Wheat Growth Modifier: 100%
[13:06:17] [Server thread/INFO]: NetherWart Growth Modifier: 100%
[13:06:17] [Server thread/INFO]: Vine Growth Modifier: 100%
[13:06:17] [Server thread/INFO]: Cocoa Growth Modifier: 100%
[13:06:17] [Server thread/INFO]: Bamboo Growth Modifier: 100%
[13:06:17] [Server thread/INFO]: SweetBerry Growth Modifier: 100%
[13:06:17] [Server thread/INFO]: Kelp Growth Modifier: 100%
[13:06:17] [Server thread/INFO]: Mob Spawn Range: 6
[13:06:17] [Server thread/INFO]: Entity Activation Range: An 32 / Mo 32 / Ra 48 / Mi 16 / Tiv true
[13:06:17] [Server thread/INFO]: Entity Tracking Range: Pl 48 / An 48 / Mo 48 / Mi 32 / Other 64
[13:06:17] [Server thread/INFO]: Tile Max Tick Time: 50ms Entity max Tick Time: 50ms
[13:06:17] [Server thread/INFO]: Hopper Transfer: 8 Hopper Check: 1 Hopper Amount: 1
[13:06:17] [Server thread/INFO]: Max TNT Explosions: 100
[13:06:17] [Server thread/INFO]: Preparing start region for dimension 'world'/minecraft:overworld
[13:06:18] [Server thread/INFO]: Preparing spawn area: 0%
[13:06:18] [Server thread/INFO]: Preparing spawn area: 0%
[13:06:19] [Server thread/INFO]: Preparing spawn area: 0%
[13:06:19] [Server thread/INFO]: Preparing spawn area: 0%
[13:06:19] [Server thread/INFO]: Preparing spawn area: 0%
[13:06:19] [Server thread/INFO]: Preparing spawn area: 0%
[13:06:21] [Server-Worker-3/INFO]: Preparing spawn area: 83%
[13:06:21] [Server-Worker-1/INFO]: Preparing spawn area: 83%
[13:06:21] [Server-Worker-4/INFO]: Preparing spawn area: 83%
[13:06:21] [Server-Worker-7/INFO]: Preparing spawn area: 95%
[13:06:22] [Server-Worker-5/INFO]: Preparing spawn area: 96%
[13:06:22] [Server thread/INFO]: Time elapsed: 5238 ms
[13:06:22] [Server thread/INFO]: Preparing start region for dimension 'world_nether'/minecraft:the_nether
[13:06:23] [Server thread/INFO]: Preparing spawn area: 0%
[13:06:23] [Server thread/INFO]: Preparing spawn area: 0%
[13:06:23] [Server-Worker-5/INFO]: Preparing spawn area: 44%
[13:06:24] [Server-Worker-4/INFO]: Preparing spawn area: 83%
[13:06:24] [Server-Worker-1/INFO]: Preparing spawn area: 93%
[13:06:24] [Server thread/INFO]: Time elapsed: 2175 ms
[13:06:24] [Server thread/INFO]: Preparing start region for dimension 'world_the_end'/minecraft:the_end
[13:06:25] [Server thread/INFO]: Preparing spawn area: 0%
[13:06:25] [Server-Worker-1/INFO]: Preparing spawn area: 83%
[13:06:25] [Server thread/INFO]: Time elapsed: 641 ms
[13:06:25] [Server thread/INFO]: [HomeSpawn] Enabling HomeSpawn v3.1.4
[13:06:25] [Server thread/INFO]: [HomeSpawn] HomeSpawn v3.1.4 has been enabled
[13:06:25] [Server thread/INFO]: [SkinsRestorer] Enabling SkinsRestorer v13.7.1
[13:06:25] [Server thread/INFO]: [SkinsRestorer] Detected Minecraft v1_14_R1, using UniversalSkinFactory.
[13:06:25] [Server thread/INFO]: [AutoRestart] Enabling AutoRestart v3.3.3
[13:06:25] [Server thread/INFO]: [AutoRestart] Loaded!
[13:06:25] [Server thread/INFO]: [GriefPrevention] Enabling GriefPrevention v16.11.6
[13:06:25] [Server thread/INFO]: [GriefPrevention] Finished loading configuration.
[13:06:25] [Server thread/INFO]: [GriefPrevention] 0 total claims loaded.
[13:06:26] [Server thread/INFO]: [GriefPrevention] Customizable messages loaded.
[13:06:26] [Server thread/INFO]: [GriefPrevention] Finished loading data (File Mode).
[13:06:26] [Server thread/INFO]: [GriefPrevention] Boot finished.
[13:06:26] [Server thread/INFO]: [Essentials] Enabling Essentials v2.17.0.0
[13:06:26] [Server thread/INFO]: Attempting to convert old kits in config.yml to new kits.yml
[13:06:26] [Server thread/INFO]: No kits found to migrate.
[13:06:26] [Server thread/INFO]: [Essentials] Starting Essentials ban format conversion
[13:06:26] [Server thread/INFO]: [Essentials] Found 1 files to convert...
[13:06:26] [Server thread/INFO]: [Essentials] Converted 0/1
[13:06:26] [Server thread/INFO]: [Essentials] Ban format update complete.
[13:06:26] [Server thread/INFO]: [Essentials] Starting usermap repair
[13:06:26] [Server thread/INFO]: [Essentials] Reading: 0.00%
[13:06:26] [Server thread/INFO]: [Essentials] Completed usermap repair.
[13:06:26] [Server thread/INFO]: [Essentials] Using 1.8.3+ BlockStateMeta provider as mob spawner provider.
[13:06:26] [Server thread/INFO]: [Essentials] Using 1.13+ flat spawn egg provider as spawn egg provider.
[13:06:26] [Server thread/INFO]: [Essentials] Using 1.9+ BasePotionData provider as potion meta provider.
[13:06:26] [Server thread/INFO]: Loaded 20977 items from items.json.
[13:06:26] [Server thread/INFO]: Using locale en_US
[13:06:26] [Server thread/INFO]: [Essentials] ServerListPingEvent: Spigot iterator API
[13:06:26] [Server thread/INFO]: [Essentials] Starting Metrics. Opt-out using the global bStats config.
[13:06:26] [Server thread/INFO]: [Vault] [Vault][Economy] Essentials Economy hooked.
[13:06:26] [Server thread/INFO]: [Essentials] Using Vault based permissions (LuckPerms)
[13:06:26] [Server thread/INFO]: [EssentialsSpawn] Enabling EssentialsSpawn v2.17.0.0
[13:06:26] [Server thread/INFO]: [EssentialsChat] Enabling EssentialsChat v2.17.0.0
[13:06:27] [Server thread/INFO]: Server permissions file permissions.yml is empty, ignoring it
[13:06:27] [Server thread/INFO]: Done (10.864s)! For help, type "help"
[13:06:27] [Craft Scheduler Thread - 1/INFO]: [HomeSpawn] HomeSpawn file watcher started!
[13:06:27] [Craft Scheduler Thread - 0/INFO]: [mcMMO] Cleaned backup files. Deleted 15 of 19 files.
[13:06:28] [Craft Scheduler Thread - 3/INFO]: [SkinsRestorer] ----------------------------------------------
[13:06:28] [Craft Scheduler Thread - 3/INFO]: [SkinsRestorer]     +===============+
[13:06:28] [Craft Scheduler Thread - 3/INFO]: [SkinsRestorer]     | SkinsRestorer |
[13:06:28] [Craft Scheduler Thread - 3/INFO]: [SkinsRestorer]     +===============+
[13:06:28] [Craft Scheduler Thread - 3/INFO]: [SkinsRestorer] ----------------------------------------------
[13:06:28] [Craft Scheduler Thread - 3/INFO]: [SkinsRestorer]     Current version: 13.7.1
[13:06:28] [Craft Scheduler Thread - 3/INFO]: [SkinsRestorer]     This is the latest version!
[13:06:28] [Craft Scheduler Thread - 3/INFO]: [SkinsRestorer] ----------------------------------------------
[13:06:28] [Server thread/INFO]: [AutoRestart] Up to date!
[13:06:28] [Craft Scheduler Thread - 8/INFO]: [Vault] Checking for Updates ... 
[13:06:29] [Craft Scheduler Thread - 8/INFO]: [Vault] No new version available
