[20:19:36] [Server thread/INFO]: Starting minecraft server version 1.14.4
[20:19:36] [Server thread/INFO]: Loading properties
[20:19:38] [Server thread/INFO]: This server is running CraftBukkit version git-Spigot-065a373-9aa7430 (MC: 1.14.4) (Implementing API version 1.14.4-R0.1-SNAPSHOT)
[20:19:43] [Server thread/INFO]: Debug logging is disabled
[20:19:43] [Server thread/INFO]: Server Ping Player Sample Count: 12
[20:19:43] [Server thread/INFO]: Using 4 threads for Netty based IO
[20:19:43] [Server thread/INFO]: Default game type: SURVIVAL
[20:19:43] [Server thread/INFO]: Generating keypair
[20:19:44] [Server thread/INFO]: Starting Minecraft server on *:25565
[20:19:44] [Server thread/INFO]: Using default channel type
[20:20:02] [Server thread/WARN]: Plugin PermissionsEx v1.23.4 does not specify an api-version.
[20:20:03] [Server thread/WARN]: Plugin Stargate v0.8.2 does not specify an api-version.
[20:20:03] [Server thread/INFO]: [PermissionsEx] Loading PermissionsEx v1.23.4
[20:20:03] [Server thread/WARN]: [PermissionsEx] This server is in offline mode. Unless this server is configured to integrate with a supported proxy (see http://dft.ba/-8ous), UUIDs *may not be stable*!
[20:20:03] [Server thread/INFO]: [HomeSpawn] Loading HomeSpawn v3.1.4
[20:20:03] [Server thread/INFO]: [SkinsRestorer] Loading SkinsRestorer v13.7.3
[20:20:03] [Server thread/INFO]: [mcMMO] Loading mcMMO v2.1.100-SNAPSHOT
[20:20:03] [Server thread/INFO]: [AutoRestart] Loading AutoRestart v3.3.3
[20:20:03] [Server thread/INFO]: [Vault] Loading Vault v1.7.2-b107
[20:20:03] [Server thread/INFO]: [Stargate] Loading Stargate v0.8.2
[20:20:03] [Server thread/INFO]: [GriefPrevention] Loading GriefPrevention v16.11.6
[20:20:03] [Server thread/INFO]: [ChestShop] Loading ChestShop v3.10-SNAPSHOT (build 137)
[20:20:03] [Server thread/INFO]: [Essentials] Loading Essentials v2.17.0.0
[20:20:03] [Server thread/INFO]: [EssentialsSpawn] Loading EssentialsSpawn v2.17.0.0
[20:20:03] [Server thread/INFO]: [EssentialsChat] Loading EssentialsChat v2.17.0.0
[20:20:03] [Server thread/INFO]: [mcMMO] Enabling mcMMO v2.1.100-SNAPSHOT
[20:20:07] [Server thread/INFO]: [mcMMO] enabling Acrobatics Skills
[20:20:08] [Server thread/INFO]: [mcMMO] registered subskill: Roll
[20:20:08] [Server thread/INFO]: [mcMMO] 0 entries in mcMMO World Blacklist
[20:20:08] [Server thread/INFO]: [Vault] Enabling Vault v1.7.2-b107
[20:20:08] [Server thread/INFO]: [Vault] [Economy] Essentials Economy found: Waiting
[20:20:08] [Server thread/INFO]: [Vault] [Permission] PermissionsEx found: Waiting
[20:20:08] [Server thread/INFO]: [Vault] [Permission] SuperPermissions loaded as backup permission system.
[20:20:08] [Server thread/INFO]: [Vault] [Chat] PermissionsEx found: Waiting
[20:20:08] [Server thread/INFO]: [Vault] Enabled Version 1.7.2-b107
[20:20:08] [Server thread/WARN]: **** SERVER IS RUNNING IN OFFLINE/INSECURE MODE!
[20:20:08] [Server thread/WARN]: The server will make no attempt to authenticate usernames. Beware.
[20:20:08] [Server thread/WARN]: While this makes the game possible to play without internet access, it also opens up the ability for hackers to connect with any username they choose.
[20:20:08] [Server thread/WARN]: To change this, set "online-mode" to "true" in the server.properties file.
[20:20:08] [Server thread/INFO]: Preparing level "world"
[20:20:08] [Server thread/INFO]: Reloading ResourceManager: Default, bukkit
[20:20:09] [Server thread/INFO]: Loaded 6 recipes
[20:20:10] [Server thread/INFO]: -------- World Settings For [world] --------
[20:20:10] [Server thread/INFO]: View Distance: 8
[20:20:10] [Server thread/INFO]: Allow Zombie Pigmen to spawn from portal blocks: true
[20:20:10] [Server thread/INFO]: Arrow Despawn Rate: 1200
[20:20:10] [Server thread/INFO]: Item Despawn Rate: 6000
[20:20:10] [Server thread/INFO]: Item Merge Radius: 2.5
[20:20:10] [Server thread/INFO]: Zombie Aggressive Towards Villager: true
[20:20:10] [Server thread/INFO]: Nerfing mobs spawned from spawners: false
[20:20:10] [Server thread/INFO]: Experience Merge Radius: 3.0
[20:20:10] [Server thread/INFO]: Mob Spawn Range: 6
[20:20:10] [Server thread/INFO]: Cactus Growth Modifier: 100%
[20:20:10] [Server thread/INFO]: Cane Growth Modifier: 100%
[20:20:10] [Server thread/INFO]: Melon Growth Modifier: 100%
[20:20:10] [Server thread/INFO]: Mushroom Growth Modifier: 100%
[20:20:10] [Server thread/INFO]: Pumpkin Growth Modifier: 100%
[20:20:10] [Server thread/INFO]: Sapling Growth Modifier: 100%
[20:20:10] [Server thread/INFO]: Beetroot Growth Modifier: 100%
[20:20:10] [Server thread/INFO]: Carrot Growth Modifier: 100%
[20:20:10] [Server thread/INFO]: Potato Growth Modifier: 100%
[20:20:10] [Server thread/INFO]: Wheat Growth Modifier: 100%
[20:20:10] [Server thread/INFO]: NetherWart Growth Modifier: 100%
[20:20:10] [Server thread/INFO]: Vine Growth Modifier: 100%
[20:20:10] [Server thread/INFO]: Cocoa Growth Modifier: 100%
[20:20:10] [Server thread/INFO]: Bamboo Growth Modifier: 100%
[20:20:10] [Server thread/INFO]: SweetBerry Growth Modifier: 100%
[20:20:10] [Server thread/INFO]: Kelp Growth Modifier: 100%
[20:20:10] [Server thread/INFO]: Max TNT Explosions: 100
[20:20:10] [Server thread/INFO]: Tile Max Tick Time: 50ms Entity max Tick Time: 50ms
[20:20:10] [Server thread/INFO]: Entity Tracking Range: Pl 48 / An 48 / Mo 48 / Mi 32 / Other 64
[20:20:10] [Server thread/INFO]: Entity Activation Range: An 32 / Mo 32 / Ra 48 / Mi 16 / Tiv true
[20:20:10] [Server thread/INFO]: Hopper Transfer: 8 Hopper Check: 1 Hopper Amount: 1
[20:20:10] [Server thread/INFO]: Custom Map Seeds:  Village: 10387312 Desert: 14357617 Igloo: 14357618 Jungle: 14357619 Swamp: 14357620 Monument: 10387313Ocean: 14357621 Shipwreck: 165745295 Slime: 987234911
[20:20:10] [Server thread/INFO]: -------- World Settings For [world_nether] --------
[20:20:10] [Server thread/INFO]: View Distance: 8
[20:20:10] [Server thread/INFO]: Allow Zombie Pigmen to spawn from portal blocks: true
[20:20:10] [Server thread/INFO]: Arrow Despawn Rate: 1200
[20:20:10] [Server thread/INFO]: Item Despawn Rate: 6000
[20:20:10] [Server thread/INFO]: Item Merge Radius: 2.5
[20:20:10] [Server thread/INFO]: Zombie Aggressive Towards Villager: true
[20:20:10] [Server thread/INFO]: Nerfing mobs spawned from spawners: false
[20:20:10] [Server thread/INFO]: Experience Merge Radius: 3.0
[20:20:10] [Server thread/INFO]: Mob Spawn Range: 6
[20:20:10] [Server thread/INFO]: Cactus Growth Modifier: 100%
[20:20:10] [Server thread/INFO]: Cane Growth Modifier: 100%
[20:20:10] [Server thread/INFO]: Melon Growth Modifier: 100%
[20:20:10] [Server thread/INFO]: Mushroom Growth Modifier: 100%
[20:20:10] [Server thread/INFO]: Pumpkin Growth Modifier: 100%
[20:20:10] [Server thread/INFO]: Sapling Growth Modifier: 100%
[20:20:10] [Server thread/INFO]: Beetroot Growth Modifier: 100%
[20:20:10] [Server thread/INFO]: Carrot Growth Modifier: 100%
[20:20:10] [Server thread/INFO]: Potato Growth Modifier: 100%
[20:20:10] [Server thread/INFO]: Wheat Growth Modifier: 100%
[20:20:10] [Server thread/INFO]: NetherWart Growth Modifier: 100%
[20:20:10] [Server thread/INFO]: Vine Growth Modifier: 100%
[20:20:10] [Server thread/INFO]: Cocoa Growth Modifier: 100%
[20:20:10] [Server thread/INFO]: Bamboo Growth Modifier: 100%
[20:20:10] [Server thread/INFO]: SweetBerry Growth Modifier: 100%
[20:20:10] [Server thread/INFO]: Kelp Growth Modifier: 100%
[20:20:10] [Server thread/INFO]: Max TNT Explosions: 100
[20:20:10] [Server thread/INFO]: Tile Max Tick Time: 50ms Entity max Tick Time: 50ms
[20:20:10] [Server thread/INFO]: Entity Tracking Range: Pl 48 / An 48 / Mo 48 / Mi 32 / Other 64
[20:20:10] [Server thread/INFO]: Entity Activation Range: An 32 / Mo 32 / Ra 48 / Mi 16 / Tiv true
[20:20:10] [Server thread/INFO]: Hopper Transfer: 8 Hopper Check: 1 Hopper Amount: 1
[20:20:10] [Server thread/INFO]: Custom Map Seeds:  Village: 10387312 Desert: 14357617 Igloo: 14357618 Jungle: 14357619 Swamp: 14357620 Monument: 10387313Ocean: 14357621 Shipwreck: 165745295 Slime: 987234911
[20:20:11] [Server thread/INFO]: -------- World Settings For [world_the_end] --------
[20:20:11] [Server thread/INFO]: View Distance: 8
[20:20:11] [Server thread/INFO]: Allow Zombie Pigmen to spawn from portal blocks: true
[20:20:11] [Server thread/INFO]: Arrow Despawn Rate: 1200
[20:20:11] [Server thread/INFO]: Item Despawn Rate: 6000
[20:20:11] [Server thread/INFO]: Item Merge Radius: 2.5
[20:20:11] [Server thread/INFO]: Zombie Aggressive Towards Villager: true
[20:20:11] [Server thread/INFO]: Nerfing mobs spawned from spawners: false
[20:20:11] [Server thread/INFO]: Experience Merge Radius: 3.0
[20:20:11] [Server thread/INFO]: Mob Spawn Range: 6
[20:20:11] [Server thread/INFO]: Cactus Growth Modifier: 100%
[20:20:11] [Server thread/INFO]: Cane Growth Modifier: 100%
[20:20:11] [Server thread/INFO]: Melon Growth Modifier: 100%
[20:20:11] [Server thread/INFO]: Mushroom Growth Modifier: 100%
[20:20:11] [Server thread/INFO]: Pumpkin Growth Modifier: 100%
[20:20:11] [Server thread/INFO]: Sapling Growth Modifier: 100%
[20:20:11] [Server thread/INFO]: Beetroot Growth Modifier: 100%
[20:20:11] [Server thread/INFO]: Carrot Growth Modifier: 100%
[20:20:11] [Server thread/INFO]: Potato Growth Modifier: 100%
[20:20:11] [Server thread/INFO]: Wheat Growth Modifier: 100%
[20:20:11] [Server thread/INFO]: NetherWart Growth Modifier: 100%
[20:20:11] [Server thread/INFO]: Vine Growth Modifier: 100%
[20:20:11] [Server thread/INFO]: Cocoa Growth Modifier: 100%
[20:20:11] [Server thread/INFO]: Bamboo Growth Modifier: 100%
[20:20:11] [Server thread/INFO]: SweetBerry Growth Modifier: 100%
[20:20:11] [Server thread/INFO]: Kelp Growth Modifier: 100%
[20:20:11] [Server thread/INFO]: Max TNT Explosions: 100
[20:20:11] [Server thread/INFO]: Tile Max Tick Time: 50ms Entity max Tick Time: 50ms
[20:20:11] [Server thread/INFO]: Entity Tracking Range: Pl 48 / An 48 / Mo 48 / Mi 32 / Other 64
[20:20:11] [Server thread/INFO]: Entity Activation Range: An 32 / Mo 32 / Ra 48 / Mi 16 / Tiv true
[20:20:11] [Server thread/INFO]: Hopper Transfer: 8 Hopper Check: 1 Hopper Amount: 1
[20:20:11] [Server thread/INFO]: Custom Map Seeds:  Village: 10387312 Desert: 14357617 Igloo: 14357618 Jungle: 14357619 Swamp: 14357620 Monument: 10387313Ocean: 14357621 Shipwreck: 165745295 Slime: 987234911
[20:20:11] [Server thread/INFO]: Preparing start region for dimension 'world'/minecraft:overworld
[20:20:13] [Server thread/INFO]: Preparing spawn area: 0%
[20:20:13] [Server thread/INFO]: Preparing spawn area: 0%
[20:20:13] [Server thread/INFO]: Preparing spawn area: 0%
[20:20:13] [Server thread/INFO]: Preparing spawn area: 0%
[20:20:13] [Server thread/INFO]: Preparing spawn area: 0%
[20:20:13] [Server thread/INFO]: Preparing spawn area: 0%
[20:20:14] [Server thread/INFO]: Preparing spawn area: 0%
[20:20:14] [Server thread/INFO]: Time elapsed: 3754 ms
[20:20:14] [Server thread/INFO]: Preparing start region for dimension 'world_nether'/minecraft:the_nether
[20:20:17] [Server thread/INFO]: Preparing spawn area: 0%
[20:20:17] [Server thread/INFO]: Preparing spawn area: 0%
[20:20:17] [Server thread/INFO]: Preparing spawn area: 0%
[20:20:17] [Server thread/INFO]: Preparing spawn area: 0%
[20:20:17] [Server thread/INFO]: Preparing spawn area: 0%
[20:20:17] [Server thread/INFO]: Preparing spawn area: 0%
[20:20:17] [Server thread/INFO]: Time elapsed: 3114 ms
[20:20:17] [Server thread/INFO]: Preparing start region for dimension 'world_the_end'/minecraft:the_end
[20:20:19] [Server thread/INFO]: Preparing spawn area: 0%
[20:20:19] [Server thread/INFO]: Preparing spawn area: 0%
[20:20:19] [Server thread/INFO]: Preparing spawn area: 0%
[20:20:21] [Server thread/INFO]: Preparing spawn area: 0%
[20:20:21] [Server-Worker-2/INFO]: Preparing spawn area: 0%
[20:20:21] [Server thread/INFO]: Preparing spawn area: 0%
[20:20:21] [Server thread/INFO]: Preparing spawn area: 0%
[20:20:21] [Server-Worker-2/INFO]: Preparing spawn area: 0%
[20:20:22] [Server thread/INFO]: Preparing spawn area: 0%
[20:20:22] [Server-Worker-3/INFO]: Preparing spawn area: 95%
[20:20:22] [Server-Worker-2/INFO]: Preparing spawn area: 96%
[20:20:23] [Server thread/INFO]: Time elapsed: 5119 ms
[20:20:23] [Server thread/INFO]: [PermissionsEx] Enabling PermissionsEx v1.23.4
[20:20:23] [Server thread/INFO]: [PermissionsEx] Initializing file backend
[20:20:23] [Server thread/INFO]: [PermissionsEx] Permissions file successfully reloaded
[20:20:23] [Server thread/INFO]: [Vault][Permission] PermissionsEx hooked.
[20:20:23] [Server thread/INFO]: [Vault] [Vault][Chat] PermissionsEx_Chat hooked.
[20:20:23] [Server thread/INFO]: [HomeSpawn] Enabling HomeSpawn v3.1.4
[20:20:26] [Server thread/INFO]: [HomeSpawn] HomeSpawn v3.1.4 has been enabled
[20:20:26] [Server thread/INFO]: [SkinsRestorer] Enabling SkinsRestorer v13.7.3
[20:20:27] [Server thread/INFO]: [0;33;1m[[0;32;22mSkinsRestorer[0;33;1m] [0;32;1mDetected Minecraft [0;33;1mv1_14_R1[0;32;1m, using [0;33;1mUniversalSkinFactory[0;32;1m.[m
[20:20:27] [Server thread/INFO]: [SkinsRestorer] Verbose is missing in config.yml! Using default value.
[20:20:27] [Server thread/INFO]: [AutoRestart] Enabling AutoRestart v3.3.3
[20:20:28] [Server thread/INFO]: [0;32;1m[AutoRestart] Loaded![m
[20:20:28] [Server thread/INFO]: [Stargate] Enabling Stargate v0.8.2
[20:20:28] [Server thread/INFO]: Stargate v.0.8.2 is enabled.
[20:20:28] [Server thread/INFO]: [Stargate] Loaded 1 gate layouts
[20:20:28] [Server thread/INFO]: [Stargate] {world} No stargates for world 
[20:20:28] [Server thread/INFO]: [Stargate] {world_nether} No stargates for world 
[20:20:28] [Server thread/INFO]: [Stargate] {world_the_end} No stargates for world 
[20:20:28] [Server thread/INFO]: [GriefPrevention] Enabling GriefPrevention v16.11.6
[20:20:28] [Server thread/INFO]: [GriefPrevention] Finished loading configuration.
[20:20:29] [Server thread/INFO]: [GriefPrevention] 65 total claims loaded.
[20:20:31] [Server thread/INFO]: [GriefPrevention] Customizable messages loaded.
[20:20:31] [Server thread/INFO]: [GriefPrevention] Finished loading data (File Mode).
[20:20:31] [Server thread/INFO]: [GriefPrevention] Boot finished.
[20:20:31] [Server thread/INFO]: [ChestShop] Enabling ChestShop v3.10-SNAPSHOT (build 137)
[20:20:33] [Server thread/INFO]: [ChestShop] Using Essentials Economy as the Economy provider now.
[20:20:33] [Server thread/INFO]: [ChestShop] Vault loaded!
[20:20:33] [Server thread/INFO]: [Essentials] Enabling Essentials v2.17.0.0
[20:20:33] [Server thread/ERROR]: [Essentials] You are running an unsupported server version!
[20:20:33] [Server thread/INFO]: Attempting to convert old kits in config.yml to new kits.yml
[20:20:33] [Server thread/INFO]: No kits found to migrate.
[20:20:34] [Server thread/INFO]: [Essentials] Using 1.8.3+ BlockStateMeta provider as mob spawner provider.
[20:20:34] [Server thread/INFO]: [Essentials] Using 1.13+ flat spawn egg provider as spawn egg provider.
[20:20:34] [Server thread/INFO]: [Essentials] Using 1.9+ BasePotionData provider as potion meta provider.
[20:20:34] [Server thread/INFO]: Loaded 20977 items from items.json.
[20:20:34] [Server thread/INFO]: Using locale en_US
[20:20:34] [Server thread/INFO]: [Essentials] ServerListPingEvent: Spigot iterator API
[20:20:34] [Server thread/INFO]: [Essentials] Starting Metrics. Opt-out using the global bStats config.
[20:20:34] [Server thread/INFO]: [Vault] [Vault][Economy] Essentials Economy hooked.
[20:20:34] [Server thread/INFO]: [Essentials] Using Vault based permissions (PermissionsEx)
[20:20:34] [Server thread/INFO]: [EssentialsSpawn] Enabling EssentialsSpawn v2.17.0.0
[20:20:34] [Server thread/INFO]: [EssentialsChat] Enabling EssentialsChat v2.17.0.0
[20:20:35] [Server thread/INFO]: Server permissions file permissions.yml is empty, ignoring it
[20:20:35] [Server thread/INFO]: Done (26.790s)! For help, type "help"
[20:20:35] [Craft Scheduler Thread - 0/INFO]: [mcMMO] Cleaned backup files. Deleted 6 of 29 files.
[20:20:36] [Craft Scheduler Thread - 2/INFO]: [HomeSpawn] HomeSpawn file watcher started!
[20:20:37] [Craft Scheduler Thread - 4/INFO]: [0;33;1m[[0;32;22mSkinsRestorer[0;33;1m] [0;32;1m----------------------------------------------[m
[20:20:37] [Craft Scheduler Thread - 4/INFO]: [0;33;1m[[0;32;22mSkinsRestorer[0;33;1m] [0;32;1m    +===============+[m
[20:20:37] [Craft Scheduler Thread - 4/INFO]: [0;33;1m[[0;32;22mSkinsRestorer[0;33;1m] [0;32;1m    | SkinsRestorer |[m
[20:20:37] [Craft Scheduler Thread - 4/INFO]: [0;33;1m[[0;32;22mSkinsRestorer[0;33;1m] [0;32;1m    +===============+[m
[20:20:37] [Craft Scheduler Thread - 4/INFO]: [0;33;1m[[0;32;22mSkinsRestorer[0;33;1m] [0;32;1m----------------------------------------------[m
[20:20:37] [Craft Scheduler Thread - 4/INFO]: [0;33;1m[[0;32;22mSkinsRestorer[0;33;1m] [0;36;1m    Current version: [0;32;1m13.7.3[m
[20:20:37] [Craft Scheduler Thread - 4/INFO]: [0;33;1m[[0;32;22mSkinsRestorer[0;33;1m] [0;32;1m    This is the latest version![m
[20:20:37] [Craft Scheduler Thread - 4/INFO]: [0;33;1m[[0;32;22mSkinsRestorer[0;33;1m] [0;32;1m----------------------------------------------[m
[20:20:37] [Server thread/INFO]: [0;32;1m[AutoRestart] Up to date![m
[20:20:37] [Craft Scheduler Thread - 7/INFO]: [Vault] Checking for Updates ... 
[20:20:37] [Craft Scheduler Thread - 3/INFO]: [HomeSpawn] §fAn update for HomeSpawn is available and can be downloaded and installed by running /homespawn update
[20:20:37] [Craft Scheduler Thread - 7/INFO]: [Vault] No new version available
[20:22:39] [User Authenticator #1/INFO]: UUID of player Kobeboy15 is dc70f05a-14b3-350c-91b3-ecddbe830761
[20:22:44] [Server thread/INFO]: Kobeboy15[/0:0:0:0:0:0:0:1:52774] logged in with entity id 109 at ([world]744.8474537500858, 68.5, -144.08697177995245)
[20:22:45] [Server thread/WARN]: Can't keep up! Is the server overloaded? Running 5509ms or 110 ticks behind
[20:22:48] [Server thread/INFO]: [0;33;1mKobeboy15 has joined the game.[m
[20:22:52] [Server thread/INFO]: Kobeboy15 issued server command: /tps
[20:22:54] [Server thread/INFO]: Kobeboy15 issued server command: /lag
[20:22:58] [Server thread/INFO]: Kobeboy15 issued server command: /lag
[20:23:07] [Server thread/INFO]: Kobeboy15 issued server command: /tps
[20:23:08] [Server thread/INFO]: Kobeboy15 issued server command: /lag
[20:23:21] [Server thread/INFO]: Kobeboy15 issued server command: /lag
[20:23:22] [Server thread/WARN]: Can't keep up! Is the server overloaded? Running 5876ms or 117 ticks behind
[20:23:27] [Server thread/INFO]: [mcMMO] WorldGuard was not detected.
[20:23:54] [Server thread/INFO]: Kobeboy15 issued server command: /lag
[20:24:00] [Server thread/INFO]: Kobeboy15 lost connection: Disconnected
[20:24:00] [Server thread/INFO]: Kobeboy15 has left the game.
[21:48:26] [Server thread/INFO]: Stopping the server
[21:48:26] [Server thread/INFO]: Stopping server
[21:48:26] [Server thread/INFO]: [EssentialsChat] Disabling EssentialsChat v2.17.0.0
[21:48:26] [Server thread/INFO]: [EssentialsSpawn] Disabling EssentialsSpawn v2.17.0.0
[21:48:26] [Server thread/INFO]: [Essentials] Disabling Essentials v2.17.0.0
[21:48:26] [Server thread/INFO]: [Vault] [Vault][Economy] Essentials Economy unhooked.
[21:48:26] [Server thread/INFO]: [ChestShop] Disabling ChestShop v3.10-SNAPSHOT (build 137)
[21:48:26] [Server thread/INFO]: [GriefPrevention] Disabling GriefPrevention v16.11.6
[21:48:26] [Server thread/INFO]: [GriefPrevention] GriefPrevention disabled.
[21:48:27] [Server thread/INFO]: [Stargate] Disabling Stargate v0.8.2
[21:48:27] [Server thread/INFO]: Closing all stargates.
[21:48:27] [Server thread/INFO]: [Vault] Disabling Vault v1.7.2-b107
[21:48:27] [Server thread/INFO]: [AutoRestart] Disabling AutoRestart v3.3.3
[21:48:27] [Server thread/INFO]: [mcMMO] Disabling mcMMO v2.1.100-SNAPSHOT
[21:48:27] [Server thread/INFO]: [mcMMO] Saving mcMMOPlayers... (0)
[21:48:27] [Server thread/INFO]: [mcMMO] Finished save operation for 0 players!
[21:48:27] [Server thread/INFO]: [SkinsRestorer] Disabling SkinsRestorer v13.7.3
[21:48:27] [Server thread/INFO]: [HomeSpawn] Disabling HomeSpawn v3.1.4
[21:48:27] [Server thread/INFO]: [HomeSpawn] HomeSpawn has been disabled
[21:48:27] [Server thread/INFO]: [PermissionsEx] Disabling PermissionsEx v1.23.4
[21:48:27] [Server thread/INFO]: Saving players
[21:48:27] [Server thread/INFO]: Saving worlds
[21:48:27] [Server thread/INFO]: Saving chunks for level 'world'/minecraft:overworld
[21:48:27] [Server thread/INFO]: ThreadedAnvilChunkStorage (world): All chunks are saved
[21:48:27] [Server thread/INFO]: Saving chunks for level 'world_nether'/minecraft:the_nether
[21:48:27] [Server thread/INFO]: ThreadedAnvilChunkStorage (DIM-1): All chunks are saved
[21:48:27] [Server thread/INFO]: Saving chunks for level 'world_the_end'/minecraft:the_end
[21:48:27] [Server thread/INFO]: ThreadedAnvilChunkStorage (DIM1): All chunks are saved
[21:48:27] [Server thread/INFO]: ThreadedAnvilChunkStorage (world): All chunks are saved
[21:48:27] [Server thread/INFO]: ThreadedAnvilChunkStorage (DIM-1): All chunks are saved
[21:48:27] [Server thread/INFO]: ThreadedAnvilChunkStorage (DIM1): All chunks are saved
