00:09 lolo_lola_69: arch
00:09 lolo_lola_69: unsay kanon sa llamma
00:24 Arrchiiee placed suspicious WATER_BUCKET @ world: x344, z1646
00:25 Arrchiiee placed suspicious WATER_BUCKET @ world: x350, z1646
00:36 Arrchiiee placed suspicious WATER_BUCKET @ world: x344, z1646
00:36 Arrchiiee placed suspicious WATER_BUCKET @ world: x350, z1646
00:39 Arrchiiee placed suspicious WATER_BUCKET @ world: x344, z1646
00:42 Arrchiiee placed suspicious WATER_BUCKET @ world: x344, z1646
01:48 Arrchiiee :  placed a sign @ world: x483, z382
  If ever we wanna
  raid
01:48 Arrchiiee :  placed a sign @ world: x483, z382
  If we wanna raid
  Archie
01:48 Arrchiiee :  placed a sign @ world: x485, z382
  If we wanna raid
  Archie
01:51 Arrchiiee : rob
01:51 Mangaboy5398: ye
01:51 Arrchiiee   : tp to me
01:51 Mangaboy5398: what ahpeend?
01:51 Arrchiiee   : youll see
01:51 Arrchiiee   : if youre not busy
01:55 Arrchiiee   :  placed a sign @ world: x485, z382
  Break in case
  of raid
  Archie
01:56 Arrchiiee   :  placed a sign @ world: x485, z382
  Break in case
  of Raid
  Archie
01:57 Arrchiiee   :  placed a sign @ world: x483, z382
  Break in case 
  of raid
  Archie
02:06 Arrchiiee   :  placed a sign @ world: x480, z377
  Archie's
  home
02:07 Arrchiiee   :  placed a sign @ world: x476, z376
  Archie's 
  home
09:33 Johann    : hey ralge
09:33 Johann    : are you in cebu
09:33 jonnski   : hello sir
09:33 jonnski   : no
09:33 Johann    : did
09:33 Johann    : did u grad yet?
09:34 jonnski   : this december pa
09:34 Johann    : THEN U WILL RETURN :D
09:34 Johann    : :D
09:34 jonnski   : yessir
09:34 jonnski   : fuck this place
09:34 Johann    : :O
09:34 Johann    : THEN YOU CAN WORK IN ISTORYA TOO WOOOO
09:34 jonnski   : kek
09:34 Johann    : meow
15:50 lolo_lola_69: sup
16:15 Arrchiiee   : heeeeyy
16:15 lolo_lola_69: oi
16:15 lolo_lola_69: afk sa ko
16:15 lolo_lola_69: wa ko naligo whole day
16:16 Arrchiiee   : nice
16:16 Arrchiiee   : naa ko dc
16:20 lolo_lola_69: maligo sa ko doh
16:50 lolo_lola_69: discord joh
16:50 Johann      : not ryt now bau
16:51 Johann      : not right now vlad
16:51 lolo_lola_69: ok ra
16:51 Johann      : im showing Kylah around
16:51 lolo_lola_69: hello kylah
16:51 lolo_lola_69: kita kos story AHAHHAHA
16:51 Johann      : :D
16:51 Johann      : hiiiiii
16:51 Arrchiiee   : hello
16:52 Johann      : sad
17:10 lolo_lola_69: ./afk
17:10 lolo_lola_69: afk'
17:33 lolo_lola_69: muted ko
17:36 Arrchiiee   : johann tp to us
17:37 Arrchiiee   : we looking for new treasure
17:37 lolo_lola_69: kita si archie lain nga tresh map
20:10 Johann      :  placed a sign @ world: x635, z-80
  Bobert
  the Bandit
20:11 Arrchiiee   :  placed a sign @ world: x635, z-80
  Bobert the 
  Bandit
21:31 Arrchiiee :  placed a sign @ world: x509, z382
  K. Bio
21:48 Johann    :  placed a sign @ world: x639, z-216
  "Malakor is a 
  autist "
  The Mine
21:50 Johann    :  placed a sign @ world: x639, z-216
  Malakor the Autist
  The 
  Mine
21:59 Johann    :  placed a sign @ world: x629, z-233
  Command Center
22:07 Johann    :  placed a sign @ world: x631, z-227
  Go Down Here
22:13 lolo_lola_69: joh
22:13 Johann      : ni hao
22:13 lolo_lola_69: asa ka
22:13 Johann      : go to my house
22:13 Johann      : then go down to the river
22:13 Johann      : you will find my new mine
22:13 lolo_lola_69: can i kill ur cows
22:14 Johann      : atay
22:14 Johann      : oki hahahhahah
22:14 lolo_lola_69: i have a gift 4 u, naa sa base haha
22:14 lolo_lola_69: di ka discord?
22:25 Arrchiiee placed suspicious WATER_BUCKET @ world: x521, z354
22:32 renzosy     : shutting off server
22:32 renzosy     : for like a few minutes
22:32 lolo_lola_69: when
22:32 renzosy     : likeeeeee
22:32 renzosy     : now i think
22:32 renzosy     : ok brb
22:32 renzosy     : ready?
22:32 imololakanding: shut up
22:32 imololakanding: asshole
22:32 imololakanding: do it
22:32 lolo_lola_69  : hahaha
22:33 imololakanding: bitch
22:33 imololakanding: ?
22:33 imololakanding: i banned myself
22:33 imololakanding: before you can ban me
