18:05 Jhor      : test
18:05 kdremeds  : test
18:36 Jhor      : vlad, do you need cobble?
18:36 lolo_lola_69: aye
18:36 Jhor        : wanna empty my cobble chest?
18:37 lolo_lola_69: my pleasure my guy
18:37 Jhor        : I have too much
18:37 Jhor        : nice
18:37 lolo_lola_69: anything for Jwhore
18:37 lolo_lola_69: atay na cancle
18:37 lolo_lola_69: sa mobs
18:37 Jhor        : hahaha
18:38 Jhor        : the chest on the left
18:38 lolo_lola_69: oh
18:38 lolo_lola_69: imo diay ning mine
18:38 lolo_lola_69: ni connect ang mine ni johann dri
18:38 Jhor        : woah, where haha
18:38 lolo_lola_69: looking 4 it
18:39 lolo_lola_69: dafuq
18:39 lolo_lola_69: dakua
18:39 Jhor        : asa naman ka? haha
18:40 lolo_lola_69: sa rails
18:40 Jhor        : aw haha
18:40 lolo_lola_69: sa end sa imong rails dapit
18:40 Jhor        : still expanding boi haha
18:41 lolo_lola_69: u will know where johann's connected
18:41 lolo_lola_69: i marked
18:41 Jhor        : marked with?
18:41 lolo_lola_69: cstones
18:42 Jhor        : right or left side sa mine?
18:42 lolo_lola_69: right
18:43 Jhor        : right most?
18:43 lolo_lola_69: sunda lang ang rails
18:43 lolo_lola_69: nya sa end dapit
18:43 Jhor        : oh lmao, siyay nag himo aning tunnel? hahha
18:44 lolo_lola_69: kanang single line ra?
18:44 Jhor        : oo
18:44 lolo_lola_69: ako nag mine, pero siya tig harvest sa ores hahaha
18:44 lolo_lola_69: nya ni explore mi sa imong mine shack
18:44 lolo_lola_69: nakita mig zom villager
18:45 lolo_lola_69: amo gi heal, naa sa spruce village
18:45 Jhor        : sa mineshaft? dako baya kaayo haha
18:45 lolo_lola_69: ou
18:45 lolo_lola_69: wla na mi ni continue kay mawala mi
18:45 lolo_lola_69: ni dig straight up nalang me
18:45 Jhor        : hahah
18:45 Jhor        : welcome to my mine
18:46 lolo_lola_69: very well designed
18:46 Jhor        : what made you dig the small tunnel man sad diay?
18:47 lolo_lola_69: nangita ra kog diams
18:47 Jhor        : nya you found? haha
18:47 lolo_lola_69: oh
18:48 Jhor        : haha nice nice
18:48 Jhor        : if you need more cobble, just get from my chest
18:48 lolo_lola_69: cge
18:48 Jhor        : I have another full chest pa
18:48 Jhor        : I just transfered some to the mine chest again
18:49 lolo_lola_69: ilabay na oi hahahaa
18:49 lolo_lola_69: jk amo nang magamit
18:51 Jhor        :  placed a sign @ world: x510, z-57
  Random sht
18:51 Jhor        :  placed a sign @ world: x512, z-57
  Cobble
18:52 Jhor        :  placed a sign @ world: x511, z-62
  Joe's Mine
  Outpost
19:50 kdremeds    : hi
19:50 lolo_lola_69: oi
19:50 kdremeds    : musta
19:50 kdremeds    : hahah
19:50 lolo_lola_69: we good we good
19:51 kdremeds    : sorry karon rako dula cause classes
19:51 lolo_lola_69: what u sry ffor man
19:52 kdremeds    : hahaha wlara
20:02 kdremeds    : vlad need help
20:02 lolo_lola_69: ok ra
20:03 lolo_lola_69: i wastne wearing armor
20:03 lolo_lola_69: ahaha
20:13 lolo_lola_69: kobe tp 2 me latr
20:13 Kobeboy15   : yes boss
20:29 lolo_lola_69: kobe i need to test if there is more damage from the mutli shot
20:29 lolo_lola_69: any
20:29 lolo_lola_69: first the control
20:29 lolo_lola_69: 1 arrow
20:30 lolo_lola_69: lag lagi
20:30 lolo_lola_69: ui need to be close
20:30 lolo_lola_69: para shotgun
20:30 lolo_lola_69: lag
20:30 lolo_lola_69: u ur protected area
20:30 lolo_lola_69: wtf
20:31 lolo_lola_69: u have 2 portals?
20:46 kdremeds    : https://www.youtube.com/watch?v=sfrPEOuY70Y
20:55 kdremeds placed suspicious WATER_BUCKET @ world: x697, z-876
20:56 Kobeboy15   : sleeep guys
20:56 lolo_lola_69: lul
20:56 Kobeboy15   : you didnt see anything vlad
20:56 lolo_lola_69: always
21:10 kdremeds placed suspicious WATER_BUCKET @ world: x695, z-866
21:11 Jhor        : test
21:12 lolo_lola_69: icles
21:12 Jhor        : nice
21:19 lolo_lola_69: kobe
21:19 lolo_lola_69: its in pornhub premium
21:19 Kobeboy15   : HDR?
21:19 lolo_lola_69: nah idk
21:19 Kobeboy15   : theres no 10 bit
21:19 Kobeboy15   : theres no HDR
21:19 Giniguy     : test
21:19 Kobeboy15   : THERES NO X265 CODEC
21:20 Giniguy     : hi
21:20 Johann      : is server getting wonky?
21:22 kdremeds    : BRBGF CALLED
21:24 lolo_lola_69: kobe will be
21:24 lolo_lola_69: i want the nipples as pink as the pigs in mc
21:26 Jhor        : is it laggy for you guys?
21:27 Giniguy     : yea
21:27 Giniguy     : i think renzo has some home issue
21:29 Giniguy     : anyone gonna contact renzo bout this?
21:29 Kobeboy15   : should I restart the server?
21:29 Kobeboy15   : I can restart it on my endd
21:30 Kobeboy15   : test
21:30 lolo_lola_69: i bet renzo saw the chat
21:30 Kobeboy15   : LOL
21:41 lolo_lola_69: we wont do it in creative bc it's not really for the server
21:50 lolo_lola_69 placed suspicious WATER_BUCKET @ world: x698, z-81
21:50 lolo_lola_69 placed suspicious WATER_BUCKET @ world: x697, z-81
21:50 lolo_lola_69 placed suspicious WATER_BUCKET @ world: x697, z-79
22:10 Giniguy   : sleep ta kim
22:10 Giniguy   : hey
22:10 Giniguy   : u der?
22:40 kdremeds  :  placed a sign @ world: x-650, z-512
  D
22:54 kdremeds  :  placed a sign @ world: x-650, z-508
  a
22:54 kdremeds  :  placed a sign @ world: x-650, z-508
  2
22:59 lolo_lola_69: joh
22:59 lolo_lola_69: did u kill my cow
22:59 Johann      : no
22:59 Johann      : i did not kill ur cow
22:59 lolo_lola_69: ok
22:59 Johann      : atay hahahhahha
22:59 Johann      : oh shit
22:59 lolo_lola_69: got sum milk
22:59 Johann      : u just molested my cows!
23:00 Johann      : moolester!
23:00 lolo_lola_69: u wana die?
23:00 Johann      : make arena
23:00 Johann      : mak
23:00 Johann      : mak'gora!
23:00 lolo_lola_69: pogchamp
23:00 lolo_lola_69: hahahha
23:06 kdremeds    :  placed a sign @ world: x-650, z-505
  d
23:08 lolo_lola_69: joh if u have phantoms
23:08 lolo_lola_69: bring them to me
23:09 Johann      : see a therapist
23:09 Johann      : oh
23:09 Johann      : ay
23:09 Johann      : wenk
23:09 lolo_lola_69: bring the party to mr
23:12 lolo_lola_69: no phantoms
23:16 kdremeds    : wax?
23:17 arcosanti   : ye>
23:17 kdremeds    : i made some modifacations sa spawner
23:17 kdremeds    : tp to me
23:18 Johann      : yoloy
23:18 kdremeds    : one sec
23:18 kdremeds    : just finishing wax
23:19 Johann      : hoy
23:19 arcosanti   : \
23:20 Johann      : lol
23:20 lolo_lola_69: joh, i accidentally made prison
23:21 Johann      : tsk
23:21 lolo_lola_69: follow me
23:21 Johann      : atay
23:21 lolo_lola_69: i need 1
23:21 lolo_lola_69: kay i cokked mine by accentd
23:22 Johann      : then we put pillagers here
23:22 Johann      : nice
23:22 lolo_lola_69: ye
23:22 Johann      : then we put a cow here
23:22 Johann      : tauren
23:22 lolo_lola_69: and zombie villagers
23:23 Giniguy     : vlad
23:23 lolo_lola_69: oi
23:23 Giniguy     : unsaon pag kuha sa librarian nga mending
23:23 Giniguy     : i mean
23:23 Johann      : anyone
23:23 Johann      : have
23:23 Giniguy     : kailangan ba siya ma expert?
23:23 lolo_lola_69: nay chance bisan wla pa siyay exp
23:23 kdremeds    : tp wax
23:23 lolo_lola_69: basta sige lang reroll
23:24 lolo_lola_69: break the lectern if he doesnt sell mending
23:24 kdremeds    : wax tp to me
23:24 lolo_lola_69: then place it agian if wla na siya job
23:24 lolo_lola_69: the items will change'
23:24 lolo_lola_69: if he lvls up he wouldnt change profession
23:24 Giniguy     : yea
23:24 Giniguy     : chance ra man ang mending sa?
23:25 lolo_lola_69: ou
23:25 Giniguy     : cge2
23:25 Giniguy     : lamat desu
23:26 Johann      : what
23:26 Johann      : makes
23:26 Johann      : purple dye?
23:27 arcosanti   : wtf pistons wont work unless its on claimed land
23:27 kdremeds    : wax?
23:27 kdremeds    : tp
23:27 arcosanti   : oooooh
23:27 kdremeds    : watch
23:28 arcosanti   : ooooooooooooh
23:28 kdremeds    : change set home haha
23:31 arcosanti   : so far so good
23:32 kdremeds    : thank god
23:32 arcosanti   : this is better than just falling 22 blocks right away
23:32 arcosanti   : they dont spawn further than 15
23:32 Giniguy     : woah
23:32 big_tasty   : :0
23:32 kdremeds    : true hehe
23:33 kdremeds    : aight enjoy hahah
23:33 arcosanti   : hahaha tytyty
23:38 Giniguy     : sex dungeon is complete
23:38 lolo_lola_69: oi
23:38 lolo_lola_69: how to make sex dungeon?
23:39 Giniguy     : cum
23:39 Giniguy     : come*
23:39 big_tasty   : ikuuuu
23:39 Giniguy     : O_O
23:39 Giniguy     : the sex dungeon doesnt look good
23:39 Giniguy     : but it's in full function
23:40 kdremeds    : can i see?
23:40 lolo_lola_69: kimochi desu ne
23:40 Giniguy     : i'll transfer in channel
23:40 Giniguy     : vlad
23:40 Giniguy     : go to discord
23:40 lolo_lola_69: padung na ko
23:40 Giniguy     : cge2
23:41 lolo_lola_69: ni lightning gihapon bisan buntag
23:41 Giniguy     : wat
23:41 lolo_lola_69: oi
23:41 lolo_lola_69: charge creeper
23:42 Giniguy     : wait
23:42 Giniguy     : vlad
23:42 lolo_lola_69: ako ipapatay ang skel para maka skull ta
23:42 lolo_lola_69: hahaha
23:42 lolo_lola_69: ako lay adto
23:42 Giniguy     : yikes
23:42 Giniguy     : come
23:42 Giniguy     : vlad
23:42 Giniguy     : discord
23:43 Giniguy     : so i can discuss
23:43 Giniguy     : yea
23:43 Giniguy     : discord oi
23:46 Giniguy     : who the f
23:46 Giniguy     : why lightning in the middle of the day
23:49 arcosanti   : nite guys
23:49 kdremeds    : gnight
23:49 lolo_lola_69: e
23:49 Johann      : night waxxx
23:49 Johann      : ops
23:53 Giniguy     : w
