00:23 kdremeds placed suspicious WATER_BUCKET @ world: x614, z-942
00:45 kdremeds  : brb
01:01 kdremeds  : dude
01:01 kdremeds  : i forgot what was your real name again
01:01 arcosanti : ye?
01:02 arcosanti : joe?
01:02 kdremeds  : jhor
01:02 kdremeds  : oh
01:02 kdremeds  : lol
01:02 Jhor      : hahah Joe
01:02 arcosanti : belle delphine?
01:28 Johann    : wtf
01:28 Johann    : i threw an egg and 4 chicks came out
01:28 Arrchiiee : OOOHHH thats really rare
01:28 Arrchiiee : like less than 0.1% chance
01:29 Johann    : e
01:29 Johann    : i wish i could name them hahahha
01:29 Johann    : they are running around ehre
01:29 big_tasty : you can with a name tag
01:30 Johann    : 4 name tags
01:30 big_tasty : i have a pet chicken
01:30 Johann    : 4 4 special chickens
01:30 Johann    : whoah
01:40 big_tasty :  placed a sign @ world: x458, z283
  just
01:40 big_tasty :  placed a sign @ world: x458, z283
  just passing thru
  -hannah
