00:18 arcosanti placed suspicious WATER_BUCKET @ world: x848, z74
00:19 arcosanti placed suspicious WATER_BUCKET @ world: x849, z74
00:20 arcosanti placed suspicious WATER_BUCKET @ world: x849, z75
00:20 arcosanti placed suspicious WATER_BUCKET @ world: x849, z74
00:21 arcosanti placed suspicious WATER_BUCKET @ world: x821, z74
00:22 arcosanti placed suspicious WATER_BUCKET @ world: x820, z74
00:26 arcosanti placed suspicious WATER_BUCKET @ world: x849, z74
00:27 arcosanti placed suspicious WATER_BUCKET @ world: x820, z74
00:30 arcosanti placed suspicious WATER_BUCKET @ world: x820, z74
00:30 arcosanti placed suspicious WATER_BUCKET @ world: x819, z74
00:30 Arisu21     : whats gonna happen? o.O
00:31 arcosanti   : the server closes but comes back up right after
00:32 Arisu21     : there a place here with a lot of sand?
00:32 arcosanti   : sand?
00:32 arcosanti   : oh
00:32 arcosanti   : beaches and deserts
00:32 Arisu21     : yeah, need lots of glass XD
00:32 arcosanti   : deserts are a great okace
00:32 arcosanti   : place
00:58 Arisu21   : how about clay Joaqs? Anywhere abundant with them?
00:59 arcosanti : beaches in general
01:00 Arisu21   : any good beaches here?
01:01 arcosanti : i think any beach would do
01:43 arcosanti placed suspicious WATER_BUCKET @ world: x832, z71
01:54 arcosanti : what you up to friend?
01:55 Arisu21   : just looking for more gold
01:55 Arisu21   : you?
01:55 arcosanti : what are you gonna use gold for?
01:55 arcosanti : rn im making my new gouse
01:55 Arisu21   : just gonna use it for style points
01:57 arcosanti : hahahaha nice nice nice
02:06 arcosanti :  placed a sign @ world: x831, z64
  Joaquin's new
  project/home
  "Atlas"
08:09 Johann    :  placed a sign @ world: x718, z-238
  Shit 
  Horse 
  Ditch
08:09 Johann    :  placed a sign @ world: x721, z-264
  Shit
  Horse
  Ditch
08:10 Johann    :  placed a sign @ world: x724, z-244
  Shit 
  Horse 
  Ditch
10:05 Jhor      : test
10:07 Jhor      : test
10:24 Jhor      : test
10:28 Jhor      : test
10:29 Jhor      : test
10:36 Jhor      : test
10:37 Jhor      : test
10:54 Jhor      : test
10:59 Jhor      : test
11:05 Jhor      : test
11:12 Jhor      : test
