23:57 jonnski       : tpa imololakanding
00:06 lolo_lola_69  : ralge no chill
00:09 lolo_lola_69  : sa unsa rob
00:09 lolo_lola_69  : oh
00:10 lolo_lola_69  : all the chill
00:11 lolo_lola_69  : unsaon check
00:11 Jhor placed suspicious WATER_BUCKET @ world: x423, z96
00:12 lolo_lola_69  : #1 ko repair
00:12 lolo_lola_69  : rank 1 acro, archery, axes
00:13 lolo_lola_69  : bati gold armor
00:16 lolo_lola_69  : samuka sa mining oi napuno na akong basement og coal ug redstone
00:24 lolo_lola_69  : kinsay nay daghan glass
00:24 Lads          : wa nako haha
00:25 lolo_lola_69  : what if paliton nako usa ka stack glass 1 diamons
00:26 lolo_lola_69  : alexis
00:26 imololakanding: ya?
00:26 lolo_lola_69  : atbang ka sa akong 1st or 2nd house
00:27 Mangaboy5398  : hi joe
00:27 Jhor          : hello
00:28 lolo_lola_69  : rob i have 2 ender pearl
00:28 lolo_lola_69  : isell to u for cheaper
00:28 lolo_lola_69  : oh
00:28 lolo_lola_69  : aw
00:29 lolo_lola_69  : unsaon craft eye of ender rob?
00:29 lolo_lola_69  : aw
00:34 lolo_lola_69  : asa mo
00:35 Jhor          : if I kill a pigman sa overworld, ma agro sila sa nether?
00:35 Mangaboy5398  : dont think so
00:35 Jhor          : kewl
00:36 YounGi        : ill hide sa
00:36 YounGi        : zombies lads haha
00:38 lolo_lola_69  :  placed a sign @ world: x727, z-70
  Garbage Disposal
  Unit
00:38 lolo_lola_69  :  placed a sign @ world: x708, z0
  under const.
  lolo_lola_69
  give him glass
00:39 YounGi        : lads u have extra coal? i need some torches
00:39 Lads          : thats all i have
00:39 YounGi        : ty
00:39 Lads          : i gave na
00:41 YounGi        : ok someone help
00:41 YounGi        : theres a fucking skeleton
00:41 YounGi        : on my roof
00:41 YounGi        : HAHAHAHAHA
00:42 YounGi        : TY LADS lov eu
00:42 YounGi        : almost done lads
00:42 YounGi        : come
00:42 YounGi        : its taking forever
00:42 YounGi        : xd
00:43 YounGi        : one fourth done
00:43 lolo_lola_69  : i hope we can sell rotten flesh for money
00:46 lolo_lola_69  :  placed a sign @ world: x717, z-176
  Can u transfer
  the street lights
  closer to the
  path
00:49 YounGi        : skeleton
00:49 YounGi        : underground
00:50 lolo_lola_69  : woah crossbow with piercing 2
00:50 YounGi        : help
00:50 YounGi        : FUCK
00:58 lolo_lola_69  : tog ta
00:58 lolo_lola_69  : all has beds?
00:59 lolo_lola_69  : aw
00:59 lolo_lola_69  : daghan pa phantys
00:59 Lads          : i was injured
00:59 Lads          : wait sa vlad
00:59 lolo_lola_69  : ok ra
00:59 lolo_lola_69  : kisna nangita
01:01 lolo_lola_69  : ez
01:01 Lads          : ggez
01:02 lolo_lola_69  : give the baby zombie a diamond axe
01:02 lolo_lola_69  : in bed
01:08 Arrchiiee placed suspicious TROPICAL_FISH_BUCKET @ world: x461, z372
01:09 lolo_lola_69  : mura diay siyag shulker box?
01:12 lolo_lola_69  :  placed a sign @ world: x543, z218
  here Rob
  lolo_lola_69
01:15 lolo_lola_69  : hahah
01:40 YounGi        : home
12:44 imololakanding: heeeey
12:44 Arrchiiee     : heeeyy
12:45 Arrchiiee     : lex
12:45 imololakanding: ya
12:45 Arrchiiee     : look at the tree
12:45 imololakanding: tping to you
12:46 lolo_lola_69  : damn
12:47 lolo_lola_69  : teh server is up
13:21 lolo_lola_69  : joe
13:21 Jhor          : yeah?
13:21 lolo_lola_69  : can u lead us to the fortress u found
13:21 Jhor          : sa nether?
13:21 lolo_lola_69  : ay nvm
13:21 lolo_lola_69  : kita mig fortress
13:22 Jhor          : I think same fortress ra kay the one I found already had some torches nearby
13:23 Jhor          : brb
14:05 lolo_lola_69  :  placed a sign @ world_nether: x71, z-29
  lolo_lola_69
15:03 lolo_lola_69: rip
15:22 lolo_lola_69: laga
15:22 lolo_lola_69: ahhahaha
15:30 lolo_lola_69: sabaa kaayu among stairs hahaha
15:42 Arrchiiee   : pretty good
15:42 lolo_lola_69: its lagish
15:43 Arrchiiee   : was lag agniha though
15:43 lolo_lola_69: but pretty good
15:45 lolo_lola_69: its better now
15:45 Arrchiiee   : i think u mean renzo
15:45 imololakanding: yfuck u rob
15:46 Arrchiiee     : rob, lost all diamong gear
15:46 Arrchiiee     : huhuhuhu
16:22 lolo_lola_69  : lag
16:41 lolo_lola_69  : ye
16:49 lolo_lola_69  : how u do that
16:49 lolo_lola_69  : alexis
16:53 lolo_lola_69  : wtf my llamas
16:53 lolo_lola_69  : i lost my lead?
17:12 Arrchiiee     : gi
17:38 lolo_lola_69  : niec wla na lag
17:41 lolo_lola_69  : alexsi naa ka wools?
17:50 Arrchiiee     : OOF
17:50 lolo_lola_69  : wtf
17:50 lolo_lola_69  : my lvls
17:51 lolo_lola_69  : from lvl 34 to 7
17:51 lolo_lola_69  : how
18:11 lolo_lola_69  : naa ka red dye arch?
18:11 Arrchiiee     : wala
19:23 lolo_lola_69: hello
19:23 imololakanding: helloo
19:23 lolo_lola_69  : gaunsa mo guys
19:23 imololakanding: feeding cows
19:23 lolo_lola_69  : harvest?
19:23 imololakanding: and may or may not have massacred a village
19:23 lolo_lola_69  : doh
19:24 lolo_lola_69  : pls tell me its another village
19:24 imololakanding: so like some
19:24 imololakanding: evil p eople came
19:24 imololakanding: we tried to stop them
19:24 Arrchiiee     : it was too lag
19:24 imololakanding: but we got overwhelmed
19:55 lolo_lola_69  : kinsay naa blue flowers, or blue dye
19:55 Arrchiiee     : wala ko
19:55 Arrchiiee     : i found red dye though
19:55 lolo_lola_69  : blue lang hahaha
20:02 Johann        : rooooob
20:02 Johann        : rooob
20:02 jonnski       : hes playing dota haha
20:02 Johann        : wow!
20:02 Johann        : double window
20:07 Arrchiiee     : rip
20:14 lolo_lola_69  : rip
20:14 jonnski       : PISTI YAWA
20:14 jonnski       : UTIN
20:17 Kobeboy15     :  placed a sign @ world: x493, z218
  64
  B 0.5
  Cobblestone
20:46 boredchinese  : hello nibbas
20:47 boredchinese  : holy shit this is a lot of cactus
20:52 lolo_lola_69  : kobe
20:52 boredchinese  : oh no :<
20:52 lolo_lola_69  : i love the server
20:52 lolo_lola_69  : its not always
20:53 lolo_lola_69  : f u
20:54 boredchinese  : -827 78 -45
20:54 lolo_lola_69  : where are u
20:54 lolo_lola_69  : ur lucky we in a party
20:54 lolo_lola_69  : haha
20:54 lolo_lola_69  : jk ra gahaha
20:57 Mangaboy5398  : fFUCK YTOU t
20:57 Mangaboy5398  : RALGIE
20:57 jonnski       : suck my dick
21:00 lolo_lola_69  : no johann found a village near the plains way back pa man
21:00 lolo_lola_69  : aw
21:00 boredchinese  : village here
21:00 boredchinese  : can kidnap villagers
21:00 lolo_lola_69  : they killed that village? :O
21:01 lolo_lola_69  : archie
21:01 lolo_lola_69  : arch i got blocks of coal
21:01 Arrchiiee     : half stack of unfurnaced iron for 2 stacks coal
21:02 Arrchiiee     : any taker?
21:02 lolo_lola_69  : deal
21:02 lolo_lola_69  : say no mor
21:02 lolo_lola_69  : how many stacks
21:03 boredchinese  : congrats robert!
21:03 boredchinese  : :)
21:03 lolo_lola_69  : pila arch
21:03 lolo_lola_69  : ko
21:03 lolo_lola_69  : ok
21:03 lolo_lola_69  : ge
21:04 lolo_lola_69  : tp 2 me arch
21:05 lolo_lola_69  : pleasure
21:05 lolo_lola_69  : ye
21:06 Lads          : F
21:06 lolo_lola_69  : rip wax
21:08 boredchinese  : powered rails?
21:09 Lads          : what do you feed the chickens?
21:09 Mangaboy5398  : seeds
21:09 jonnski       : Food
21:09 Lads          : suck my dick ralge
21:09 lolo_lola_69  : kil it gao
21:09 jonnski       : geh
21:09 Lads          : HAHA
21:09 jonnski       : GEHG
21:09 Lads          : COME
21:10 Lads          : my house
21:10 lolo_lola_69  : i killed another trader while back
21:10 Lads          : ptp
21:10 Lads          : HAHAHAHAA
21:15 boredchinese  : rob i think ur too in love with sean
21:18 lolo_lola_69: maybe because u paused it kobe
21:18 lolo_lola_69: i bet that countdown was for kicking the players out
21:20 imololakanding: himo ta'g sabongan guys na
21:21 imololakanding: best chicken wins
21:21 Lads          : bitaw
21:24 lolo_lola_69  : gao
21:24 lolo_lola_69  : can i trade for saddle
21:24 lolo_lola_69  : gao
21:24 lolo_lola_69  : nametag
21:24 boredchinese  : trade wat
21:25 boredchinese  : hmmm
21:25 boredchinese  : pass the saddle seems more important hahahaha
21:25 lolo_lola_69  : ok
21:26 Lads          : F
21:27 imololakanding: F
21:27 boredchinese  : Ff
21:27 boredchinese  : F*
21:27 jonnski       : yawa
21:29 jonnski       : its over
21:29 jonnski       : my shit got removed from the ground
21:29 jonnski       : my crap got removed from the ground
21:29 imololakanding: F
21:29 jonnski       : by kobe
21:29 boredchinese  : the entities got cleared
21:29 jonnski       : pepehands
21:29 lolo_lola_69  : by the server
21:32 boredchinese  : ah so clear lag despawns chunks that aren't near anyone
21:33 boredchinese  : i think that's working as intended
21:33 lolo_lola_69  : horde of zioms in my place
21:33 boredchinese  : where u
21:33 lolo_lola_69  : done
21:33 lolo_lola_69  : the sun got them
21:34 lolo_lola_69  : gao merchant to me
21:34 lolo_lola_69  : tp
21:34 lolo_lola_69  : gao traveling merchant
21:34 lolo_lola_69  : come
21:34 boredchinese  : i dont have emeralds na
21:34 imololakanding: what he sell
21:34 boredchinese  : hahahah
21:34 boredchinese  : is that the one across the turtle farm
21:34 lolo_lola_69  : sea cucumber
21:34 lolo_lola_69  : blue ice
21:34 imololakanding: what he selling vlad?
21:35 lolo_lola_69  : most notable: blue ice, sea pickle
21:35 imololakanding: ayt ayt
21:35 lolo_lola_69  : can i kill him na
21:40 boredchinese  : vlad
21:40 boredchinese  : you saved the watertemple right
21:41 Lads          : need 2 cs
21:41 Lads          : @lex @archie
21:41 imololakanding: ya
21:41 Arrchiiee     : hmmmm
21:41 imololakanding: g rako
21:41 Lads          : is archie g?
21:41 Arrchiiee     : g
21:41 Lads          : wanna play now?
21:41 Lads          : or?
21:41 imololakanding: 5 nata?
21:41 Arrchiiee     : kamo
21:41 Lads          : ya
21:41 imololakanding: wait sa mga 10 mins
21:42 Lads          : gegeg
21:46 Lads          : when is the restart?
21:46 Lads          : lex arch lets play when it restarts
21:47 imololakanding: okie
