00:58 big_tasty placed suspicious WATER_BUCKET @ world: x570, z10858
00:59 big_tasty placed suspicious WATER_BUCKET @ world: x569, z10860
08:52 lolo_lola_69:  placed a sign @ world: x474, z201
  if u guys have ur
  banners, u can
  hang on the 
  gate <3 xoxo
13:08 Johann    :  placed a sign @ world: x601, z-245
  Please make ribs
  bigger and go in
  the other way
13:13 Johann    : vlaaadd
13:13 lolo_lola_69: yesz
13:13 Johann      : uhmmm
13:13 Johann      : can you discrod?
13:14 Johann      : we may have had
13:14 Johann      : differing
13:15 Johann      : differing visions on the ribs on top of the arena
13:18 lolo_lola_69: ye
13:19 Johann      : can u tpa to me hahahha
13:19 lolo_lola_69: discord opeining pa
13:19 lolo_lola_69: i wanted the ribs to be bigger
13:19 lolo_lola_69: i was just testing
13:19 lolo_lola_69: kana
13:20 lolo_lola_69: but bones
13:20 Johann      : yeah i made fram na lng hahahha
13:20 lolo_lola_69: sige
13:20 Johann      : thats just the spine atm
16:43 lolo_lola_69: fuck man
16:43 lolo_lola_69: BJ the horseman
16:43 Johann      : fuck woman!
16:43 Johann      : oh nooooo
16:43 lolo_lola_69: sad
16:43 Johann      : saad boiiiii
16:46 lolo_lola_69: joh i think we put the skull on the other end
16:46 lolo_lola_69: the hanging end
16:46 Johann      : yeahhh
16:46 Johann      : hahahahha
16:46 Johann      : it would be coool ahhahhaha
16:47 Johann      : skull or reptile skull?
16:58 lolo_lola_69: like reptile
16:58 lolo_lola_69: draconic
16:58 lolo_lola_69: its gonna be hard
16:58 lolo_lola_69: but it has been done before
16:59 Johann      : everything is fine
16:59 Johann      : as long as we make cbl stone prototype first hahahha
16:59 lolo_lola_69: ok i hear u mon
16:59 Johann      : dota
16:59 lolo_lola_69: wc3 dude
17:00 Johann      : basshunter hahahhaha
17:00 lolo_lola_69: *black guy dancing gif*
17:00 Johann      : i must go
17:00 Johann      : glhf
17:00 lolo_lola_69: ok
