00:01 lolo_lola_69: carved pumpkin man kailangan sa iron golem sa?
00:01 Johann      : yep
00:01 Johann      : f
00:07 kdremeds placed suspicious LAVA_BUCKET @ world: x679, z-946
00:09 Johann      : glhf
03:13 big_tasty : nice
03:13 Arrchiiee : heeeyyy
04:29 Arrchiiee : what?
04:29 Arrchiiee : how to disable this?
04:29 big_tasty : disable what?
04:29 Arrchiiee : im flying
04:29 Arrchiiee : wtf?
04:29 big_tasty : woah damn
04:32 Arrchiiee : wtf
04:32 Arrchiiee : wait lemme try this
04:35 Arrchiiee : im still flying :'(
04:35 big_tasty : maybe its a blessing
04:35 Arrchiiee : whenever i try double jumping i fly
04:36 Arrchiiee : and it feels like im cheating hahah
04:36 big_tasty : youre not on creative? thats wild
10:21 lolo_lola_69: joh
10:21 lolo_lola_69: do u want to buy tropical fish in bucket
10:21 Johann      : nihao
10:21 lolo_lola_69: theres a trader here in the rancj
10:21 lolo_lola_69: ranch
10:22 Johann      : hmmmmm
10:22 Johann      : hold on
10:22 Johann      : how many emeralds?
10:22 lolo_lola_69: u should make a pond or aquarium na
10:22 Johann      : i dont have aquarium yet tho lol
10:22 lolo_lola_69: u can buy now, save it for later
10:23 Johann      : where ranch
10:23 Johann      : ayu
10:23 lolo_lola_69: pwede na patyon?
10:23 Johann      : tara
10:24 lolo_lola_69: hahaha
10:24 Johann      : i bought brain coral block
10:24 Johann      : hahahhah
10:24 lolo_lola_69: nice
10:24 Johann      : wla niy gamit sah?
10:24 lolo_lola_69: those only grow in warm water biomes
10:28 Johann      : doh
10:28 lolo_lola_69: asa ka
10:28 Johann      : i cannot double enchant
10:28 Johann      : my pick lagi
10:28 lolo_lola_69: u cant enchant twice ma dude
10:28 Johann      : t
10:28 Johann      : ty
10:28 lolo_lola_69: just use the books
10:28 Johann      : yhahahhahah
10:28 Johann      : ahhhhh
10:28 lolo_lola_69: i got that from ur farm btw
10:28 Johann      : unbreaking 3 is good na mhn right?
10:28 lolo_lola_69: i "fixed" it
10:29 lolo_lola_69: ye
10:29 Johann      : atayyy ahhahahha
10:29 lolo_lola_69: unbreaking 3 is the max unbreaking
10:29 lolo_lola_69: joh
10:29 lolo_lola_69: wla man ka proper water supply
10:29 lolo_lola_69: sa imo farm
10:29 Johann      : sakto na mhn guhd na
10:30 lolo_lola_69: kita ka ani
10:30 Johann      : aw sa carrots?
10:30 Johann      : haahhaahhah
10:30 lolo_lola_69: the dark ground means it has goodwater irrig
10:30 Johann      : fuck the carrots
10:30 lolo_lola_69: aw
10:30 lolo_lola_69: mao diay hahaha
10:30 Johann      : ahhh
10:30 Johann      : pero thats why diay?
10:30 Johann      : damnnn
10:30 Johann      : minecraft deeep
10:30 lolo_lola_69: why are u putting fence around man sad
10:30 Johann      : to be cool
10:31 lolo_lola_69: atay
10:31 Johann      : for aesthetics
10:31 lolo_lola_69: its unnatural
10:31 lolo_lola_69: haha
10:31 Johann      : KAYATA VLAD
10:31 Johann      : my farm!
10:31 Johann      : ahahhahahh
10:31 lolo_lola_69: why
10:31 Johann      : pumpkin is wierd to grow lagi bai
10:31 Johann      : what are the other crops
10:31 lolo_lola_69: oh ye
10:32 lolo_lola_69: idk how it works
10:32 lolo_lola_69: i have beets
10:32 lolo_lola_69: u want?
10:32 Johann      : ty
10:32 Johann      : I put fences
10:32 Johann      : so the elephants wont trample my crops
10:32 lolo_lola_69: atay hahaha
10:36 Johann      : oh shiiett
10:36 Johann      : what does smite do vlad
10:36 lolo_lola_69: more dmg to undead
10:37 Johann      : ayyy
10:37 Johann      : nbm
10:37 Johann      : nvm
10:37 Johann      : not everything in this game is undead
10:37 lolo_lola_69: ;egit
10:37 lolo_lola_69: phantoms are
10:37 lolo_lola_69: zombs skels
10:37 Johann      : yeah
10:37 Johann      : but I can only enchant once
10:37 lolo_lola_69: napa ka granite joh?
10:38 lolo_lola_69: i think ill use granite nalang para sa roof
10:38 Johann      : here u g
10:38 Johann      : its in my sala
10:38 lolo_lola_69: tnx
10:39 Johann      : i will stop now vlad
10:39 Johann      : glhf
12:24 kdremeds    :  placed a sign @ world: x601, z-879
  for sword
12:24 kdremeds    :  placed a sign @ world: x601, z-879
  for armor
12:25 kdremeds    :  placed a sign @ world: x601, z-879
  SWORD/BOW
  ENCHANTED BOOKS
12:25 kdremeds    :  placed a sign @ world: x601, z-879
  ARMOR ENCHANTED
  BOOKS
12:28 kdremeds    :  placed a sign @ world: x601, z-882
  enchanted books 
12:28 kdremeds    :  placed a sign @ world: x601, z-882
  for tools
  enchanted books
12:55 kdremeds    :  placed a sign @ world: x-652, z-498
  click button for 
  iron sword
12:55 kdremeds    :  placed a sign @ world: x-653, z-498
  Click button for
  Iron Sword
12:56 kdremeds    :  placed a sign @ world: x-647, z-498
  Trash
  (Dont throw 
  enchanted items)
13:31 kdremeds    :  placed a sign @ world: x-651, z-501
  ad
13:43 kdremeds    :  placed a sign @ world: x-651, z-501
  dddddddddd
13:53 kdremeds    :  placed a sign @ world: x-646, z-503
  down to block mob
  up to free
  (do every 15 mins
  to for best xp)
