23:59 Giniguy   : test
00:00 Giniguy   : hallo?
00:10 canoviks  : hola
00:10 Giniguy   : who dat
00:10 arcosanti : hello
00:10 arcosanti : who you
00:11 Giniguy   : uhm
00:11 canoviks  : server?
00:11 Giniguy   : huh?
00:11 Giniguy   : who're you?
00:11 canoviks  : mod
00:11 arcosanti : do you know who owns the server
00:11 Giniguy   : mod?
00:11 canoviks  : yes
00:11 arcosanti : who owns it then
00:11 canoviks  : patata
00:11 Giniguy   : oh boi
00:11 Giniguy   : infiltrated
00:11 arcosanti : oh boy
00:11 arcosanti : hahahaha
00:11 canoviks  : esp?
00:11 Giniguy   : we really need to get this server white listed
00:12 arcosanti : hahahaha yeah
00:12 canoviks  : this server is a ducking shit
00:12 canoviks  : fucking
00:12 Giniguy   : mmm
00:12 arcosanti : hahahahahha
00:12 big_tasty : :(
00:12 canoviks  : ban me noobs
00:12 Giniguy   : lmao
00:13 Giniguy   : why?
00:13 arcosanti : how old are you?
00:13 canoviks  : 8
00:13 Giniguy   : woah
00:13 canoviks  : ban me noobs
00:13 Giniguy   : you're older than us
00:13 canoviks  : yes i now
00:13 Giniguy   : we're 5-6
00:13 big_tasty : im 3 :(
00:13 canoviks  : lol wtf xd omg
00:13 arcosanti : hello
00:13 Giniguy   : what's your name?
00:13 Giniguy   : big brother or big sister?
00:13 arcosanti : i wont fight
00:13 canoviks  : stephen
00:13 Giniguy   : how should we call you
00:14 Giniguy   : what's your last name?
00:14 canoviks  : ii dont no
00:14 Giniguy   : oh
00:14 Giniguy   : im ginnie
00:15 canoviks  : noobi
00:15 canoviks  : bye
00:15 Giniguy   : hello
00:15 arcosanti : he tried to fight me
00:15 Giniguy   : dont leave us
00:15 Giniguy   : haha wtf
00:15 arcosanti : hahahahahha
00:15 Giniguy   : we won by default
00:15 arcosanti : hahahaha yeah
00:15 Giniguy   : we won without violence <3
00:15 big_tasty : wtf was that hahaha
00:15 arcosanti : imma be real with you guys
00:15 arcosanti : i was scared when he first attacked me HAHAHA
00:15 Giniguy   : maybe that kid typed some random port
00:15 Giniguy   : XD
00:16 arcosanti : yeah probably
00:16 big_tasty : that means he saw renzos face lol
00:16 Giniguy   : HAHAHHA
00:16 Giniguy   : WELL
00:16 arcosanti : HAHAHAHAHA the best part
00:19 Giniguy   : i think
00:19 Giniguy   : we should troll
00:19 Giniguy   : like
00:19 Giniguy   : if a new guy comes, act like kids too
00:19 arcosanti : HAHAHA okay
00:19 Giniguy   : :>
00:19 arcosanti : can we all sleep?
00:19 Giniguy   : sure2
00:20 Giniguy   : in bed
00:20 Giniguy   : we should ask for parent credit card numbers
00:21 big_tasty : we should say you need to give us credit card to join server
00:21 Giniguy   : yesssssss omg
00:27 arcosanti placed suspicious WATER_BUCKET @ world: x788, z-122
00:27 arcosanti placed suspicious WATER_BUCKET @ world: x789, z-122
00:27 arcosanti placed suspicious WATER_BUCKET @ world: x789, z-121
00:27 arcosanti placed suspicious WATER_BUCKET @ world: x789, z-120
00:27 arcosanti placed suspicious WATER_BUCKET @ world: x790, z-120
00:46 big_tasty placed suspicious WATER_BUCKET @ world: x776, z14
00:48 big_tasty placed suspicious WATER_BUCKET @ world: x776, z14
00:52 big_tasty placed suspicious WATER_BUCKET @ world: x776, z14
01:23 arcosanti : i cant get on my horse
01:23 big_tasty : . WHAT WAS THAT
01:23 big_tasty : yoU KILLED CHICKEN
01:23 arcosanti : sometimes when i log in my net cuts off
01:23 arcosanti : oh i was testing to see if i was lag
01:23 big_tasty : youre on your horse
01:23 big_tasty : >:(
01:24 arcosanti : can you stay here for a bit
01:24 arcosanti : im not on my horse on my screen
01:24 big_tasty : sure
01:24 arcosanti : did my horse teleport with me
01:24 arcosanti : cuz im glitching out rn
01:24 big_tasty : yeah hes gone
01:25 arcosanti : okay one sec
01:25 arcosanti : wait
01:26 arcosanti : my horse didnt teleport with me
01:26 arcosanti : >:(
01:26 big_tasty : ?
01:26 arcosanti : can you teleport home to see if eligor is there
01:27 big_tasty : hes in the house
01:27 arcosanti : okay
01:27 arcosanti : i guess ill leave him there
01:27 big_tasty : hes on your bed
03:11 arcosanti :  placed a sign @ world: x632, z20
  Don't keep maps
  Make copies
09:28 ImCrack_PvPYT: Hola
09:28 ImCrack_PvPYT: Putos
09:28 ImCrack_PvPYT: Okno xd
09:29 ImCrack_PvPYT: Laggg
09:29 ImCrack_PvPYT: SERVER HACKERD BY SERLINK04
10:12 Kobeboy15    : yo Rimuro?
10:12 RimuroTempest: yoo kobeee hhehehe
10:12 Kobeboy15    : you were in the server when the random hacker griefer man went on the server right?
10:12 arcosanti    : oh he wasnt a hacker
10:12 Kobeboy15    : ??????????????
10:12 arcosanti    : i was there
10:12 arcosanti    : he was just a troll
10:13 Kobeboy15    : hmmmmmm well he got banned
10:13 arcosanti    : ooh nice
10:13 arcosanti    : gio mentioned white listing the server
10:13 Kobeboy15    : the server said that he was spamming a bunch of messages
10:13 RimuroTempest: aahhh
10:13 arcosanti    : so only people we give permission can join
10:13 arcosanti    : he wasnt even spamming that much imo hahahaha
10:14 arcosanti    : he was just being a dick
10:14 Kobeboy15    : it didnt seem like that, cuz the server hid a bunch of his chats
10:14 arcosanti    : but yeah banning him was a good idea
10:14 arcosanti    : ooooooh
10:14 Kobeboy15    : oh I didnt ban him
10:14 Kobeboy15    : the server did
10:14 arcosanti    : daaaaang
10:14 arcosanti    : niiice
10:14 Kobeboy15    : nothing was broken at spawn, so its alright
18:42 arcosanti :  placed a sign @ world: x261, z-1269
  joaquin could
  really use some
  ice pls
19:40 lolo_lola_69: hola migos
19:40 Johann      : *migo
19:40 Johann      : hahahha
19:41 lolo_lola_69: im mocking wax
19:41 lolo_lola_69: hahaha
19:41 Johann      : true
19:41 Johann      : hat is wax language
19:43 Johann      : are we allowed to DnD in your house vlad?
19:44 lolo_lola_69: unsa oras?
19:44 Johann      : i guess normal time
19:44 Johann      : lunch until dinner
19:44 lolo_lola_69: naa ko class 4:30
19:44 Johann      : monday is holiday bruh
19:44 lolo_lola_69: oh shit
19:46 lolo_lola_69: pwede daw
19:46 Johann      : shieieet
19:46 lolo_lola_69: nangutana kos ako mama
19:46 Johann      : dalia naka ask
19:46 Johann      : nice one bruh
19:51 lolo_lola_69: joh
19:51 Johann      : yo
19:51 lolo_lola_69: i saw ur easter egg
19:51 Johann      : easter egg?
19:51 lolo_lola_69: katung sign sulod sa imong support
19:52 Johann      : ayyyy hahahhahha
19:52 Johann      : developer!
19:52 lolo_lola_69: ive been hiding easter eggs myself
19:53 Johann      : oof
