17:28 lolo_lola_69: aye
17:28 boredchinese: aye
17:28 lolo_lola_69: im semi afk, im cooking atmn
17:29 lolo_lola_69: i has gift
17:29 boredchinese: osht
17:29 boredchinese: thanks
17:29 boredchinese: does mcmmo work
17:29 lolo_lola_69: np it dropped bago ra
17:29 boredchinese: on crossbows
17:29 lolo_lola_69: i dont think so
17:30 boredchinese: oh ok
17:39 boredchinese: where u at
17:39 boredchinese: osht it renzo
17:39 renzosy     : BALL SACKS
17:39 boredchinese: WTF
17:39 renzosy     : im the best spiderman
17:39 boredchinese: nani y is that ur role
17:39 renzosy     : cos im the best spiderman
17:40 boredchinese: no ur poo poo
17:40 renzosy     : fuck u
17:40 renzosy     : im goinngn to automate smeltinng
17:40 renzosy     : suck my nut sacks
17:40 boredchinese: >:(
17:40 boredchinese: u dare challenge me
17:40 boredchinese: in sucking nuts
17:40 renzosy     : im an expert
17:41 boredchinese: weird flex
17:41 renzosy     : :>
17:43 boredchinese: OSHT
17:43 boredchinese: i have a brilliant idea
17:43 lolo_lola_69: wad
17:44 lolo_lola_69: .balance
17:45 lolo_lola_69: i only ave 97 pesos D:
17:45 renzosy     : what do you want
17:45 boredchinese: accept and i call u best spoderman
17:45 lolo_lola_69: no i was just checking haha
17:46 renzosy     : omg
17:46 renzosy     : ur thanos
17:46 renzosy     : NO FUCK OFF
17:46 renzosy     : STOP
17:46 boredchinese: :>
17:46 renzosy     : LET ME MINE IN PEACE
17:47 lolo_lola_69: pakita skin
17:47 lolo_lola_69: hahaha
17:47 boredchinese: u shud turn to dust now renzo
17:47 renzosy     : SNAP
17:50 boredchinese: btw
17:50 boredchinese: we're planning to move the server to a decicated machine
17:50 lolo_lola_69: yay
17:50 renzosy     : so not me?
17:50 boredchinese: i'll lend the cpu/motherboard/ram
17:50 renzosy     : oh wow
17:50 renzosy     : what are the specs
17:50 boredchinese: rob or kobe will loan the case and psu and ssd
17:50 boredchinese: it's not so good since it's old, but then 8gb ram just for minecraft server
17:51 boredchinese: and the server requirements aren't demanding
17:51 renzosy     : cpu isnt that big for mc
17:51 renzosy     : iirc
17:51 renzosy     : more on ram
17:51 renzosy     : and ssd yeah
17:51 boredchinese: specs are a10 7850k so that's quad core
17:51 boredchinese: ye
17:51 renzosy     : wow thats fucking cool
17:51 renzosy     : dude thats more than enough
17:51 lolo_lola_69: wtf selling iron just gave me 30 peses
17:51 renzosy     : just 30?
17:51 lolo_lola_69: ou
17:51 boredchinese: i think rn we're planning to put it in rob or kobe's house
17:51 renzosy     : like 1 iron or a 32 stack
17:51 boredchinese: or tbh someone with fast internet so u too
17:52 lolo_lola_69: 1 ingot
17:52 lolo_lola_69: haha
17:52 renzosy     : thats why
17:52 lolo_lola_69: aw
17:52 renzosy     : hmmm
17:52 lolo_lola_69: now i know
17:52 renzosy     : i will see if i can find space for the machine
17:52 boredchinese: save ur ingot
17:52 boredchinese: admin shop is a scam
17:52 boredchinese: HAHAH
17:52 renzosy     : cos i currently only have one lan cable to my pc
17:52 boredchinese: oo shit
17:52 boredchinese: i have a lan cable ra but not super long
17:56 boredchinese: wait vlad hm is one iron ingot
17:56 boredchinese: if u buy from shop
17:56 lolo_lola_69: idk
17:56 lolo_lola_69: i dont have enough money
17:57 lolo_lola_69: it says
17:57 lolo_lola_69: its preset to buying a stack?
17:57 boredchinese: oh by 32 pcs
17:57 boredchinese: wtf that's kinda expensive
17:57 lolo_lola_69: ye
17:59 boredchinese: how did u sell
17:59 boredchinese: vlad
17:59 lolo_lola_69: left click
17:59 boredchinese: it says Economy account from shop owner doesn't exist
18:00 boredchinese: ay i think he lacked the word shop
18:00 lolo_lola_69: how does it work diay
18:00 boredchinese: i think it's infinite if the seller is Admin Shop
18:00 boredchinese: but if it's just admin then it's gona look for someone named admin
18:02 lolo_lola_69: hoyl sht the creeper waits for me to unsheild then blows up
18:02 boredchinese: wtf
18:02 lolo_lola_69: thats cool
18:02 lolo_lola_69: it might be lag ra haha
18:03 boredchinese: y
18:03 lolo_lola_69: the mobs stopped then when i unshielded they attacked
18:07 lolo_lola_69: brb
18:07 renzosy     : who has food
18:07 boredchinese: me
18:07 renzosy     : i need to eat some dick
18:07 renzosy     : i mean food
18:07 boredchinese: tp for both no homo
18:07 renzosy     : wait nvm
18:08 renzosy     : later
18:08 renzosy     : i found cows
18:08 boredchinese: rip
18:12 imololakanding: anybody want to buy cobblestone
18:12 imololakanding: it's free
18:13 boredchinese  : rob is asking if you don't have work
18:13 boredchinese  : alexis bayot -also rob
18:14 imololakanding: fucku rob
18:14 boredchinese  : <3
18:24 boredchinese  : oshiet it kobe
18:24 boredchinese  : btw kobe i think u have to change Admin -> Admin Shop in shops
18:37 boredchinese  : niggs
18:37 boredchinese  : i found a water temple
18:37 lolo_lola_69  : waoh
18:37 lolo_lola_69  : wait
18:39 boredchinese  : wait
18:39 boredchinese  : lemme tp there
18:39 boredchinese  : FUCK i forgot to sethome
18:39 boredchinese  : HAHAHAHA
18:39 lolo_lola_69  : wait ill repair my armor
18:40 boredchinese  : it's gone :(
18:40 renzosy       : ill buy your andesite
18:40 renzosy       : who has
18:40 lolo_lola_69  : rip gao
18:40 Kobeboy15     : i have 2 stacks?
18:41 boredchinese  : wait i got it i think
18:41 boredchinese  : it's here
18:41 boredchinese  : tp tp tp tp
18:41 lolo_lola_69  : holy shit
18:41 boredchinese  : ya
18:42 lolo_lola_69  : this is hard
18:42 boredchinese  : wait in rob's house daw
18:42 boredchinese  : o wait nvm me
18:42 lolo_lola_69  : wtf
18:42 boredchinese  : i think we need lots of ppl
18:42 lolo_lola_69  : i has mining fatigue
18:44 boredchinese  : ya
18:44 boredchinese  : same
18:44 boredchinese  : how many ppl should join
18:45 boredchinese  : robert got potion of waterbreathing
18:45 lolo_lola_69  : i tped out gao
18:45 boredchinese  : i have turtle shell too
18:45 boredchinese  : i sethome na
18:45 lolo_lola_69  : same
18:45 lolo_lola_69  : i need to repair my helm
18:58 lolo_lola_69  : rob has a house?
18:58 boredchinese  : HAHAH
18:58 boredchinese  : sorta
18:59 lolo_lola_69  : is it still just land?
19:00 lolo_lola_69  : sooo many mobs in my stables
19:00 lolo_lola_69  : aaah
19:01 boredchinese  : storm water temple they can't stop all of us
19:01 lolo_lola_69  : they invaded my house
19:01 lolo_lola_69  : fuck
19:01 lolo_lola_69  : zombs everywhere
19:01 boredchinese  : wait wat
19:01 boredchinese  : y tho
19:01 lolo_lola_69  : they saw me
19:02 lolo_lola_69  : wtf lag
19:02 lolo_lola_69  : haha
19:05 lolo_lola_69  : heeelp
19:05 lolo_lola_69  : skelington riders
19:05 boredchinese  : wtf
19:05 lolo_lola_69  : gao tp
19:05 boredchinese  : getting food i'm low hp
19:05 lolo_lola_69  : ok
19:05 lolo_lola_69  : iill wait
19:06 boredchinese  : WTF
19:07 lolo_lola_69  : tame them gao
19:07 boredchinese  : wait we're not in the same party that's why friendly fire
19:07 boredchinese  : got no wheat
19:07 boredchinese  : u need food?
19:07 lolo_lola_69  : the skels
19:07 lolo_lola_69  : just ride fro tame
19:07 lolo_lola_69  : oh wait
19:08 lolo_lola_69  : they alreadytamed
19:08 lolo_lola_69  : we no saddle
19:08 boredchinese  : sad lyf
19:08 lolo_lola_69  : johan had 1
19:09 boredchinese  : we find saddle
19:11 boredchinese  : fakin phantoms
19:48 lolo_lola_69  : woah archie
19:49 lolo_lola_69  :  placed a sign @ world: x736, z-55
  lolo_lola_69
  keep out weebs
19:49 lolo_lola_69  :  placed a sign @ world: x735, z-59
  Welcome
  -lolo_lola_69
19:50 lolo_lola_69  : asa mo
19:51 lolo_lola_69  : ay asa ka arch
19:51 Lads          : he's in renzos house
19:51 lolo_lola_69  : aw
19:52 lolo_lola_69  : oi kinsay nang harvest pero wla niplant balik haha
19:53 lolo_lola_69  : wow naa diay kay mine
19:53 renzosy       : thats my sex dungeon
19:53 lolo_lola_69  : ay
19:54 lolo_lola_69  : e-invite siyas party
19:54 lolo_lola_69  : kobe
19:54 lolo_lola_69  : where u at
19:54 Kobeboy15     : yo
19:54 Kobeboy15     : home
19:55 lolo_lola_69  : holy shit
19:55 lolo_lola_69  : loong loong man
19:56 Kobeboy15     : hhahaha
19:56 renzosy       : i am hacker man
19:56 lolo_lola_69  : ayaw abuse powers oi haha
19:56 Kobeboy15     : if you're a hacker man, then I could hand ya this server without having to update it and maintain it
19:56 Kobeboy15     : BOOOM
19:56 Kobeboy15     : TAKE THAT
19:56 renzosy       : :(
19:56 Kobeboy15     : awww
19:57 Kobeboy15     : im kidding renzo
19:57 renzosy       : how do i stop dual wielding
19:57 lolo_lola_69  : hhahahaha
19:57 renzosy       : im tired of this left side shit
19:57 Kobeboy15     : i was listening to ya music at work again XD
19:57 renzosy       : i love you kobe
19:57 renzosy       : ill put it on spotify soon
19:57 lolo_lola_69  : just transfer the item from hte left hand
19:57 Kobeboy15     : oooooooooooooooooooOOOOOOOOOOOH
19:57 lolo_lola_69  : noice
19:57 renzosy       : ohhhhhhhhhhh
19:57 renzosy       : holy fuck
19:57 renzosy       : y
19:57 renzosy       : ty
19:58 renzosy       : repairing an item is an mcmmo mod?
19:58 Kobeboy15     : wait
19:58 Kobeboy15     : how did you repair it?
19:58 renzosy       : didnt repair yet
19:58 Kobeboy15     : you can make an iron block
19:58 renzosy       : thats mcmmo right
19:58 Kobeboy15     : thats the mcmmo equivalent of an anvil
19:58 Kobeboy15     : ya
19:58 renzosy       : okay and thats for skills
19:58 renzosy       : alright
19:59 lolo_lola_69  : wax never came back na lagi
20:00 Kobeboy15     : hmmm
20:00 Kobeboy15     : busy with school?
20:01 lolo_lola_69  : maybe
20:03 Kobeboy15     : wow rly renz?
20:03 renzosy       : im sorry
20:03 Kobeboy15     : abusing ya powers?
20:03 renzosy       : i got lazy
20:03 Kobeboy15     : for ya
20:03 renzosy       : i only wanted one
20:03 renzosy       : it gave me 64
20:04 Kobeboy15     : just type /crafting
20:04 renzosy       : HHAHAHAHAHAA
20:04 imololakanding: STRIP HIM
20:04 imololakanding: OF HIS POWERS
20:04 Kobeboy15     : yeah im kinda tempted
20:04 renzosy       : hey
20:04 renzosy       : HEY
20:04 renzosy       : IM SORRY
20:04 renzosy       : YOU WANT 63 CRAFTING TABLES/
20:04 renzosy       : ?
20:04 renzosy       : HERE
20:04 imololakanding: I ONLY WANT FILIPINO POLITICIANS TO ABUSE THEIR POWER
20:04 imololakanding: not renzo
20:04 Kobeboy15     : hahahahahaha
20:17 lolo_lola_69  : thats indian
20:17 lolo_lola_69  : thats warcraft peasant
20:19 lolo_lola_69  : afk
20:19 lolo_lola_69  : semi-afk
20:20 lolo_lola_69  : i can just tp
20:20 renzosy       : whats the use of the magma block
20:20 Johann        : email notch@gmail.com
20:20 renzosy       : youre a funny guy!
20:20 renzosy       : di ka mu adto friday jo no?
20:20 renzosy       : i have to count daan
20:20 Johann        : nahhh
20:21 renzosy       : ok so wala pud kylah?
20:21 Johann        : them ur ricci bois
20:21 Johann        : nahhh
20:21 Johann        : perhaps next time bai
20:21 renzosy       : ok :(
20:36 lolo_lola_69  : oi alex
20:36 lolo_lola_69  : alec
20:41 Johann placed suspicious WATER_BUCKET @ world: x728, z-190
20:41 Johann placed suspicious WATER_BUCKET @ world: x732, z-196
20:41 imololakanding: hello
20:44 renzosy       : kobe we need more shit to sell
20:44 Kobeboy15     : learn how admin shops work
20:45 Kobeboy15     : hahahahaa
20:45 renzosy       : time to sell dirt
20:45 renzosy       : kobe when i sell my stuff ba
20:46 renzosy       : are you basically buying it
20:46 renzosy       : like if i sell my iron
20:46 renzosy       : the credits i recieve are your credits?
20:46 Kobeboy15     : yes
20:46 lolo_lola_69  : wow daghan tao
20:48 Johann placed suspicious WATER_BUCKET @ world: x734, z-190
20:50 imololakanding: is there string sa shop?
20:50 Kobeboy15     : no
20:50 lolo_lola_69  : no i can sell u some
20:50 Kobeboy15     : boom
20:50 Kobeboy15     : thats why
20:51 imololakanding: name your price
20:51 renzosy       : i want to make a cobblestone shop HAHAHHAHA
20:51 Kobeboy15     : then go ahead
20:51 lolo_lola_69  : how many stacks u need
20:51 Kobeboy15     : i have one too
20:51 imololakanding: just one will do
20:51 renzosy       : Im gonna fuck with the admin stuff later
20:51 Kobeboy15     : but dont break any of the admin stuff :(
20:51 lolo_lola_69  : can i has 32 iron
20:52 lolo_lola_69  : ty
20:52 imololakanding: np
20:55 renzosy       : which is more efficient? the mcmmo repair or anvil
21:08 imololakanding: mee
21:08 renzosy       : can i suck kobeboy's dick
21:08 imololakanding: for fweee?/
21:08 Kobeboy15     : YEAH
21:08 Kobeboy15     : FOR FREE
21:08 imololakanding: can I has
21:10 Kobeboy15     :  placed a sign @ world: x493, z220
  Lapiz Lazuli
  vvv
21:10 Kobeboy15     :  placed a sign @ world: x493, z218
  64
  B 70
  Cobblestone
21:11 imololakanding: how do i get me on of those enchanting tables
21:11 Kobeboy15     : btw you can sell a stack of cobblestone for 70 pesos in my house
21:11 Kobeboy15     : oh you make em
21:11 Kobeboy15     : ya need diamond and obsidian
21:11 Kobeboy15     : WHICH I HAVE DONE ALL FOR U <3
21:11 imololakanding: can i buy that from the shop
21:11 imololakanding: <3
21:11 Kobeboy15     : you can buy diamond
21:12 imololakanding: ooh
21:12 imololakanding: how much are the dias?
21:15 imololakanding: how can I sell the cobble?
21:16 Kobeboy15     : im setting up a cobblestore in the admin shop
21:16 Kobeboy15     : gimme a sec
21:16 imololakanding: ayt
21:18 Kobeboy15     :  placed a sign @ world: x-1, z237
  64
  B 1 : S .5
21:18 renzosy       : i got glowstone dust from sand
21:18 renzosy       : wtf
21:18 lolo_lola_69  : ye
21:18 Kobeboy15     :  placed a sign @ world: x-1, z237
  Admin Shop
  64
  B 1 : S .5
  Cobblestone
21:18 renzosy       : mcmmo?
21:19 Kobeboy15     : yup
21:19 Kobeboy15     : change of plans
21:19 Kobeboy15     : we aint accepting stone
21:19 Kobeboy15     : ACTUALLY WAIT
21:20 Kobeboy15     :  placed a sign @ world: x-1, z239
  Admin Shop
  32
  B 10 : S 5
  Stone
21:26 lolo_lola_69  : selling golden leggings with enchant
21:26 lolo_lola_69  : S>> gold leggs projectile prot 3
21:30 imololakanding: where do I sell cobble?
21:30 Kobeboy15     : "/warp shop"
21:33 imololakanding: where do I sell cobble?
21:33 imololakanding: ohh ty
21:33 Kobeboy15     : just a pro tip
21:33 Kobeboy15     : my weiner
21:34 imololakanding: how do I check
21:34 imololakanding: my money?
21:34 Kobeboy15     : "/balance"
21:34 imololakanding: ty
21:40 Johann placed suspicious LAVA_BUCKET @ world: x704, z-131
21:42 Johann placed suspicious LAVA_BUCKET @ world: x720, z-157
21:43 Johann placed suspicious WATER_BUCKET @ world: x720, z-160
21:43 Johann        :  placed a sign @ world: x710, z-177
  Glitch
  the
  Horse
21:49 lolo_lola_69  : alec wheres ur palce
21:49 lolo_lola_69  : ay wa na diays alec
21:50 lolo_lola_69  : arch
21:50 Arrchiiee     : yeah?
21:50 lolo_lola_69  : asa imo house
21:50 Arrchiiee     : tp to me
21:50 lolo_lola_69  : accept
21:51 lolo_lola_69  : nice
21:51 renzosy       : hax
21:51 Arrchiiee     : ty
21:51 lolo_lola_69  : bantay ana nga tower
21:51 lolo_lola_69  : dapit sa beach
21:51 Arrchiiee     : brb
21:51 lolo_lola_69  : naa mi nadiscover drowned base
21:54 renzosy       : oh wow
22:00 imololakanding: can I buy pig eggs and chicken eggs?
22:00 Kobeboy15     : no
22:00 Kobeboy15     : no spawning
22:00 lolo_lola_69  : haha
22:01 imololakanding: ayt ayt
22:01 lolo_lola_69  : alexis there are pigs in the base
22:01 lolo_lola_69  : near aladdins house
22:01 lolo_lola_69  : alec asa imo balay
22:02 Elytriem      : tp ka nako
22:02 Elytriem      : kinsa ka?
22:02 Elytriem      : hahaha
22:04 Elytriem      : i need food
22:04 Elytriem      : nooooo
22:05 lolo_lola_69  : vlad ni oi
22:13 imololakanding: is there carrot in the shop?
22:13 lolo_lola_69  : eyo
22:16 Arrchiiee     : help alexis
22:16 imololakanding: nvm it's fine
22:16 Kobeboy15     : what r u doing?
22:17 Kobeboy15     : renz?
22:17 renzosy       : i was killing ender for lex
22:17 Kobeboy15     : did you earn all of that diamond?
22:17 renzosy       : wow
22:17 Kobeboy15     : alright, I'll check the logs
22:20 lolo_lola_69  : gay skin alec haha
22:20 imololakanding: brb
22:21 Elytriem      : idk how to change
22:21 lolo_lola_69  : kobe can change
22:21 lolo_lola_69  : skins
22:21 Elytriem      : i need food
22:21 lolo_lola_69  : here
22:21 lolo_lola_69  : ihave some
22:21 lolo_lola_69  : u can plant
22:21 Elytriem      : ty
22:24 boredchinese  : :>
22:24 lolo_lola_69  : gao
22:24 lolo_lola_69  : me need scutes
22:24 boredchinese  : hello noggers
22:24 boredchinese  : o right
22:24 boredchinese  : where u
22:25 lolo_lola_69  : how about 5 scutes >> 3 emerald
22:25 boredchinese  : which one of u is gian
22:25 boredchinese  : wait who are these new goys
22:25 lolo_lola_69  : gians not here
22:25 boredchinese  : hmm
22:25 boredchinese  : wat else u got
22:25 boredchinese  : iron?
22:25 lolo_lola_69  : diams
22:25 boredchinese  : holy shit i'm lagging hard
22:26 renzosy       : yea its getting lag
22:26 renzosy       : i think cos daghan
22:26 boredchinese  : last tiem 6 was ok
22:26 boredchinese  : 7 was lag
22:26 boredchinese  : before
22:27 lolo_lola_69  : care alec
22:28 Kobeboy15     :  placed a sign @ world: x-8, z240
  Admin Shop
  1
  B 300 : S 150
  Scute
22:29 boredchinese  : which nibba opened my chest
22:31 Lads placed suspicious COD_BUCKET @ world: x483, z273
22:34 Lads placed suspicious COD_BUCKET @ world: x483, z273
22:35 renzosy       : who would like to spare some bones
22:35 renzosy       : or i can trade for iron
22:35 boredchinese  : me
22:35 boredchinese  : only got 2 bones tho
22:35 renzosy       : ill give u an ingot
22:36 boredchinese  : sure
22:36 lolo_lola_69  : i got 19 bones
22:36 renzosy       : come to me pretty boys
22:36 boredchinese  : wait no i got 6 bones
22:36 renzosy       : follow me
22:37 boredchinese  : i got more tho
22:37 boredchinese  : wait a second
22:37 boredchinese  : a nibba did a driveby
22:37 renzosy       : ty
22:45 Arrchiiee placed suspicious COD_BUCKET @ world: x460, z373
22:45 Arrchiiee placed suspicious COD_BUCKET @ world: x460, z373
22:47 Arrchiiee placed suspicious COD_BUCKET @ world: x460, z374
22:48 Arrchiiee placed suspicious COD_BUCKET @ world: x460, z373
22:48 Arrchiiee placed suspicious COD_BUCKET @ world: x460, z373
22:48 boredchinese  : ho dem it be mangaboy
22:49 Arrchiiee placed suspicious COD_BUCKET @ world: x460, z373
22:49 lolo_lola_69  : aye im back
22:49 Arrchiiee placed suspicious COD_BUCKET @ world: x460, z373
22:49 lolo_lola_69  : good defence
22:50 lolo_lola_69  : ty btw
22:51 Arrchiiee placed suspicious COD_BUCKET @ world: x461, z373
22:55 lolo_lola_69  : oi rob
22:55 lolo_lola_69  : discord?
22:55 Mangaboy5398  : i am
22:55 Mangaboy5398  : haha also I will go off of a bit
22:56 Mangaboy5398  : cause
22:56 Mangaboy5398  : i have tot ake a bath came from gym
22:56 lolo_lola_69  : aw
23:38 boredchinese  : gad dammit
23:39 Mangaboy5398  : holy uck
23:39 Mangaboy5398  : kick him
23:39 Mangaboy5398  : kick Elytriem
23:40 Elytriem      : :(
23:40 Mangaboy5398  : dammit josh how are ya
23:51 imololakanding: is it morning?
23:51 Mangaboy5398  : nope
23:51 imololakanding: fucking phantoms
23:52 imololakanding: reeeee
23:52 Mangaboy5398  : hahah there are none maybe
23:52 boredchinese  : none of us slept
23:52 boredchinese  : in a long time
23:52 imololakanding: you just need to sleep to get rid of them?
23:52 boredchinese  : yea
23:52 Mangaboy5398  : uck I hate super breakier
23:52 Mangaboy5398  : damn it
23:52 imololakanding: oh
23:52 boredchinese  : but everyone has to sleep tho
23:52 Mangaboy5398  : you want to sleep?
23:52 imololakanding: i don't have a bed
23:52 imololakanding: can we share
23:52 imololakanding: ;)
23:52 Mangaboy5398  : i have wool
23:53 Mangaboy5398  : ptp to me
23:53 Mangaboy5398  : dammit there' sptp
23:53 Mangaboy5398  : i ahve to make ti instant
23:53 imololakanding: how to make a bed gani
23:53 imololakanding: ty
23:53 imololakanding: <3
23:53 Mangaboy5398  : there you go lex
23:53 Mangaboy5398  : ok sleep
23:54 imololakanding: catching some zzz
23:54 Mangaboy5398  : you too michael
23:54 imololakanding: at least my character can sleep in game
23:55 imololakanding: ty
23:55 Mangaboy5398  : i wasnt ableto sleep cause zombies sorry
23:55 imololakanding: it's ayt
23:55 imololakanding: i mean seriously rob
23:55 boredchinese  : damn still bummed out
23:55 imololakanding: excuses?
23:55 boredchinese  : lost my diamond stuff
23:55 boredchinese  : FUCK
23:55 imololakanding: pepehands
23:55 Mangaboy5398  : dammit Lex
23:55 Mangaboy5398  : its ok man
23:56 Mangaboy5398  : you can always remine it
23:56 imololakanding: i'm looking for chickens
23:56 boredchinese  : :<
23:56 Mangaboy5398  : at least they weren't enchanted
23:56 Mangaboy5398  : yeah
23:56 boredchinese  : true
23:56 Mangaboy5398  : and then get eggs
23:56 Mangaboy5398  : i'd be super bummed i I lost
23:56 Mangaboy5398  : like eff 5 unbreak 3 silk touch pic
23:56 imololakanding: where do chickens spawn?
23:56 Mangaboy5398  : plains
23:56 Mangaboy5398  : hahah
23:56 Mangaboy5398  : or anywehre not in the desert
23:56 imololakanding: ay
23:56 Mangaboy5398  : or tundra
23:56 imololakanding: ayt
23:57 boredchinese  : wait i thought gian was gonna play tonight
23:57 boredchinese  : where h at
23:57 boredchinese  : he at
