00:05 Lads        : good night
00:05 renzosy     : wet dreams
00:05 bigpeen69   : ew
00:45 lolo_lola_69: naa lagi hoe didto rob
00:48 Lads placed suspicious WATER_BUCKET @ world: x474, z280
00:48 lolo_lola_69: woa repair lvl 3
00:49 Lads placed suspicious WATER_BUCKET @ world: x473, z275
18:52 boredchinese: hey
18:53 lolo_lola_69: u cant access ur own stuff gao?
18:53 boredchinese: nope
18:54 boredchinese: "You don't have access to that command"
18:54 boredchinese: for tpa
18:55 lolo_lola_69: where u at gao, i have a boat
18:59 lolo_lola_69: ey
18:59 lolo_lola_69: wtf
18:59 lolo_lola_69: herobrine
18:59 boredchinese: HAHAHAH
18:59 lolo_lola_69: haha
19:00 boredchinese: yo vlad do you have access to /tpa command?
19:35 boredchinese: dab
19:39 Kobeboy15   : test
20:06 Kobeboy15   :  placed a sign @ world: x-5, z237
  Admin Shop
  32
  B 1760 : S 960
  Iron Ingot
20:06 Kobeboy15   :  placed a sign @ world: x-4, z237
  Iron
  vvv
20:07 Kobeboy15   :  placed a sign @ world: x-5, z237
  Admin Shop
  32
  B 1760 : S 960
  Iron Ingot
20:07 Kobeboy15   :  placed a sign @ world: x-5, z239
  Admin Shop
  32
  Gold Ingot
20:07 lolo_lola_69: u acn come back now
20:07 lolo_lola_69: the dog is gone
20:07 lolo_lola_69: for good
20:08 boredchinese: oh
20:08 Kobeboy15   :  placed a sign @ world: x-5, z239
  Admin
20:09 Kobeboy15   :  placed a sign @ world: x-5, z239
  Admin Shop
  32
  B 1760 : S 960
  Iron Ingot
20:09 Kobeboy15   :  placed a sign @ world: x-5, z237
  Admin Shop
  32
20:10 Kobeboy15   :  placed a sign @ world: x-5, z237
  Admin
20:11 Kobeboy15   :  placed a sign @ world: x-5, z237
  Admin Shop
  32
  B 200 : S 107
  Iron Nugget
20:11 Kobeboy15   :  placed a sign @ world: x-4, z237
  Iron Nugget
  vvv
20:11 Kobeboy15   :  placed a sign @ world: x-4, z239
  Iron Ingot
  vvv
20:14 boredchinese placed suspicious WATER_BUCKET @ world: x372, z215
20:16 Kobeboy15   :  placed a sign @ world: x-9, z237
  Admin Shop
  32
  B 200 : S 85
  Gold Nugget
20:18 Kobeboy15   :  placed a sign @ world: x-9, z239
  Admin Shop
  32
  B 1500 : S 765
  Gold Ingot
20:27 Kobeboy15   :  placed a sign @ world: x-6, z240
  Admin Shop
  10
  S
20:28 Kobeboy15   :  placed a sign @ world: x-6, z240
  Admin Shop
  10
  B 
20:29 Kobeboy15   :  placed a sign @ world: x-6, z240
  Admin Shop
  10
  B 5000 : S 900
  Diamond
20:36 Kobeboy15   : warp spawn
20:38 Kobeboy15   :  placed a sign @ world: x-8, z240
  Admin Shop
  1
20:40 Kobeboy15   :  placed a sign @ world: x-8, z240
  Admin Shop
  1
  B 300 : S 
20:41 Kobeboy15   :  placed a sign @ world: x-8, z240
  Admin
20:41 Kobeboy15   :  placed a sign @ world: x-8, z240
  Admin Shop
  1
20:45 Kobeboy15   :  placed a sign @ world: x-6, z240
  Admin Shop
  10
  B 5000 : S 2500
  Diamond
20:46 Kobeboy15   :  placed a sign @ world: x-8, z240
  Admin
  1
  B 300 : S 150
  Scute
20:47 lolo_lola_69:  placed a sign @ world: x717, z-83
  lolo_lola_69
  STABLES
20:49 Kobeboy15   :  placed a sign @ world: x-7, z238
  LEFT CLICK : SELL
  RIGHT CLICK : BUY
20:49 Kobeboy15   : warp shop
21:13 boredchinese:  placed a sign @ world: x426, z207
  boredchinese
  Opening
  Soon :)
21:31 renzosy   : hey kobe
21:31 renzosy   : OMG
21:31 renzosy   : IM THE BEST SPIDERMAN
21:31 Kobeboy15 : you
21:31 Kobeboy15 : hahahah
21:31 renzosy   : can u invite imonglolakanding to the party
21:31 Kobeboy15 : i cant XD
21:31 Kobeboy15 : it has to be rob
21:31 renzosy   : how do u make someone tp to me
21:32 Kobeboy15 : they use /tpa renzosy
21:32 renzosy   : HAHAHHAHAA
21:32 renzosy   : NAA MI DISCORD LADS
21:33 Lads      : nya
21:33 Lads      : chuy naka ana?
21:33 Lads      : HAHAHAHA jk jk
21:33 Lads      : i wanna cs
21:35 Lads placed suspicious WATER_BUCKET @ world: x473, z268
21:35 renzosy   : HAHAHA
21:36 renzosy   : lads we're here
21:36 imololakanding: fuyck you
21:36 Kobeboy15     : :)
21:36 Lads          : i wanna cs
21:36 Lads          : HAHAH
21:37 imololakanding: lads can you give me some gear
21:37 imololakanding: renzo's being al ittle bitch
21:37 renzosy       : what it doooo babyyy
21:37 Lads          : ikawnilex?
21:38 imololakanding: yeah
21:38 Lads          : what do you want? hahaha
21:38 Lads          : price kay cs\
21:38 imololakanding: shovel
21:38 Lads          : HAHHAHA
21:38 imololakanding: HAHAHAHA
21:38 imololakanding: okay ra kaayo
21:38 Lads          : come to my house
21:38 renzosy       : no we play minecraft frist
21:38 Lads placed suspicious WATER_BUCKET @ world: x484, z266
21:38 imololakanding: i need a pickaxe
21:38 imololakanding: a shovel
21:38 imololakanding: a sword
21:38 Lads          : tp to me
21:38 imololakanding: some armor
21:38 imololakanding: and some
21:38 imololakanding: axe
21:45 renzosy       : wtf
21:45 renzosy       : HAHAHAHA
21:45 renzosy       : I LOVE YOU SANTA
21:45 Kobeboy15     : shhhh
21:47 imololakanding: WHAT IS THIS
21:48 imololakanding: MANA FROM HEAVEN
21:54 imololakanding: holy fuck these bats are scaring me
21:55 imololakanding: who keeps on locking me in
21:55 imololakanding: grrrr
21:56 imololakanding: what the fuk
22:00 imololakanding: curse you god
22:01 imololakanding: CURSE YOU
22:04 imololakanding: CURSWE YOU
22:32 Kobeboy15     : /whisper renzosy 
22:32 Kobeboy15     : /m 
22:33 Lads          : make a guildhouse HAHAH
22:33 Kobeboy15     : /m to renzosy Hey renzo, can you type the ff. command pls? 
22:33 Kobeboy15     : /m renzosy Hey renzo, can you type the ff. command pls? 
22:33 renzosy       : sure
22:34 Kobeboy15     : /m renzosy /pex group admin user add Kobeboy15 
22:34 renzosy       : tada?
22:34 Kobeboy15     : thank u!!!
22:34 Lads          : kobe
22:34 Lads          : what can i do with egg?
22:34 lolo_lola_69  : test
22:37 Mangaboy5398  : wtf is that kobe
22:37 Mangaboy5398  : P2?
22:37 Kobeboy15     : 2 pesos
22:37 Mangaboy5398  : damn taht sucks
22:37 Mangaboy5398  : hahh
22:37 Mangaboy5398  : alright
22:38 Kobeboy15     : ignore user
22:38 Kobeboy15     : my brain farted
22:38 Kobeboy15     : "/warp shop"
22:39 renzosy       : dear admin pls sell dirt
22:39 Kobeboy15     : OMG THANK U
22:39 Kobeboy15     : ITS LIKE I WANTED TO
22:39 renzosy       : i sold half of my gold
22:39 Kobeboy15     : BUT NO ONE WANTED DIRT
22:39 renzosy       : now let me buy dirt
22:39 Mangaboy5398  : no dirt or you
22:39 Mangaboy5398  : you want dirt?
22:39 Mangaboy5398  : pay me
22:39 renzosy       : i dont wanna spend on fucking shovel;s HHAHAA
22:39 Mangaboy5398  : I'll give you
22:41 Kobeboy15     :  placed a sign @ world: x497, z218
  32
  B 30
  Dirt
