12:16 Kobeboy15 :  placed a sign @ world: x708, z113
  NEW
  ADMIN CORNER
18:43 Kobeboy15 :  placed a sign @ world: x760, z114
  GO BACK TO
  OLD ADMIN CORNER
19:04 Kobeboy15 : /w 
20:48 Johann    : lets head back lol
20:48 Johann    : i have no more stone bricks
21:03 Johann    : hjeyyy kobe mannn
21:03 Kobeboy15 : yooo
21:03 Johann    : can I ask for raid help
21:03 Johann    : i die
21:03 Kobeboy15 : ohhhh
21:03 Kobeboy15 : what ya mean help
21:03 Kobeboy15 : im about to log out with vlad and gio to play pubg
21:04 Johann    : ah
21:04 Johann    : ayt ayt
21:04 Johann    : its cool dude
21:04 Kobeboy15 : you want some like food?
21:05 Johann    : i was thinking like more attack attack
21:05 Johann    : but dont keep em waiting dude
21:05 Kobeboy15 : hmmmm okay okay sorry sorry
21:05 Kobeboy15 : gtg mah dude
21:05 Kobeboy15 : good luckk
