09:18 lolo_lola_69: wtf
09:19 Johann      : :)
09:19 lolo_lola_69: can we discord
11:56 lolo_lola_69:  placed a sign @ world: x717, z-86
  looking for other
  horses 2 breed
12:05 lolo_lola_69 placed suspicious WATER_BUCKET @ world: x714, z-5
12:06 lolo_lola_69 placed suspicious WATER_BUCKET @ world: x715, z-8
12:06 lolo_lola_69 placed suspicious WATER_BUCKET @ world: x724, z-3
12:06 lolo_lola_69 placed suspicious WATER_BUCKET @ world: x720, z-2
12:12 lolo_lola_69: ayo
12:12 Johann      : ayo
12:12 Johann      : magluto pa kog lunch ahhhh
12:12 lolo_lola_69: lul mana ko
12:12 lolo_lola_69: ahhaha
12:13 Johann      : i hope there are just leftovers
12:13 lolo_lola_69: naghimo na kog rail system joh
12:14 Johann      : chuya
12:14 Johann      : hatagan tkag rails
12:54 lolo_lola_69: discord
12:54 lolo_lola_69: joh
14:53 lolo_lola_69: nangita mi treasure again joh
15:11 lolo_lola_69: rip
15:11 Arrchiiee   : johann?
15:11 Johann      : yawaaa
15:11 Arrchiiee   : johann discord
15:11 lolo_lola_69: joh dicsord
15:12 Johann      : shiet gtg
15:28 Johann      : game is hard
15:28 Johann      : arch
15:28 Johann      : vlad
15:28 Arrchiiee   : yeah?
15:28 Johann      : you guys
15:28 Johann      : got an anvil?
15:28 Johann      : :)
15:29 Arrchiiee   : yes
15:29 Johann      : may I?
15:29 Arrchiiee   : sure
15:29 Arrchiiee   : u know the way to my place?
17:29 Arrchiiee   : wow wow wow take aim
17:30 Johann      : good lord
17:35 Arrchiiee   : good lord
17:35 Johann      : fuck
17:44 Arrchiiee   : good lord Jo
17:44 Johann      : i need creative mode
17:44 Johann      : I keep on fallin dow n hahahha
17:45 Arrchiiee   : kayata renzo ahahahhaah
17:45 Johann      : wowowoowo!
17:45 Johann      : hahahhah
17:45 Johann      : are you in game?
17:47 Johann      : omg
17:47 Johann      : maygani
17:47 Johann      : there was a tall tree
17:47 Arrchiiee   : did u fall again/
17:47 Arrchiiee   : ?
17:47 Johann      : yes
17:47 Johann      : HAHAHHAHHAHAH
17:47 Arrchiiee   : danghagang bataa
17:53 Johann      : yawa vlad
17:54 lolo_lola_69: aye
17:54 Johann      : gamita diay sa scaffoldng
17:54 Arrchiiee   : kaayo hahaha
17:54 lolo_lola_69: hahaha lagi
17:54 Arrchiiee   : want bamboo Jo?
17:54 Johann      : perhaps
17:54 Johann      : in a bit
17:54 Arrchiiee   : go to my farm
17:54 Arrchiiee   : my tree farm and open the large chest
17:54 Johann      : gotcah
18:00 Johann      : ops
18:01 lolo_lola_69: why are u not using scaffolding
18:01 Johann      : kato ra
18:01 lolo_lola_69: ay sry
18:01 Johann      : pls no
18:04 Johann      : okay na ni bai hahhahaha
18:04 lolo_lola_69: sry i destroyed the other one
18:04 lolo_lola_69: hahaha
18:04 lolo_lola_69: those were the drops
18:05 Johann      : ali naog na
18:05 lolo_lola_69: break the shit blocks sa
18:06 lolo_lola_69: naa pa joh
18:06 lolo_lola_69: sa babaw sa trees
20:00 Arrchiiee : me
20:00 Arrchiiee : why?
20:00 Johann    : me
20:00 Arrchiiee : need to shut down?
20:00 Arrchiiee : sure sure
20:00 Johann    : no prob
20:06 jicoboy   : what time is it day or night?
20:06 Johann    : idk lol
20:06 Arrchiiee : not sure, mining
20:06 jicoboy   : lol same
20:08 lolo_lola_69: hello
20:08 Arrchiiee   : hello
20:08 Johann      : hello vlad
20:08 lolo_lola_69: nagusna mo
20:08 Arrchiiee   : tryna get to lvl 30
20:08 lolo_lola_69: ah
20:12 Arrchiiee   : not really
20:12 lolo_lola_69: no
20:12 Johann      : na
20:12 Johann      : vlad
20:12 Johann      : iron horse armor
20:12 Johann      : 6 diamounds
20:12 Arrchiiee   : WOW FIBR
20:12 jicoboy     : does renz have admin powers
20:12 Johann      : yes
20:13 jicoboy     : yo shi he can see my shit of a house
20:18 lolo_lola_69: joh
20:18 lolo_lola_69: do u wanna see a raid
20:18 Johann      : you want my diamond horse armor?
20:18 lolo_lola_69: pwede? :D
20:18 Johann      : hatagi kog diamon
20:19 Johann      : hahahhahah
20:19 lolo_lola_69: ay
20:19 lolo_lola_69: nvm
20:19 lolo_lola_69: sunod lang, low ko in dias
20:20 Johann      : sure
20:20 Johann      : show me raid
20:20 lolo_lola_69: wait sa nag prepare me
20:20 lolo_lola_69: nice mail helmet
20:25 Johann      : oof
20:25 Johann      : cabbit join
20:25 Johann      : cannot
20:25 Johann      : glhf
20:33 Arrchiiee   : tpaccept
21:48 lolo_lola_69:  placed a sign @ world: x635, z-80
  RIP
  Bobert the
  Bandit
23:20 lolo_lola_69: arch
