00:00 arcosanti   : OOH
00:00 Veldanava   : Ohhoho
00:00 Veldanava   : Gah
00:00 Veldanava   : can you destroy my boat
00:00 Veldanava   : Wew
00:00 Veldanava   : Welcome to the orient :D
00:00 Veldanava   : Over here
00:00 arcosanti   : you should make cherry trees
00:00 arcosanti   : theres one in spawn
00:00 Veldanava   : Ohhoho
00:01 Veldanava   : When i get more mats
00:01 Veldanava   : Wut
00:01 Veldanava   : He got spirited away
00:01 Veldanava   : Oh nvm
00:02 Veldanava   : Sheit we should run so it'll be faster XD
00:02 Veldanava   : That's the great yokai forest
00:02 Veldanava   : If ya go in, the yokai will grab your balls from your butt
00:02 arcosanti   : oh good lord
00:03 arcosanti   : wanna discord?
00:03 Veldanava   : Oh my cuz is borrowing my mic :(
00:03 Veldanava   : Almost theree
00:03 Veldanava   : Oh noes
00:03 Veldanava   : Some naughty yokai
00:04 Veldanava   : Noice
00:04 arcosanti   : noice
00:04 big_tasty   : noie
00:04 arcosanti   : archie are you up for a raid? hahaha
00:04 big_tasty   : c
00:04 Arrchiiee   : im on creative
00:04 arcosanti   : ahhh
00:04 Veldanava   : :OO
00:04 Arrchiiee   : and only kobe could change me back
00:04 Arrchiiee   : it would be cheating hahahaha
00:04 arcosanti   : hahahahaha
00:05 arcosanti   : okay okay
00:05 arcosanti   : i can just drink milk
00:05 Veldanava   : tadaa
00:05 Veldanava   : Wtf
00:05 arcosanti   : ooooh
00:05 arcosanti   : not bad
00:05 Veldanava   : It's the side
00:05 big_tasty   : its so far
00:05 Veldanava   : Ah here
00:05 Veldanava   : XD
00:05 arcosanti   : i feel like ive seen this house in nioh
00:05 Veldanava   : Oh wutt
00:05 Veldanava   : Wait wut
00:05 Veldanava   : You were able to open my door :O
00:05 Veldanava   : Very cozy
00:06 Veldanava   : Like my room
00:06 Veldanava   : ;_ D
00:06 arcosanti   : yeah doors are the only things i can interact with
00:06 arcosanti   : here
00:06 Arrchiiee   : WAX, have you looked under fuente?
00:06 arcosanti   : fence doors and trap doors
00:06 Veldanava   : Oh crud, you can open those too XD
00:06 Veldanava   : These are all trap doors XD
00:06 Veldanava   : Spoopy
00:06 arcosanti   : hahahahaha
00:07 arcosanti   : what do you mean under fuente
00:07 Veldanava   : I was gonna grow rice
00:07 Veldanava   : But there's no rice
00:07 Veldanava   : ;_ D(
00:07 Veldanava   : Imma build a big wheat thingy next
00:07 Veldanava   : Oh yeah Wax, have you enrolled in anything?
00:07 Veldanava   : Cuz I didn't
00:07 arcosanti   : im gonna talk to ceniza tom
00:07 Veldanava   : I can enroll on August
00:07 Veldanava   : 2020
00:08 Veldanava   : ;_ DDDD
00:08 arcosanti   : wuuuut
00:08 Veldanava   : Yeee
00:08 arcosanti   : thats ur plan?
00:08 Veldanava   : Nono
00:08 arcosanti   : oooh
00:08 arcosanti   : for an offering
00:08 Veldanava   : I went to school
00:08 Veldanava   : And webapp appears for 3rd years
00:08 Veldanava   : And it's still 2nd years
00:08 Veldanava   : Nuuuuuuu
00:08 arcosanti   : oh fuck
00:08 Veldanava   : Cum tpa
00:08 Veldanava   : Oh noice
00:09 arcosanti   : that scared me
00:09 arcosanti   : hahahaha
00:09 Veldanava   : So this area here will be the farm
00:09 Veldanava   : Your stuff's here
00:09 arcosanti   : that'll be a lot of trap doors
00:09 Veldanava   : Oh nono it'll be another design
00:09 Veldanava   : Still weeb
00:09 Veldanava   : I mean Japanese
00:09 Veldanava   : But not this many trap doors XD
00:10 arcosanti   : hahahaha
00:10 Veldanava   : I'm a poor weeb
00:10 Veldanava   : With this smol house
00:10 arcosanti   : actually sean
00:10 arcosanti   : some guys had a lab course and made it really cheap
00:10 Veldanava   : Yeah
00:10 arcosanti   : cuz they didnt use a lab anymore
00:10 Veldanava   : GuySS
00:11 Veldanava   : I'm the only one
00:11 arcosanti   : ahhhhh
00:11 arcosanti   : yeah yeah thats the main issue
00:11 Veldanava   : So if I petition, I gotta pay for everyone
00:11 Veldanava   : Around 40k I think
00:11 Veldanava   : ;_ D
00:11 arcosanti   : 45
00:11 arcosanti   : yeah its bad
00:11 Veldanava   : Sheitttt
00:11 Veldanava   : My mom will disown me and send a gay grapist to touch me hard
00:11 arcosanti   : but tbh i feel like if you got a job now you could pay for that next sem
00:11 Veldanava   : Ahh yeah that's what I'm planning
00:12 Veldanava   : Kobe's already taught me Vue and Sasss
00:12 arcosanti   : and maybe even ask ur parents to pay half
00:12 Veldanava   : *Sass
00:12 arcosanti   : oh nice nice
00:12 Veldanava   : Next is uhh
00:12 Veldanava   : Rob's thing
00:12 Veldanava   : Then last is Cotlin
00:12 Veldanava   : Ohoh Hannah can I get some arrows?
00:12 Veldanava   : I can pay with emerald
00:12 big_tasty   : oh i got an infinite bow
00:13 arcosanti   : oh you have emeralds? haha
00:13 Veldanava   : waw
00:13 Veldanava   : Yee
00:13 Veldanava   : Over there
00:13 arcosanti   : flex
00:13 Veldanava   : Wait uh
00:13 Veldanava   : Ah there come
00:13 arcosanti   : okay im gonna go farm zombies
00:13 arcosanti   : cuz i lots all my xp HAHA
00:14 Veldanava   : Yeah wtf
00:14 Veldanava   : Idk why there's a loooot zambies here
00:14 Veldanava   : They come from the trees
00:14 big_tasty   : cause its so dark
00:14 Veldanava   : Ohho
00:14 Veldanava   : So it's a noice farm
00:14 big_tasty   : oh no you left me with sean
00:14 Veldanava   : But yeah, in that nearby snowy mountain, there's a cave system with a ravine
00:14 Veldanava   : Has quite a few emeralds
00:14 big_tasty   : mount fuji?
00:15 Veldanava   : Wut I'm over here
00:15 Veldanava   : Wait, you can't see me?
00:15 big_tasty   : joaquin left
00:15 Veldanava   : oh
00:15 Veldanava   : oh...
00:16 Veldanava   : I need to keill a creeper
00:16 big_tasty   : u should get a neko sean
00:16 Veldanava   : wanna test somethin
00:16 Veldanava   : Ohoho
00:16 Veldanava   : Wait I heard they changed how nekos work
00:16 arcosanti   : theyre not oceolots anymore
00:16 arcosanti   : theyre normal cats now
00:17 Veldanava   : Ohoh
00:17 Veldanava   : Where do I find them?
00:17 Veldanava   : Finally some gunpowder
00:21 Veldanava   : Did you guys go home?
00:21 big_tasty   : yee
00:22 Veldanava   : Ohoh alrighty :3
00:29 Veldanava   : Fueheheh
00:33 Veldanava   : Wait, how did you guys make these red text signs?
00:34 Veldanava   : Oh noes
00:44 Veldanava   : psst
00:44 arcosanti   : oh fuck
00:44 arcosanti   : hahaha you scared me
00:44 Veldanava   : May I test something on you?
00:44 Veldanava   : Oh lel XD
00:44 arcosanti   : sure
00:44 Veldanava   : Ok here goes
00:44 Veldanava   : Ohoh
00:44 arcosanti   : you know
00:45 Veldanava   : How many hearts did that take?
00:45 arcosanti   : you couldve just asked me if that does damage HAHA
00:45 arcosanti   : idk cuz i was wearing armor
00:45 Veldanava   : Oh but I wouldn't see it ;)
00:45 arcosanti   : but last time it did 2 hearts
00:45 Veldanava   : Hmm
00:45 arcosanti   : when vlad tested the same thing
00:45 Veldanava   : How much did it do to you with armor?
00:45 arcosanti   : like uh
00:45 arcosanti   : at most 1 heart
00:45 Veldanava   : Hmm
00:45 Veldanava   : How bout this one
00:45 arcosanti   : but probably half a heart
00:45 arcosanti   : no damage
00:45 Veldanava   : Oh
00:46 Veldanava   : Ahh so I really do need that thingy
00:46 Veldanava   : Ohohoo this can be a scare tactic >:D
00:46 arcosanti   : hahahaha
00:46 Veldanava   : XD
00:46 arcosanti   : but yeah the normal firework would really scare me
00:46 arcosanti   : if i wasnt expecting it
00:46 Veldanava   : Yeahh
00:46 Veldanava   : Especially if it's surprise buttsecks
00:47 arcosanti   : sleep?
00:47 Veldanava   : Oh yeah have you guys found a village?
00:47 Veldanava   : Sure
00:47 arcosanti   : yeah we recently found one
00:47 Arrchiiee   : i found a lot
00:47 Arrchiiee   : hahahahha
00:47 arcosanti   : hahahaha yeah archies been exploring
00:47 Arrchiiee   : in bed
00:47 arcosanti   : brb
00:47 arcosanti   : im already in bet btw
00:47 Veldanava   : Ohoho did you find a kewl bell?
00:48 big_tasty   : yee
00:48 arcosanti   : dont take away ours
00:48 Veldanava   : Ohoho noice
00:48 arcosanti   : you can buy a bell
00:48 Veldanava   : Wot?
00:48 Veldanava   : Wotttt
00:48 arcosanti   : from the villager
00:48 Veldanava   : Ooh
00:48 Veldanava   : I thought it only spawns in villages
00:48 big_tasty   : u can buy one from us
00:48 arcosanti   : some villagers sell it
00:48 Veldanava   : Oho noice
00:49 Veldanava   : Ooh
00:49 Veldanava   : I can pay you emeralds
00:49 Veldanava   : Then you can rebuy it from the villager
00:49 big_tasty   : our guy sells for 34 emeralds
00:49 big_tasty   : very expense
00:49 Veldanava   : Wtf
00:50 Veldanava   : Wottt
00:50 big_tasty   : his original price was 36 haha
00:50 Veldanava   : Omg I didn't know villagers could sell sheit for more than 1 digit
01:05 Veldanava   : test
01:05 Veldanava   : Wew
01:07 Veldanava   : \
01:07 Veldanava   : Wops
01:14 Veldanava   : Welp, slepy toime
01:14 Veldanava   : Bye ppols
01:14 big_tasty   : night sean
01:14 arcosanti   : nite
01:16 Arrchiiee   : heeeeyy
01:16 arcosanti   : heyyy
01:16 Arrchiiee   : the other side looks better
01:17 Arrchiiee   : take this
01:17 big_tasty   : youre working hard
01:17 Arrchiiee   : take the left one
01:17 Arrchiiee   : if u wiosh to ride
01:18 big_tasty   : nice ride
01:24 arcosanti   : nite archie
04:29 Veldanava :  placed a sign @ world: x1153, z236
  Welcome to the
  ricefields
  motherfucker
15:52 Johann    : meow
15:52 lolo_lola_69: *slaps kitty kat*
15:52 Johann      : sadt
15:52 lolo_lola_69: joh, download na optifine
15:53 Johann      : in timeww
16:01 Johann      : diamond time!
16:01 Johann      : WOOOO
16:01 lolo_lola_69: di ka farm exp?
16:01 Johann      : its nighttime diay rn?
16:01 lolo_lola_69: ye
16:02 lolo_lola_69:  placed a sign @ world: x633, z-47
  Smithcrop 
  Family
16:05 lolo_lola_69: hello
16:05 big_tasty   : hewwo
16:06 Johann      : DIAMOND TIME WOOOO
16:15 lolo_lola_69: ho has ink sacs?
16:15 big_tasty   : i have
16:15 Johann      : there are squids in the
16:15 Johann      : river
16:16 lolo_lola_69: woah
16:16 lolo_lola_69: spodermang
16:16 lolo_lola_69: ty
16:17 big_tasty   : yee
17:07 Johann      : FUCKING PHANTOMS
17:07 Johann      : i was level 29
17:07 big_tasty   : oof
17:08 Johann      : jfc
17:08 Johann      : level 7
17:16 lolo_lola_69: pisti lag
17:16 lolo_lola_69: joh
17:16 lolo_lola_69: i haba gift
17:16 Johann      : I AM SALT
17:16 lolo_lola_69: pak u
17:16 Johann      : yawa
17:16 lolo_lola_69: haha
17:16 Johann      : si[er potatoo ahhahah
17:21 Johann      : is there option to hide arm,or
17:21 lolo_lola_69: idk
17:21 big_tasty   : sleep?
17:22 lolo_lola_69: ok
17:22 lolo_lola_69: joh
17:22 lolo_lola_69: come to bed
17:22 arcosanti   : hohoho
17:22 big_tasty   : ayiee
17:22 Johann      : good lord
17:22 lolo_lola_69: oi
17:22 lolo_lola_69: kinsa wla sa bed
17:22 lolo_lola_69: haha
17:28 lolo_lola_69:  placed a sign @ world: x739, z-46
  R.I.P
  Green Boi
  nvr frgt
17:44 arcosanti : ye
17:45 big_tasty : yee
17:45 arcosanti : nah go ahead
17:45 big_tasty : no prob
18:03 Arrchiiee : johann
18:04 Johann    : yo
18:04 Arrchiiee : i have something to show u
18:04 Arrchiiee : tp to me
18:04 Arrchiiee : its a secret
18:05 Johann    : holy shit
18:05 Arrchiiee : im still missing slime balls
18:05 Arrchiiee : and bookshelves
18:05 Johann    : looking good bai
18:06 Johann    : i will retunr now
18:11 Arrchiiee : im gonna make a series of secret rooms
18:11 Arrchiiee : iwth treasures and shirt
18:11 Arrchiiee : shit
18:22 Arrchiiee : hey
18:22 _mys      : t
18:27 _mys      : did you see my food
18:28 Arrchiiee : what was it?
18:28 _mys      : apples
18:28 Arrchiiee : nope
18:28 Arrchiiee : take some steak
18:28 _mys      : ty
20:34 big_tasty : F
22:09 lolo_lola_69: jo
22:09 lolo_lola_69: are u on the wall
22:09 Johann      : nope lol
22:10 Johann      : yawaa
22:10 Johann      : jfc ur skin
22:10 Johann      : hahahahh
22:10 lolo_lola_69: the shadows in ur room
22:10 Johann      : HAHHAHAHHA
22:11 Johann      : wait vlad
22:11 lolo_lola_69: saan tayo par
22:11 Johann      : i think I put cobblestone
22:11 Johann      : in the middle
22:11 Johann      : at the gate
22:11 Johann      : like in a chest
22:11 lolo_lola_69: really
22:12 lolo_lola_69: oh
22:12 Johann      : idk hahahha
22:12 Johann      : gamita lng toh
22:12 Johann      : im setting aside some tstuff
22:12 lolo_lola_69: oks
22:12 Johann      : i realized i wasnt done pa mhn diay with my house ahhahahha
22:12 lolo_lola_69: ye
22:26 Johann      : good evening
22:26 Johann      : it is cobblestone tax
22:26 Johann      : hahahhahahhahah
22:26 Giniguy     : oh
22:26 Johann      : HAHAHAHHAH
22:26 Johann      : yawa joke ra uie
22:26 Johann      : but if u want cobblstone to dump
22:26 Johann      : we will take it
22:27 lolo_lola_69: daaaamn
22:27 Johann      : xie xie
22:27 Giniguy     : oi
22:27 Giniguy     : come back
22:27 lolo_lola_69: we locked ourselves out
22:27 lolo_lola_69: wp
22:27 Johann      : xie xie
22:27 Giniguy     : hey
22:27 Giniguy     : look at us
22:28 Giniguy     : farewell noble tax men
22:28 Johann      : cute
22:28 Johann      : hHAAHHAHAH
22:28 Johann      : "noble"
22:28 lolo_lola_69: rpg to the max
22:28 Giniguy     : HAHAHa
22:37 Giniguy     : test
22:40 big_tasty   :  placed a sign @ world: x494, z167
  please dont push
  animals
22:40 big_tasty   :  placed a sign @ world: x494, z167
  please dont
  push animals off
22:44 Giniguy     : is it night time?
22:44 big_tasty   : yep
22:44 Giniguy     : ayt2 ty
22:45 Giniguy     : u guys wanna slepe?
22:46 big_tasty   : sure
22:46 Giniguy     : in bed :>
22:46 big_tasty   : same
22:46 lolo_lola_69: in bed
22:46 Johann      : in bed
22:46 arcosanti   : in bed
22:46 Giniguy     : who's left?
22:46 Giniguy     : niceuu
22:46 arcosanti   : does anyone wanna raid
22:47 Johann      : no arrows :(
22:50 Giniguy     : anyone have extra villager ? :D
22:50 big_tasty   : thats human trafficing
22:50 Giniguy     : :<
23:05 Giniguy     : that
23:05 Giniguy     : skeleton
23:05 Giniguy     : stole my shield
23:53 arcosanti   : oh shit it says if ur afk?
23:53 lolo_lola_69: but we cant ./afk tho
23:53 arcosanti   : ah sayang
23:53 lolo_lola_69: arhci has server op status
23:53 lolo_lola_69: that' swhy
23:53 arcosanti   : ooooh
