10:36 lolo_lola_69:  placed a sign @ world: x694, z-3
  **********************
  DO NOT TOUCH
  PRIMORDIAL GRASS
  **********************
10:45 lolo_lola_69:  placed a sign @ world: x689, z-67
  **********************
  Kopicastle ^
  Casa de Son >
  **********************
13:17 Johann    : lol
13:17 bojoluis  : hi
13:17 Johann    : heelo boj
13:17 bojoluis  : no class joh?
13:17 Johann    : later pa
13:17 Johann    : 6-9 pm
13:18 Johann    : so ez
13:18 bojoluis  : wtf so late
13:19 Johann    : such is masters hhahahah
13:19 Johann    : they expect me to be working
13:20 bojoluis  : why do i get hhungry so easily
13:28 Johann    : ooof
13:28 bojoluis  : how to tp home again?
13:28 Johann    : type
13:28 Johann    : "/home"
13:28 bojoluis  : ayt thank man
13:36 bojoluis  : heyoo
13:36 lolo_lola_69: eut
13:36 lolo_lola_69: doing well boj
13:36 lolo_lola_69: nice
13:36 Johann      : yawa ako diay vlad
13:36 Johann      : >:(
13:37 lolo_lola_69: i assume ur going for it got lifted from the ground type bogo?
13:37 lolo_lola_69: asa ka joh
13:37 lolo_lola_69: bojo*
13:37 bojoluis    : home
13:37 lolo_lola_69: the platform
13:37 lolo_lola_69: lifted from the gound?
13:37 Johann      : btaw doh
13:37 Johann      : its better that way
13:37 bojoluis    : yeahh ahhaa
13:37 Johann      : keeps u from snakes
13:37 lolo_lola_69: ahahaha
13:38 lolo_lola_69: pina floating island aesthetic?
13:38 bojoluis    : yeh
13:38 lolo_lola_69: ga discord mo?
13:38 Johann      : nahhh
13:38 lolo_lola_69: ayt
13:39 bojoluis    : wtf
13:39 bojoluis    : why the server kicks me sometimes
13:39 lolo_lola_69: what was the eroor
13:39 bojoluis    : oh ok
13:43 bojoluis    : how to craft scaffoldings?
13:43 lolo_lola_69: as you have seen boj, i am the pathmaker in this server
13:43 lolo_lola_69: ill make a path to ur place
13:47 lolo_lola_69: oh slr, bamboo and string ang scaffolding
13:52 bojoluis    : ayt
13:54 lolo_lola_69: if u would want a horse u can choose from my stable
13:54 bojoluis    : nicee
13:54 bojoluis    : later
14:17 lolo_lola_69: ooooh bojo
14:17 lolo_lola_69: nindot na
14:17 lolo_lola_69: nice
14:17 bojoluis    : MY GREATEST CREATION
14:18 bojoluis    : jk
14:18 lolo_lola_69: hahahahaha
14:18 lolo_lola_69: thats just thhe platfrm
14:19 lolo_lola_69: here are cows bojo
14:19 lolo_lola_69: u do ur cow farm
14:19 bojoluis    : ty fam
14:20 bojoluis    : ohhhh
14:20 bojoluis    : thanks i needed tthat hahaa
14:26 lolo_lola_69: why are u putting fence
14:26 bojoluis    : just experimenting if it looks nice
14:26 lolo_lola_69: oh
14:29 lolo_lola_69: do u wanna dota
14:29 bojoluis    : yeahh
14:29 bojoluis    : wait sa
14:29 lolo_lola_69: cge
14:35 bojoluis    : ayt
14:35 bojoluis    : g
17:01 lolo_lola_69: sup
17:03 lolo_lola_69: hannah
17:03 lolo_lola_69: par aano ba ito
17:03 big_tasty   : ayy
17:03 lolo_lola_69: what di 4
17:04 big_tasty   : so i can see the house from different angle haha
17:04 lolo_lola_69: aaw hehe
17:26 arcosanti   : hola
17:49 lolo_lola_69: henlo
18:32 lolo_lola_69: ooh i saw ur arrow hanah
18:32 big_tasty   : hahaha
18:40 lolo_lola_69: wtf
18:40 lolo_lola_69: is that another Kobeboy tower
18:40 big_tasty   : it looks like it
18:43 lolo_lola_69: weird
18:43 lolo_lola_69: it must be kobe's
18:43 lolo_lola_69: its too flat
18:47 bojoluis    : hi
18:47 lolo_lola_69: henlo
18:48 big_tasty   : hewwo
18:48 lolo_lola_69: boj
18:48 lolo_lola_69: make a whole in the ground
18:48 lolo_lola_69: para "where it came from"
18:49 bojoluis    : hmm
18:49 lolo_lola_69: is this ur entrance
18:49 bojoluis    : yeah
18:49 lolo_lola_69: atay
18:49 lolo_lola_69: hahaha
18:50 bojoluis    : u have bucket ps
18:50 lolo_lola_69: naa
18:50 lolo_lola_69: water elevator :O
18:51 bojoluis    : can i ask ffor bucket pls
18:51 lolo_lola_69: padung na 1
18:51 bojoluis    : borrow
18:52 bojoluis    : give
18:52 bojoluis    : haha
18:52 lolo_lola_69: remove ang scaf
18:52 bojoluis    : i can give it back
18:52 lolo_lola_69: remove the scaf nya water lang
18:52 lolo_lola_69: gidalhan tika soul sand
18:53 lolo_lola_69: place the water
18:53 bojoluis placed suspicious WATER_BUCKET @ world: x824, z-59
18:53 lolo_lola_69: oh 2*2
18:54 lolo_lola_69: ill get more soul sand
18:55 bojoluis    : wait
18:58 lolo_lola_69: ur helmet broke
18:59 bojoluis    : samuka ani nnilla oi haha
19:00 bojoluis    : fml
19:01 bojoluis    : i need a bow
19:01 lolo_lola_69: oi my arrows
19:01 lolo_lola_69: mali
19:01 lolo_lola_69: gib
19:01 lolo_lola_69: u need a bed
19:03 lolo_lola_69 placed suspicious WATER_BUCKET @ world: x824, z-60
19:03 lolo_lola_69: u see the bubbles?
19:03 bojoluis    : huh
19:03 bojoluis    : yeh
19:04 lolo_lola_69: i think all water blocks need to be source
19:04 lolo_lola_69 placed suspicious WATER_BUCKET @ world: x823, z-59
19:08 lolo_lola_69: im trying to make the elevator work
19:13 bojoluis    : woah
19:13 big_tasty   : afk
19:14 bojoluis    : why is it overfowing tho
19:14 lolo_lola_69: we need totrap it sa
19:18 lolo_lola_69: bojo, the magma block makes bubbles going down
19:20 bojoluis    : kaon sa ko haha
19:28 lolo_lola_69 placed suspicious WATER_BUCKET @ world: x824, z-60
19:50 lolo_lola_69: hannah do u have shaders on
19:50 big_tasty   : nope
19:51 lolo_lola_69: the god
19:51 Kobeboy15   : what?
19:51 lolo_lola_69: wtf
19:51 lolo_lola_69: ur skin
19:51 Kobeboy15   : ahhh it finally changed
19:52 Kobeboy15   : yeah im the grudge lady
19:55 lolo_lola_69: hannah
19:56 lolo_lola_69: is this an asian house
19:56 big_tasty   : wussup
19:56 big_tasty   : hahaha yeah
19:56 lolo_lola_69: the cou\\urvy corner
20:14 lolo_lola_69: come baby come
20:14 big_tasty   : why
20:15 lolo_lola_69: he's dead
20:15 lolo_lola_69: he stoel from the bank
20:15 lolo_lola_69: public execution
20:15 arcosanti   : what up party rockers
20:16 lolo_lola_69: hahahaha
20:16 big_tasty   : sad
20:16 lolo_lola_69: wax
20:16 lolo_lola_69: come
20:16 arcosanti   : :(
20:16 arcosanti   : iku
20:16 lolo_lola_69: hahahahaha
20:16 arcosanti   : HAHAHAHAHAHAHAHAHAA
20:16 lolo_lola_69: look at that
20:17 lolo_lola_69: circus
20:17 arcosanti   : what is this monstrosity
20:17 lolo_lola_69: wtf
20:17 arcosanti   : im very sure this violates whatever animal rights that pig has
20:17 arcosanti   : hahahahaha
20:17 lolo_lola_69: HHAHAHAAHA
20:17 big_tasty   : i just caught its meat
20:17 arcosanti   : id also pay to see that irl
20:17 lolo_lola_69: the phantoms
20:17 lolo_lola_69: animal rights activists
20:17 arcosanti   : hahahahha
20:18 lolo_lola_69: wtf kobe
20:18 lolo_lola_69: mooooo
20:18 arcosanti   : :(
20:18 lolo_lola_69: it died
20:18 arcosanti   : rip pepe
20:18 Kobeboy15   : rip pee pee poo poo
20:18 lolo_lola_69: can u hang a creeper
20:18 lolo_lola_69: kobe
20:18 lolo_lola_69: remove the phantys
20:19 big_tasty   : i love cheating
20:19 lolo_lola_69: hahahahahahaha
20:19 Kobeboy15   : yea you cant hang a creeper
20:19 lolo_lola_69: hahaha public execution
20:19 arcosanti   : i think you can hang a villager but you have to use commands
20:20 big_tasty   : is it cooked
20:20 arcosanti   : rip
20:21 lolo_lola_69: nojo
20:21 lolo_lola_69: boko
20:21 lolo_lola_69: bojo
20:21 arcosanti   : whats ur skin kobe
20:21 lolo_lola_69: makig dota s gio
20:22 bojoluis    : hmm
20:22 bojoluis    : shower pa ko
20:22 arcosanti   : oooh nice house bojo
20:22 bojoluis    : after
20:22 bojoluis    : thanks man it's a work in progress
20:23 big_tasty   : i have a neighbor already
20:24 big_tasty   : whats happening here kobe
20:25 Kobeboy15   : NOTHIN
20:26 lolo_lola_69: hey
20:26 lolo_lola_69: i have potion and gold apple
20:26 arcosanti   : i got one
20:26 arcosanti   : em
20:26 arcosanti   : got em
20:27 Kobeboy15   : fuck
20:27 arcosanti   : hahahaha
20:27 lolo_lola_69: rich a such?
20:27 arcosanti   : we gather here
20:27 arcosanti   : for the baptism
20:27 Kobeboy15   : rich and such*
20:27 arcosanti   : of this soul
20:27 arcosanti   : he is reborn
20:27 arcosanti   : now a child of christ
20:27 lolo_lola_69: *clap* *10
20:28 arcosanti   : i can show you the world
20:28 big_tasty   : ernie will have a boyfriend now
20:29 arcosanti   : shining shimering splendid
20:29 lolo_lola_69: hahaha
20:29 arcosanti   : does anyone have stairs
20:29 lolo_lola_69: whats ur plan on this one wax
20:30 lolo_lola_69: the water can work
20:30 arcosanti   : the boat sinks
20:30 lolo_lola_69: just take it slow kobe
20:30 arcosanti   : FUCK
20:30 lolo_lola_69: HAHAHAHAHA
20:30 Kobeboy15   : FUCKK
20:30 Kobeboy15   : HOW DA FUCK DID NO ONE SEE THAT???
20:30 big_tasty   : my brain just died
20:31 lolo_lola_69: tunnel vision on villager bro
20:31 lolo_lola_69: shit items
20:31 arcosanti   : ah nothing good
20:31 arcosanti   : :(
20:31 Kobeboy15   : he was birthed and died on the same day
20:32 arcosanti   : baptised too
20:32 lolo_lola_69: amen
20:32 arcosanti   : amen
20:32 big_tasty   : amen
20:32 big_tasty   : can we sleep
20:32 big_tasty   : i hate these guys
20:33 big_tasty   : omg
20:33 big_tasty   : hacks
20:33 lolo_lola_69: kobe is playing with the waeather
20:33 Kobeboy15   : i didnt do that
20:33 arcosanti   : and the lord willed it so
20:33 Kobeboy15   : theres a godder god than god
20:33 lolo_lola_69: damn i love shaders
20:35 arcosanti   : ayt lets sleep
20:35 bojoluis    : damn it
20:35 arcosanti   : f
20:35 big_tasty   : f
20:36 lolo_lola_69: sin bed
20:36 lolo_lola_69: in(
20:36 arcosanti   : same
20:36 big_tasty   : yeh
20:36 lolo_lola_69: kinsa wla sa bed oi
20:37 lolo_lola_69: tkobe?
20:37 lolo_lola_69: bojo?
20:37 Kobeboy15   : in bed now
20:37 bojoluis    : me haha
20:37 bojoluis    : bed na
20:37 arcosanti   : come to bed ;)
20:37 Kobeboy15   : bojo!!!!!!
20:44 lolo_lola_69: the house looks amazing with shaders
20:45 lolo_lola_69: hannah imo na ni o
20:45 lolo_lola_69: dropped awhile ago
20:45 big_tasty   : oh shit nice
20:45 big_tasty   : mob trophy hahaha
20:46 big_tasty   : that thunder
20:46 Kobeboy15   : HAHAHAHAHA
20:46 big_tasty   : ebic
20:46 Kobeboy15   :  placed a sign @ world: x707, z114
  TURN ON FOR
  AUTISTIC
  LIGHTNING
20:49 lolo_lola_69: boho
20:49 lolo_lola_69: bojo
20:50 lolo_lola_69: the water elevator ganina
20:50 lolo_lola_69: it wont work
20:52 lolo_lola_69: chuya
20:52 big_tasty   : noice
20:53 lolo_lola_69: spider jockey
20:58 Kobeboy15   : IT WORKED
21:00 Kobeboy15   :  placed a sign @ world: x707, z116
  HIT BUTTON
  TO SUPER CHARGE
  ALL CREEPERS
  IN SERVER
21:00 big_tasty   : bruh
21:00 lolo_lola_69: wtf
21:00 lolo_lola_69: kobe super charging all creepers
21:02 big_tasty   : hi bojo
21:06 bojoluis    : hello
21:06 lolo_lola_69: hi
21:13 bojoluis    : monsters go up dude fuck
21:13 bojoluis    : i need to make fences
21:13 lolo_lola_69: ooh
21:13 lolo_lola_69: ay lang boj
21:14 lolo_lola_69: they only go up becasuse they saw u
21:14 lolo_lola_69: so they trace
21:55 kdremeds    :  placed a sign @ world: x597, z-916
  Frost Walker II
  Mending
21:56 kdremeds    :  placed a sign @ world: x597, z-920
  Unbreaking III
  Luck of the SeaII
  Protection IV
21:56 kdremeds    :  placed a sign @ world: x597, z-924
  Power V
  Mending 
  Quick Charge III
21:56 kdremeds    :  placed a sign @ world: x597, z-926
  Efficiency IV
21:57 kdremeds    :  placed a sign @ world: x597, z-932
  Looting III
21:57 kdremeds    :  placed a sign @ world: x595, z-936
  Smite V
21:58 kdremeds    :  placed a sign @ world: x595, z-930
  Lure III
  Piercing I
21:58 kdremeds    :  placed a sign @ world: x595, z-926
  Frost Walker I
  Fire Protection II
21:59 kdremeds    :  placed a sign @ world: x595, z-924
  Flame 
  Fortune I 
  Curse of Blinding
21:59 kdremeds    :  placed a sign @ world: x595, z-920
  Fortune III
22:00 kdremeds    :  placed a sign @ world: x595, z-920
  Fortune III
  Bane of Arth II
  Punch II
22:01 kdremeds    :  placed a sign @ world: x600, z-909
  Sweeping Edge III
22:23 kdremeds placed suspicious WATER_BUCKET @ world: x605, z-907
23:09 lolo_lola_69: na kick mo?
23:09 big_tasty   : yeah
23:09 kdremeds    : yup
23:13 kdremeds    :  placed a sign @ world: x-656, z-509
  To who ever 
  arranged the 
  chest thank you
   :)
23:13 kdremeds    :  placed a sign @ world: x-656, z-509
  Please put a sign
  writing your name
   (:
23:14 lolo_lola_69: i was writing a book
23:14 lolo_lola_69: fuck
23:15 lolo_lola_69: it wasnt saved
23:19 kdremeds    :  placed a sign @ world: x-651, z-500
  take what you
  need :)
23:25 Giniguy     : test
23:26 lolo_lola_69: test
23:26 lolo_lola_69: oi gio
23:26 Giniguy     : yawa ka lag
23:26 lolo_lola_69: duwa ming bojo 4 games
23:26 lolo_lola_69: 1 ra daog AHAahahah
23:26 Giniguy     : yikes
23:26 Giniguy     : ugma duwa ta
23:26 Giniguy     : piste ani oi, feel nako akung kuya naa nasad ni gi download2
23:26 lolo_lola_69: yaaaas
23:26 Giniguy     : ga fluctuate ang internet
23:27 Giniguy     : mo 50 ms, nya mo 200 ms
23:27 Giniguy     : puli2
23:27 Giniguy     : sa CMD nga ping check
23:28 lolo_lola_69: aw
23:28 Giniguy     : ataay
23:28 lolo_lola_69: kibaw ka unsaog copy sa book?
23:28 Giniguy     : unsa na book
23:28 lolo_lola_69: nagsuwat kog book
23:28 lolo_lola_69: nya naay label Original
23:33 lolo_lola_69: aahh
23:36 kdremeds    : test
23:39 lolo_lola_69: woah, mura kag anti mage gio
23:39 Giniguy     : huhh?
23:39 kdremeds    :  placed a sign @ world: x-652, z-486
  Spider Sword
  Please Return 
  after use :)
23:40 lolo_lola_69: sigeg blink
23:40 Giniguy     : ang?
23:40 lolo_lola_69: atay
23:40 lolo_lola_69: sige ka teleport
23:40 Giniguy     : lag kaau doh
23:40 kdremeds    :  placed a sign @ world: x-648, z-503
  Zombie Sword
  Please return
  after use :)
23:40 Giniguy     : ga upload akung kuya
23:40 Giniguy     : lami kaau sagpaon
23:40 lolo_lola_69: hala oi
23:40 lolo_lola_69: sagpa jud hahaha
23:41 lolo_lola_69: bayota hahaha
23:41 Giniguy     : the delay is real
23:42 Giniguy     : kill me please
23:45 lolo_lola_69: wla ka sharpness vendor gio?
23:52 Giniguy placed suspicious WATER_BUCKET @ world: x768, z-472
