23:56 kdremeds  : hanna sleep?
23:57 big_tasty : yeh just a sec
23:57 kdremeds  : sure thing
23:57 big_tasty : in bed
23:57 kdremeds  : same thanks
23:57 big_tasty : np
00:05 kdremeds  :  placed a sign @ world: x602, z-909
  Blast Protect 3
  Silk Touch
00:06 kdremeds  :  placed a sign @ world: x597, z-914
  Infinity
00:07 kdremeds  :  placed a sign @ world: x597, z-922
  Lure 2
  Project Protec 4
00:07 kdremeds  :  placed a sign @ world: x597, z-922
  Lure 2
  Project protec 4
  Multi shot
00:08 kdremeds  :  placed a sign @ world: x597, z-928
  Luck of the sea3 
  Channeling
00:09 kdremeds  :  placed a sign @ world: x595, z-914
  Quick Charge2
  Smite 3
  Unbreaking 2
00:18 kdremeds  :  placed a sign @ world: x607, z-905
  Thorns 3
  Feather Falling 4
00:26 kdremeds  :  placed a sign @ world: x597, z-918
  Mending
00:40 Giniguy   : test
00:46 kdremeds placed suspicious WATER_BUCKET @ world: x695, z-918
00:46 kdremeds placed suspicious WATER_BUCKET @ world: x689, z-917
00:46 kdremeds placed suspicious WATER_BUCKET @ world: x668, z-920
00:47 kdremeds placed suspicious WATER_BUCKET @ world: x695, z-922
00:48 kdremeds placed suspicious WATER_BUCKET @ world: x668, z-924
00:48 kdremeds placed suspicious WATER_BUCKET @ world: x668, z-926
00:48 kdremeds placed suspicious WATER_BUCKET @ world: x695, z-924
00:51 kdremeds placed suspicious WATER_BUCKET @ world: x695, z-928
02:23 Giniguy   :  placed a sign @ world: x563, z-744
  Baby's Exit
  AKA
  Vagina
02:24 kdremeds  : brb
13:36 Kobeboy15 :  placed a sign @ world: x470, z199
  IMPORTANT NOTICE
  3 wither skulls
  needed!
  HIGH REWARD
13:37 lolo_lola_69: awa joe
13:37 lolo_lola_69: sundi ko
13:38 Jhor        : nice
13:38 lolo_lola_69: welooking for wither skulls
13:38 Jhor        : I have a looting III sword
13:38 Jhor        : might help you
13:38 lolo_lola_69: go
13:38 lolo_lola_69: ill pay h
13:38 lolo_lola_69: hahahha
13:39 Jhor        : haha ayt I'll go nether
13:48 Kobeboy15   :  placed a sign @ world: x680, z24
  DO NOT
  ENTER
13:48 Kobeboy15   :  placed a sign @ world: x680, z23
  THREAT LEVEL:
  DEMON
  DO NOT ENTER!
13:48 lolo_lola_69: what dat joe
13:49 Jhor        : return fireball to ghast lmao
13:49 Jhor        : EZ
13:49 Kobeboy15   : >///<
13:49 Kobeboy15   : ^o^
13:49 Jhor        : literally 0 wither skele wtf
13:49 Kobeboy15   : You can do it Joe-kuuun
13:50 Jhor        : arigathanks Kobe-chan
13:57 Jhor        : how many nether fortess have we found?
13:57 Kobeboy15   : uhhhh 2?
13:59 Kobeboy15   : joeee
13:59 Kobeboy15   : lemme help
14:00 Jhor        : uhh sure
14:00 Jhor        : Im looking for a new fortress
14:00 Kobeboy15   : we should split up
14:00 Jhor        : I'll brb
14:00 Kobeboy15   : well Im willing to split up
14:01 Kobeboy15   : wait, im in a dangerous spot
14:01 Kobeboy15   : thanks for the heads up
14:33 Jhor        : let's move to another chat room
14:33 Jhor        : the dota is kinda loud haha
14:44 kdremeds    :  placed a sign @ world: x595, z-922
  FORTUNE II
15:15 big_tasty   : wait a minute youre all in the nether?
15:15 big_tasty   : epic
15:15 big_tasty   : wither time
15:15 Kobeboy15   : ????
15:15 Kobeboy15   : howd you know?
15:15 big_tasty   : you all got wither skulls
15:15 Kobeboy15   : ohhh lol
15:30 Giniguy     : did u guys beat the wither?
15:31 Kobeboy15   : not yet belle delphine
15:31 arcosanti   : hahahahaha
15:31 Giniguy     : i hate you
15:31 big_tasty   : hey thats god
15:31 Giniguy     : ^_^
15:31 Giniguy     : yaaay
15:31 arcosanti   : hes the previous god
15:37 Giniguy     : oh
15:37 Giniguy     : wait huh?
15:37 Giniguy     : so it will restart in 1 hour?
15:37 Kobeboy15   : yeah
15:37 Giniguy     : or in 15 mins?
15:37 arcosanti   : noice
15:37 Kobeboy15   : we is busy neathering
15:37 Giniguy     : aah
15:37 Kobeboy15   : to important for restart
15:38 big_tasty   : thats cheating
15:38 Kobeboy15   : PFFFT
15:38 lolo_lola_69: hahaha
15:38 big_tasty   : i call hacks
15:38 Kobeboy15   : NOOO ITS NOT
15:41 Johann      : oh shit
15:41 Johann      : big sunday
15:51 Johann placed suspicious WATER_BUCKET @ world: x737, z-133
16:00 big_tasty   :  placed a sign @ world: x453, z117
  ;3
16:08 arcosanti   : what are you guys doing in the nether? hahaha
16:08 Kobeboy15   : your mom
16:08 kdremeds    : looking for skulls
16:08 arcosanti   : oh fuck
16:08 Giniguy     : sad
16:08 arcosanti   : whats my mom doing in the nethe
16:08 arcosanti   : r
16:08 kdremeds    : imo mama sad
16:08 lolo_lola_69: your mom's skull
16:11 Giniguy     : test
16:11 lolo_lola_69: ies
16:11 Jhor        : test
16:11 arcosanti   : test
16:11 Kobeboy15   : testtt
16:12 Kobeboy15   : omg discord nooo
16:12 Giniguy     : gadem it
16:12 lolo_lola_69: wt discord doing
16:12 Giniguy     : fapping
16:12 lolo_lola_69: disconnect reconnect
16:12 Kobeboy15   : fuck I disconnected
16:12 Kobeboy15   : now its loading
16:13 lolo_lola_69: saeme
16:13 kdremeds    : in drug den 2
16:16 Arrchiiee   : Is discord dead?
16:16 Giniguy     : i think
16:16 kdremeds    : in a fortress joe
16:17 Kobeboy15   : TP TO ME
16:17 Kobeboy15   : found another black boi
16:17 Kobeboy15   : #noracism
16:18 lolo_lola_69: status.discordapp.com cant even be accessed
16:18 Kobeboy15   : well duhhh
16:18 Kobeboy15   : kim or joe?
16:18 Jhor        : discord still down?
16:18 Kobeboy15   : found another one
16:18 Kobeboy15   : yeah
16:18 Jhor        : am in my own fortess atm
16:19 Kobeboy15   : ahhh cool cool oka
16:19 kdremeds    : aight dude
16:19 lolo_lola_69: ddos discord haha
16:21 Arrchiiee   : btw found spawner
16:22 kdremeds    : its too silent withought discord
16:22 Kobeboy15   : yeaaaaa
16:23 Arrchiiee   : guys
16:23 Arrchiiee   : why is mending dude outside???
16:23 Giniguy     : yea?
16:23 Giniguy     : ??
16:23 arcosanti   : who?
16:23 kdremeds    : whos place
16:23 Arrchiiee   : guy selling mending
16:23 arcosanti   : outside where
16:23 Arrchiiee   : the village near gios place
16:23 Arrchiiee   : outside the wall
16:23 Giniguy     : he's here
16:23 Arrchiiee   : the one raided gahapon
16:23 Giniguy     : inside
16:24 Giniguy     : i think that's another dude
16:24 arcosanti   : /whisper 
16:24 Giniguy     : arch
16:24 Giniguy     : come
16:24 arcosanti   : oh kobe can u give permission for the whisper command
16:24 Arrchiiee   : hes cheaper though
16:24 Arrchiiee   : check him ourt
16:24 Giniguy     : ooh
16:24 Arrchiiee   : new mending boi
16:24 Giniguy     : we should prolly put him in a minecart
16:25 Arrchiiee   : trappeed him
16:25 Giniguy     : wait here
16:26 Giniguy     : ??
16:26 Jhor        : oh my
16:26 Giniguy     : lol
16:27 Arrchiiee   : lemme get some supplies
16:27 Arrchiiee   : to trap him
16:32 kdremeds    : brb
16:34 arcosanti   : someone left their cat in the nether
16:34 big_tasty   : this poor baby
16:36 Kobeboy15   : GUYS
16:36 Kobeboy15   : WE DID IT
16:36 arcosanti   : wooooah
16:36 arcosanti   : 3 skulls?
16:36 Kobeboy15   : yup
16:37 arcosanti   : NOICE
16:37 arcosanti   : NOIIIIIICE
16:46 kdremeds  :  placed a sign @ world: x595, z-932
  Fire Aspect I
16:47 Giniguy   : tell us if you guys will fight the wither na :()
16:49 kdremeds placed suspicious WATER_BUCKET @ world: x613, z-907
16:50 kdremeds  : test
16:50 Giniguy   : lag
16:54 Giniguy   : the lag is real
16:56 Giniguy   : O_O
16:56 Jhor placed suspicious TROPICAL_FISH_BUCKET @ world: x425, z94
16:56 arcosanti : are you guys making a nether highway?
16:57 kdremeds  :  placed a sign @ world: x596, z-906
  DIA ARMOR
16:57 Kobeboy15 : guys we're about to spawn the wither in 5 mininutes
16:57 arcosanti : oh fuck
16:57 Giniguy   : will prepare
16:57 Kobeboy15 : come inside the wall if you'd want to help
16:57 arcosanti : on our way
16:57 kdremeds  :  placed a sign @ world: x596, z-906
  EMERALDS
  IRON
  DIAMONDS
  GOLD
16:58 kdremeds  :  placed a sign @ world: x596, z-906
  Enchanted 
  Books
16:58 kdremeds  :  placed a sign @ world: x596, z-907
  DIA ARMOR II
16:59 kdremeds  :  placed a sign @ world: x596, z-907
  Equipment
17:00 lolo_lola_69: we should place tnts around it
17:00 arcosanti   : where are you guys
17:00 arcosanti   : eyy
17:00 Arrchiiee   : heeeyyy
17:03 lolo_lola_69: minecraft end game
17:04 lolo_lola_69: can we place tnts around it
17:05 lolo_lola_69: after my arrows finihs i will melee
17:05 lolo_lola_69: someone record the event hahaha
17:05 Jhor        : only melee for challenge
17:05 lolo_lola_69: pwede
17:05 lolo_lola_69: place the 2 heads sa
17:05 Jhor        : am I joking?
17:05 lolo_lola_69: who has the heads
17:06 lolo_lola_69: place the 2 heads
17:06 Jhor        : 3
17:06 Jhor        : 2
17:07 lolo_lola_69: JHAJAHAHAHA
17:07 lolo_lola_69: EZ
17:07 Kobeboy15   : EZ
17:07 lolo_lola_69: with me
17:07 Kobeboy15   : noiceeee
17:07 Jhor        : don't have anything
17:07 big_tasty   : i think i have kims stuff
17:07 Arrchiiee   : who has her armor?
17:07 Kobeboy15   : goood job guys
17:07 Kobeboy15   : ez ez
17:07 kdremeds    : my stuff
17:07 arcosanti   : wp
17:07 kdremeds    : haha
17:08 kdremeds    : my stuff
17:08 lolo_lola_69: wax
17:08 big_tasty   : im dropping stuff rn
17:08 lolo_lola_69: tahts mine haha
17:08 Giniguy     : fritzie's armor
17:08 Giniguy     : who has it
17:08 lolo_lola_69: good bye
17:08 lolo_lola_69: wither rose
17:08 Kobeboy15   : you keeping for safe keeping vlad?
17:08 Jhor        : next challenge is wither plus raid
17:08 Kobeboy15   : HAHAHAHA
17:09 Jhor        : 3 withers and a raid
17:09 lolo_lola_69: hahahaha
17:09 lolo_lola_69: wooaoh
17:09 lolo_lola_69: 1v1 wither
17:09 lolo_lola_69: aw dara kim
17:09 Arrchiiee   : anhone have kims sword?
17:10 kdremeds    : my shovel as wel
17:10 kdremeds    : anyone got my dia shovel?
17:10 kdremeds    : oh here
17:10 lolo_lola_69: wither too ez
17:10 Jhor        : we have an end portal na hahah
17:11 Jhor        : just need the eyes
17:11 Jhor        : put a wither in the end too
17:11 Arrchiiee   : kobe
17:12 Jhor        : all out war
17:13 Jhor        : I think we should kill the dragon vanilla first
17:13 Jhor        : then we fuck around
17:14 kdremeds    : test
17:14 kdremeds    : lag
17:15 kdremeds    : test
17:17 big_tasty   : vlad where you put beacon
17:19 lolo_lola_69: no need wax
17:19 arcosanti   : oh
17:19 lolo_lola_69: i have 7 stacks iron blocks
17:19 arcosanti   : hahahaha okay
17:22 big_tasty   : make rainbow color cycler
17:22 lolo_lola_69: can u make colred glass
17:22 lolo_lola_69: hhehe
17:22 big_tasty   : :0
17:22 big_tasty   : i have
17:24 arcosanti   : someone has to claim the beacon as their territory for us to make a color switcher
17:24 Kobeboy15   : ahahahahah
17:24 Kobeboy15   : vlad?
17:24 Jhor        : we should all have our own beacons :O
17:24 FKritz      :  placed a sign @ world: x757, z-482
  Luck of the Sea
  Merchant
17:24 Kobeboy15   : :o
17:24 arcosanti   : :o
17:24 Kobeboy15   : :OOO
17:24 arcosanti   : :0000
17:24 Jhor        : back to the nether
17:24 Kobeboy15   : hahahahahhaah
17:25 FKritz      :  placed a sign @ world: x757, z-482
  ===============
  Luck of the Sea
  Merchant
  ===============
17:25 lolo_lola_69: kang kinsa tong skulls
17:25 Jhor        : 2 from me 1 from Kim
17:25 lolo_lola_69: unsa imo joe, diamonds emeralds?
17:26 Jhor        : Diamonds :D
17:26 lolo_lola_69: saan po kayu sirs
17:26 Jhor        : sa nether po
17:26 lolo_lola_69: meet up beacon
17:26 lolo_lola_69: ay nvm
17:26 lolo_lola_69: ig blaik nlang nimo
17:26 big_tasty   : make it mixed para cool
17:26 Jhor        : sure hah
17:26 Jhor        : haha
17:26 big_tasty   : anyone got exptra glass
17:27 kdremeds    : me
17:30 Jhor        : tp ko nimo vlad
17:30 big_tasty   : ill put colored glass in cobble chest near wall
17:30 lolo_lola_69: we nned to go to my house
17:30 Giniguy     : what is this
17:31 lolo_lola_69: pila imo gnahan
17:31 Jhor        : ikaw bahala haha
17:31 Jhor        : danke
17:31 lolo_lola_69: xie xie
17:32 arcosanti   : kobe
17:32 big_tasty   : god if you can hear me
17:35 kdremeds    : sleep guys
17:35 Arrchiiee   : sleep
17:35 Giniguy     : in be
17:35 big_tasty   : zzzz
17:35 Giniguy     : bed
17:35 kdremeds    : in bed
17:36 Giniguy     : ey
17:36 arcosanti   : kobe go to bed
17:36 lolo_lola_69: fucking kobe
17:36 lolo_lola_69: hehehe
17:39 Giniguy     : raid?
17:43 Arrchiiee placed suspicious WATER_BUCKET @ world: x497, z188
17:50 Giniguy     : naa na mi iro vla
17:50 Giniguy     : vlad
17:52 Johann      : gio is it okay if we dont summon it yet
17:52 Johann      : im watching the TI
17:52 Giniguy     : we killed it na
17:52 Giniguy     : but we can summon him again
17:52 Johann      : ayyyy ahahahahah
17:52 Johann      : meow
17:52 Johann      : unya na lng hhahahahha
17:56 Jhor        : anybody's villager selling sharpness?
18:26 kdremeds    : anyone by any chance got my fishing rod?
19:04 Giniguy placed suspicious WATER_BUCKET @ world: x749, z-501
19:05 Giniguy placed suspicious WATER_BUCKET @ world: x747, z-502
19:05 Giniguy placed suspicious WATER_BUCKET @ world: x745, z-501
20:11 kdremeds    : anyone have extragranite
20:11 kdremeds    : ?
20:14 arcosanti   : oh i do
20:15 kdremeds    : sup
20:15 kdremeds    : thanks wax
20:15 arcosanti   : here ya go
20:15 arcosanti   : npnp
20:15 arcosanti   : ooh thank you hahaha
20:16 kdremeds    : making a passage
20:16 arcosanti   : wait was that for me
20:16 kdremeds    : to the wall
20:16 kdremeds    : yahaha
20:16 arcosanti   : ooh
20:16 arcosanti   : niiice
20:16 kdremeds    : its gonna take forever tho
20:16 arcosanti   : dude yeah i dont even see it
20:17 kdremeds    : hahaha
20:17 kdremeds    : welp challenge accepted
20:17 kdremeds    : gonna need help tho
20:27 Giniguy     : home
20:28 Kobeboy15   : wax
20:28 Kobeboy15   : beedd
20:28 Giniguy     : in bed :>
