20:08 Kobeboy15 : hey jo
20:08 Johann    : wazaaaappp
20:08 Kobeboy15 : sorry for the server bein down today
20:08 Johann    : it was actually up baya in the afternoon
20:08 Johann    : hahhaahahha
20:08 Kobeboy15 : yeah but it was out the morning
20:09 Johann    : no problem at all dude
20:11 Johann    : HOLY SHIT VLAD
20:11 Johann    : whaooashdoahsdohW
20:11 lolo_lola_69: kobe started this
20:11 Johann      : ITS SO
20:11 Johann      : ITS SO BIG
20:12 Kobeboy15   : i was annoyed you didnt want to work on it
20:12 Kobeboy15   : so I just said fuck it
20:12 lolo_lola_69: u pass throught the first tower we made
20:12 Johann      : divine intervention ahhahahhaha
20:12 lolo_lola_69: para maka get on top ka
20:16 Johann      : WHOAHH
20:16 Johann      : command block!
20:17 Johann      : hi god
20:17 Kobeboy15   : ohh shit I'll remove that
20:17 Kobeboy15   : it was just so it never goes night and never rains
20:17 crystalgem  : lol
20:22 lolo_lola_69 placed suspicious LAVA_BUCKET @ world: x491, z-237
20:22 lolo_lola_69 placed suspicious WATER_BUCKET @ world: x488, z-237
20:22 lolo_lola_69 placed suspicious LAVA_BUCKET @ world: x486, z-237
20:23 lolo_lola_69 placed suspicious WATER_BUCKET @ world: x490, z-236
20:24 lolo_lola_69 placed suspicious LAVA_BUCKET @ world: x489, z-235
20:24 lolo_lola_69 placed suspicious LAVA_BUCKET @ world: x490, z-236
20:24 lolo_lola_69 placed suspicious WATER_BUCKET @ world: x489, z-235
20:24 lolo_lola_69 placed suspicious WATER_BUCKET @ world: x490, z-236
20:25 lolo_lola_69 placed suspicious WATER_BUCKET @ world: x491, z-237
20:25 lolo_lola_69 placed suspicious LAVA_BUCKET @ world: x487, z-234
20:25 lolo_lola_69 placed suspicious LAVA_BUCKET @ world: x481, z-235
20:25 lolo_lola_69 placed suspicious LAVA_BUCKET @ world: x479, z-236
20:25 lolo_lola_69 placed suspicious LAVA_BUCKET @ world: x477, z-238
20:25 lolo_lola_69 placed suspicious LAVA_BUCKET @ world: x477, z-238
20:25 lolo_lola_69 placed suspicious LAVA_BUCKET @ world: x476, z-240
20:25 lolo_lola_69 placed suspicious LAVA_BUCKET @ world: x476, z-240
20:25 lolo_lola_69 placed suspicious LAVA_BUCKET @ world: x476, z-244
20:25 lolo_lola_69 placed suspicious LAVA_BUCKET @ world: x476, z-244
20:25 lolo_lola_69 placed suspicious LAVA_BUCKET @ world: x478, z-244
20:25 lolo_lola_69 placed suspicious LAVA_BUCKET @ world: x483, z-238
20:25 lolo_lola_69 placed suspicious LAVA_BUCKET @ world: x484, z-238
20:25 lolo_lola_69 placed suspicious LAVA_BUCKET @ world: x487, z-237
20:25 lolo_lola_69 placed suspicious WATER_BUCKET @ world: x485, z-234
20:26 lolo_lola_69 placed suspicious WATER_BUCKET @ world: x487, z-237
20:26 lolo_lola_69 placed suspicious WATER_BUCKET @ world: x485, z-236
20:26 lolo_lola_69 placed suspicious WATER_BUCKET @ world: x480, z-235
20:26 lolo_lola_69 placed suspicious WATER_BUCKET @ world: x476, z-241
20:27 lolo_lola_69 placed suspicious WATER_BUCKET @ world: x478, z-244
20:27 lolo_lola_69 placed suspicious WATER_BUCKET @ world: x479, z-242
20:28 lolo_lola_69 placed suspicious WATER_BUCKET @ world: x483, z-236
20:28 lolo_lola_69 placed suspicious WATER_BUCKET @ world: x479, z-236
20:28 lolo_lola_69 placed suspicious WATER_BUCKET @ world: x487, z-234
20:28 lolo_lola_69 placed suspicious WATER_BUCKET @ world: x486, z-234
20:30 lolo_lola_69 placed suspicious LAVA_BUCKET @ world: x490, z-248
20:39 Kobeboy15   : did you know titan's live in the wall?
20:40 Johann      : yikes
20:40 lolo_lola_69: u will never know joh
20:40 Johann      : JOHANN JAEGER!
20:40 Johann      : pisti hahahah
20:40 Kobeboy15   : ;)
20:51 Johann      : kobe
20:51 Kobeboy15   : yes/
20:51 Johann      : do you have a fullist of everyones username from b4?
20:51 Kobeboy15   : yes?
20:51 Kobeboy15   : why?
20:51 Johann      : like mangaboy and shit
20:51 Kobeboy15   : yeup
20:51 Johann      : nice
20:51 Johann      : for the crypt
20:51 Johann      : I MEAN
20:51 Kobeboy15   : OHHHHHHH
20:51 Johann      : hall of heroes
20:51 Kobeboy15   : HHAHHAHAHAH
20:52 Johann      : nah
20:52 Kobeboy15   : nice nice
20:52 Johann      : mausoleum
20:52 lolo_lola_69 placed suspicious WATER_BUCKET @ world: x484, z-238
20:53 lolo_lola_69 placed suspicious LAVA_BUCKET @ world: x480, z-247
20:53 lolo_lola_69 placed suspicious LAVA_BUCKET @ world: x479, z-244
20:54 lolo_lola_69 placed suspicious LAVA_BUCKET @ world: x479, z-238
20:54 lolo_lola_69 placed suspicious LAVA_BUCKET @ world: x481, z-237
20:54 lolo_lola_69 placed suspicious LAVA_BUCKET @ world: x479, z-241
20:54 lolo_lola_69 placed suspicious LAVA_BUCKET @ world: x479, z-240
21:11 Johann      : good gosh
21:11 Kobeboy15   : u ok?
21:11 Johann      : went afk ahahhaha
21:11 crystalgem  : lol
