00:02 Johann    : test
00:02 Johann    : server lag af
00:02 Johann    : damn
00:03 crystalgem:  placed a sign @ world: x662, z-174
  For Han
  <3
00:58 Giniguy   : is it ok if we sleep hehe
00:58 Johann    : sure
00:58 Johann    : hodl on
00:58 Giniguy   : holding
01:00 Johann    : sleeping
01:00 Giniguy   : ty
01:09 Johann    : get bcak inside
01:13 Giniguy   : should we help?
01:13 Johann    : up to you lol
01:14 Johann    : pwede ra shd hahha
01:18 Giniguy   : asa mo joh?
01:18 Giniguy   : spruce village?
01:18 Johann    : yeop
01:19 Giniguy   : comginw
01:19 Johann    : :D
01:21 Johann    : layoa na abtan
01:21 Johann    : hjahahahah
01:24 Johann    : xie xie gio man
01:24 Giniguy   : :D
01:24 Giniguy   : discount time sa ako black market :3
01:24 Johann    : hahahhah
01:31 crystalgem: sleep?
01:31 Giniguy   : ayt2
01:31 crystalgem: thank youuu
01:32 Johann    : xie
12:32 crystalgem placed suspicious WATER_BUCKET @ world: x674, z-156
12:32 crystalgem placed suspicious WATER_BUCKET @ world: x674, z-156
12:35 crystalgem: hi vlad
12:35 lolo_lola_69: hello
12:35 crystalgem  : glass cant hold water diay?
12:35 lolo_lola_69: it can man
12:35 crystalgem  : ay lunc hehe ttyl
15:25 crystalgem placed suspicious WATER_BUCKET @ world: x671, z-157
15:25 crystalgem placed suspicious WATER_BUCKET @ world: x671, z-162
15:25 crystalgem placed suspicious WATER_BUCKET @ world: x671, z-160
15:25 crystalgem placed suspicious WATER_BUCKET @ world: x671, z-158
15:26 crystalgem placed suspicious WATER_BUCKET @ world: x671, z-161
15:30 crystalgem placed suspicious WATER_BUCKET @ world: x672, z-169
15:31 crystalgem placed suspicious WATER_BUCKET @ world: x676, z-175
15:31 crystalgem placed suspicious WATER_BUCKET @ world: x676, z-174
18:14 RimuroTempest:  placed a sign @ world: x-927, z-944
  Thank youuu 
  everyone
  <3
  -Rimuro
20:16 Giniguy   : joh
20:16 Johann    : lego pubg i will resintall
20:16 Johann    : ahhahahhaha
20:16 Giniguy   : sure oi??
20:16 Johann    : i had to reformat
20:16 Giniguy   : today?
20:16 Johann    : not today
20:16 Giniguy   : ah cge2
20:16 Giniguy   : i didnt update yet haha
20:16 Johann    : when vladi is there
20:16 Giniguy   : pubg or lite?
20:16 Johann    : lite
20:16 Giniguy   : did you install it na?
20:17 Johann    : tomorrow hihihi
20:17 Giniguy   : ah nice2
20:18 Giniguy   : btw, we raided yesterday ba
20:18 Giniguy   : did crystalgem get the achievement
20:18 Johann    : yeah she got it a while na b4 pa
20:18 Johann    : hahahha
20:18 Giniguy   : aaah
20:18 crystalgem: what achievement?
20:18 Giniguy   : the hero of the village
20:18 Giniguy   : cuz johann said na you didnt try raid yet XD
20:18 crystalgem: i think so? lol
20:19 crystalgem: that was my scond one hehe
20:19 Giniguy   : ah
20:19 crystalgem: is there a way to see your achievements
20:19 Giniguy   : esc
20:19 Giniguy   : then advancements
20:19 crystalgem: oooooh there
20:19 Giniguy   : ay joh, you dont wanna csgo sa? hahaha
20:20 Johann    : id be more open to cs go baya than dota
20:20 Giniguy   : O_O
20:20 Johann    : pero lag mhn daw kaau si vladi
20:20 Giniguy   : aah mao sad
20:20 Giniguy   : my old pc couldnt handle cs
20:20 Giniguy   : kept crashing
20:20 Giniguy   : and overheat lmao
20:20 Johann    : sad
20:21 Giniguy   : test
20:21 Giniguy   : tf?
20:21 Giniguy   : test
20:22 Giniguy   : uhm
20:22 crystalgem: test
20:22 Giniguy   : that was a weird lag
20:31 Giniguy   : joh
20:32 Johann    : yo
20:32 Giniguy   : did you beat the wither?
20:32 Johann    : not yet haahahah
20:32 Giniguy   : how do you have a beacon? O_O
20:32 Johann    : store hahahahhah
20:32 Giniguy   : oh yaaa
20:32 Giniguy   : wanna kill wither?
20:32 Johann    : in time lng nya bai
20:32 Giniguy   : ah ge2
20:32 Johann    : when Kylah gets full slotted na
20:32 Johann    : :D
20:32 Giniguy   : nice
20:32 Giniguy   : late game
20:33 Giniguy   : tarunga nag support
20:33 Johann    : hahahhahahha
20:33 Giniguy   : did you farm potatoes for the beacon?
20:33 Johann    : stone
20:33 Giniguy   : daamn
20:33 Giniguy   : ayt2
20:34 Johann    : smooth stone and andesite
22:01 Giniguy   : tets
