10:57 arcosanti : hola
10:57 Jhor      : guten morgen
10:57 arcosanti : ohayo gozaimasu
11:05 Jhor      : so what brings you to the minecraft world today Mr. Lava?
11:05 arcosanti : just ogranizing my thigns
11:05 arcosanti : and putting materials aside for a new house
11:10 Jhor      : would you like some music discs wax?
11:10 arcosanti : oh as a matter of fact i would
11:10 arcosanti : do you have discs other than cat? hahahaha
11:10 Jhor      : nice, I'll tp to you
11:11 Jhor      : hello
11:11 arcosanti : hahahaha
11:11 arcosanti : youre covered in arros
11:11 arcosanti : OH
11:11 arcosanti : something thats not cat HAHAHA
11:11 arcosanti : nice nice
11:11 arcosanti : a worthy addition to my collection
11:11 Jhor      : hahah I already had 3 cats so yeah
11:11 arcosanti : tyty
11:11 Jhor      : sure sure haha
11:12 Jhor      : how many discs you have now?
11:12 arcosanti : hmm
11:12 arcosanti : 4 cat and this purple one hahahaha
11:12 Jhor      : HAHAHA
11:13 Jhor      : would you like another power I bow?
11:13 arcosanti : im fine
11:14 Jhor      : I insist
11:14 arcosanti : i also insist
11:14 arcosanti : that im fine
11:14 arcosanti : i myself
11:14 arcosanti : have a power 1 bow
11:14 Jhor      : I insist with greater authority
11:14 arcosanti : get off my property
11:14 arcosanti : i dont want
11:14 arcosanti : WHAT THE FUCK
11:14 arcosanti : that scared me HAHAHA
11:14 Jhor      : I am god wax
11:14 arcosanti : ill take ur fucking bow
11:15 Jhor      : do not test me
11:15 arcosanti : do you spin in ur animation?
11:15 arcosanti : when you teleport?
11:15 Jhor      : nope
11:39 arcosanti : brb
12:29 lolo_lola_69: ay sayup
12:30 Giniguy     : test
12:36 crystalgem  : Han
12:36 Johann      : hello
12:39 Johann      : u finished eating na?
12:39 crystalgem  : yup
12:39 Johann      : okay
12:39 Johann      : i have to eat sa tho
12:39 Johann      : i went with the guys
12:39 Johann      : to steal shit
12:40 crystalgem  : discord
12:54 Giniguy     : hello?
12:54 Giniguy     : crystalgem
12:54 crystalgem  : hi
12:55 Giniguy     : helloo
12:55 Giniguy     : we're bored and we wanted to see what you're doing :D
12:55 crystalgem  : im trying to fix my ugly ass house HAHAHHAA
12:55 Giniguy     : oh haha
12:56 Giniguy     : looks cool
12:57 crystalgem  : lol thanks hahahah not done tho
13:14 Johann    : doooh
13:14 Johann    : server is so laag
13:14 Giniguy   : yea
13:14 lolo_lola_69: yep
13:15 lolo_lola_69: joh we're doing kaingin
13:15 lolo_lola_69: without the burning
13:15 Johann      : what type of tress
13:27 Johann      : gioo man
13:28 Johann      : do you have xtra
13:28 Giniguy     : wat
13:28 Johann      : mending bow
13:28 Johann      : *book
13:28 Giniguy     : no :(
13:28 Giniguy     : oh
13:28 Johann      : or which villager do I get from?
13:28 Giniguy     : it's labelled man
13:28 Johann      : ahhh gegegege
13:28 Johann      : I shall go to him nya
13:28 Johann      : id rather enderdragon with a mending bow rather than infintiy
13:29 Giniguy     : i just saw
13:29 Giniguy     : the empty ravines
13:30 Johann      : omg
13:30 Johann      : thank you\
13:30 Giniguy     : :D
13:47 Giniguy     : test
13:56 Johann      : vlad
13:56 Johann      : look
13:57 Johann      : i have 48 tnt
13:57 Johann      : lets blow shit up
13:57 lolo_lola_69: wow
13:57 lolo_lola_69: where?
13:57 Johann      : in malakor
13:57 lolo_lola_69: ay
13:57 Johann      : di ka?
13:57 Johann      : oks
14:00 Johann      : that was the test
14:00 Johann      : atay
14:00 lolo_lola_69: hahaha
14:00 lolo_lola_69: tarunga ang path
14:01 Johann      : oh my lava
14:01 Johann      : hoy
14:01 Johann      : giatay
14:03 Johann      : lol
14:03 Johann      : dead irn
14:03 Johann      : wtf no diamond
14:04 lolo_lola_69: na ko tnt sa balay
14:05 lolo_lola_69: dont tnt the diamond
14:05 lolo_lola_69: just get it
14:06 Johann      : back
14:06 Johann      : theres lava
14:07 Johann      : shiet
14:07 lolo_lola_69: fuck
14:07 Johann      : now we have to cross
14:08 Johann      : gggoogogo
14:08 Johann      : FUCK
14:08 Johann      : MINE
14:08 Johann      : DONT TOUCH
14:08 Giniguy     : chillax bilbo
14:09 Johann      : hahhahahah
14:09 Johann      : next tnt here?
14:10 Johann      : hehe
14:10 lolo_lola_69: woah emerald
14:11 Johann      : make a path lng sa vlad
14:11 Johann      : kylah will get the ore
14:11 lolo_lola_69: ok
14:11 Johann      : up to here lng
14:12 Johann      : rdy
14:12 lolo_lola_69: cge kamo na bahala
14:12 Johann      : ooof
14:12 Johann      : xei xie
14:12 crystalgem  : thank you
14:12 lolo_lola_69: np
14:14 Giniguy     : do you guys have spruce?
14:14 Johann      : behind my house
14:14 Johann      : near ur village hahahha
14:14 Giniguy     : we're fortifying the spruce village
14:14 Giniguy     : so we can raid there better
14:15 Giniguy     : are you guys underground?
14:38 Giniguy     : test
14:38 Johann      : test
14:39 Giniguy     : hahaha
