09:33 Johann    :  placed a sign @ world: x659, z-261
  Tik TOk Mine
16:32 arcosanti : hey joe
16:32 Jhor      : hey
16:32 Jhor      : wassup
16:32 arcosanti : notin much m8
16:33 Jhor      : aye m8, das g8
16:33 Jhor      : gr8*
16:33 arcosanti : hhahahaha
16:34 Jhor      : is it just me or is the skele spawner really slow
16:34 arcosanti : oh
16:34 arcosanti : yeah its kinda broken
16:35 arcosanti : the spawn range is 15 blocks
16:35 Jhor      : what happened to it?
16:35 arcosanti : but the bottom is further than that
16:35 Jhor      : lmao
16:35 arcosanti : i ended up using kims spawner
16:35 Jhor      : this is your design Wax, tsk2
16:35 arcosanti : HAHAHA hey i tried
16:37 Jhor      : so uh, what you guys up to in this fine minecraft day?
16:37 arcosanti : eyo
16:37 arcosanti : we found a stronghold
16:37 Jhor      : :O
16:38 Jhor      : were you guys looking for one or just came across it?
16:39 Jhor      : lemme see the stronghold haha
16:39 arcosanti : we were looking for it just now hahaha
16:39 arcosanti : tp
16:40 arcosanti : eyo
16:40 arcosanti : its up here
16:40 Jhor      : heeeeeeeeey
16:40 Jhor      : noice
16:40 arcosanti : wanna go for discord guys?
16:41 Jhor      : sure
16:42 arcosanti : oh good lord
16:42 arcosanti : fortune gives so much
16:43 Jhor      : yes sir it does
16:44 Jhor      : you on disc now?
16:44 arcosanti : ye
