00:40 Arrchiiee : im level 3 now
00:40 kdremeds  : level 3?
00:40 kdremeds  : whats that?
00:40 Arrchiiee : did a bunch of enchanting
00:40 Arrchiiee : enchantemt level thing
01:30 kdremeds placed suspicious WATER_BUCKET @ world: x1119, z-1798
02:01 kdremeds placed suspicious WATER_BUCKET @ world: x1778, z-2269
02:14 Arrchiiee placed suspicious TROPICAL_FISH_BUCKET @ world: x461, z372
02:14 Arrchiiee placed suspicious TROPICAL_FISH_BUCKET @ world: x461, z372
02:14 Arrchiiee placed suspicious TROPICAL_FISH_BUCKET @ world: x461, z372
02:14 Arrchiiee placed suspicious TROPICAL_FISH_BUCKET @ world: x461, z372
02:14 Arrchiiee placed suspicious TROPICAL_FISH_BUCKET @ world: x461, z372
02:18 Arrchiiee placed suspicious TROPICAL_FISH_BUCKET @ world: x461, z372
02:18 Arrchiiee placed suspicious TROPICAL_FISH_BUCKET @ world: x461, z372
02:18 Arrchiiee placed suspicious TROPICAL_FISH_BUCKET @ world: x461, z372
02:18 Arrchiiee placed suspicious TROPICAL_FISH_BUCKET @ world: x461, z372
03:38 kdremeds  : gtg
03:38 kdremeds  : gg\
09:48 kdremeds  :  placed a sign @ world: x630, z-902
  coal /
  redstone
10:29 kdremeds  : vlad naa kay etra dirt?
10:29 lolo_lola_69: wla raba, ako gi labay
10:30 kdremeds    : aw gege haha
