00:29 Arrchiiee placed suspicious WATER_BUCKET @ world: x2615, z3220
00:38 Arrchiiee   : homelist
00:38 big_tasty   : aha
00:38 Arrchiiee   : sad
00:38 big_tasty   : hahaha
00:41 Arrchiiee   : just tell me if u wanna sleep
00:41 big_tasty   : yeh
00:42 big_tasty   : no phantoms yet so its g haha
01:03 arcosanti   : what up party rockers
01:04 Arrchiiee   : welcome back sperm boi
01:04 arcosanti   : :(
01:09 Arrchiiee   : bye
01:41 Arrchiiee placed suspicious WATER_BUCKET @ world: x496, z379
01:48 Arrchiiee : wax
01:48 Arrchiiee : wanna see somethign stupid
02:05 Arrchiiee : anyone have netherwart?
02:05 arcosanti : theres a lot of nether wart near our house
02:05 arcosanti : rob made a farm for it
02:05 Arrchiiee : oohh where sit?
02:06 arcosanti : do you know where the lone villager is
02:06 Arrchiiee : YES
02:06 arcosanti : theres a hole really close to that house
02:06 Arrchiiee : this one that leads to a netherportal?
02:06 arcosanti : oh no
02:06 arcosanti : on the other side of the house
02:06 Arrchiiee : wrong hole?
02:06 arcosanti : HAHA
02:06 arcosanti : yea
02:07 Arrchiiee : welp hahaha
02:07 Arrchiiee : it happens sometimes
02:09 Arrchiiee : ty
02:09 arcosanti : npnp
02:12 Arrchiiee : oh no
02:12 Johann    : lovely
02:12 big_tasty : :(
02:21 Arrchiiee : rip
