10:26 Arrchiiee : vlad
10:32 Arrchiiee : hello lex
10:32 imololakanding: hello
10:35 Arrchiiee     : if you wanna raid, i have another captured pillager
10:35 imololakanding: ge ge
10:35 imololakanding: later
10:46 Johann        : nyawa
10:50 Arrchiiee     : lex, wanna breed horses?
10:50 lolo_lola_69  : aye
10:51 lolo_lola_69  : sry arch
10:51 lolo_lola_69  : afk ko hahaha
10:51 Arrchiiee     : raid ta unya?
10:51 Arrchiiee     : naa koy new pillager
10:51 lolo_lola_69  : cge
10:51 lolo_lola_69  : discor ko
10:51 lolo_lola_69  : sayuna na sa raid oi basta infinity bow hahaha
10:52 lolo_lola_69  : but still exciting
10:52 Johann        : melee na lng
10:52 lolo_lola_69  : naah
10:53 lolo_lola_69  : joh ur afk in ur house?
10:53 Johann        : strip mining
10:53 lolo_lola_69  : naa lagi imo character sa imo castle
10:53 Johann        : server is dying
10:56 lolo_lola_69  : joh we will raid after the restart
10:57 lolo_lola_69  : joh eclipse
10:57 Johann        : IM DEEP UNDERGRAOUNDNDN
10:57 Johann        : sad
11:03 lolo_lola_69: joh
11:03 lolo_lola_69: sleep
11:03 lolo_lola_69: then we raid
11:03 Johann      : but idk how to get back to this mineshaft....
11:04 Johann      : grr
11:04 Johann      : fine
11:04 Arrchiiee   : set home it
11:04 Johann      : oops
11:04 Johann      : i already tped
11:04 Johann      : hahahhaahah
11:04 Johann      : i will have experdition to find it again
11:04 Johann      : tslee[
11:04 Arrchiiee   : slash sethome name of place
11:04 Johann      : tsleep
11:04 Johann      : sleeeeeeeeeeeeep
11:04 Arrchiiee   : tsleep
11:04 Arrchiiee   : tdiscord jo
11:05 Johann      : caaant
11:05 Johann      : im on discord with gf
11:06 Johann      : may I still join raid :)
11:06 Arrchiiee   : yes
11:06 lolo_lola_69: yes ofc
11:06 Arrchiiee   : tp here
11:06 Johann      : requiest sent
11:07 Johann      : oops
11:07 Johann      : i moved
11:07 Johann      : WOW
11:07 Johann      : WALLS
11:07 lolo_lola_69: joh ready
11:07 Johann      : rdy
11:07 lolo_lola_69: archie gon kill pillager then come back and start event
11:08 Johann      : this
11:08 Johann      : used
11:08 Johann      : cobblsetone
11:08 lolo_lola_69: ye
11:08 lolo_lola_69: you wanna see the gate open
11:09 Johann      : atay klarohas redstone
11:09 lolo_lola_69: joh
11:09 lolo_lola_69: a sec
11:09 lolo_lola_69: archi gone kill his pet pillager
11:09 Johann      : i wil just follow you guys
11:09 Johann      : gotch
11:11 Johann      : OH SHIT
11:11 Johann      : LETS GOOOO
11:13 Johann      : fuck
11:13 Johann      : one hit
11:13 lolo_lola_69: i was inside the wall
11:14 Johann      : lol new saddle
11:20 Johann      : raid won?
11:20 lolo_lola_69: ye
11:21 lolo_lola_69: yay
11:21 lolo_lola_69: we get discounts
11:21 lolo_lola_69: joh
11:21 Johann      : yes
11:22 lolo_lola_69: joh what is he selling
11:22 Johann      : oh no
11:22 Johann      : i was trading coal
11:22 Johann      : for emeralds
11:23 Johann      : theres like a stack of potatoes here lol
11:25 Johann      : can i steal their brewing stand
11:25 lolo_lola_69: no
11:25 Johann      : how to tp here again
11:25 lolo_lola_69: it gives this village a purpose
11:26 Johann      : vlad
11:26 Johann      : how do i set home this place
11:26 lolo_lola_69: ./sethome (name)
11:26 Johann      : buhbye babe
11:30 Johann      : come to me
11:30 Johann      : new pillager
11:31 Johann      : finders fee lng ako bai
11:31 Arrchiiee   : trap him Jo
11:31 lolo_lola_69: i will tank
11:32 Johann      : YAWA
11:32 Johann      : kite him to flat
11:33 Johann      : :D
11:33 lolo_lola_69: mana na trap na
11:33 Johann      : pro trapping>
11:35 lolo_lola_69: joh archie found another village
11:35 Johann      : srry i will stripmine now
11:35 Johann      : hahahha
11:35 Johann      : kamo lng sah
11:35 Johann      : lisod kaau walay arrow
11:35 lolo_lola_69: unya nalang
11:36 lolo_lola_69: kanang naa ta tulo
13:59 imololakanding placed suspicious WATER_BUCKET @ world: x1093, z-253
13:59 imololakanding placed suspicious WATER_BUCKET @ world: x1083, z-251
14:00 imololakanding placed suspicious WATER_BUCKET @ world: x1087, z-251
14:45 imololakanding placed suspicious WATER_BUCKET @ world: x1088, z-256
15:27 Johann    : hey wax, 10 diamonds for diamond horse armor
15:27 arcosanti : ooooh
15:27 arcosanti : i dont have tho :(
15:27 Johann    : ayyy
15:27 Johann    : hahahahh
15:27 Johann    : okidoki mah man
15:27 lolo_lola_69: joh
15:27 lolo_lola_69: wait
15:28 lolo_lola_69: can we negotiate
15:28 Johann      : atay ahhahah
15:28 Johann      : geggegege
15:28 Johann      : ill go to discord
15:32 big_tasty   : oh god
15:37 lolo_lola_69: rip
16:55 big_tasty   : tpa to me
16:55 arcosanti   : where r u
16:59 arcosanti   : joh where are you
16:59 arcosanti   : are you near a bed hahaha
17:26 Johann    : any of yall have a jackolanternw
18:37 Kobeboy15 : how ya doing jo
18:37 Johann    : all good
18:37 Johann    : want iron horse armor?
18:37 Kobeboy15 : na
18:37 Kobeboy15 : but thanks
18:37 Kobeboy15 : i see ya mining
18:37 Johann    : whaaat
18:37 lolo_lola_69: wtf
18:37 lolo_lola_69: why cant i see kobe in the users
18:37 Kobeboy15   : vlad ya disappear in discord?
18:38 lolo_lola_69: i switched rooms
18:38 lolo_lola_69: i was in the afk room
18:40 Johann      : damnit I dug myself into vladis mine again
18:45 Kobeboy15   : welp vlad went to eat
18:45 Johann      : oof
18:51 Kobeboy15   : hey jo what you doing?
18:51 Johann      : strip mining
18:51 Kobeboy15   : i wonder if you noticed, but I upped the difficulty
18:51 Kobeboy15   : it was on normal
18:51 Johann      : oh really?
18:51 Johann      : didnt notice
18:51 Johann      : hahahhaahhah
18:52 Johann      : #proplayer!
18:54 Johann      : holy shit creepers can break monster spawners
18:54 Kobeboy15   : oh, I think so
18:54 Kobeboy15   : NOOOOO
18:54 Johann      : sad
18:55 Kobeboy15   : can you get back to your stuff?
18:55 Johann      : yeha
18:56 Kobeboy15   : kiddin
18:56 Johann      : :(
18:56 Kobeboy15   : JO IM SORRY IT WAS JUST A JOKE
18:56 Kobeboy15   : YOU HAVE SOO MUCH TIME
18:56 Johann      : HHHAHAHHAHAH
18:56 Kobeboy15   : CAREFUL
18:57 Kobeboy15   : nice
18:57 Johann      : awww
18:57 Johann      : fans
18:57 Johann      : haahhahahha
18:57 Kobeboy15   : more like jesus watching down on yua
18:57 Johann      : you are overwatch\
18:57 Kobeboy15   : wow
19:34 lolo_lola_69: nag mine ka joh
19:34 Johann      : nope
19:35 Johann      : im making my animal pens bigger hahahha
19:35 lolo_lola_69: oh
19:36 lolo_lola_69: asa man ka
19:37 Johann      : sosyalas wood guhd nato
19:37 lolo_lola_69: hahaha
19:37 lolo_lola_69: imo na na
19:37 lolo_lola_69: i got it from waxs place
19:37 Johann      : asa diay ila?
19:37 lolo_lola_69: johan kobe's back
20:45 lolo_lola_69: ye wax, y not
20:45 lolo_lola_69: hahaha
20:53 lolo_lola_69: hey
20:53 lolo_lola_69: i made that farm
20:53 lolo_lola_69: that was from kobe's farm
20:54 lolo_lola_69: :D
20:56 lolo_lola_69: it's eclipse
20:58 lolo_lola_69: oh
20:59 lolo_lola_69: no u
20:59 lolo_lola_69: ahaha
21:01 lolo_lola_69: can i see the farm
21:09 lolo_lola_69: thats gay
21:12 lolo_lola_69: ye
21:12 lolo_lola_69: fuck i cant lower the vol
21:12 lolo_lola_69: but i want to use !volume
21:14 lolo_lola_69: werk
21:14 lolo_lola_69: u saw the hop kick?
21:14 lolo_lola_69: hahahahha
21:14 lolo_lola_69: ye hahahaha
21:15 lolo_lola_69: i heard a lot of the background dancers were straight
21:15 lolo_lola_69: its very cool
21:15 lolo_lola_69: i think the bot looks for the vid in yt
21:16 lolo_lola_69: i hate how th bot requires a number of people to skip the song
21:18 lolo_lola_69: r i p
21:19 Johann      : SERVER LAGGIANSDINSAD
21:21 lolo_lola_69: let the beet drop
21:21 Johann      : blad
21:21 Johann      : vlad
21:21 Johann      : can u reply gio
21:22 lolo_lola_69: mana
21:22 Johann      : <3
21:43 lolo_lola_69: hey have u guys used archie's trash can na
21:43 lolo_lola_69: oh yeah
21:44 lolo_lola_69: dab*
22:02 Johann      : rip
22:02 arcosanti   : f
22:05 lolo_lola_69: i lost him
22:06 lolo_lola_69: wax
22:08 Johann      : okay
22:08 lolo_lola_69: nagunsa ka joh
22:08 Johann      : idk tbh
22:08 Johann      : hahahhaha
22:08 Johann      : maghimo kog basurahan in my castle
22:10 lolo_lola_69: ey if any oof u guys want horses
22:10 lolo_lola_69: i got horses 4 sale
22:10 lolo_lola_69: take them to the old town road
22:10 Johann      : 1 saddle 2 diamonds @wax & @hannah
22:10 lolo_lola_69: HAHAHA
22:45 lolo_lola_69: brb i will make ligo myself
22:54 Johann      : wax
22:55 Johann      : can I tp to u
22:55 Giniguy     : hi guys :)
