00:20 lolo_lola_69: arc
00:20 lolo_lola_69: naa ka dirt?
00:20 Arrchiiee   : naa
00:20 lolo_lola_69: like daghan stacks
00:20 Arrchiiee   : wait lang
00:21 Arrchiiee   : wala na diay vlad
00:21 Arrchiiee   : na labay na nako tanan
00:21 lolo_lola_69: aw
00:27 Arrchiiee   :  placed a sign @ world: x504, z381
  Tree farm
01:15 Arrchiiee   :  placed a sign @ world: x500, z362
  Other Farms
01:15 Arrchiiee   :  placed a sign @ world: x500, z360
  << Other Farms
11:41 lolo_lola_69: ayeo
11:41 arcosanti   : eyyyyy
11:41 lolo_lola_69: so early hahaha
11:42 arcosanti   : hahaha dude its 11
11:42 lolo_lola_69: i just woke up hahha
11:42 arcosanti   : hahahahaha
11:42 arcosanti   : ah i slept early cuz i was sick last night
11:42 lolo_lola_69: rip
11:42 arcosanti   : dude
11:42 arcosanti   : more fucking skeleton horsemen
11:43 lolo_lola_69: oh shit
11:43 lolo_lola_69: i can help
11:43 arcosanti   : HAHA they killed each other
11:43 arcosanti   : i think theres one left
11:43 arcosanti   : HAHAHA
11:43 arcosanti   : hes so fast
11:44 lolo_lola_69: underwater archery is slow motion
11:44 arcosanti   : yeah
11:44 arcosanti   : should we kill this horse?
11:44 arcosanti   : nice
11:44 lolo_lola_69: idont like the skel horses
11:44 lolo_lola_69: so low hp
11:45 lolo_lola_69: the server was rolled back wax
11:45 arcosanti   : yeah
11:45 lolo_lola_69: just a little
11:45 arcosanti   : i found out earlier :(
11:45 arcosanti   : its ayt
11:45 arcosanti   : im already almost done with the things i did pag friday
11:45 lolo_lola_69: u wanna use my llammas?
11:45 arcosanti   : nah im already almost done
11:45 arcosanti   : thanks for the offer amigo
11:46 lolo_lola_69: ok
11:46 lolo_lola_69: llamas here oh, u should lead them
11:46 arcosanti   : F
11:46 lolo_lola_69: my infinite booow
11:47 lolo_lola_69: daminit i was afk
11:54 lolo_lola_69 placed suspicious WATER_BUCKET @ world: x702, z-66
11:55 lolo_lola_69: have u seen archie's over complicated garbage can
11:55 arcosanti   : hahahaha i havent
11:55 arcosanti   : wheres his house gani
11:55 lolo_lola_69: near renzos
11:56 lolo_lola_69: wax
11:56 arcosanti   : wtf
11:56 lolo_lola_69: trader in ur base
11:56 arcosanti   : whys there a hole full of cows
11:57 lolo_lola_69: where
11:57 arcosanti   : ooh yeah i dont think he has anything good
11:57 arcosanti   : near renzos farm
11:57 lolo_lola_69: hahahaha
11:57 lolo_lola_69: wtf
11:58 arcosanti   : hahahahaha
11:58 lolo_lola_69: come to archie
11:58 lolo_lola_69: outside
11:58 arcosanti   : HAHAHA
11:58 lolo_lola_69: come here
11:58 arcosanti   : HAHAHAHAH
11:59 lolo_lola_69: hahahaha
11:59 arcosanti   : OMFG
11:59 lolo_lola_69: the sound it makes
11:59 arcosanti   : hahahhahaha ikr
11:59 lolo_lola_69: asmr
11:59 arcosanti   : ill idle near archies house when i go to sleep now
11:59 lolo_lola_69: hahahahaha
11:59 arcosanti   : for that asmr hahahaha
12:00 lolo_lola_69: we live in a society now wax
12:00 lolo_lola_69: hahaha'
12:00 arcosanti   : hahaha
12:11 arcosanti   : oh damn
12:11 arcosanti   : the trader has coral
12:11 lolo_lola_69: ye
12:11 lolo_lola_69: i wanted to buy
12:11 arcosanti   : this is a new one
12:11 arcosanti   : there was a guy just before him
12:11 lolo_lola_69: oh ok
12:11 arcosanti   : i bought on of each so we can farm pickles
12:11 lolo_lola_69: oh we can eat pickles?
12:12 lolo_lola_69: the sea pickles?
12:12 arcosanti   : yeah
12:12 lolo_lola_69: cge2
12:12 arcosanti   : i actually dont know what we can do with pickles
12:12 arcosanti   : but i know we can farm them
12:59 arcosanti   :  placed a sign @ world: x432, z261
  Joaquin's
  Meatshop
  Emporium under
  construction
13:01 imololakanding: you guys want to sleep?
13:01 arcosanti     : sure
13:01 lolo_lola_69  : ok
13:01 imololakanding: fucking phantoms
13:02 lolo_lola_69  : tin bed
13:02 imololakanding: snoozing
13:02 arcosanti     : ye
13:14 imololakanding:  placed a sign @ world: x1110, z-217
  Dirt
13:14 imololakanding:  placed a sign @ world: x1087, z-205
  Sand
13:14 imololakanding:  placed a sign @ world: x1082, z-204
  Log
13:14 imololakanding:  placed a sign @ world: x1082, z-201
  Log
13:14 imololakanding:  placed a sign @ world: x1082, z-199
  Grass
13:14 imololakanding:  placed a sign @ world: x1082, z-196
  Gold
13:14 imololakanding:  placed a sign @ world: x1070, z-200
  Log
13:14 imololakanding:  placed a sign @ world: x1056, z-192
  Nether STuff
13:15 imololakanding:  placed a sign @ world: x1059, z-194
  Cobble
13:15 imololakanding:  placed a sign @ world: x1059, z-194
  Granite
13:15 imololakanding:  placed a sign @ world: x1059, z-197
  Dirt
13:15 imololakanding:  placed a sign @ world: x1059, z-197
  Diorite/Andestite
13:15 imololakanding:  placed a sign @ world: x1062, z-200
  Red Stone
13:24 arcosanti     : F
13:25 lolo_lola_69  : wax
13:25 arcosanti     : ye?
13:25 lolo_lola_69  : skel riders in joe's place
13:25 lolo_lola_69  : tp
13:25 lolo_lola_69  : i have no weapons
13:26 lolo_lola_69  : i was just exploring people's bases
13:26 lolo_lola_69  : im taking a break from my house
13:26 arcosanti     : nice
13:27 lolo_lola_69  : hahaha
13:27 lolo_lola_69  : use a block
13:27 arcosanti     : ooooooh
13:27 lolo_lola_69  : need perfect riming
13:27 arcosanti     : thats good
13:27 lolo_lola_69  : nice
13:40 imololakanding:  placed a sign @ world: x1086, z-211
  Pork?
13:40 imololakanding:  placed a sign @ world: x1086, z-214
  Chicken
13:42 imololakanding:  placed a sign @ world: x1110, z-217
  Coal
14:11 lolo_lola_69  : sup
14:11 arcosanti     : sup
14:12 arcosanti     : im just admiring your ranch
14:12 lolo_lola_69  : hahaha
14:12 lolo_lola_69  : thanks
14:12 arcosanti     : is this your summer home? hahaha
14:12 lolo_lola_69  : hahahah
14:12 lolo_lola_69  : ye
14:12 lolo_lola_69  : u wanna go to alexis' place
14:12 arcosanti     : sure
14:13 lolo_lola_69  : its the next barangay
14:13 arcosanti     : oooohw
14:14 lolo_lola_69  : thats ralge's i think
14:14 arcosanti     : hahaha so many wolves
14:14 lolo_lola_69  : the cows and pigs
14:14 arcosanti     : omg
14:15 arcosanti     : wow
14:15 arcosanti     : acrobatics lvl up
14:15 arcosanti     : the design is nice
14:15 lolo_lola_69  : he has an underground sheep organization haha
14:15 arcosanti     : with the redstone
14:16 lolo_lola_69  : yeah
14:16 lolo_lola_69  : damn
14:16 lolo_lola_69  : redstone plus the andesite? is that andesite?
14:16 arcosanti     : i think thats smooth stone
14:16 lolo_lola_69  : no
14:16 lolo_lola_69  : this
14:16 arcosanti     : oh thats granite
14:16 lolo_lola_69  : oh
14:24 arcosanti     : vlad i put ur horse in their stable
14:24 lolo_lola_69  : thanks
14:24 lolo_lola_69  : my dad borrrowed the lappy
14:39 lolo_lola_69  : rip
15:40 arcosanti : hola
15:48 lolo_lola_69: aaye that hannah?
15:48 arcosanti   : ye
15:48 big_tasty   : yeboi
15:48 lolo_lola_69: wadup wadup
15:48 lolo_lola_69: wax do u have diamonds
15:48 arcosanti   : hahaha 2
15:48 lolo_lola_69: nvm
15:54 lolo_lola_69: ooh
15:54 lolo_lola_69: i found diams
15:54 arcosanti   : niiiice
15:58 lolo_lola_69: F
15:59 lolo_lola_69: hahah
16:00 lolo_lola_69: unsa na nga skin
16:00 lolo_lola_69: damn
16:00 big_tasty   : he made me
16:00 lolo_lola_69: care skelingtons on hill
16:02 lolo_lola_69: wax i have another nautilus shell
16:04 arcosanti   : hahaha tyty
16:04 lolo_lola_69: np
16:06 lolo_lola_69: wax we found 3 tresh map yesterday
16:07 lolo_lola_69: we found none
16:07 arcosanti   : oooh
16:07 lolo_lola_69: i have 1 of the maps
16:07 lolo_lola_69: zombie canceled my tp
16:07 arcosanti   : who has the other 2
16:07 lolo_lola_69: archie
16:08 arcosanti   : ah tyty
16:08 arcosanti   : ill look for this after i mine
16:08 lolo_lola_69: ty
16:10 lolo_lola_69: fuck
16:11 arcosanti   : F
16:11 big_tasty   : F
16:11 lolo_lola_69: i had full armor
16:11 lolo_lola_69: but i turned back
17:02 arcosanti   : f
17:02 big_tasty   : F
17:02 lolo_lola_69: fuuuck
17:03 lolo_lola_69: the creepers hurt si much in hard
17:04 arcosanti   : ikr
17:04 arcosanti   : more than half your health
17:14 lolo_lola_69: wtf
17:14 big_tasty   : F
17:14 lolo_lola_69: lkag
21:06 Arrchiiee : vlad
21:07 lolo_lola_69: ye
21:07 Arrchiiee   : naa ka dc?
21:07 lolo_lola_69: ou
21:07 lolo_lola_69: i cant hear u
21:07 Arrchiiee   : ka dungog ka nako?
21:23 Johann      : wow
21:23 Johann      : gihatagan kog
21:23 Johann      : banners hahahahahah
21:23 lolo_lola_69: yee
21:23 Johann      : yeeeeeeeeeee
21:24 lolo_lola_69: dicord
21:24 lolo_lola_69: joh
21:25 lolo_lola_69: np
21:28 lolo_lola_69: wheat
21:38 Arrchiiee placed suspicious WATER_BUCKET @ world: x490, z361
21:39 Arrchiiee placed suspicious WATER_BUCKET @ world: x490, z361
21:42 Johann      :  placed a sign @ world: x722, z-178
  Fuck you
22:11 Johann      : NOOOOO
22:17 Arrchiiee   : vlad, you can tp home
