13:45 Johann    : way klase?
13:46 lolo_lola_69: 4:30
13:46 Johann      : 6:00
13:46 Johann      : hahahha
13:46 lolo_lola_69: bojo's playing dota hahaa
13:46 Johann      : wowowowo
13:48 lolo_lola_69: asa ka joh
13:48 Johann      : race track
13:50 lolo_lola_69: asa ka joh
13:50 Johann      : race track
13:53 Johann      : testingi daw imong horse dri hahhahah
13:53 lolo_lola_69: assassinoo
13:53 Johann      : wtf vlad
13:53 Johann      : jfc
13:53 Johann      : i was level 31
13:53 Johann      : samoka battaa
13:53 lolo_lola_69: oooh shit
13:53 Johann      : tsk
13:53 lolo_lola_69: u can get lvls from my farm
13:53 lolo_lola_69: the steam engine
13:53 Johann      : hayz
13:54 lolo_lola_69: gamay ra nang 31 oi
13:54 Johann      : wheres my diamond shit
13:54 lolo_lola_69: tp nako
13:54 lolo_lola_69: get the green dye
13:54 Johann      : akong diamond armor oy
13:54 lolo_lola_69: i dont have ur armor
13:54 Johann      : wtf
13:54 Johann      : kayata vlad
13:54 lolo_lola_69: wla bitaw
13:54 lolo_lola_69: here
13:55 lolo_lola_69: get ur green dye
13:55 lolo_lola_69: ur exp
13:55 Johann      : i need my armor godamnit vlad
13:55 lolo_lola_69: i think it broke
13:55 Johann      : jfc
13:55 Johann      : wtf vlad
13:55 lolo_lola_69: how about i make u a new set
13:56 lolo_lola_69: already enchanted
13:56 Johann      : how bout u fucking give me a new set
13:56 lolo_lola_69: yea lagi
13:56 lolo_lola_69: hahahaha
13:56 Johann      : >:(
13:56 lolo_lola_69: wait a min
13:58 Johann      : atay
13:58 lolo_lola_69: why
13:58 Johann      : the enchantments arent as good as the old ones
13:58 Johann      : sigh
13:58 Johann      : nvm vlad
13:59 lolo_lola_69: u can add
14:12 lolo_lola_69: oh ya joh
14:12 lolo_lola_69: have u seen the map room
14:12 Johann      : grr
14:12 Johann      : im mad at u
14:12 lolo_lola_69: kobe made a wide map room
14:13 Johann      : ge daw
14:13 Johann      : asa mhn
14:13 lolo_lola_69: in his beach house
14:14 lolo_lola_69: go up
14:14 lolo_lola_69: the arena
14:14 lolo_lola_69: the wall
14:14 lolo_lola_69: the jugnle
14:15 Johann      : give me mending book
14:15 lolo_lola_69: okay
14:15 Johann      : di na ko mag diamond kuyog nimo atay
14:15 Johann      : grrr
14:15 lolo_lola_69: hahahaha
14:15 lolo_lola_69: u see joh
14:16 lolo_lola_69: kobe gave out "relics"
14:16 Johann      : idc
14:16 lolo_lola_69: to hnnah and me
14:16 lolo_lola_69: there relics are very rare
14:16 Johann      : good for u
14:16 lolo_lola_69: if u visit my house u can see the "God SLayer"
14:24 lolo_lola_69: joh i found jungle temple
14:25 Johann      : explore away
18:12 Dustin_Doucette: Hallo
18:12 Dustin_Doucette: bb
