21:10 Kobeboy15 : "/lagg tps"
21:40 Kobeboy15 :  placed a sign @ world: x-1, z237
  Admin
  32
  B 1 : S 0.5
  Cobblestone
22:19 Slaying_Mobs09: hello
22:19 renzosy       : u wont discord?
22:19 Slaying_Mobs09: my ears are in
22:20 Slaying_Mobs09: what the
22:20 Slaying_Mobs09: where's my shit
22:20 Slaying_Mobs09: ah
22:20 Slaying_Mobs09: found my shit
22:23 Slaying_Mobs09: kita akong skin?
22:23 Slaying_Mobs09: nooo
22:23 Slaying_Mobs09: i see it though
22:24 Slaying_Mobs09: bruh everything feels so redundant
22:24 Slaying_Mobs09: i just came from minecraft
22:24 Slaying_Mobs09: and now im poor again
22:24 imololakanding: HUHU
22:27 Slaying_Mobs09: daghanag diamons
22:27 Slaying_Mobs09: wooo
22:57 Lads          : did we survive?
22:57 Lads          : yes
22:57 Lads          : but what did it cost you
22:58 Lads          : everything
23:46 jonnski       : ROB
23:46 jonnski       : DISCORD
23:46 jonnski       : ITS ALL FUCKING GONE
23:46 Arrchiiee     : now
23:46 Arrchiiee     : everythingh
23:47 renzosy       : 8
23:48 renzosy       : github is fucking cool
23:48 Mangaboy5398  : ikr?
23:48 Mangaboy5398  : i put my emulator save files there too
23:51 imololakanding: no it went
23:51 imololakanding: back in time
23:51 imololakanding: like the whole mountain
23:51 Mangaboy5398  : server rollback?
23:51 Mangaboy5398  : how come?
23:51 imololakanding: i terrformed
23:51 jonnski       : yes
23:51 jonnski       : ME AND LEX
23:51 jonnski       : WERE PLAYING
23:51 imololakanding: aJalksjflkjs
23:51 jonnski       : THE WHOLE AFTERNOOON
23:51 jonnski       : THE WHOLE afternoon
23:51 imololakanding: I AM SO SAD
23:51 jonnski       : and its all gone
23:51 Arrchiiee     : I LOST MY MINES
23:51 imololakanding: PLEase
23:51 Mangaboy5398  : but I still have mine
23:52 Mangaboy5398  : wait why did it rollback in the first place?
23:52 renzosy       : not sure
23:52 imololakanding: we transferred it to renzo
23:52 Mangaboy5398  : I am almost 100% sure
23:52 Mangaboy5398  : kobe forgot to push something
23:52 renzosy       : idk how it couldbve happened cos its just one server file
23:52 jonnski       : most likely
23:52 Mangaboy5398  : OH GUCK
23:52 Mangaboy5398  : aMY FUCKING DIAMONDSA
23:52 Mangaboy5398  : ajsdkasjfkajsfoijhawuoiehfnfo;iawhen;iohffa
23:53 Mangaboy5398  : oh well
23:53 imololakanding: :((
23:53 renzosy       : iron is more valuable
23:53 imololakanding: my mountain and farmed :(
23:53 Mangaboy5398  : oh shit right
23:53 Mangaboy5398  : fuck
23:53 imololakanding: *farm
23:53 renzosy       : cos u can sell it for diamond :)
23:53 Mangaboy5398  : iw as already
23:53 Mangaboy5398  : level 38 for mining or osmething
23:53 Mangaboy5398  : uffkc
23:53 jonnski       : DUDE
23:53 jonnski       : IM LVL 16 MINING RN
23:53 jonnski       : i busted my ass
23:53 jonnski       : today
23:53 jonnski       : i got lvl 40
23:53 Mangaboy5398  : damn my repair went ddown too
23:53 jonnski       : now its back to lvl 16
23:53 jonnski       : WOOO
23:53 Mangaboy5398  : hmm I think you guys shouldn't have played
23:54 Mangaboy5398  : cause yeah
23:55 Mangaboy5398  : well so you consider the progress done?
23:55 Mangaboy5398  : like no more
23:55 Mangaboy5398  : can't be taken back?
