12:54 lolo_lola_69: hello
14:08 lolo_lola_69: wax
14:19 lolo_lola_69: hello
14:19 arcosanti   : hola
18:27 Jhor      : wow
18:27 boredchinese: lomao
18:27 Jhor        : gaddem
18:27 Jhor        : you're alive
18:28 boredchinese: hell ye
18:28 boredchinese: where u at jhor
18:28 Jhor        : in yo mama
18:28 Jhor        : jk in the nether
18:28 boredchinese: hey man... :'(
18:29 boredchinese: i'm telling my mom!
18:29 Jhor        : :'(
18:30 Jhor        : got a new kb already?
18:31 boredchinese: ya
18:31 boredchinese: a month ago but i just forgot
18:32 Jhor        : damn, you forgot about your kb?
18:32 boredchinese: no HAHAHH minecraft
18:32 boredchinese: there's so much shit now
18:32 Jhor        : oh HAHAHHA
18:32 Jhor        : work?
18:32 boredchinese: ya and study
18:33 Jhor        : what lang you studying now?
18:33 boredchinese: elixir
18:33 boredchinese: hipster stuff HAHAHAH
18:33 Jhor        : the company required you or just studying for yourself?
18:35 boredchinese: just studying
18:35 boredchinese: i was studying kotlin android hahahahahha
18:35 boredchinese: cause i agreed to be moved to the android team
18:35 Jhor        : yeah I heard you an android boi now haha
18:36 Jhor        : so no more front end?
18:36 boredchinese: for the time being ya
18:38 Jhor        : lmao game crashed trying to change resource packs
18:39 boredchinese: fak
18:39 boredchinese: i thought you had school na :o
18:40 Jhor        : Today was my last day haha
18:40 Jhor        : Had 3 exams
18:40 Jhor        : next week I'll just have a few retakes then I'll start flying
18:41 boredchinese: ah man the village i explored got looted na fak
18:41 boredchinese: NOICE
18:42 boredchinese: so fast
18:42 Jhor        : much has changed in your absence Gao haha
18:42 Jhor        : yeah ground school only 5 weeks
18:43 boredchinese: maaan
18:43 boredchinese: u excited to fly sir
18:43 Jhor        : yes I am sir, but also scared, cuz I dont wanna be roasted :'(
18:44 boredchinese: HAHAHAH it's fine
18:44 boredchinese: get roasted at the beginning then do the roasting at the end
18:45 boredchinese: my turtle empire has failed
18:45 Jhor        : haha true, I am planning to teach I guess, would be the best way for me to enter the field
18:45 Jhor        : what happened to your turtles/
18:45 Jhor        : ?*
18:48 boredchinese: nothing hahahaha i stopped breeding them
18:48 boredchinese: also admin shop got removed i think for scutes
18:48 boredchinese: lemme check
18:48 Jhor        : we tried to kill your turtles once
18:48 Jhor        : but they were immune
18:48 Jhor        : HAHAH
18:48 boredchinese: HAHAHHA WTF
18:48 boredchinese: nani
18:48 boredchinese: that's treason
18:49 boredchinese: y u kill them tho
18:49 boredchinese: i mean attempt
18:49 Jhor        : we were fighting phantoms over Hannah's place
18:49 Jhor        : some of our arrows missed and hit your turtles, then Wax went over and tried to axe them hahaha
18:50 Jhor        : but they didn't die so yeah haha
18:50 boredchinese: hell yeah
18:50 boredchinese: they will remember this
18:50 boredchinese: i'll feed them
18:50 boredchinese: and they'll invade the town
18:50 Jhor        : yay, then we can kill them
18:50 Jhor        : XP
18:50 boredchinese: >:(*
18:51 boredchinese: they're durable as fuck
18:51 boredchinese: i have a hard tiem killing them
18:51 Jhor        : boi you don't know how much gear we on right now haha
18:51 boredchinese: o right
18:51 boredchinese: i only have iron sword
18:51 Jhor        : did you notice the beacon>
18:51 boredchinese: nope
18:52 Jhor        : well there is a beacon now haha
18:52 boredchinese: wuddat for
18:52 Jhor        : am looking for materials to make another
18:52 Jhor        : gives bonuses when you near it
18:52 boredchinese: ohhhh
19:08 Jhor        : brb
19:27 Jhor        : damn
19:27 Jhor        : weeb
19:27 Jhor        : jk
19:27 Jhor        : hahaha
19:56 Jhor        : watchu doin Gao
20:23 boredchinese: slr
20:23 boredchinese: i actually fell asleep
20:23 boredchinese: HAHHAHAHAHAH
20:23 boredchinese: JESUS
20:23 Jhor        : lmao you should get some rest mah dude haha
20:24 boredchinese: ya but i'm not home yet
20:24 boredchinese: still in the office
20:24 boredchinese: driver is late dunno y
20:24 Jhor        : hahaha gaddem playing in the office?
20:24 boredchinese: ye
20:24 Jhor        : noice
20:24 boredchinese: i was reading a book in the break room then fell asleep
20:24 Jhor        : Rob still there and sht?
20:24 boredchinese: rob left early today
20:24 Jhor        : woah
20:24 Jhor        : oh yeah lmao, how's your kindle thing
20:25 boredchinese: woops
20:25 boredchinese: actually dunno what to do in this game
20:26 Jhor        : well yeah, it's vanilla so we can't really do much
20:26 Jhor        : rn I'm just grinding end game stuff
20:26 Jhor        : then I think I've done all I could till we go ender dragon
20:27 boredchinese: kobe stil lhasn't refunded my minecart fak
20:27 Jhor        : you want some bows?
20:27 boredchinese: o i'd be useless tho don't have the gear
20:27 boredchinese: when is this gonna be
20:27 Jhor        : idk, whenever a lot of us are online I guess
20:28 Jhor        : I can help set you up with some enchantments
20:28 boredchinese: hmmm
20:28 Jhor        : we all pretty much have xp grinders now
20:39 boredchinese: wait i gotta leave driver is here
20:39 boredchinese: see ya joe gl with flying dood
