00:31 lolo_lola_69: gio
00:31 lolo_lola_69: naay tao sa inyo base
09:22 Johann    : better head on to class wax
09:22 Johann    : hahahahah
11:12 Giniguy   :  placed a sign @ world: x759, z-478
  ===============
  Fire Protection IV
  Merchant
  ===============
11:21 Giniguy   :  placed a sign @ world: x759, z-488
  ===============
  Loyalty III
  Merchant
  ===============
11:21 Giniguy   :  placed a sign @ world: x756, z-494
  ===============
  Knockback II
  Merchant
  ===============
11:21 Giniguy   :  placed a sign @ world: x756, z-492
  ===============
  Bookshelf
  Merchant
  ===============
11:21 Giniguy   :  placed a sign @ world: x756, z-490
  ===============
  Mending
  Merchant
  ===============
11:33 Giniguy   :  placed a sign @ world: x756, z-488
  ===============
  Quick Charge III
  Merchant
  ===============
11:33 Giniguy   :  placed a sign @ world: x756, z-486
  ===============
  Super Discount
  Book Merchant
  ===============
12:21 arcosanti placed suspicious WATER_BUCKET @ world: x502, z143
12:30 Jhor      : wax
12:33 lolo_lola_69: wax
12:34 lolo_lola_69: joe
12:34 Jhor        : ye?
12:35 lolo_lola_69: do u know 2b2t server
12:35 Jhor        : nope? what's that?
12:35 lolo_lola_69: oh
12:35 lolo_lola_69: its an "anarchy" server
13:47 Jhor        : vlad, saon gani pag heal ug zombie villager?
13:48 lolo_lola_69: splash potion of weakness
13:48 lolo_lola_69: nya golden apple
13:48 Jhor        : mu matter ang order?
13:49 Jhor        : noice
13:49 lolo_lola_69: yes
13:56 lolo_lola_69: joh
13:56 lolo_lola_69: saan ka po
13:56 Johann      : greetings
13:56 Johann      : undergorund
14:05 lolo_lola_69: oh no
14:06 lolo_lola_69: i lost the baby
14:06 lolo_lola_69: noooooo
14:06 Jhor        : wat
14:06 lolo_lola_69: zombie villager nga baby
14:06 lolo_lola_69: ako gi jail
14:06 lolo_lola_69: nya ni despawn
14:06 Jhor        : oh no
14:07 Jhor        : you want raid>
14:07 Jhor        : ?
14:08 Jhor        : nvm I got rid of it nlng haha
14:10 lolo_lola_69: joe
14:10 Jhor        : ye?
14:10 lolo_lola_69: naa raba baligya beacon sa new shop
14:10 lolo_lola_69: ug tridnet
14:10 Jhor        : ohh nice, idk how to use shop tho haha
14:11 lolo_lola_69: if u want to buy, just rmb
14:11 Jhor        : rmb?
14:11 lolo_lola_69: u rmb the sign
14:11 Jhor        : oh okay
14:11 Jhor        : how to make money tho
14:12 lolo_lola_69: nag sell ko smooth stone and andesite para money
14:12 lolo_lola_69: lmb sa sign
14:12 Jhor        : so spawn mana noh?
14:13 lolo_lola_69: .warp shop
14:13 lolo_lola_69: giusab
14:13 lolo_lola_69: old shop still tehre
14:13 Jhor        : ooh nice okay
14:17 Jhor        : mu change ba ang sellable items?
14:17 lolo_lola_69: idonthinkso
14:17 lolo_lola_69: i think kana sa atm
14:17 Jhor        : so always andesite and smooth stone?
14:17 lolo_lola_69: cobblestone man to sa old shop
