01:03 Giniguy   : test
01:03 Giniguy   : he
09:15 Kobeboy15 :  placed a sign @ world: x708, z121
  KILL ALL PHANTOM
13:51 RimuroTempest placed suspicious WATER_BUCKET @ world: x-923, z-874
14:46 Giniguy   : test
16:06 RimuroTempest placed suspicious WATER_BUCKET @ world: x-947, z-869
16:49 Jhor      : test
16:51 Jhor      : test
16:57 Jhor      : test
17:31 Jhor      : test
19:23 Giniguy   : testing
19:23 Giniguy   : is server ok?
19:27 Jhor      : slr, uhh so far it was fine
19:35 Giniguy placed suspicious WATER_BUCKET @ world: x768, z-490
19:45 kdremeds placed suspicious WATER_BUCKET @ world: x598, z-872
19:45 kdremeds placed suspicious WATER_BUCKET @ world: x597, z-871
19:45 kdremeds placed suspicious WATER_BUCKET @ world: x599, z-872
19:46 kdremeds placed suspicious WATER_BUCKET @ world: x599, z-872
19:48 Giniguy placed suspicious WATER_BUCKET @ world: x784, z-490
19:50 kdremeds  : hi kobe
19:50 Kobeboy15 : omg
19:50 Kobeboy15 : helo
20:00 Kobeboy15 :  placed a sign @ world: x757, z-114
  Shrine of
  Fortune
20:01 Kobeboy15 :  placed a sign @ world: x759, z-114
  Shrine of
  Fortune
20:10 Kobeboy15 :  placed a sign @ world: x830, z64
  Joaquin, more like
  ..... uhhh cool dud
20:11 Kobeboy15 :  placed a sign @ world: x692, z29
  CAPTAIN'S
  QUARTERS
20:29 RimuroTempest: test
20:58 Giniguy      : test
20:59 Giniguy      : discord vlad?
20:59 lolo_lola_69 : ok
21:13 lolo_lola_69 : test
21:15 lolo_lola_69 :  placed a sign @ world: x702, z5
  **********************
  GREEN DYE
  EXP FARM
  **********************
21:21 lolo_lola_69 : afk
21:43 Johann    : jfc
21:43 Johann    : abi nako skel
21:43 Giniguy   : wat
21:44 lolo_lola_69: oh shit
21:44 Giniguy     : lol
21:44 Johann      : yawa
21:44 Johann      : jfc vlad
21:44 lolo_lola_69: i was trying to shoot phantom
21:44 lolo_lola_69: u jump
21:44 lolo_lola_69: sry
21:44 Johann      : >:(
21:45 lolo_lola_69: did u actualy go ro 21km coffee thingy
21:45 Johann      : yes
21:45 Johann      : nice place
21:45 lolo_lola_69: wooooo
21:45 lolo_lola_69: dammmn
21:54 Giniguy     :  placed a sign @ world: x777, z-491
  d
21:58 Giniguy placed suspicious WATER_BUCKET @ world: x767, z-487
21:58 Giniguy placed suspicious WATER_BUCKET @ world: x785, z-493
22:02 Giniguy placed suspicious WATER_BUCKET @ world: x776, z-493
22:02 Giniguy placed suspicious WATER_BUCKET @ world: x775, z-487
22:23 Giniguy placed suspicious LAVA_BUCKET @ world: x777, z-490
22:33 Giniguy     : test
22:51 RimuroTempest placed suspicious WATER_BUCKET @ world: x573, z136
23:09 Giniguy placed suspicious WATER_BUCKET @ world: x776, z-492
