23:58 Giniguy     :  placed a sign @ world: x780, z-456
  Giniguy
  B200
  1
  Slime
23:58 Giniguy     :  placed a sign @ world: x780, z-456
  Giniguy
  B200
  1
  Slime Ball
23:58 Giniguy     :  placed a sign @ world: x780, z-456
  Giniguy Shop
  B200
  1
  Slime Ball
23:59 Giniguy     :  placed a sign @ world: x780, z-456
  Giniguy
  1
  B:200
  Slime
23:59 Giniguy     :  placed a sign @ world: x780, z-456
  Giniguy
  1
  B:200
  Slime Ball
00:00 Giniguy     : selling slime balls :)
00:00 Giniguy     : 200 pesos for 1 ^_^
00:02 Giniguy     : test
10:25 Kobeboy15 :  placed a sign @ world: x792, z-13
  HANNAH's
  HORSE
  PLEASE DO NOT
  HURT HER
10:29 Kobeboy15 :  placed a sign @ world: x792, z-13
  HANNAH'S
  HORSE
  PLEASE DO NOT
  HER
11:06 crystalgem: kobe did you still disable the monsters?
11:06 Kobeboy15 : uhhh what monsters?
11:06 Kobeboy15 : the phantoms?
11:07 crystalgem: i call them monsters sorry hehe like the zombies, creepers, etc
11:07 Kobeboy15 : oh, they aren't disabled :/
11:07 Kobeboy15 : is something up?
11:08 crystalgem: oh ok for a sec i they werent showing up
11:08 Kobeboy15 : ahhh okay okay
11:08 Kobeboy15 : actually I started spawning iron golems as a joke
11:08 Kobeboy15 : so maybe if theres less monsters, its probably cuz of them
11:08 crystalgem: what are golems hahahaha
11:09 Kobeboy15 : those big muscly type looking things
11:09 Kobeboy15 : that look like robots
11:10 Kobeboy15 : :(
11:10 crystalgem: oops
12:44 arcosanti : top of the morning laddy
12:49 lolo_lola_69: tahhello
12:49 lolo_lola_69: was afk
12:50 lolo_lola_69: afking again
12:50 arcosanti   : hahaha np
12:52 lolo_lola_69: bakc
13:02 lolo_lola_69: nibba
13:06 arcosanti   : HAHA
13:06 Kobeboy15   :  placed a sign @ world: x792, z-13
   HANNAH's
  HORSE PLEASE
  DO NOT HURT
  HER
13:06 arcosanti   : brb
13:08 lolo_lola_69:  placed a sign @ world: x817, z-2
  Sandfly Nood
  Beach
  No Armors pls
13:15 arcosanti   : OI
13:15 Kobeboy15   : <3
13:15 Kobeboy15   : i love u
13:16 arcosanti   : hahahaaha i know <3
13:16 arcosanti   : oh shit
13:16 arcosanti   : whats that edgy skin
13:16 Kobeboy15   : its samara
13:25 lolo_lola_69:  placed a sign @ world: x163, z-3668
  Mt. JohnSon
  9.22.2019
  The Throat of
  this World
13:45 arcosanti   : whats this thing beside the acrobatics farm
13:46 Kobeboy15   : your momo
13:46 Kobeboy15   : fuck
13:46 arcosanti   : hahahahaha what
13:46 arcosanti   : oh
13:46 arcosanti   : mom
13:46 arcosanti   : HAHA
13:48 arcosanti   : is this urs vlad
13:48 lolo_lola_69: nope
13:48 arcosanti   : cuz thers also this small tunnel
13:48 lolo_lola_69: hannah namde that
13:48 arcosanti   : ==oh
13:48 arcosanti   : hahaha do you know why?
13:48 lolo_lola_69: she was farming acrobatics
13:49 Kobeboy15   : *whispering to vlad* he's an idiot, he'll never know...
13:49 arcosanti   : hahahahaha
14:30 crystalgem  : joaquin?
14:30 arcosanti   : hola
14:30 crystalgem  : u busy?
14:30 arcosanti   : nope
14:30 arcosanti   : whats up?
14:30 crystalgem  : sleep?
14:30 arcosanti   : oh haha sure
14:30 crystalgem  : ty
14:30 crystalgem  : :)
14:30 arcosanti   : npnp
16:21 lolo_lola_69: sup
16:22 arcosanti   : making our beacon rn
16:22 lolo_lola_69: oooh where
16:22 arcosanti   : in front of the acrobatics farm
16:22 lolo_lola_69: hey panini
16:23 lolo_lola_69: dont dhu be a meanie
16:23 arcosanti   : HAHA
16:23 lolo_lola_69: wax i found a really tall mountain
16:23 lolo_lola_69: it was natural
16:23 arcosanti   : oh nice
16:23 arcosanti   : near?
16:23 lolo_lola_69: nope, tp
16:23 lolo_lola_69: ah nbvm
16:23 arcosanti   : doshte
16:24 lolo_lola_69: i reset the home
16:24 lolo_lola_69: fuck
16:24 arcosanti   : ah shit
16:24 arcosanti   : HAHAHA
16:27 lolo_lola_69: wax
16:27 lolo_lola_69: tp
16:27 lolo_lola_69: i founfit
16:27 arcosanti   : what the fuck
16:27 lolo_lola_69: im gonna make a elytra base here
16:27 lolo_lola_69: go to the top
16:27 arcosanti   : oooh
16:27 lolo_lola_69: hahaha
16:27 arcosanti   : dude this is
16:27 arcosanti   : way too tall
16:28 arcosanti   : the biome says shattered savana
16:28 lolo_lola_69: its overlooking 2 villages
16:28 arcosanti   : this is so cool
16:28 lolo_lola_69: oooh shit
16:28 arcosanti   : waaaaat
16:28 arcosanti   : where
16:28 lolo_lola_69: shattered
16:28 arcosanti   : ah
16:28 lolo_lola_69: thatts sssoooo cool
16:28 arcosanti   : one there
16:28 lolo_lola_69: 1 there
16:28 lolo_lola_69: 1 over there
16:28 lolo_lola_69: hre
16:28 arcosanti   : ooooh
16:29 lolo_lola_69: how did u know the biome name
16:29 arcosanti   : its in the f3 screen
16:29 lolo_lola_69: oooohduude
16:29 lolo_lola_69: the sun
16:29 lolo_lola_69: ooh shit
16:29 lolo_lola_69: thanks, i didnt know that
16:29 arcosanti   : praise the sun
16:29 arcosanti   : hahaha np
16:29 arcosanti   : how far is this
16:30 lolo_lola_69: not that far na sisnce we have elytras
16:30 lolo_lola_69: can u bring an empty mamp
16:30 arcosanti   : sure
16:30 arcosanti   : one sec
16:30 lolo_lola_69: okie
16:32 arcosanti   : sent a request
16:33 lolo_lola_69: oh sry
16:33 lolo_lola_69: i was watching webms
16:34 arcosanti   : i have paper to make it bigger
16:34 lolo_lola_69: nah i like it smol
16:34 lolo_lola_69: hehehe
16:34 arcosanti   : hahahaha
16:34 lolo_lola_69: ty
16:34 arcosanti   : np np
16:34 lolo_lola_69: did u sethome na
