23:57 Giniguy     : test
07:35 arcosanti placed suspicious WATER_BUCKET @ world: x251, z-784
15:00 lolo_lola_69: hello
15:00 big_tasty   : ayo
15:00 lolo_lola_69: do u want elytra hannah
15:00 big_tasty   : owo
15:01 big_tasty   : idk im scared hahaha
15:01 lolo_lola_69: ayt, if i go elytra hunting again ill tell u when i see one
15:01 big_tasty   : noice noice
15:03 lolo_lola_69:  placed a sign @ world: x452, z230
  Vlad was here
  Elytra gamiiiiing 
  Babbyyy
17:26 arcosanti : sleep?
17:26 crystalgem: sure
17:26 arcosanti : hahaha ty
17:26 crystalgem: no prob hahaha
17:39 crystalgem: lmk if you guys want to sleep again
17:41 arcosanti : yeah lets sleep haha
17:44 crystalgem: oops
17:44 crystalgem: was afk okay go
17:44 arcosanti : hahaha its okay
17:45 arcosanti : we're a little busy rn
17:45 arcosanti : you can go back to afk HAHA
17:45 crystalgem: no probs. i see the sun rising na
