08:47 Johann    : meow
08:48 arcosanti : nyan
09:47 lolo_lola_69: goood morning gamer
09:47 arcosanti   : hahahaha
09:47 arcosanti   : whats up gamers
09:47 lolo_lola_69: are u building ur house
09:47 arcosanti   : yep
09:52 lolo_lola_69: test
09:53 lolo_lola_69: wac
09:53 arcosanti   : ye?
09:53 lolo_lola_69: im lagging
09:53 lolo_lola_69: i cant ride my horse
09:53 lolo_lola_69: but the game thinks im on it
09:53 arcosanti   : oh sht
09:53 arcosanti   : yeah the same thing happened to me before
09:53 lolo_lola_69: oh nvm
09:53 lolo_lola_69: it updated na
09:53 arcosanti   : ah haha nice
09:56 lolo_lola_69: wax
09:57 lolo_lola_69: why is there ore
09:57 arcosanti   : ye?
09:57 lolo_lola_69: hahahaha
09:57 arcosanti   : hahaha cuz it looks cool
09:57 arcosanti   : like hes ripping out the earth
09:57 lolo_lola_69: did u silk touch thesse
09:57 lolo_lola_69: hahhaha
09:57 arcosanti   : yeep haha
09:57 lolo_lola_69: are u flying underwater
09:57 lolo_lola_69: hahahaha
09:58 arcosanti   : am i flying?
09:58 lolo_lola_69: the elytra opened
09:58 arcosanti   : i mean do i look like im flying?
09:58 lolo_lola_69: yee
09:58 arcosanti   : good shit good shit
10:01 arcosanti   : oh fuck
10:01 lolo_lola_69: do u know about kobe's admin corner
10:01 arcosanti   : admin corner?
10:01 arcosanti   : is it his shop?
10:01 lolo_lola_69: oh no
10:04 lolo_lola_69: wax
10:04 arcosanti   : ye?
10:04 arcosanti   : whats kobes admin corner?
10:04 lolo_lola_69: no must find it
10:04 arcosanti   : hahahahaha
10:04 lolo_lola_69: i mean
10:04 lolo_lola_69: it will find u
10:04 arcosanti   : nani
10:05 lolo_lola_69: when i thinks its time
10:05 arcosanti   : that sounds threatening HAHAHA
10:05 lolo_lola_69: it*
10:05 lolo_lola_69: it is
10:05 lolo_lola_69: hahahaha
10:05 lolo_lola_69: wax
10:05 lolo_lola_69: i wish u make ur house kinda open
10:05 lolo_lola_69: like elytra can fly through
10:05 lolo_lola_69: hehe
10:05 arcosanti   : ill try hahaha
10:07 arcosanti   : brb
10:07 arcosanti   : gonna get coco crunch
10:07 arcosanti   : OH
10:07 lolo_lola_69: dogfight
10:07 arcosanti   : HAHA
10:07 lolo_lola_69: ayt
10:07 arcosanti   : i almost shat my pants
10:07 arcosanti   : wait lemme get my crossbow
10:07 lolo_lola_69: ooooh
10:07 lolo_lola_69: ok
10:08 lolo_lola_69: ima comin
10:09 lolo_lola_69: ill give u a cluewax
10:09 lolo_lola_69: the admin corner is very close to ur atlas
10:09 arcosanti   : oh shit HAHA
10:09 lolo_lola_69: u can literally see it
10:10 arcosanti   : oh fuck i didnt get arrows
10:10 arcosanti   : is it the nether portal?
10:10 lolo_lola_69: hmmmm
10:10 lolo_lola_69: idk
10:10 lolo_lola_69: hehe
10:11 arcosanti   : holy shit
10:11 arcosanti   : vlad
10:11 arcosanti   : what is autistic lightning
10:11 arcosanti   : HAHAHA
10:11 lolo_lola_69: ye
10:11 arcosanti   : does that kill everything
10:11 arcosanti   : i dont wanna test it
10:11 lolo_lola_69: try it
10:11 arcosanti   : HAHA
10:11 lolo_lola_69: u will know
10:11 arcosanti   : why are you standing so far
10:11 arcosanti   : in the corner
10:11 lolo_lola_69: the pooooowwweeeer
10:12 arcosanti   : HAHA
10:12 arcosanti   : i forgot it was a lever
10:12 arcosanti   : so i was wondering when it would end
10:12 lolo_lola_69: hahaha
10:12 arcosanti   : FUCK
10:12 arcosanti   : that was close
10:13 lolo_lola_69: seeee
10:13 arcosanti   : hahahaha
10:13 lolo_lola_69: then there's this
10:13 arcosanti   : ho boy
10:13 arcosanti   : HAHA
10:13 arcosanti   : ah it was underground
10:13 lolo_lola_69: oh
10:14 arcosanti   : he didnt make the rest of these work yet?
10:14 lolo_lola_69: they were working'
10:15 lolo_lola_69: but the mortals found the place
10:15 arcosanti   : HAHA
10:15 lolo_lola_69: he just romoved the functions of the others
10:15 arcosanti   : were these buttons too powerful
10:15 lolo_lola_69: he had a button that gave the lvl 10K pickaxe
10:15 arcosanti   : OOH
10:17 arcosanti   : hahaha okay brb
20:23 Kobeboy15 :  placed a sign @ world: x835, z70
  wAx
  smeels
21:50 crystalgem: :(
22:14 Kobeboy15 : hey jo, sorry the server was down for a while
22:14 Johann    : its cool dude
22:20 Kobeboy15 :  placed a sign @ world: x675, z35
  Fuck, I dont know
  how to build a
  port -Kobe
22:40 Kobeboy15 : you guys dont mind if I clear hostiles in the server right? Im working on something at my base...
22:40 Kobeboy15 : oh hmmmm
22:41 Johann    : hahah
22:41 Johann    : cool
22:41 Kobeboy15 : can i?
22:41 Johann    : sure thing dude
22:41 Kobeboy15 : thanks
