00:11 Giniguy placed suspicious WATER_BUCKET @ world: x779, z-476
00:29 Johann placed suspicious LAVA_BUCKET @ world: x737, z-187
00:45 big_tasty   : F
00:45 kdremeds    : SAD
00:49 arcosanti   : fkritz
00:49 arcosanti   : lets sleep
00:57 Giniguy   : isnt it morning?
00:57 arcosanti : it is
00:57 Giniguy   : oh
00:58 Giniguy   : do you guys have 4 dark oak saplings?
00:58 arcosanti : ye we do
00:58 Giniguy   : may I? :D
00:58 big_tasty : 5 diamond
00:58 Giniguy   : oh wait
00:58 Giniguy   : nvm
00:58 Giniguy   : hahaha
00:58 big_tasty : jk HAHAHA
00:58 Giniguy   : hoi
00:58 Giniguy   : its ok haha
00:59 Giniguy   : we're planning to go on adventure
00:59 Giniguy   : hopefully we'll find some maps and stuff
00:59 arcosanti : theres dark oak east of vlads house
00:59 Giniguy   : aaah
00:59 Giniguy   : thanks :D
00:59 arcosanti : np np
00:59 arcosanti : theyre a little far
01:00 Giniguy   : its ayt
01:00 Giniguy   : do you guys have any idea who the interloper was?
01:00 arcosanti : interloper?
01:00 Giniguy   : i mean
01:01 Giniguy   : the guy who destroyed
01:01 Giniguy   : the area
01:01 arcosanti : nah everyones just guessing who it is
01:01 Giniguy   : i think he destroyed my chest
01:01 arcosanti : oh shit
01:01 arcosanti : was ur chest near spawn
01:01 Giniguy   : nope
01:01 arcosanti : hmm
01:01 Giniguy   : i thought it was johann
01:01 arcosanti : thats where he did his shit
01:01 Giniguy   : cuz he had /trust
01:02 Giniguy   : only he or fritzie had authority
01:02 Giniguy   : i mean FKritz
01:02 arcosanti : hmmm
01:02 arcosanti : yeah idk jud
01:03 Giniguy   : im lagging lol
01:03 Giniguy   : you guys sleeping?
01:03 arcosanti : we can
01:03 Giniguy   : we're ready when you are :D
01:13 Giniguy   : the lag is real
01:18 Giniguy   : wanna sleep?
01:43 FKritz placed suspicious SALMON_BUCKET @ world: x1080, z-1342
01:43 Giniguy placed suspicious SALMON_BUCKET @ world: x1081, z-1346
02:05 Giniguy   : uhm
02:05 Giniguy   : guys?
02:05 Giniguy   : u ugys there
02:05 arcosanti : ye?
02:05 arcosanti : ooh
02:05 Giniguy   : we found underwater temple
02:05 arcosanti : didnt see ur msgw
02:05 arcosanti : oh niiice
02:05 Giniguy   : we need ur help
02:05 Giniguy   : XD
02:05 Giniguy   : i'll just mark the coordinates
02:05 arcosanti : hahahaha
02:06 arcosanti : i dont think we're ready for that
02:06 Giniguy   : i'll place coordinates in discord
02:39 arcosanti :  placed a sign @ world: x499, z169
  Do not under ANY
  circumstance
  break the fence
02:39 arcosanti :  placed a sign @ world: x496, z169
  Do not under ANY
  circumstance
  break the fence
02:49 arcosanti : huhu
02:49 arcosanti : idky you cant hear me
10:40 kdremeds  : yo
10:40 Kobeboy15 : yo
12:27 kdremeds  : WHAT
13:10 Kobeboy15 : "/warp shop"
13:11 kdremeds  : ty
13:11 Kobeboy15 : :3
13:11 kdremeds  : what does b and s mean
13:11 Kobeboy15 : buy || sell
13:12 Kobeboy15 : left click I think may be sell
13:12 kdremeds  : those are the only things i can buy?
13:12 Kobeboy15 : yeah, rob didnt like the idea of selling too much :/
13:12 kdremeds  : oh lol
13:12 kdremeds  : what do you think?
13:12 Kobeboy15 : i kinda wanna sell more
13:12 kdremeds  : how to sell ?
13:13 kdremeds  : same hahaha
13:13 kdremeds  : so less useless stuff
13:13 Kobeboy15 : yeah left click to sell
13:13 kdremeds  : how to sell ?
13:13 Kobeboy15 : click on the sign
13:13 kdremeds  : dont have enough items
13:13 kdremeds  : whut
13:13 Kobeboy15 : what???
13:13 kdremeds  : oh damn
13:13 kdremeds  : its nugget
13:13 Kobeboy15 : iron ingot on the right
13:13 kdremeds  : lol
13:13 Kobeboy15 : ahh
13:13 Kobeboy15 : hahaha
13:14 kdremeds  : damn diamond so mahal
13:14 kdremeds  : HAHAH
13:14 Kobeboy15 : ANG ANG
13:14 kdremeds  : isnt it better to buy and sell things? like
13:14 kdremeds  : wdyt
13:14 kdremeds  : hahah
13:15 Kobeboy15 : yeah it is, but rob wanted a vanilla experience
13:15 kdremeds  : oh okay then hahah
13:15 Kobeboy15 : so he limited the things to buy and sell
13:15 Kobeboy15 : some people agreed
13:15 Kobeboy15 : so I guess I cant say much
13:15 Kobeboy15 : the hard part I think lang jud is how to balance the prices
13:16 Kobeboy15 : ah damn
13:16 kdremeds  : what is this
13:16 Kobeboy15 : server restart
13:16 Kobeboy15 : 15 min
13:16 kdremeds  : so how long?
13:16 Kobeboy15 : the restart?
13:16 kdremeds  : i mean till i can play again?
13:16 Kobeboy15 : 20 sec
13:17 Kobeboy15 : if I updated the launcher then maybe 2-5 seconds
13:17 Kobeboy15 : so my bad
13:17 kdremeds placed suspicious WATER_BUCKET @ world: x629, z-894
13:21 kdremeds placed suspicious WATER_BUCKET @ world: x659, z-909
13:22 lolo_lola_69: heello
13:22 kdremeds    : yo
13:22 lolo_lola_69: if makakita mog zombie villager, palihug ko ayaw patya haha
13:23 kdremeds    : kita ko ganiha
13:23 kdremeds    : wala nako gi patay
13:23 lolo_lola_69: kibaw ka asa?
13:23 kdremeds    : nawala naman ganiha rato hahaha
13:23 lolo_lola_69: aw
13:26 kdremeds    : kinsay maka hatag foods
13:26 kdremeds    : haha
13:26 lolo_lola_69: asa ka
13:27 kdremeds    : house ra
13:27 lolo_lola_69: asa dapit
13:27 kdremeds    : tp lang
13:27 lolo_lola_69: ok
13:27 kdremeds    : pls ayaw ko patya or guba ako butang
13:27 kdremeds    : hahah
13:28 kdremeds    : ty
13:28 kdremeds    : haha
13:28 lolo_lola_69: np
13:28 kdremeds    : daghana lamat bai
13:28 lolo_lola_69: oi nice
13:28 lolo_lola_69: duol ra ka sa village amo gi defend
13:28 kdremeds    : inyuha diay ni haha
13:28 lolo_lola_69: ou haha
13:29 lolo_lola_69: daghan na villages nga discorvers
13:29 lolo_lola_69: ed*
13:29 lolo_lola_69: raid
13:29 lolo_lola_69: wtf
13:29 kdremeds    : nganu ni
13:29 kdremeds    : ay wait
13:29 lolo_lola_69: naa ka bad omen ganiha?
13:29 kdremeds    : ako mana
13:29 kdremeds    : HAHAH
13:29 kdremeds    : OO
13:29 lolo_lola_69: ok ra
13:29 kdremeds    : unsaon ni
13:29 lolo_lola_69: patyon nato tanan pillager
13:30 kdremeds    : wa koy nakit an
13:30 Kobeboy15   : alright boys
13:30 Kobeboy15   : dont drop ya stuff
13:30 kdremeds    : aight
13:30 lolo_lola_69: kobe help us
13:30 kdremeds    : so quit sa ko server?
13:30 Kobeboy15   : ah no need
13:30 Kobeboy15   : it'll kick you out
13:31 Kobeboy15   : :)
13:31 lolo_lola_69: automatic ra kim
13:32 kdremeds  : oy nice
13:34 kdremeds  : oy balik
13:34 lolo_lola_69: gasugod na raid
13:35 kdremeds    : lauaya way sakit man ko HAHAHA
13:36 lolo_lola_69: 4th wave
13:36 kdremeds    : TABANG
13:37 kdremeds    : NAKA SUD
13:37 lolo_lola_69: holy shit ravager
13:37 kdremeds    : kayata sakita
13:38 lolo_lola_69: 5th wave bois
13:39 lolo_lola_69: 6th
13:39 kdremeds    : pila diay ka raid
13:41 kdremeds    : hjere
13:41 lolo_lola_69: wheres my items
13:41 Kobeboy15   : here
13:41 lolo_lola_69: my diamond tools
13:41 lolo_lola_69: hahha
13:41 Kobeboy15   : fuck soo much sttuffs
13:42 kdremeds    : not mine
13:42 kdremeds    : wtf
13:42 Kobeboy15   : daaamiiit
13:42 lolo_lola_69: unahon unta ang katung mu spawn vex
13:43 kdremeds    : unsay gamit ani totem
13:44 Kobeboy15   : hahahah
13:44 lolo_lola_69: oh no
13:44 lolo_lola_69: 2 villagers
13:44 kdremeds    : HAHAH
13:44 lolo_lola_69: fuck defear
13:44 lolo_lola_69: deafeat
13:44 kdremeds    : SO WE LOST?
13:44 lolo_lola_69: ye
13:44 kdremeds    : damn
13:44 kdremeds    : i didnt hit them tho
13:45 lolo_lola_69: fuck my xp
13:45 lolo_lola_69: from 32 to 2
13:45 lolo_lola_69: rip
13:45 Kobeboy15   : to be fair, I hit em, but they didnt die :/
13:45 lolo_lola_69: ye
13:45 lolo_lola_69: i killed 1
13:45 kdremeds    : your weapons too op
13:45 kdremeds    : HAHAHA
13:45 lolo_lola_69: ay joe
13:45 Jhor        : hallo
13:45 lolo_lola_69: we can breed them
13:45 lolo_lola_69: at least napa ta duha
13:45 lolo_lola_69: 2 villagers
13:46 kdremeds    : time to look for zombie village?
13:46 lolo_lola_69: no need
13:46 lolo_lola_69: pwede ra breed
13:49 kdremeds    : oy
13:49 kdremeds    : naa ko zombie vilalger
13:49 kdremeds    : tp nako
13:49 lolo_lola_69: naa ka apple?
13:50 lolo_lola_69: we needs an apple
13:50 kdremeds    : shitill look
13:50 lolo_lola_69: naa ko splash potion of weakness ug gold
13:51 kdremeds    : imu gi patay lagi
13:51 kdremeds    : hahah
13:51 lolo_lola_69: ay di to villager oi
13:51 lolo_lola_69: husk to
13:51 kdremeds    : sure oy
13:51 kdremeds    : mura man HAHAHA
13:51 Jhor        : why do I have 4 skeleton horses in my animal farm haha
13:51 lolo_lola_69: dessert zombie
13:53 lolo_lola_69: naa raba desert village dri kim
13:53 kdremeds    : yes naa haha
13:53 kdremeds    : kita ko ganiha
13:54 kdremeds    : why diay
13:54 lolo_lola_69: nice
13:54 lolo_lola_69: naka raid nasad mi didto
13:54 kdremeds    : lisud e raid may sakit ako butang haha
13:54 kdremeds    : mine sa ko oy
13:54 lolo_lola_69: cge
13:57 lolo_lola_69: kim naay dimond pickaxe na drop ganiha?
13:57 lolo_lola_69: enchanted
13:57 kdremeds    : wala ko ka kuha akoa walay enchant
13:57 kdremeds    : haha
13:57 kdremeds    : basin naa ni kohbe
13:57 kdremeds    : kobe
13:57 lolo_lola_69: aw
13:57 lolo_lola_69: cge
13:58 kdremeds    : kayata naa ice terrain
13:58 kdremeds    : wtf
14:11 Jhor        : vlad, gi reset ba ang server to a previous save?
14:11 lolo_lola_69: ya ni revert
14:11 lolo_lola_69: dugay na
14:11 Jhor        : aw mao diay na wala akong uban stuff haha
14:12 lolo_lola_69: yee
14:12 Jhor        : do you know sad why I have skele horses?
14:12 lolo_lola_69: naay ni span sa imong ranch
14:12 Jhor        : hahaha inyong gi patay ang mga skele?
14:13 lolo_lola_69: ye
14:13 Jhor        : nice nice haha
14:22 Jhor placed suspicious WATER_BUCKET @ world: x434, z7
14:25 Giniguy     : hi
14:25 Giniguy     : im in discord btw
14:26 lolo_lola_69: naa koy dog gio haha
14:26 lolo_lola_69: lagi
14:26 lolo_lola_69: akong gi lead
14:26 lolo_lola_69: samuk kaayu
14:26 Giniguy     : test
14:28 kdremeds    : wait nag vc mi sa ako uyab
14:29 lolo_lola_69: naka raid nakog water temple
14:29 lolo_lola_69: kapu
14:29 lolo_lola_69: y
14:29 lolo_lola_69: aw, samuka lagi ni raid ko water temple ako ra isa
14:39 Jhor placed suspicious COD_BUCKET @ world: x425, z97
14:39 Jhor placed suspicious WATER_BUCKET @ world: x425, z92
14:48 Giniguy     : go discord kim
14:48 kdremeds    : talking to gf
14:48 Giniguy     : we in the ocean
14:48 Giniguy     : later when we're on land
14:48 kdremeds    : oh okay haha
14:51 Jhor placed suspicious COD_BUCKET @ world: x425, z91
14:51 Jhor placed suspicious COD_BUCKET @ world: x425, z91
14:51 Jhor placed suspicious COD_BUCKET @ world: x425, z91
14:52 Jhor placed suspicious COD_BUCKET @ world: x425, z91
14:52 Jhor placed suspicious COD_BUCKET @ world: x425, z91
14:52 Jhor placed suspicious COD_BUCKET @ world: x425, z91
15:13 lolo_lola_69: kill the guy with the nautilusshell
15:15 lolo_lola_69: i tped home
15:23 lolo_lola_69: lisud kaayu ang drop rate sa trident
15:25 lolo_lola_69: oh shit
15:28 Giniguy     : test
15:33 Giniguy     : test
15:53 Giniguy     : test
15:54 kdremeds    : test
16:57 Giniguy   : kob
16:57 Giniguy   : kobe
18:51 Giniguy   : test
20:06 lolo_lola_69: muted
20:06 lolo_lola_69: saba kaayu dri
20:08 lolo_lola_69: low ko
20:08 lolo_lola_69: dli
20:09 lolo_lola_69: ty
20:10 lolo_lola_69: wla ravager
20:10 lolo_lola_69: gio
20:10 lolo_lola_69: crossbow
20:10 lolo_lola_69: ali
20:10 lolo_lola_69: luyo nimo
20:10 lolo_lola_69: oh no
20:10 lolo_lola_69: i killed the villager
20:10 lolo_lola_69: by accident
20:12 lolo_lola_69: read the chtat
20:12 lolo_lola_69: hahahaha
20:12 lolo_lola_69: ni agi siya sa atubangan
20:12 lolo_lola_69: nya nag aim kos ravager
20:12 lolo_lola_69: nya power 5 raba ni akoa bow
20:13 lolo_lola_69: gio gnahan ka flame bow
20:13 lolo_lola_69: na drop sa skeleton
20:13 lolo_lola_69: tp nya nako
20:13 lolo_lola_69: akoa nang horse
20:17 Johann      : raiders!
20:17 Johann      : hahahhaa
20:29 kdremeds    :  placed a sign @ world: x633, z-902
  wood
20:32 kdremeds    :  placed a sign @ world: x632, z-902
  MINERALS
20:32 kdremeds    :  placed a sign @ world: x633, z-902
  STONE
20:32 kdremeds    :  placed a sign @ world: x632, z-902
  ETC.
20:33 kdremeds    :  placed a sign @ world: x627, z-904
  Kdremed's House
20:37 kdremeds    :  placed a sign @ world: x632, z-902
  stones
20:37 kdremeds    :  placed a sign @ world: x633, z-902
  etc.
20:54 Giniguy     : is that
20:54 Giniguy     : kobe?
21:24 kdremeds placed suspicious WATER_BUCKET @ world: x666, z-911
21:24 kdremeds placed suspicious WATER_BUCKET @ world: x666, z-913
21:24 kdremeds placed suspicious WATER_BUCKET @ world: x666, z-915
21:25 Giniguy     : afk ko for while
21:26 kdremeds    :  placed a sign @ world: x630, z-902
  FOOD
21:29 kdremeds    : brb
21:34 lolo_lola_69: brb, tug ko kadyot
22:34 Giniguy     : karon pa ko, mo tan.aw si mama ug kdrama
22:34 Giniguy     : grim reaper?
22:34 Giniguy     : ug goblin?
22:34 Giniguy     : kuya ay
22:40 kdremeds placed suspicious WATER_BUCKET @ world: x634, z-883
22:50 Giniguy     : stop
22:51 Giniguy     : whoever you are
23:18 Giniguy placed suspicious WATER_BUCKET @ world: x783, z-467
