10:16 Johann    :  placed a sign @ world: x727, z-177
  Lick
  Laugh 
  Love
13:46 Johann    : dread it
13:46 Johann    : run from it
13:46 lolo_lola_69: naa lagi raid
13:46 Johann      : naabot na gyud ang demonyo
13:46 lolo_lola_69: :D
13:46 Johann      : aw yeah
13:46 Johann      : accident
13:46 Johann      : wanna help me?
13:46 Johann      : hahahhahahah
13:46 lolo_lola_69: ta
13:46 Johann      : hold on
13:46 Johann      : ako sa ni replyan akong teacher
13:46 lolo_lola_69: i was going to run around the track unta
13:46 Johann      : feel free to attack
13:48 Johann      : tatata
13:48 Johann      : i will go inside discord
13:48 lolo_lola_69: im in ur little tunne;
13:55 Jhor        : lmao literally encounter 12 illager patrols stacked together
13:55 lolo_lola_69: ahaha
13:55 Johann      : a grand army marches!
13:55 lolo_lola_69: asa
13:56 Jhor        : killed them all na haha
13:56 Jhor        : sa desert
13:56 Jhor        : wtf there is more
13:58 Jhor        : I now have 16 banners
13:58 Jhor        : make that 17
13:59 Jhor        : 18
