18:51 boredchinese: hello white man
18:52 boredchinese: gen eat the crust
18:52 boredchinese: no waste children of africa could've eaten the crust
18:56 Kobeboy15   :  placed a sign @ world: x652, z2
  WTF?
  - Thundergod
20:42 Giniguy     : test
20:44 Giniguy     : test
20:46 Giniguy     : aw
20:59 Kobeboy15   : yall mind if jesus makes it morning?
21:28 Kobeboy15   : joh, does you use the shop?
21:28 Johann      : yes
21:28 Johann      : thats how i got the beacon hhahahha
21:31 Kobeboy15   :  placed a sign @ world: x297, z314
  Admin Shop
  5
  B 150
  Firework_Rocket
21:53 Kobeboy15   :  placed a sign @ world: x712, z121
  SPAWN ARENA
21:53 Kobeboy15   :  placed a sign @ world: x710, z121
  CLEAR ARENA
