11:36 lolo_lola_69: sssup
11:36 arcosanti   : hola
11:36 arcosanti   : im trying to finish gians house hahaha
11:36 lolo_lola_69: wh
11:38 arcosanti   : hahahha
11:40 lolo_lola_69: wax do u know how to make creepr farm
11:40 arcosanti   : i dont think there can be a creeper farm
11:41 arcosanti   : cuz i dont think theres anything specific about creeper spawn conditions
11:41 lolo_lola_69: :(
11:41 arcosanti   : so you'd have to make a generic mosnter spawner
11:41 arcosanti   : oh we dont have that
11:41 lolo_lola_69: ill look up online llater
11:42 arcosanti   : ayt imma head out
11:43 arcosanti   : cya guys later
11:43 lolo_lola_69: ayt
11:52 lolo_lola_69: ooh no
11:53 crystalgem  : im okay
11:53 lolo_lola_69: ok
11:53 crystalgem  : i was just by my house hahaha
11:54 lolo_lola_69: ah ok
12:10 crystalgem  : vlad?
12:10 crystalgem  : is it possible for bambook to grow indoor in a pot?
12:27 lolo_lola_69:  placed a sign @ world: x658, z-174
  SLR, afk me
  bamboo no grow 
  in pot
  -v;lad
13:16 Johann      : hi
13:16 Johann      : :D
13:16 crystalgem  : haaaaan
13:16 crystalgem  : hi sorry i was afk
13:16 Johann      : lol
13:16 Johann      : u wanna do anything?
13:18 crystalgem  : han
13:18 crystalgem  : discord?
13:19 Johann      : ta
13:20 crystalgem  : cge go
13:20 Johann      : in the tower na
14:38 crystalgem  : thanks vlad. :)
14:38 lolo_lola_69: haha, no probs
15:29 crystalgem: yup my gold is gone
15:29 Johann    : did anyone else come online?
15:29 crystalgem: just vlad
15:29 Johann    : patay ka
15:29 crystalgem: why?
15:29 Johann    : maybe vlads a stealer!
15:30 crystalgem: murag someone else was online
15:30 crystalgem: probs went offline shortly after i was
15:30 crystalgem: but all i remember is vlad online
15:30 crystalgem: and you
15:30 Johann    : how much gold was it?
15:30 crystalgem: i think like 27
15:30 Johann    : yikes
15:30 crystalgem: basta double digit
15:31 crystalgem: yeah
15:31 Johann    : idk how to help bubu
15:31 crystalgem: its okay..
15:31 crystalgem: sigh
15:31 crystalgem: i never brought my gold baya
15:31 crystalgem: even those times i died
15:31 crystalgem: i never brought it
15:32 crystalgem: omg
15:32 crystalgem: enderman
15:32 crystalgem: fucking scaryyyyyyyyy
15:33 crystalgem: that gave me a headache HAHAHHAHA
15:33 Johann    : ill go back to studying now buubu
15:33 crystalgem: okay han
15:41 Johann    : yeah this is some hacker shit bubu
15:41 Johann    : ill ask kobe nya
15:41 crystalgem: :(
15:41 Johann    : his program can check who logged in
15:41 crystalgem: what does hacker shit mean
15:41 Johann    : stealers
15:41 crystalgem: i was gonna try to protect it
15:41 crystalgem: but
15:41 crystalgem: i noticed
15:41 crystalgem: my gold is gone
15:42 crystalgem: then emeralds minutes ago...
15:42 crystalgem: stealers from this server?
15:42 Johann    : yeah it happened before daw
15:42 crystalgem: so like friends ra?
15:42 Johann    : no
15:42 Johann    : like
15:43 Johann    : hmmm
15:43 crystalgem: random people
15:43 Johann    : people who just go into random ports
15:43 Johann    : hen steal shit
15:43 crystalgem: sad :(((
15:43 Johann    : using minecraft hacker mods
15:43 Johann    : will get ready na
15:44 crystalgem: okay Han
18:22 big_tasty placed suspicious WATER_BUCKET @ world: x498, z162
18:22 big_tasty placed suspicious WATER_BUCKET @ world: x505, z153
18:29 lolo_lola_69: test
18:29 lolo_lola_69: 1
18:29 crystalgem  : guess what
18:29 lolo_lola_69: what
18:29 arcosanti   : nani
18:29 crystalgem  : my gold and emerlads were stolen :D
18:29 lolo_lola_69: wtf
18:29 arcosanti   : oh wtf
18:29 lolo_lola_69: sure oi
18:30 crystalgem  : yeah all gone. luckily, my diamonds are here pa
18:30 lolo_lola_69: i didnt touch ur chests
18:30 crystalgem  : yeah. idk why im v bad luck here hahaha
18:30 crystalgem  : joh thinks its hackers
18:30 lolo_lola_69: when man it happen
18:30 crystalgem  : today lang i think
18:31 crystalgem  : didnt think much cause i was moving stuff around
18:31 lolo_lola_69: claim ur place kylah haha
18:31 crystalgem  : could even be yesterday
18:31 crystalgem  : yeah i tried ganina. idk how. i will later when johann gets home
18:31 crystalgem  : is there a way to dye terracotta?
18:32 arcosanti   : yep
18:32 crystalgem  : NICE
18:32 arcosanti   : put dye in the center then terracota all around
18:32 crystalgem  : thank you!! hehe
18:33 arcosanti   : you can smelt it again to give it a design
18:33 crystalgem  : yup that was the plan :D
18:35 crystalgem  : vlad you can get your sign back
18:35 lolo_lola_69: nah, its ok
18:35 crystalgem  : and if any of you guys want a dropper, i have one
18:35 crystalgem  : i have no use for it
18:46 lolo_lola_69: test
18:47 lolo_lola_69: johanns sheep farm makin me alg
18:47 lolo_lola_69: lag
18:47 arcosanti   : hahaha im lag too
18:48 crystalgem  : yeah it lags over there when i use my shears lol
18:48 arcosanti   : etst]
18:48 arcosanti   : sleep?
18:48 lolo_lola_69: its kille time
18:48 crystalgem  : im not lag
18:49 lolo_lola_69: tshleep shleep
18:49 big_tasty   : joaquin afk
18:49 lolo_lola_69: ok
18:50 arcosanti   : okay im here
18:50 lolo_lola_69: ooh boi
18:50 lolo_lola_69: lag'
18:50 lolo_lola_69: test
18:50 lolo_lola_69: tok in bed'
18:56 lolo_lola_69: im currently 2hrs into pewds 12 hr stream
