22:33 Giniguy   : test
22:37 lolo_lola_69 placed suspicious LAVA_BUCKET @ world: x482, z-251
22:37 lolo_lola_69 placed suspicious LAVA_BUCKET @ world: x487, z-251
22:37 lolo_lola_69 placed suspicious LAVA_BUCKET @ world: x491, z-249
22:37 lolo_lola_69 placed suspicious LAVA_BUCKET @ world: x493, z-245
22:37 lolo_lola_69 placed suspicious LAVA_BUCKET @ world: x493, z-240
22:37 lolo_lola_69 placed suspicious LAVA_BUCKET @ world: x491, z-236
22:37 lolo_lola_69 placed suspicious LAVA_BUCKET @ world: x486, z-234
22:37 lolo_lola_69 placed suspicious LAVA_BUCKET @ world: x482, z-234
22:37 lolo_lola_69 placed suspicious LAVA_BUCKET @ world: x478, z-236
22:37 lolo_lola_69 placed suspicious LAVA_BUCKET @ world: x476, z-240
22:37 lolo_lola_69 placed suspicious LAVA_BUCKET @ world: x476, z-245
22:37 lolo_lola_69 placed suspicious LAVA_BUCKET @ world: x478, z-249
22:37 lolo_lola_69 placed suspicious LAVA_BUCKET @ world: x479, z-243
22:37 lolo_lola_69 placed suspicious LAVA_BUCKET @ world: x489, z-239
22:37 lolo_lola_69 placed suspicious LAVA_BUCKET @ world: x490, z-242
22:37 lolo_lola_69 placed suspicious LAVA_BUCKET @ world: x489, z-246
22:37 lolo_lola_69 placed suspicious LAVA_BUCKET @ world: x486, z-246
22:37 lolo_lola_69 placed suspicious LAVA_BUCKET @ world: x484, z-242
22:37 lolo_lola_69 placed suspicious LAVA_BUCKET @ world: x483, z-241
22:39 lolo_lola_69 placed suspicious LAVA_BUCKET @ world: x484, z-243
22:41 Giniguy   : test
22:42 lolo_lola_69: na ka visit na mo sa latest extension sa wall?
22:42 Giniguy     : i think?
22:42 Giniguy     : mao tong under construction?
22:42 lolo_lola_69: ou
22:42 Giniguy     : yes kita ko
22:43 lolo_lola_69: nay bago tower
22:43 lolo_lola_69: naa man unta giant sa ilawm sa tower
22:43 lolo_lola_69: pero mag sige despawn
22:43 Giniguy     : giant?
22:43 lolo_lola_69: giant nga zombie
22:43 lolo_lola_69: wlay AI, model ra
22:43 Giniguy     : aah
22:44 Giniguy     : despawn??
22:45 lolo_lola_69 placed suspicious LAVA_BUCKET @ world: x550, z-174
22:48 Giniguy     : sleep ta kadiyut vlad
22:48 lolo_lola_69: ok
22:48 Giniguy     : ty
22:53 lolo_lola_69:  placed a sign @ world: x756, z-256
  **********************
  Vlads
  were here
  **********************
22:55 Giniguy     : wtf?
22:55 Giniguy     : kobe?
22:56 Giniguy     : hoi
22:56 Giniguy     : yo wtf
22:56 lolo_lola_69: we're making the wall
22:56 Giniguy     : wtf?
22:56 Giniguy     : is kobe online?
22:56 lolo_lola_69: gahapn
22:56 Giniguy     : aaah
22:56 lolo_lola_69: ay last time i was on
22:56 lolo_lola_69: nag himo mi
22:56 lolo_lola_69: creative ko
22:57 Giniguy     : creepy nimo oi hahaha
22:57 Giniguy     : a black guy flying
22:57 Giniguy     : random items dropping
22:57 lolo_lola_69: hahhahaa
22:57 lolo_lola_69: tanawa nya ang village ni johan
22:57 lolo_lola_69: ay kanang dapit sa inyoha
22:57 lolo_lola_69: spruce
22:57 Giniguy     :  placed a sign @ world: x775, z-393
  Village
  of the 
  Banished
22:58 Giniguy     : coming
22:58 Giniguy     : wtf
22:58 Giniguy     : dakoas anal beads
22:58 lolo_lola_69: anal beads
22:58 Giniguy     : hahahaha
22:58 Giniguy     : maghimo kog fantasy lore sa amung gihimo
22:59 lolo_lola_69: wp
22:59 lolo_lola_69: naa raba emoji sa latesttower
22:59 lolo_lola_69: hahahaha
22:59 Giniguy     : latest tower?
22:59 lolo_lola_69: sa new extension
22:59 Giniguy     : coming
22:59 Giniguy     : ngano naay flame?
22:59 lolo_lola_69: good luck peeps
22:59 lolo_lola_69: good ight
23:00 Giniguy     : red cross?
