00:15 renzosy       : .home
00:15 renzosy       : my bad
00:27 Johann        : rob
00:27 Johann        : how much
00:27 Mangaboy5398  : yessir
00:27 Johann        : was island hoppiong
00:27 Mangaboy5398  : 5k
00:27 Johann        : dammn
00:27 Johann        : not bad
00:27 Johann        : then divided by?
00:28 Mangaboy5398  : 11
00:28 Johann        : how to math
00:28 Mangaboy5398  : it was around 400+
00:28 Johann        : how much did you pay
00:28 Johann        : not bad dude
00:28 Johann        : -jots down notes-
00:47 Mangaboy5398  : oh shit gian
00:47 Mangaboy5398  : i kinda harvested your farm for you :(
00:47 jonnski       : rob do you want free obsidian
00:47 Mangaboy5398  : i'mgood sir
01:17 amubawrnaw21  : 69
01:38 Arrchiiee :  placed a sign @ world: x442, z351
  Mine Shaft
02:12 Haowix    : ptp accept
10:16 imololakanding: hello
10:16 Johann        : gud am hahahhahah
10:41 jonnski       : lex
10:41 jonnski       : disc?
10:42 jicoboy       : stfu
10:42 jonnski       : saba dira uy
10:42 jicoboy       : busy pa si alexis
10:44 imololakanding: i'm in discord na
10:45 JezT          : lex
10:45 JezT          : asa ka
10:45 JezT          : animal
10:45 JezT          : how do i go to u
10:45 imololakanding: adto discord
11:08 jonnski placed suspicious LAVA_BUCKET @ world: x1042, z-270
12:02 Johann        : jfc
12:02 Johann        : home
12:02 jonnski       : HAHAHAHA
12:34 RedKGB        : hoy alexoid
12:38 RedKGB        : psh
12:38 jicoboy       : very humbling home
12:39 jicoboy       : come here
12:39 RedKGB        : HAHAH
12:39 jicoboy       : wear
12:39 jicoboy       : it
12:39 RedKGB        : yes master
12:39 RedKGB        : kita mo skin ko?
12:40 jicoboy       : help me get wood
12:41 RedKGB        : wait
12:41 RedKGB        : login me
12:41 RedKGB        : discord
12:41 jicoboy       : gesi
12:42 RedKGB        : ayaw mo magchange skin
12:42 jicoboy       : im good with steve
12:42 RedKGB        : tns pa rin ba
12:42 jicoboy       : yea
13:43 Arrchiiee : tpaccept
13:54 jicoboy   : giving free reddust
13:54 jicoboy   : red dust for iron
13:54 jicoboy   : nvm
13:54 imololakanding: pass
13:54 jicoboy       : red dust for iron plox
14:12 lolo_lola_69  : nice
14:21 jonnski       : WHATS GOOD FUCKBOIIS
14:22 Arrchiiee     : it reverted again
14:22 jonnski       : saba uy
14:22 imololakanding: yeah
14:22 jonnski       : im in the discord
14:22 jonnski       : dumbass
14:22 imololakanding: fuck man
14:22 jonnski       : fuckign retard
14:22 jonnski       : niggaa you thought
14:27 lolo_lola_69  : wtf
14:29 lolo_lola_69  : homelist
15:06 Arrchiiee     : iron chestplate here
15:06 Arrchiiee     : who owns this
15:36 renzosy   : home
15:38 lolo_lola_69: butang wards
15:39 lolo_lola_69: i trapped the villager
15:40 lolo_lola_69: archtp ko nimo balik, kiuha kog cobblestone
15:41 lolo_lola_69: maghimo kog wall ha
15:41 lolo_lola_69: ako lang himo door
15:44 lolo_lola_69: pwede man ka maka ptp acceptall
15:44 lolo_lola_69: hahhaah rip
15:45 lolo_lola_69: magda kog door arch
15:45 Arrchiiee   : ge ge
15:47 lolo_lola_69: ako
15:47 lolo_lola_69: katong villager naa sa wall?
15:47 lolo_lola_69: ako himo sa doors beh, ganahan ko mag practice himo ug kill zone
15:48 lolo_lola_69: cge2
15:50 lolo_lola_69: napa kas vilage?
15:50 lolo_lola_69: alexis
15:50 lolo_lola_69: nindot dri kill zone sa ?
15:50 lolo_lola_69: awa
15:51 lolo_lola_69: can u make a button para sa gawas
15:52 lolo_lola_69: cge2
15:52 lolo_lola_69: ty
15:55 lolo_lola_69: ge
15:56 lolo_lola_69: imo gipa eut ang villagers
15:56 lolo_lola_69: aw
15:56 lolo_lola_69: unsa ila kan on
15:56 lolo_lola_69: bread?
16:08 lolo_lola_69: kinsay nay clay
16:08 imololakanding: don't hav
16:10 imololakanding:  placed a sign @ world: x1116, z-217
  Logs
16:10 imololakanding:  placed a sign @ world: x1119, z-217
  Armor
16:11 imololakanding:  placed a sign @ world: x1122, z-217
  Nether Quartz
16:11 imololakanding:  placed a sign @ world: x1117, z-212
  Book I
16:11 imololakanding:  placed a sign @ world: x1117, z-214
  Book II
16:11 imololakanding:  placed a sign @ world: x1118, z-217
  Book III
16:11 imololakanding:  placed a sign @ world: x1121, z-217
  Book IV
16:11 imololakanding:  placed a sign @ world: x1123, z-217
  Book V
16:12 imololakanding:  placed a sign @ world: x1115, z-211
  Dia Tools
16:12 imololakanding:  placed a sign @ world: x1115, z-214
  Ingots
16:13 imololakanding:  placed a sign @ world: x1115, z-216
  Lights
16:13 imololakanding:  placed a sign @ world: x1108, z-215
  Totems
16:13 imololakanding:  placed a sign @ world: x1092, z-205
  Cow Stuffa
16:13 imololakanding:  placed a sign @ world: x1110, z-195
  Horse Stuff
16:13 imololakanding:  placed a sign @ world: x1088, z-213
  Chicken Stuff
16:13 imololakanding:  placed a sign @ world: x1088, z-212
  Pig Stuff
16:14 imololakanding:  placed a sign @ world: x1079, z-214
  Crops
16:14 imololakanding:  placed a sign @ world: x1118, z-209
  Enchanting Items
16:15 lolo_lola_69  : kobe
16:15 lolo_lola_69  : kobe's
16:15 imololakanding:  placed a sign @ world: x1113, z-217
  Leaves
16:16 imololakanding:  placed a sign @ world: x1125, z-210
  Probably Stuff I 
  Need
16:16 imololakanding:  placed a sign @ world: x1083, z-205
  ewd
16:20 lolo_lola_69  : ang lisud pangitaon kay leather
16:21 lolo_lola_69  : pero nanay
16:21 lolo_lola_69  : factory si alexis
16:30 lolo_lola_69  : kinsay naay lead, nay villager nigawas
16:30 imololakanding: ako
16:30 imololakanding: i'm in the nether tho
16:30 lolo_lola_69  : aw
16:33 lolo_lola_69  : ye
16:37 Arrchiiee     :  placed a sign @ world: x491, z166
  Diorite for u
  Archie
16:38 lolo_lola_69  : arch awa arch
16:38 lolo_lola_69  : naa ta duha ka kill zones
16:39 lolo_lola_69  : napa dri arch
16:40 lolo_lola_69  : naay cave ilawm sa village
16:40 lolo_lola_69  : any mob
16:40 lolo_lola_69  : any hostile
16:40 lolo_lola_69  : yeah
16:40 lolo_lola_69  : mas nindot ni nga killzone
16:41 lolo_lola_69  : wla oi haha
16:45 lolo_lola_69  : hahaha
16:47 lolo_lola_69  : edit
16:47 lolo_lola_69  : magda kog bucket
16:48 lolo_lola_69  : di mana source
16:48 lolo_lola_69  : ty
16:50 lolo_lola_69 placed suspicious WATER_BUCKET @ world: x693, z-82
16:59 lolo_lola_69  : brb
18:56 imololakanding: rob
18:56 imololakanding: guess who has
18:56 imololakanding: fihing rod of mending
18:56 renzosy       : 40 diamonds please
18:56 imololakanding: not you
18:56 imololakanding: but renzo
19:05 Mangaboy5398  : yeah clear lag is cancer
19:05 Mangaboy5398  : we need to take this one out
19:05 imololakanding: rewnzo found mending rob
19:05 Mangaboy5398  : nice
19:05 Mangaboy5398  : good for him
19:05 Mangaboy5398  : fucker
19:05 Mangaboy5398  : how the fuck did you find it?
19:06 imololakanding: we're going on an adventure
19:06 Mangaboy5398  : and then?
19:06 Mangaboy5398  : he found one there?
19:06 imololakanding: and he found it
19:06 Mangaboy5398  : where exactly? hahah
19:41 Lads      : naa moy bag'o balay?
20:12 Lads      : renz kinsa inyo ge away
20:13 Lads      : i am curious
20:19 Lads      : cuervo
20:34 jicoboy placed suspicious WATER_BUCKET @ world: x1074, z-514
20:36 jicoboy placed suspicious WATER_BUCKET @ world: x1105, z-517
21:56 jicoboy   : yo anyone wants a diamond pickaxe for 64 blocks of birch logs?
21:56 Johann    : no spruce?
21:57 jicoboy   : no
22:02 Arrchiiee :  placed a sign @ world: x494, z379
  Trash Can
  (throw things)
22:09 Arrchiiee : johann
22:09 Johann    : meow
22:09 Arrchiiee : tp to me
22:09 Arrchiiee : i have something to show u
22:10 Johann    : OMG
22:10 Johann    : HOLY SHIT
22:10 Johann    : YOU ARE A WIZARD
22:10 Arrchiiee : try it
22:11 Johann    : hold on arch
22:11 Johann    : gotta VC quick
22:11 Arrchiiee : sure sure
22:11 Johann    : with the ms.s.
22:11 Arrchiiee : good luck
22:42 lolo_lola_69: joh nangita mig treasure
22:42 Johann      : ooooh
22:43 Johann      : apil ko
22:43 Johann      : huwat sa
22:43 lolo_lola_69: joh discord
23:16 lolo_lola_69: rip
23:47 Arrchiiee placed suspicious WATER_BUCKET @ world: x347, z1641
