11:25 Johann    :  placed a sign @ world: x803, z948
  R.I.P
  Imonglolakanding
  His animals cause
  the most lag
11:26 Johann    :  placed a sign @ world: x803, z948
  R.I.P
  Imonglolakanding
  His animals made 
  the most lag
13:45 Johann    :  placed a sign @ world: x782, z962
  R.I.P
  RimuroTempest
  The Distant
  Hermit
13:48 Johann    :  placed a sign @ world: x782, z967
  R.I.P 
  kdremeds
  The coolest kid
  in town
13:49 Johann    :  placed a sign @ world: x777, z971
  R.I.P
  Archie
  #1 Redstone 
  Artisan
13:49 Johann    :  placed a sign @ world: x777, z971
  R.I.P
  Archie
  Lord of Waste
  Disposal
13:50 Johann    :  placed a sign @ world: x772, z971
  R.I.P
  Jhor
  Master of the
  Netherguard
13:52 Johann    :  placed a sign @ world: x767, z967
  R.I.P
  arcosanti
  The Atlas
13:52 Johann    :  placed a sign @ world: x767, z967
  R.I.P
  arcosanti
  "The Atlas"
14:02 Johann    :  placed a sign @ world: x767, z962
  R.I.P
  big_tasty
  The Atlas 
  Dominator
18:21 Johann    :  placed a sign @ world: x768, z954
  R.I.P
18:22 Johann    :  placed a sign @ world: x782, z954
  R.I.P
  Giniguy 
  Eugenecist &
  Black Market CEO
18:25 Johann    :  placed a sign @ world: x782, z958
  R.I.P
  FKritz
  Madame Market
18:26 Johann    :  placed a sign @ world: x777, z964
  R.I.P.
  Kobeboy15
  Alpha & Omega
  God Emperor
18:28 Johann    :  placed a sign @ world: x773, z964
  R.I.P
  lolo_lola_69
18:31 Johann    :  placed a sign @ world: x773, z964
  R.I.P
  lolo_lola_69
  Wielder of the
  God Slayer
18:32 Johann    :  placed a sign @ world: x768, z958
  R.I.P
  Johann
18:57 Johann    :  placed a sign @ world: x768, z958
  R.I.P
  Johann
  Founder of Plains
  Nation
18:59 Johann    :  placed a sign @ world: x768, z954
  R.I.P
  crystalgem
  Keeper of 
  Quartz Hall
