11:43 crystalgem: hi
11:44 Johann    : there you are
11:44 Johann    : i was wondering why u didnt reply
11:44 Johann    : hi
11:44 crystalgem: messenger?
11:44 Johann    : yea
11:44 crystalgem: didnt get anything. wifi weird
11:45 Johann    : no prob bubu
11:45 crystalgem: i even died from lag but killed all enemies
11:45 crystalgem: sayang lvl 20
11:45 Johann    : saddt
11:48 crystalgem: youre offline in messenger
11:48 Johann    : odd
11:48 crystalgem: i used LTE and my messages didnt get through
11:48 Johann    : well anyway
11:48 Johann    : we wont go to SM na lng
11:48 crystalgem: yeah i saw
11:48 Johann    : oohhh
11:48 Johann    : hahahah
11:48 crystalgem: i said YAY im in mc if you wanna join :)
11:48 crystalgem: uhm
11:48 crystalgem: i want quartz
11:49 crystalgem: can we go after lunch
11:49 Johann    : we can go now
11:49 Johann    : fast ra mhn
11:50 crystalgem: okay :)
11:51 crystalgem: wait do we discord
11:51 Johann    : you start the discord
11:51 crystalgem: okay
15:55 Johann    : hitlers wife
15:55 Johann    : nice
16:38 Giniguy   : te
16:59 Johann    : discooorrdd
17:00 Giniguy   : me?
17:00 Johann    : kylah haahha
17:00 Giniguy   : ay sorry
17:00 Johann    : ay sorry
17:03 Giniguy   : yikes
17:03 Giniguy   : are you at the wall?
17:03 Giniguy   : can we sleep hahahahaha
17:03 crystalgem: ok
17:03 Johann    : vlads afk oop
17:04 Giniguy   : shiet
17:04 Giniguy   : nvm
17:21 lolo_lola_69: discord
17:22 lolo_lola_69: gio
18:02 Giniguy placed suspicious WATER_BUCKET @ world: x759, z-421
18:09 Giniguy     : test
18:28 Giniguy     : test
18:29 Giniguy     : etst
