12:28 lolo_lola_69: gay
12:28 Johann      : gay
12:29 lolo_lola_69: joh
12:29 Johann      : yo
12:30 lolo_lola_69: discrdo
12:52 lolo_lola_69: ok ra doh
13:05 lolo_lola_69: asa ka
13:12 Johann      : suwayi lng daw
13:12 Johann      : hahhahah
13:12 Johann      : basig walay lag
15:23 lolo_lola_69: discord bros
15:23 Johann      : listening to podcast
15:23 Johann      : UNLESS
15:23 lolo_lola_69: funhaus??? hahaha
15:23 lolo_lola_69: same
15:51 lolo_lola_69: brb
15:52 Arrchiiee   : vlad
16:04 Arrchiiee   : vlad
16:05 lolo_lola_69: ye
16:05 Arrchiiee   : discord
16:37 lolo_lola_69: sean\
16:37 Veldanava   : ya/
16:37 lolo_lola_69: naa ka stairs?
16:37 lolo_lola_69: palit ko
16:38 Veldanava   : Aw ako pa gigamit
16:38 Veldanava   : Hapit na mahuman
16:38 lolo_lola_69: aw ok
16:55 lolo_lola_69: wax
16:55 arcosanti   : yooo
16:55 arcosanti   : did u make this
16:55 lolo_lola_69: i see u
16:55 arcosanti   : hahaha hola
16:55 lolo_lola_69: this is our manny uy wall project
16:55 arcosanti   : HAHAHA
16:55 arcosanti   : i got some cobblestone to spare
16:55 arcosanti   : OOH
16:55 arcosanti   : nice
16:56 arcosanti   : more villagers
16:59 lolo_lola_69: wax u got dark oak?
17:00 arcosanti   :  placed a sign @ world: x474, z199
  Vlad is accepting
  cobblestone
  donations for the
  manny uy wall
17:00 arcosanti   : yeah i got some
17:01 lolo_lola_69: do u want something?
17:01 lolo_lola_69: iron?
17:01 arcosanti   : uuuuh
17:01 arcosanti   : can i get uuuuuuh
17:01 arcosanti   : burger
17:01 lolo_lola_69: hahaha
17:01 arcosanti   : big mac
17:01 arcosanti   : yeah iron is good
17:01 lolo_lola_69: here
17:01 arcosanti   : oh
17:01 arcosanti   : if u got burger
17:01 lolo_lola_69: lemme go home sa
17:01 arcosanti   : HAHAHA
17:02 lolo_lola_69: how much for all ur dark oak
17:02 Veldanava   : Oh my
17:02 Veldanava   : Wait nvm
17:02 big_tasty   : bro is this the great wall of china
17:02 Veldanava   : I thuoght you said tall dark oak ;)
17:02 arcosanti   : oh do you have a mending
17:02 lolo_lola_69: it's the great wall of manny uy
17:02 lolo_lola_69: ye
17:02 arcosanti   : ooh 1 burger and 1 magazine
17:03 arcosanti   : oh ye
17:03 arcosanti   : thats sum mufagin good chicken nugget
17:03 lolo_lola_69: chicken burger only
17:03 arcosanti   : i accept
17:03 lolo_lola_69: the new nugget burger
17:03 arcosanti   : HAHA
17:06 Veldanava   : Wtff
17:06 arcosanti   :  placed a sign @ world: x474, z199
  Vlad is now
  accepting
  cobblestone
  for the
17:06 arcosanti   :  placed a sign @ world: x474, z200
  Manny Uy
  wall project
17:06 Veldanava   : Spoopy flying thingssss
17:06 lolo_lola_69: phantoms sean?
17:06 arcosanti   : omfg
17:06 arcosanti   : veldanava is sean
17:06 Veldanava   : :3
17:06 arcosanti   : i should have known
17:07 Veldanava   : You must be the best brother santi :D
17:07 Veldanava   : Thank you for taking care of Waximillian
17:07 arcosanti   : screw you sean hahahaha
17:07 Veldanava   : :O
17:07 arcosanti   : this is his acc tho
17:07 Veldanava   : Ooooh that's why
17:07 Veldanava   : Hello best brother Wax
17:07 arcosanti   : vlad do you still need more dark oak?
17:07 Veldanava   : Thank you for taking care of Santimillian
17:07 arcosanti   : ill put it up on the notice board
17:08 arcosanti   : hahaha santimillian
17:08 Veldanava   : Oh!
17:08 Veldanava   : The notice board right
17:08 Veldanava   : I found your horsey
17:08 Veldanava   : The Swiss army stole it
17:08 arcosanti   : i need to ask him
17:08 arcosanti   : i think that might be another skeleton horse but im not sur
17:08 Veldanava   : You can bribe him with toblerone
17:11 Veldanava   : Can we sleep plez
17:11 lolo_lola_69: oks
17:11 Veldanava   : The phantoms want to mate
17:11 Veldanava   : But I'm too tight
17:11 Arrchiiee   : in bed
17:12 Arrchiiee   : t
17:12 lolo_lola_69: same'
17:12 Arrchiiee   : wax
17:12 arcosanti   : in
17:12 arcosanti   : bed now
17:12 Veldanava   : Wot
17:12 Veldanava   : Yey
17:12 arcosanti   : wheres ur house sean
17:12 Veldanava   : Now I get 3 more days before they try to collect my debt again
17:12 Veldanava   : Uhh
17:12 Veldanava   : In the orient
17:16 arcosanti   :  placed a sign @ world: x474, z199
  Vlad is now
  accepting
  dark oak and
  cobblestone
17:16 arcosanti   :  placed a sign @ world: x474, z200
  for the
  Manny Uy
  wall project
17:17 arcosanti   : we need to tell kobe to give everyone permission to use the rails for the bridge
17:17 arcosanti   : the button specifically
17:17 lolo_lola_69: yea
17:18 lolo_lola_69: u can try pushing it
17:18 Veldanava   : Can we place down minecarts?
17:18 lolo_lola_69: also works
17:18 arcosanti   : oooh
17:19 arcosanti   : oh you cant place a minecart
17:19 Veldanava   : Oh noes
17:31 Veldanava   : WTF
17:31 Veldanava   : There's a cloaked thingy
17:31 Veldanava   : Woah!
17:32 arcosanti   : TRADER?
17:32 Veldanava   : Wandering trader O_o
17:32 Veldanava   : What is this guuuyy
17:32 Veldanava   : Do I eat him?
17:32 arcosanti   : he sells things you cant normall get
17:32 arcosanti   : usualy
17:32 arcosanti   : sometimes its just normal stuff
17:32 big_tasty   : where is he
17:32 arcosanti   : what is he selling sean
17:32 Veldanava   : Where tf did he cum from
17:32 Veldanava   : Horn coral block
17:32 Veldanava   : gunpowder
17:32 Veldanava   : And some flowers and a sapling
17:35 arcosanti   : oooh
17:35 arcosanti   : where is he
17:36 Arrchiiee   : selling saddles
17:41 big_tasty   : wheres the trader
17:53 arcosanti   :  placed a sign @ world: x473, z202
  Joaquin: buying
  chain armor
17:59 Veldanava   : No saddles ;_ (
18:00 Veldanava   : The trader is in my place
18:00 Arrchiiee   : im sellin
18:00 arcosanti   : archie is selling
18:00 Veldanava   : Ooooh
18:00 Veldanava   : Lel Xd
18:00 Veldanava   : Slr XD
18:00 arcosanti   : where do you live sean
18:00 Arrchiiee   : i have literally 5 saddles in my invent rn
18:00 Arrchiiee   : and like 20 more at home
18:00 arcosanti   : hahahaha all those raids
18:00 Arrchiiee   : also sellin a few horse armors
18:00 Veldanava   : In the east
18:00 arcosanti   : all those dead vindicators
18:01 Arrchiiee   : nope
18:01 arcosanti   : thats very general sean
18:01 Veldanava   : Hmmm
18:01 Arrchiiee   : desert temples
18:01 Veldanava   : Gimme a sec
18:01 arcosanti   : ooooh
18:01 arcosanti   : niiic
18:01 Arrchiiee   : i have found 6
18:01 Arrchiiee   : if anyone wants to check out this village tp to me
18:01 Arrchiiee   : before i leave and go exploring
18:02 Arrchiiee   : heres a temple
18:02 arcosanti   : oooh noice
18:02 Arrchiiee   : i looted it
18:02 arcosanti   : ah kk
18:02 Arrchiiee   : and took all the tnt
18:02 Arrchiiee   : imma explore now
18:09 Arrchiiee   : you guys okay?
18:09 arcosanti   : dude
18:09 arcosanti   : theres a horde
18:10 arcosanti   : of mini zombies
18:10 Arrchiiee   : need help?
18:10 arcosanti   : HAHA yes
18:10 big_tasty   : we were at the spawner
18:10 Arrchiiee   : spawner?
18:10 arcosanti   : yeah
18:10 Arrchiiee   : you guys have aspawner?
18:10 big_tasty   : and there was a backlog
18:10 arcosanti   : uh gimme a sec
18:10 big_tasty   : theres like 10 zombies in a small room
18:10 Arrchiiee   : ill take care of me
18:11 arcosanti   : wait wrong tp
18:11 arcosanti   : tp to me again arch
18:11 Arrchiiee   : lead the way
18:11 arcosanti   : send me another tp request archie
18:12 arcosanti   : omfg
18:12 arcosanti   : thank you so much archie
18:12 Arrchiiee   : block this
18:12 Arrchiiee   : to prevent baby zombies
18:12 arcosanti   : yeah
18:12 Arrchiiee   : items here
18:12 Arrchiiee   : did i pick up anything?
18:12 arcosanti   : maybe
18:12 arcosanti   : they were wearing our armor
18:13 Arrchiiee   : i dont have armor
18:13 arcosanti   : i dont remember holding anything important
18:13 arcosanti   : maybe except for glass
18:13 arcosanti   : and bread
18:13 Arrchiiee   : i dont have those either hahaha
18:13 Arrchiiee   : my invent is full of saddles
18:13 arcosanti   : hahaha
18:14 Arrchiiee   : wow, nice find
18:14 arcosanti   : it was kim
18:14 Arrchiiee   : maybe make it a half slab
18:14 arcosanti   : yeah
18:14 Arrchiiee   : so u can still attack
18:14 Arrchiiee   : oh god
18:14 Arrchiiee   : its so saba hahahaha
18:14 arcosanti   : ikr HAHA
18:15 arcosanti   : do you have an iron axe arch
18:15 Arrchiiee   : nope
18:16 Arrchiiee   : the zombies were holding em though
18:16 Arrchiiee   : maybe set home above this? hahaha
18:16 arcosanti   : yeaaaa
18:16 Arrchiiee   : instead of in the room
18:23 Arrchiiee   : wax
18:23 arcosanti   : yeah?
18:23 Arrchiiee   : have gift for u
18:24 arcosanti   : ooooh
18:24 Arrchiiee   : for zombies
18:24 Arrchiiee   : tp to me
18:24 arcosanti   : this better not be a curse of binding HAHA
18:24 arcosanti   : OOOH
18:24 Arrchiiee   : put it on diamond sword
18:24 arcosanti   : tyty
18:24 Arrchiiee   : or on axe
18:24 Arrchiiee   : nice
18:25 arcosanti   : beautiful
18:25 arcosanti   : hahaha thanks arch
18:25 Arrchiiee   : gotchu hahaha
18:25 Arrchiiee   : put it on a diamond sword lang, para dili sayang
18:25 Arrchiiee   : i have smite 1 if hannah wants it
18:26 big_tasty   : owo
18:26 big_tasty   : sure
18:26 Arrchiiee   : tp to me
18:27 Arrchiiee   : there u go
18:27 big_tasty   : arigato
18:27 Arrchiiee   : gotchu
19:04 big_tasty   : can we sleep
19:04 arcosanti   : sleep?
19:04 Veldanava   : Sure
19:04 Arrchiiee   : im not home rn
19:04 big_tasty   : aight
19:04 Arrchiiee   : can someone bring me a bed?
19:04 arcosanti   : haha sure
19:04 big_tasty   : woah
19:04 big_tasty   : be good boys
19:04 Veldanava   : Wot
19:05 Arrchiiee   : oh youd love to join us
19:05 Veldanava   : Wait
19:05 big_tasty   : owo
19:05 Veldanava   : That sounds very yaoi
19:05 Veldanava   : Is that Hannah?
19:05 arcosanti   : hey
19:05 big_tasty   : yeah its me
19:05 arcosanti   : this is a christian server
19:05 Veldanava   : Ohohohohoho
19:05 Veldanava   : Ohoh
19:05 Veldanava   : Hmm
19:05 big_tasty   : christian prayers?
19:05 Veldanava   : >;3
19:05 Veldanava   : Good job wax
19:05 arcosanti   : bad
19:05 Arrchiiee   : in bed
19:05 arcosanti   : in bed now
19:05 Veldanava   : You have transformed this server
19:06 Veldanava   : yey
19:06 Veldanava   : Oh noes
19:06 Veldanava   : I slapped Hannah's ass a while ago
19:06 arcosanti   : hey
19:06 big_tasty   : excuse me
19:07 Veldanava   : I didn't know it was youuu
19:07 Arrchiiee   : whoah
19:07 Veldanava   : You were going up some stairs
19:07 Veldanava   : And I tapped your anoose
19:07 big_tasty   : :(
19:08 Veldanava   : ;_ (
19:08 Veldanava   : Wax is gonna come to the orient and grape me now
19:17 Veldanava   : Any nether portal here?
19:17 lolo_lola_69: naa
19:18 Veldanava   : Aha?
19:18 lolo_lola_69: asa ka?
19:18 Veldanava   : Stalking tasty
19:18 Veldanava   : I mean tasty house
19:18 lolo_lola_69: di ba
19:18 lolo_lola_69: asa ka gapuyo
19:18 Veldanava   : Far east in the orient
19:19 lolo_lola_69: pisti
19:19 lolo_lola_69: sean follow the road
19:19 lolo_lola_69: to my house
19:19 Veldanava   : Alrighty
19:19 Veldanava   : Suprise buttsecks
19:19 arcosanti   : hello
19:19 Veldanava   : Hullooo
19:20 Veldanava   : Sheit I'm lost
19:20 Veldanava   : I'm in Wax house
19:20 arcosanti   : follow me
19:20 Veldanava   : Wax, where is the Vlad
19:20 Veldanava   : Oh is it the sugoi castle?
19:20 arcosanti   : yep
19:20 Veldanava   : Ohho
19:20 arcosanti   : kinda
19:20 arcosanti   : thats near
19:20 Veldanava   : He's Johann's knight?
19:21 arcosanti   : rip
19:21 arcosanti   : wtf
19:21 arcosanti   : okay the skeleton has fire aspect
19:22 Veldanava   : Oooh
19:22 Veldanava   : The god is here
19:22 Veldanava   : Everyone get out of the blackmarket
19:23 Veldanava   : Alrighty
19:23 Veldanava   : Where is le portla
19:23 Veldanava   : Waw
19:23 Veldanava   : Secks
19:23 Veldanava   : Sansome
19:23 arcosanti   : brb gonna eat
19:23 lolo_lola_69: folow me
19:23 Veldanava   : Aha
19:23 Veldanava   : Thanks :D
19:24 Veldanava   : waw
19:24 Veldanava   : Secksy
19:24 Veldanava   : Mwahahh
19:24 Veldanava   : WTF
19:25 Veldanava   : Omg phew
19:25 Veldanava   : Asshole pigmen
19:25 Veldanava   : A skeli shoots them and they kill the skeli and tried to kill me :\
19:26 Arrchiiee   :  placed a sign @ world: x494, z377
  Free Items
  -Archie
19:28 Arrchiiee   :  placed a sign @ world: x494, z381
  Trash Can
  V. 2.0
19:28 Arrchiiee   :  placed a sign @ world: x494, z381
  Trash Cans 
  belong
  Everything
19:29 Arrchiiee   :  placed a sign @ world: x494, z381
  Trash Can
  V. 2.0
19:52 Johann    : eyyy
19:52 Johann    : u put scaffolding
19:52 Johann    : <3
19:52 lolo_lola_69: dicsord
19:53 Johann      : not atm lng sah vlad
19:53 lolo_lola_69: ayt
19:53 Johann      : i am videocalling
19:54 Kobeboy15   : shouldn't you be studyin kotlin XD?
19:55 Veldanava   : XD
19:55 Kobeboy15   : :` D
20:09 Veldanava   : Oh noes the king!
20:09 Kobeboy15   : the king of knights
20:09 Kobeboy15   : and lolis
20:09 Veldanava   : Wotttttt
20:10 Veldanava   : Johann hath converted to the ways of the lawlee?
20:21 lolo_lola_69: sleep ervyone
20:21 Kobeboy15   : evryone sleeps
20:21 arcosanti   : okay
20:21 big_tasty   : in bed
20:21 lolo_lola_69: noiec
20:21 arcosanti   : in bed
20:21 lolo_lola_69: sean
20:21 Kobeboy15   : bed?
20:21 lolo_lola_69: hello
20:21 lolo_lola_69: tsean
20:21 arcosanti   : afk?
20:22 lolo_lola_69: ok sean in bed
20:22 Veldanava   : I'mlseeping
20:22 Veldanava   : Nopice
20:23 lolo_lola_69: lemme build uuhhhhh
20:23 Kobeboy15   : whats up?
20:27 big_tasty   : home village
20:27 Kobeboy15   : AHAHAHAH
20:27 Kobeboy15   : hahahahahaahaha
20:27 big_tasty   : oops
20:27 Kobeboy15   : *coughs* idiot
20:27 Kobeboy15   : im kiddin
20:27 arcosanti   : hey
20:27 arcosanti   : who you callin idiot
20:28 Kobeboy15   : your gf, you cant read? idiot?
20:28 Kobeboy15   : im kidding
20:28 arcosanti   : HAHA
20:28 Kobeboy15   : wax i luv u
20:28 Kobeboy15   : im soryr
20:28 arcosanti   : i loe you too koeb
20:28 big_tasty   : anyome wanna buy chainmail leggings
20:29 Veldanava   : Wasn't someone asking for that in the board?
20:31 arcosanti   : oh kobe
20:31 big_tasty   :  placed a sign @ world: x473, z202
  hannah selling
  chain leggings
20:31 Kobeboy15   : yea?
20:31 arcosanti   : can you give people permission to use the button for the railway?
20:31 arcosanti   : the one under the bridge connecting to spawn
20:31 arcosanti   : ola
20:31 arcosanti   : HAHA
20:31 arcosanti   : duuuuude
20:32 arcosanti   : is that
20:32 arcosanti   : a bella delphine skin
20:40 Veldanava   : Ohho
20:41 Veldanava   : Belle Delphine looks noice :3
20:41 Kobeboy15   : sean where u?
20:42 Veldanava   : In the orient
20:42 Kobeboy15   : ?
20:42 Veldanava   : I'm making a gate so that you guys can see :D
20:50 Arrchiiee   : yeah?
20:50 arcosanti   : god is calling
20:50 Kobeboy15   : nah, you is best spiderman
20:50 Veldanava   : Oh!
20:50 Veldanava   : The one true god
20:51 arcosanti   : black jesus
20:51 Veldanava   : So Kobe's just a demigod
20:51 Veldanava   : So Kobe is black Peter
20:51 Kobeboy15   : techically yea, but god doesn't know all the commands
20:51 Veldanava   : or Black John
20:51 big_tasty   :  placed a sign @ world: x473, z202
  hannah selling
  chainmail armor
20:51 Veldanava   : Ohoho
20:51 Veldanava   : A demigod fighting a god
20:52 renzosy     : im god
20:53 Veldanava   : Ohoh food
21:11 arcosanti   : how do you do autofishing?
21:11 Arrchiiee   : you need mending on ur fishinr rod
21:21 Veldanava   : Wait there's auto fishing now?
21:21 arcosanti   : yep
21:21 arcosanti   : oh its a mod
21:21 Veldanava   : Like, not a bot?
21:35 Veldanava : Waot
21:35 Veldanava : Wait wat!@
21:35 Kobeboy15 : sorry
21:35 Veldanava : My blocks disappeared?
21:35 Kobeboy15 : 3 minutes lost of the server
21:35 Veldanava : Ahh
21:35 Kobeboy15 : sudden restart
21:35 Veldanava : It didn't have time to backup?
21:35 Kobeboy15 : yea
21:35 Veldanava : Wait, but then it would revert back to the last save
21:36 Kobeboy15 : yeah it was 3 min ago
21:36 Veldanava : It did all that except my blocks are gone
21:36 Veldanava : Weird
21:36 Kobeboy15 : sorry for the inconvinience
21:36 Veldanava : Lel np
21:37 Veldanava : Anyone selling spruce wood?
21:37 Veldanava : Not planks
21:37 Kobeboy15 : i have jungle wood?
21:37 Veldanava : Nah has to be spruce
21:37 Kobeboy15 : ok
21:37 big_tasty : we have 11 spruce logs for sale
21:38 Veldanava : Ohoh noice
21:38 big_tasty : wru
21:38 Veldanava : How much for these?
21:38 big_tasty : whats in ur inventory
21:39 Veldanava : wait, the money system doesn't work>?
21:39 Veldanava : Hmm
21:39 Kobeboy15 : it does
21:39 Kobeboy15 : but its not worth shit anymore
21:39 Veldanava : Ooh you wanna barter XD
21:39 Veldanava : Ok hmm
21:39 big_tasty : yeah haha just whatever
21:39 Veldanava : Cobble, planks, dirt, crafting table, furnace, steak
21:39 Veldanava : Oh myy
21:39 Veldanava : Ohoh wax isn't here >:3
21:40 big_tasty : gimme 5 steak
21:40 arcosanti : hey
21:40 Veldanava : Oh uh huloooo
21:40 Veldanava : Only have 3
21:40 big_tasty : okay 1 is fine
21:40 Veldanava : I can throw in 5 potatoes with 3 steaks
21:40 big_tasty : hahaha okay thanks
21:40 Veldanava : noice
21:40 Veldanava : Ooh it's autumn
21:48 big_tasty : oh no its a rage quit
21:54 Veldanava : Sad
21:58 Giniguy   : do u guys wanna raid?
21:58 Giniguy   : like all of us go on a raid?
21:58 lolo_lola_69: awa ang wall
21:58 Giniguy     : wait
21:59 Giniguy     : asa?
21:59 lolo_lola_69: phantoms
21:59 Veldanava   : Can we sleep plez?
21:59 Veldanava   : Lol same XD
22:00 Giniguy     : taysa
22:00 Giniguy     : sa nga wall
22:00 lolo_lola_69: sa manny uy
22:00 Giniguy     : we're in bed na
22:00 lolo_lola_69: same
22:01 Arrchiiee   : in bed
22:01 Veldanava   : Me too
22:01 big_tasty   : joaquins afk
22:01 Veldanava   : Oh noes
22:01 Giniguy     : who isnt in bed
22:01 Veldanava   : Keill heim
22:01 Giniguy     : someone isnt in bed
22:01 Arrchiiee   : wax still afk
22:01 Giniguy     : ah jeez
22:01 lolo_lola_69: aw ok
22:01 Giniguy     : hmmm
22:01 Giniguy     : gotta work til morning i guess
22:01 Veldanava   : If he's dead, will it ignore if he's sleeping?
22:02 Giniguy     : idk
22:02 Veldanava   : Unless if he has a lot of xp, then nvm
22:02 Veldanava   : Wait, the sentence is wrong XD
22:14 lolo_lola_69: there 's horse racing
22:14 Giniguy     : event?
22:14 lolo_lola_69: keep ur eyes out hahaha
22:14 Johann      : start at mannie uy wall
22:14 lolo_lola_69: muagi mi sa ila hannah
22:14 Veldanava   : Oh
22:14 lolo_lola_69: padung sa ila archie
22:14 Johann      : sean u want saddle
22:14 Veldanava   : Wow
22:14 Veldanava   : Nah iz ok
22:14 Johann      : ready
22:14 Johann      : set
22:14 Veldanava   : I'm going to your portal Xd
22:15 Johann      : 3
22:15 Johann      : 2
22:15 lolo_lola_69: sean
22:15 Veldanava   : ?
22:15 lolo_lola_69: countdown
22:15 Veldanava   : Ohoh
22:15 Johann      : sean
22:15 Veldanava   : 5
22:15 Johann      : can u type countcoutn
22:15 Giniguy     : oh wtf
22:15 Veldanava   : GOGOGOGOO
22:15 Giniguy     : wait now??
22:15 Veldanava   : Wot
22:15 lolo_lola_69: sean tarung
22:15 Veldanava   : XD
22:15 Veldanava   : 5
22:15 lolo_lola_69: wtf
22:15 Veldanava   : Gogogo
22:15 lolo_lola_69: sean asa 4
22:15 Veldanava   : ?
22:15 Veldanava   : Naa man
22:15 lolo_lola_69: 5 to 1
22:16 lolo_lola_69: or 5 to 0
22:16 Veldanava   : Oh to 9
22:16 Veldanava   : 0
22:16 Johann      : we are gonna race
22:16 Johann      : when
22:16 Johann      : u go
22:16 Veldanava   : Ok again XD
22:16 Veldanava   : 5
22:16 Veldanava   : 4
22:16 Veldanava   : Gogoo
22:16 lolo_lola_69: archie nalang
22:16 lolo_lola_69: archie left
22:16 Veldanava   : Wait wlay 2?
22:16 Johann      : T_T
22:16 Veldanava   : I think the server deleted it
22:16 lolo_lola_69: kailangan maabut 2
22:16 Veldanava   : Kay spam :\
22:16 lolo_lola_69: maabut 0
22:16 Veldanava   : Tanawa sa discord
22:16 lolo_lola_69: aw
22:17 Veldanava   : lol 321 nlang para dli masuko ang server
22:17 Johann      : gegegege
22:17 Veldanava   : I mean 321go
22:17 Johann      : <3
22:17 Veldanava   : Alrighty
22:17 Veldanava   : 3
22:17 Veldanava   : Wot
22:17 Giniguy     : haha batiag tts
22:17 Veldanava   : XD
22:17 Veldanava   : Ahhh
22:17 Veldanava   : Noice
22:18 Veldanava   : Better >D:
22:18 Veldanava   : :D
22:20 Veldanava   : Noice
22:20 Johann      : <3
22:21 lolo_lola_69: sean awa ko
22:21 Johann      : we will make
22:21 Veldanava   : :OOO
22:21 Johann      : horse race track
22:21 Veldanava   : Naniii
22:21 Johann      : after wall of mannie uy
22:21 lolo_lola_69: ahhaha
22:21 lolo_lola_69: nice ka sean
22:21 Veldanava   : Naughty doggy
22:53 Giniguy     : anyone have slimeballs?
22:58 big_tasty   : sleep?
22:58 Giniguy     : sure
22:58 Veldanava   : Alrighty
22:59 big_tasty   : i dont have slimeballs
22:59 big_tasty   : i dont think ive fought a slime yet on this server
22:59 Giniguy     : aah
22:59 Giniguy     : slime chunks are hard to find
23:10 Giniguy     : sleep?
23:10 Veldanava   : Sure
23:10 Johann      : g
23:10 Johann      : sleep
23:11 Giniguy     : am asleep
23:12 Giniguy     : hello noble knight
23:12 big_tasty   : if anyone wants pufferfish
23:12 big_tasty   : i have a lot
23:12 Johann      : greetings
23:12 Johann      : i have come to collect the cobblestone tax
23:12 Giniguy     : what made you visit our humble abode
23:12 Johann      : HAHAHHAHAHHA
23:13 Giniguy     : aah yes, on it mr knight
23:13 Johann      : binuang ra oi hahahah
23:13 Johann      : atay hahahhah
23:13 Giniguy     : where are you noble knight
23:13 Johann      : giooo no need ahhahahah
23:13 Giniguy     : i have come for the cobblestone rations
23:13 Johann      : lol
23:13 Johann      : okidoki
23:14 Johann      : im not buyign pufferfish
23:14 Johann      : omg ok hahahhaha
23:14 big_tasty   : my tax sir
23:14 Johann      : tpaccept
23:14 Johann      : omg hahhahahah
23:14 Giniguy     : corrupt mani atung knight
23:14 Johann      : HAHAHHHHAHAHHA
23:14 Giniguy     : a fair trade
23:15 Giniguy     : good day sir
23:15 Johann      : waaghh i didnt prep space
23:15 Johann      : hahahhah
23:15 Giniguy     : hello hannah
23:15 Johann      : your donations are duly noted
23:15 big_tasty   : hewwo
23:21 Giniguy     : sleep er naw?
23:21 big_tasty   : sure
23:22 Giniguy     : am in bed
23:22 Arrchiiee   : anyone versed in redstone?
23:22 Giniguy     : not me
23:22 big_tasty   : me either
23:22 Arrchiiee   : 8 prototypes, still not working
23:22 Johann      : sleeping
23:22 Arrchiiee   : tin bed btw
23:22 Johann      : :(
23:22 Giniguy     : in bed
23:22 Johann      : Johann
23:22 Johann      : toops
23:23 big_tasty   : prototypes for new trash can?
23:23 Veldanava   : Oh sorry, I'm sleeping now
23:23 Arrchiiee   : nope, dual rail system
23:23 big_tasty   : still cool
23:24 Giniguy     : is this bedrock edition ba?
23:24 Veldanava   : Wut no
23:25 Giniguy     : yep
23:25 Giniguy     : someone stole our lead
23:25 Giniguy     : hahaha
23:25 Veldanava   : Tsk tsk
23:27 Arrchiiee   : i give up on this system
23:27 Giniguy     : wat
23:27 Arrchiiee   : too complicated
23:27 Arrchiiee   : wanna see what ive been trying to make?
23:27 Giniguy     : wait
23:27 Giniguy     : taming a donkey
23:31 Veldanava   : Ohhoo wb :D
23:36 Veldanava   : Ohoh winter
23:38 Veldanava   : Anyone have a creeper head?
23:39 arcosanti   : thats pretty rare
23:39 Veldanava   : Yeah darn
23:39 Veldanava   : I was trying to make a banner XD
23:39 Veldanava   : Didn't know some of the patterns were special
23:39 Johann      : just make a loom sean
23:39 Johann      : aw but yeah
23:39 Veldanava   : I did, but it won't make a creeper head
23:39 Johann      : u need creeper head for that one
23:39 Veldanava   : Yeah ;_ (
23:39 Veldanava   : Now I can't be in the naughty fox clan
23:46 Arrchiiee   : boo
23:46 arcosanti   : nani
23:46 arcosanti   : flying
23:46 arcosanti   : hahaha
23:46 Arrchiiee   : creative
23:46 arcosanti   : you legit scared me
23:47 Arrchiiee   : still trying to fix rail system
23:47 arcosanti   : oh kobe gave u creative?
23:47 arcosanti   : aaah
23:47 Arrchiiee   : been at it for 3 hours
23:47 arcosanti   : the rail seems okay
23:47 Arrchiiee   : its okay
23:47 arcosanti   : whats the problem with it?
23:47 Arrchiiee   : not amazing
23:47 Arrchiiee   : only one minecart
23:47 Arrchiiee   : if the minecarts at the other side
23:47 Arrchiiee   : how do you ride it or call it back?
23:47 arcosanti   : you can send a signal
23:47 Arrchiiee   : thats my plan
23:47 Arrchiiee   : i was trying something else
23:48 Arrchiiee   : where when the minecart arrivess, it sends one back
23:48 arcosanti   : hmmmm
23:48 Arrchiiee   : it doesnt work cause of the signal timings
23:48 arcosanti   : with only one track thats really hard
23:48 Arrchiiee   : i tried 2 tracks
23:49 Arrchiiee   : but the signal rail keeps resending the signal
23:49 Arrchiiee   : ill figure this out
23:50 Arrchiiee   : wax
23:53 Veldanava   : Where's Wax? LD
23:53 big_tasty   : idk
23:53 Veldanava   : Oh my
23:54 Veldanava   : That naughty gigolo
23:54 arcosanti   : im uh
23:54 Veldanava   : Ohohh
23:54 Veldanava   : naughty nauhgty
23:54 Veldanava   : Dun worry
23:54 arcosanti   : slr i was reading minecraft wiki
23:54 Veldanava   : I won't tell Hannah ;)
23:55 Veldanava   : I hear evil
23:55 Veldanava   : WAIT
23:55 Veldanava   : oh nvm
23:55 arcosanti   : wat
23:55 Veldanava   : I thought only you could see them
23:55 Veldanava   : There's a naughty thing
23:55 Veldanava   : nocie
23:56 Veldanava   : let's slep
23:56 arcosanti   : ye
23:56 big_tasty   : yee
23:56 arcosanti   : in bed now
23:56 Veldanava   : noice
23:56 Veldanava   : Ok Wax
23:56 Veldanava   : Wanna cum to mah place? :D
23:57 Veldanava   : You can cum too :D
23:57 Veldanava   : Oh wax is gone :O
23:57 Veldanava   : That naughty smutty wutty
23:57 arcosanti   : oh
23:58 Veldanava   : Alrgihty lez goo
23:58 Veldanava   : ok
23:58 big_tasty   : wtf
23:58 Veldanava   : Both of you get in and follow me
