23:55 Giniguy placed suspicious LAVA_BUCKET @ world: x775, z-490
00:01 RimuroTempest placed suspicious WATER_BUCKET @ world: x-926, z-950
00:01 RimuroTempest placed suspicious WATER_BUCKET @ world: x-926, z-951
00:01 RimuroTempest placed suspicious WATER_BUCKET @ world: x-925, z-953
00:02 RimuroTempest placed suspicious WATER_BUCKET @ world: x-924, z-957
00:02 RimuroTempest placed suspicious WATER_BUCKET @ world: x-930, z-950
00:03 RimuroTempest placed suspicious WATER_BUCKET @ world: x-931, z-955
00:05 RimuroTempest placed suspicious WATER_BUCKET @ world: x-919, z-957
00:06 RimuroTempest placed suspicious WATER_BUCKET @ world: x-924, z-958
00:06 RimuroTempest placed suspicious WATER_BUCKET @ world: x-928, z-954
00:06 RimuroTempest placed suspicious WATER_BUCKET @ world: x-929, z-952
00:09 RimuroTempest placed suspicious WATER_BUCKET @ world: x-923, z-934
00:32 RimuroTempest placed suspicious WATER_BUCKET @ world: x-928, z-954
00:32 RimuroTempest placed suspicious WATER_BUCKET @ world: x-932, z-949
00:33 RimuroTempest placed suspicious WATER_BUCKET @ world: x-924, z-951
00:33 RimuroTempest placed suspicious WATER_BUCKET @ world: x-923, z-951
02:42 RimuroTempest placed suspicious WATER_BUCKET @ world: x-940, z-877
02:42 RimuroTempest placed suspicious WATER_BUCKET @ world: x-940, z-877
02:43 RimuroTempest placed suspicious WATER_BUCKET @ world: x-940, z-874
02:43 RimuroTempest placed suspicious WATER_BUCKET @ world: x-940, z-871
08:23 arcosanti : HAHAHAHA
08:23 arcosanti : yeah....
08:23 arcosanti : it would....
08:23 arcosanti : hahahaha thanks kobe
08:23 arcosanti : enjoy jesus time
08:29 arcosanti : uh
08:29 arcosanti : yes
08:29 arcosanti : i do
10:34 Giniguy   : hi
11:53 Jhor      : test
13:01 Giniguy   : test
13:02 Giniguy   : wat
13:10 Giniguy placed suspicious WATER_BUCKET @ world: x769, z-490
13:30 lolo_lola_69: knsa ka dota gio
13:30 Giniguy     : ga lag ko
13:31 lolo_lola_69: pra unsa ni
13:34 arcosanti   : damnit
