19:12 boredchinese:  placed a sign @ world: x432, z211
  1
  B 250
  Turtle Shell
19:13 boredchinese:  placed a sign @ world: x432, z211
  1
  B 250
  Scute
19:15 boredchinese:  placed a sign @ world: x433, z212
  Chinese
  Market
19:19 boredchinese:  placed a sign @ world: x468, z204
  Scutes for sale
  @ the beach
19:44 lolo_lola_69: pilalgeers near me
19:44 lolo_lola_69: help
19:45 lolo_lola_69: there wer more
19:49 lolo_lola_69: hxnno
20:05 Kobeboy15   : becumeslow village
20:26 imololakanding: what
20:40 lolo_lola_69  :  placed a sign @ world: x717, z-90
  Not for Sale
  lolo_lola_69
  personal ride
20:50 lolo_lola_69  : my moms here
20:51 lolo_lola_69  : im deafened myseld
20:55 lolo_lola_69  : my mom just arrived
21:09 renzosy       : i can fly?
21:09 Lads          : fake MG
21:09 Kobeboy15     : do you want mr admin?
21:09 imololakanding: remove his powers
21:09 renzosy       : suck my nut sucks
21:09 renzosy       : i wont abuse it
21:09 Kobeboy15     : you can do /fly
21:09 Kobeboy15     : just dont abuse it
21:10 renzosy       : of course :)
21:57 lolo_lola_69  : joh
21:57 lolo_lola_69  : disco
21:57 lolo_lola_69  : rd
22:22 lolo_lola_69  :  placed a sign @ world: x735, z-59
  lolo_lola_69
  headquarters
22:40 lolo_lola_69  :  placed a sign @ world: x717, z-89
  <Not For Sale
  lolo_lola
  personal ride
22:41 renzosy       : im so rich
22:41 lolo_lola_69  : wow
22:41 Johann        : well done!
22:57 lolo_lola_69  : jo
