23:56 Kobeboy15   :  placed a sign @ world: x774, z-461
  I LEFT YOUR
  STUFF ON THE TOP
  OF THE TREE
  BRANCH
23:57 lolo_lola_69: wp bois
23:57 arcosanti   : wp wp
23:57 Kobeboy15   :  placed a sign @ world: x774, z-460
  p.s
  I just put this
  so you can see
  this sign
00:30 lolo_lola_69: in bed
00:34 lolo_lola_69:  placed a sign @ world_nether: x76, z-23
  639, -95
13:33 lolo_lola_69: henlo
13:34 Jhor        : hello haha
13:34 Jhor        : na stress ko sa akong animals, dli mu teleport
13:34 lolo_lola_69: bitaw
13:35 lolo_lola_69: oi joe, if maghimo na tas treas hunt ba
13:35 Jhor        : mag himo na ta rn?
13:35 lolo_lola_69: nah ay lang sa
13:35 lolo_lola_69: we can use lecterns
13:35 lolo_lola_69: para people dont need to take the book
13:35 Jhor        : oo pweds ra
13:35 lolo_lola_69: lecterns also give off redstone signal
13:36 lolo_lola_69: we can do some cool stuff
13:36 Jhor        : hmm true true, we can utilize the different redstone signals to test their redstone knowledge
13:36 lolo_lola_69: hmmmm
13:36 lolo_lola_69: ye
13:37 lolo_lola_69: i was also thinking about
13:37 lolo_lola_69: buttons
13:37 lolo_lola_69: that they need to shoot with an arrow
13:37 lolo_lola_69: like, it's hard to reach
13:37 Jhor        : oooh yeah pwede haha
13:37 lolo_lola_69: but kinda hidden
13:39 Jhor        : should we make it really hard like cryptography level stuff? hahaha
13:39 lolo_lola_69: ay lang oi hahah
13:39 lolo_lola_69: im thinking about featuring people's houses
13:39 lolo_lola_69: along the way
13:40 lolo_lola_69: like clues lead to houses, then houses have clues
13:40 Jhor        : pweds, it could be like a world tour kinda style haha
13:40 lolo_lola_69: oou
13:40 lolo_lola_69: doooh
13:40 lolo_lola_69: i found disc 11
13:40 Jhor        : :O
13:40 Jhor        : how'd you get?
13:40 lolo_lola_69: namatay ang creeper by archer ba
13:41 Jhor        : oooh nice nice haha
13:41 lolo_lola_69: nya ang na drop kay 11
13:41 Jhor        : mao na ang broken record?
13:41 lolo_lola_69: oo
13:41 lolo_lola_69: creepy shit doh
13:41 Jhor        : oh my haha
13:41 Jhor        : nice nice
13:41 lolo_lola_69: kadungog na ka?
13:41 Jhor        : yeah haha
13:41 lolo_lola_69: aw
13:41 Jhor        : also 13
13:41 lolo_lola_69: i forgot how 13 was
13:41 Jhor        : but not it this world
13:42 lolo_lola_69: oi joh
13:42 Johann      : hello vla
13:42 Johann      : i have
13:42 lolo_lola_69: u missed the treasure hunt
13:42 Johann      : business proposition for u
13:42 Johann      : oh my
13:42 lolo_lola_69: oooh
13:42 Johann      : what was the treasure hahahhaha
13:42 lolo_lola_69: fortune 10000 diamond pickaxe
13:42 lolo_lola_69: limited uses
13:43 lolo_lola_69: we dont have it na
13:43 Johann      : ayy hahahahha
13:43 lolo_lola_69: proposition?
13:43 Johann      : for laundry hahhah
13:43 lolo_lola_69: aw
13:44 lolo_lola_69: i was thinking baya
13:44 lolo_lola_69: do u guys need flyers
13:44 Johann      : naa ra mi hahahah
13:44 lolo_lola_69: aw
13:44 lolo_lola_69: oks
13:44 Johann      : how much do you pay the labandera weekly?
13:44 lolo_lola_69: 600
13:44 Johann      : hmmm
13:44 Johann      : hol up
13:44 Johann      : wanna help?
13:44 Johann      : there is raid now in gio bvillag
13:45 lolo_lola_69: i hear them
13:47 Johann      : reply sa ko hahah
13:48 Johann      : that cave under
13:48 Johann      : is annoying af
13:48 lolo_lola_69: yez
13:48 lolo_lola_69: same place
13:48 Johann      : mountain side
13:50 Johann      : i think the farmer died T_T
13:50 lolo_lola_69: ok ra
13:53 Johann      : ambi na
13:53 Johann      : ahahhahhah
13:53 lolo_lola_69: unsa
13:53 Johann      : bukog
13:53 Johann      : hahhahah
13:53 Johann      : :D
13:53 Johann      : <3
13:53 lolo_lola_69: where
13:54 lolo_lola_69: dara joh
13:55 lolo_lola_69: we kill the banner boi, the rest comes
13:55 lolo_lola_69: to take it
13:55 lolo_lola_69: then its grind fest
13:55 Johann      : ayyy
13:56 Jhor        : vlad favor, can you tp to me, I wanna test something with the animals
13:56 lolo_lola_69: ga raid mo oi
13:56 lolo_lola_69: hahaha
13:56 lolo_lola_69: me*
13:56 Jhor        : lmao nag raid diay mo? asa dapit?
13:57 Johann      : tpa yo
13:57 lolo_lola_69: asa joh
13:58 lolo_lola_69: chuya guyd dritdent
13:58 Jhor        : cool factor haha
13:58 lolo_lola_69: we are worthy
13:58 Johann      : grrr
13:58 lolo_lola_69: where
13:58 Johann      : lol idk
13:58 lolo_lola_69: here
13:59 lolo_lola_69: 2 rav
14:00 lolo_lola_69: mayta last na ni
14:00 lolo_lola_69: i hate raid in this village
14:00 Johann      : hjahhahhahah\
14:00 Johann      : yeahh
14:00 Johann      : needs to be terraformed
14:02 Jhor        : do pistons work in the nether ba?
14:02 Jhor        : or need claim land?
14:02 lolo_lola_69: yes
14:02 lolo_lola_69: i think
14:02 lolo_lola_69: claim i guess
14:02 Jhor        : \
14:03 Johann      : ayyy
14:03 lolo_lola_69: ez
14:03 Jhor        : can anyone help with my animals now? I want to test something haha
14:03 Jhor        : just stay here sa daw
14:04 lolo_lola_69: they wont tp
14:04 lolo_lola_69: they just look at ur direction
14:04 Jhor        : hmmm I was thinking it had something to do with the chunks
14:04 lolo_lola_69: idk
14:04 lolo_lola_69: they just dont tp like single player
14:05 Johann      : where
14:05 Jhor        : sometimes it works, sometimes not
14:05 Johann      : do we get mending book again
14:05 lolo_lola_69: aw
14:05 lolo_lola_69: daghan joh
14:05 Jhor        : I have villagers selling mending
14:05 lolo_lola_69: u can go to gio's blackmarket
14:05 Johann      : can I put mending book on my infinity bow?
14:05 lolo_lola_69: no
14:05 Jhor        : nope
14:05 Johann      : or do I have to make another bow?
14:05 Johann      : ooof
14:05 lolo_lola_69: OP
14:05 Johann      : can I make another bow
14:06 Jhor        : I'll try freeing the pets lmao
14:06 lolo_lola_69: yez
14:06 Johann      : then mix it
14:06 Johann      : kay gio gave me infinity book
14:06 Jhor        : yes it worked haha
14:06 lolo_lola_69: nice
14:06 Jhor        : thanks vlad
14:06 lolo_lola_69: can i have some bone
14:06 Johann      : tpa
14:06 lolo_lola_69: a wolf spawned in
14:07 lolo_lola_69: tp nako joh
14:07 lolo_lola_69: idk where tihs si
14:07 Jhor        : okay it tped
14:07 Johann      : meow
14:07 lolo_lola_69: did it stay/
14:07 Johann      : it left
14:07 lolo_lola_69: thanks
14:08 Johann      : uhmm
14:08 Johann      : where is this
14:08 Johann      : sooo do the dogs tp too?
14:12 lolo_lola_69: unsaon nimo ang ominous banners joe
14:13 lolo_lola_69: daghan kaayu ba
14:13 Jhor        : akong gi surround akong mine entrance haha
14:13 lolo_lola_69: i throw them
14:13 lolo_lola_69: aaw
14:13 Jhor        : just to flex on killing a lot haha
14:14 lolo_lola_69: oh damn the speed buff's nice
14:15 Jhor        : yes sir, very nice haha
14:15 Jhor        : do you have ink sacs you wanna dispose of? haha
14:15 lolo_lola_69: nah,
14:15 lolo_lola_69: i only have smol
14:15 lolo_lola_69: nya rare sila for me, because i dont hunt squid
14:16 lolo_lola_69: like actively
14:17 Jhor        : I hunt sometimes because trade for emeralds haha
14:17 lolo_lola_69: oh
14:18 lolo_lola_69: 1 hit ras imong impalingthahaha
14:18 Jhor        : wla pa man koy impaling haha
14:19 lolo_lola_69: o
14:19 lolo_lola_69: h
14:19 Jhor        : hard to find, even harder to get impaling V haha
14:19 lolo_lola_69: i think the sword and axe can have impaling ra ba
14:20 Jhor        : haha sure oi?
14:20 lolo_lola_69: murag kakita kog video
14:20 Jhor        : basin commands ra
14:20 lolo_lola_69: hmmm
14:20 lolo_lola_69: basin
14:21 Jhor        : how to use auto fisher?
14:21 lolo_lola_69: oi naa raba ko mooshroom
14:21 Jhor        : nice haha
14:21 lolo_lola_69: idk bitaw anan gauto fisher
14:21 Jhor        : turn it into brown mooshroom
14:21 lolo_lola_69: mamatay pa lang atay
14:21 Jhor        : breed sa hah
14:21 Jhor        : haha
14:21 lolo_lola_69: 1 ra man akoa mooshroom
14:22 lolo_lola_69: i need stem cell tech
14:22 Jhor        : 2 man to akong nakit an last time
14:22 lolo_lola_69: usa pa akong nakitan
14:22 lolo_lola_69: i never went back pa
14:23 Jhor        : I'll help you find after I hunt squid
14:23 lolo_lola_69: ay lang, ok ra
14:23 lolo_lola_69: design ra akong plans para aning mooshroom
14:24 Jhor        : hahah nice
14:24 Jhor        : btw naka access na ko nether roof
14:24 lolo_lola_69: is it bedrock?
14:24 Jhor        : yes
14:24 Jhor        : but I got above the bedrock
14:24 lolo_lola_69: atay
14:24 lolo_lola_69: how
14:25 Jhor        : minecart
14:25 lolo_lola_69: did u glitch it
14:25 Boulderballs: home boy disc
14:25 Jhor        : yeah I sort of glitched it
14:25 lolo_lola_69: nya naka sethome ka didto?
14:25 lolo_lola_69: is it overworld
14:26 Jhor        : like diba when you enter a minecart then leave when the ceiling is too short kay you get stuck in the ceiling
14:26 lolo_lola_69: ok
14:26 Jhor        : using that you can place a rail and minecart on top of the bedrock
14:26 Jhor        : then doing the same thing you can enter the minecart
14:27 Jhor        : I can also break the bedrock but I need pistons and slimeball
14:27 lolo_lola_69: aaaw
14:27 Jhor        : I sethome the netherroof if you wanna see
14:28 Jhor        : welcome
14:28 lolo_lola_69: shit
14:28 lolo_lola_69: damn
14:28 Jhor        : below this pillar is the bedrock I will break
14:28 lolo_lola_69: i saw mushrooms
14:28 Jhor        : when I get the tools
14:29 lolo_lola_69: nindot lagi dri pang pvp
14:29 Jhor        : yes sir
14:29 Jhor        : much potential here kay flat man
14:30 Jhor        : just need to break bedrock so it can be accessed without tp
14:30 lolo_lola_69: cge
14:30 lolo_lola_69: good luck
14:30 Jhor        : btw how many homes ang allowed vlad? I think tungod na admin ta kay unli homes na ta noh?
14:30 lolo_lola_69: sure oi
14:31 lolo_lola_69: wla nako naka sethome
14:31 lolo_lola_69: 5 ra to
14:31 lolo_lola_69: sa normal
14:31 Jhor        : try pa
14:31 lolo_lola_69: di lang ko oi haha
14:31 Jhor        : I found a illager outpost baya pud haha
14:32 lolo_lola_69: where
14:32 Jhor        : thats when I found out you can set home more than once
14:32 lolo_lola_69: wtf
14:32 Jhor        : I still have saved but I plan to delete kay cheating hah
14:32 Jhor        : haha
14:32 lolo_lola_69: jahahaha
14:32 lolo_lola_69: 5 sethomes man jud since sugod
14:32 Jhor        : if you want I can send you there tho then I will delete my home
14:32 lolo_lola_69: pero ang uban newer players kay isa ra
14:32 Jhor        : sure oi
14:32 lolo_lola_69: layu sa base?
14:33 lolo_lola_69: i want to make a path there
14:33 Jhor        : oo medyo layo
14:33 Jhor        : maybe 2k blocks
14:33 lolo_lola_69: ay shit
14:33 lolo_lola_69: nvm
14:33 Jhor        : hahaha
14:33 lolo_lola_69: kapuy kaayu mag set ug path bisan duol ra gani
14:33 Jhor        : so mu delhome nlng ko ha? no going there?
14:33 lolo_lola_69: samut na gabii
14:33 lolo_lola_69: u can leave a sign lang
14:34 lolo_lola_69: jhor was here
14:34 Jhor        : hahah okay
14:34 lolo_lola_69: then u can leave a sign in the notif board of its coordinates
14:34 Jhor        :  placed a sign @ world: x-1160, z-467
  Jhor
  Was
  Here
14:34 Jhor        :  placed a sign @ world: x-1166, z-473
  Jhor
  Was
  Here
14:35 Jhor        :  placed a sign @ world: x-1160, z-479
  Jhor
  Was
  Here
14:35 lolo_lola_69: nindota tanawon sa farm oi basta daghan
14:35 Jhor        : naaa na delete na nako ang home haha
14:35 Jhor        : I left a sign tho
14:35 Jhor        : hahaha
14:35 lolo_lola_69: nya butang lang coordinates sa message borad
14:36 lolo_lola_69: joe tp
14:36 lolo_lola_69: awa ang farm
14:36 lolo_lola_69: i will expand this soon
14:36 Jhor        : nalimtan na nako ang coords haha
14:36 lolo_lola_69: ay atay
14:36 Jhor        : I still know the direction tho
14:36 lolo_lola_69: sad hahaha
14:36 lolo_lola_69: ali mo
14:37 Jhor        : wowz, farmer boi
14:37 Jhor        : haha nice nice
14:37 lolo_lola_69: i dont like flat farms tbh
14:37 lolo_lola_69: kani kay murag "natural"
14:37 Jhor        : wowz, kuyawa jud vlad oi, natural siya
14:37 lolo_lola_69: yez
14:38 lolo_lola_69: no fake boobs allowed
14:38 Jhor        : true true
14:42 Johann      : boulder balls is?
14:42 Jhor        : my friend
14:42 Johann      : well done
14:42 Jhor        : haha
14:42 lolo_lola_69:  placed a sign @ world: x818, z-2
  Sandfly nood
  Beach
  no armors 
  allowed
14:44 lolo_lola_69: joh, do u want to visit Sandfly nood beack
14:44 lolo_lola_69: beach
14:44 Johann      : okaayyy
14:44 lolo_lola_69: its the beach near the plains
14:44 lolo_lola_69: aahahaa
14:44 Johann      : near ur beacon?
14:44 lolo_lola_69: near hannahs new house
14:45 Johann      : ahhh
14:45 Johann      : idk where that is lol
14:45 lolo_lola_69: dapit nako
14:45 Johann      : ayy kana
14:45 Johann      : it has good gravel reserves
14:45 lolo_lola_69: hahaha
14:45 lolo_lola_69: oh do u need gravel
14:46 lolo_lola_69: i can get from my underwater base
14:46 Johann      : yes for the race track
14:46 lolo_lola_69: while im draining it
14:46 lolo_lola_69: cge
14:46 Johann      : so vlad
14:47 Johann      : ur telling me
14:47 Johann      : i cannot get a mending book
14:47 Johann      : and anvil it on an infinity bow?
14:47 lolo_lola_69: di pwede
14:47 lolo_lola_69: kay its potentially too OP
14:47 Johann      : have
14:47 Johann      : u trieD?
14:47 lolo_lola_69: yes
14:47 Johann      : >:P(
14:47 Johann      : aw
14:47 Johann      : ay
14:47 lolo_lola_69: and i was very sad
14:47 Johann      : proplay!
14:52 lolo_lola_69: joh, pwede ra sad sand ang ilawm
14:52 lolo_lola_69: just to pad the gravel
14:52 Johann      : thats true hahahh
14:52 Johann      : sand is easier to find hahahha
14:52 lolo_lola_69: cge, mag deliver ko dira soon
14:53 Johann      : hahahhahhahahha
14:53 Johann      : you saw the part I started na?
14:53 lolo_lola_69: wa pa
14:53 lolo_lola_69: maybe yea
14:53 lolo_lola_69: i forgot lang
15:04 Johann      : look
15:04 Johann      : at my ref
15:04 lolo_lola_69: adto kos race track
15:04 Johann      : hahhahahh
15:04 Johann      : aww
15:05 lolo_lola_69: ref?
15:05 Johann      : its cold in here
15:05 lolo_lola_69: walk in freezer?
15:05 Johann      : hahahha
15:05 Johann      : hahahhaahhahah
15:05 Johann      : yes
15:05 lolo_lola_69: aw
15:05 lolo_lola_69: nice
15:05 lolo_lola_69: hahahaha
15:05 Johann      : i need ice blocks now hahahh
15:05 lolo_lola_69: wlay tarong vent
15:06 lolo_lola_69: joh asa gani start
15:07 Johann      : on the whole river bai hahahh
15:07 lolo_lola_69: dri sa jungle part sa
15:08 Johann      : yes
15:09 Johann      : fuck my diamond boots broke
15:09 lolo_lola_69: ngano
15:09 Johann      : wa ko kabantay
15:09 Johann      : yummy
15:09 Johann      : i will go now vlad
17:00 arcosanti : hola
17:00 lolo_lola_69: hoal migos
17:12 Jhor        : test
17:12 arcosanti   : eyo
17:12 lolo_lola_69: sup
17:12 Jhor        : hallo
17:13 Jhor        : watchu bois doing
17:14 lolo_lola_69: i transfered the conduit
17:14 arcosanti   : improving my house
17:14 arcosanti   : oh i saw a pillager in the jungle
17:14 arcosanti   : ill look for him
17:14 Jhor        : such hard working bois
17:14 arcosanti   : wbu
17:14 lolo_lola_69: awa joe
17:14 Jhor        : I just got on
17:14 Jhor        : where
17:16 lolo_lola_69: tp jo
17:16 Jhor        : woah
17:17 Jhor        : but you only get the power up in water haha
17:17 lolo_lola_69: when its raining
17:17 Jhor        : oooooh
17:17 lolo_lola_69: we get the buff
17:17 Jhor        : sayang the beacon wont reach here
17:17 lolo_lola_69: lagi
17:17 arcosanti   : time to fight another wither
17:17 Jhor        : Hmm Switzerland needs it's own conduit as well
17:17 lolo_lola_69: hahaha
17:17 lolo_lola_69: wax
17:18 lolo_lola_69: u should get a beacon
17:18 arcosanti   : ikr
17:18 lolo_lola_69: each one should have
17:18 arcosanti   : i should
17:29 Jhor        : lmao
17:29 Jhor        : accidental raid
17:29 lolo_lola_69: ill help
17:30 Jhor        : it's very shitty terrain
17:30 lolo_lola_69: oh its ur house
17:30 lolo_lola_69: its ok
17:30 Jhor        : it's hide and seek here man
17:31 lolo_lola_69: u needa abell
17:31 Jhor        : I didn't even find one and they just jumping off
17:31 Jhor        : I have in my village
17:31 lolo_lola_69: hahahaha
17:31 Jhor        : like 5 bells
17:31 lolo_lola_69: dooh
17:31 lolo_lola_69: cool giant spruce
17:32 Jhor        : the one without leaves? haha
17:32 lolo_lola_69: oh
17:32 lolo_lola_69: the big shit
17:32 lolo_lola_69: dara joe
17:34 lolo_lola_69: arctic guerilla warfare
17:35 lolo_lola_69: naunsa diay na joe
17:36 lolo_lola_69: ang giant spruce
17:36 Jhor        : ang leaves?
17:36 lolo_lola_69: ou
17:36 Jhor        : was supposed to break it
17:36 Jhor        : but then too large daw
17:36 Jhor        : so akong gi remove ang leaves para dli ma merge
17:36 Jhor        : asa sila
17:37 Jhor        : careful sa akong animals haha
17:37 lolo_lola_69: naunsa sila
17:37 lolo_lola_69: naa sa luyo joe
17:37 Jhor        : lmao why is there an iron golem sa akong farm hah
17:38 arcosanti   : wtf
17:38 arcosanti   : joe is there a raid
17:40 arcosanti   : sup
17:40 Jhor        : hello
17:41 arcosanti   : may i join you boys on this excursion
17:41 Jhor        : sure
17:42 lolo_lola_69: kill the rav wx
17:42 arcosanti   : sure
17:42 Jhor        : solo wax go
17:42 Jhor        : well watch
17:42 Jhor        : fist only
17:42 Jhor        : HAHAHAHAHA
17:42 lolo_lola_69: rip
17:42 arcosanti   : HAHAHAHA
17:42 lolo_lola_69: jeo got ur exp
17:42 Jhor        : I did?
17:42 lolo_lola_69: i thikn
17:43 lolo_lola_69: i heaerd the sound effect
17:43 arcosanti   : ah thats ayt
17:43 Jhor        : on the cliff beside the waterfall again
17:44 arcosanti   : oh good lord
17:44 arcosanti   : joe you have so many animals
17:45 lolo_lola_69: atay
17:45 lolo_lola_69: louya
17:45 arcosanti   : hahahahaha
17:45 lolo_lola_69: tp to me wax
17:45 arcosanti   : xie xie
17:46 lolo_lola_69: ur items are above ground
17:48 lolo_lola_69: ez
17:48 Jhor        : nice
17:49 Jhor        : feel free to buy from my "village" haha
17:49 arcosanti   : OI
17:49 arcosanti   : hahahahaha
17:49 lolo_lola_69: i cant reach
17:50 arcosanti   : you already hit me
17:52 Jhor        : you like my animals wax?
17:52 arcosanti   : sure
17:52 arcosanti   : i was surprised with how many you hae
17:52 arcosanti   : have
17:53 Jhor        : need 4 more cat breeds
17:56 Jhor        : anyone have slimeballs?
17:57 Jhor        : Wax, I've reached the nether roof already
17:58 arcosanti   : oooh nice
17:58 arcosanti   : in ur base?
17:58 arcosanti   : im making a tunnel na
17:58 Jhor        : watchu mean in my base?
17:58 Jhor        : and tunnel where?
17:58 arcosanti   : whered u reach the nether roof
17:58 Jhor        : Nah I did it near the start of the highway
17:59 arcosanti   : ooooh nice
17:59 Jhor        : I can show you
17:59 arcosanti   : omg
18:00 Jhor        : so you see
18:00 Jhor        : using the minecart
18:00 Jhor        : you can get to the roof
18:00 Jhor        : close haha
18:00 Jhor        : do you see the minecart above?
18:00 arcosanti   : hahahaha it just suffocates me
18:00 Jhor        : well just tp to me
18:01 arcosanti   : OOOH
18:01 Jhor        : so yeah we end up here
18:01 arcosanti   : niiiice
18:01 Jhor        : now I need a lot of equipment to break bedrock
18:01 Jhor        : so we can access this without teleports
18:01 arcosanti   : you can break bedrock?
18:01 Jhor        : yes sir
18:01 arcosanti   : oh man
18:01 Jhor        : I need pistons and slimeballs
18:02 Jhor        : I can provide the redstone myself
18:02 arcosanti   : oh i barely used the slimeballs you gave me
18:02 Jhor        : Or slimeblocks rather
18:02 Jhor        : 3 slimeblocks
18:02 arcosanti   : woops nvm
18:02 arcosanti   : hahaha
18:02 arcosanti   : we'll have to wait for gio and kim to start using their slime farm
18:06 lolo_lola_69: who has a name tah
18:06 lolo_lola_69: i spawned another endermite
18:06 arcosanti   : we have a villager that sells
18:06 lolo_lola_69: who wants endermite pet
18:06 Jhor        : I also have
18:06 lolo_lola_69: come with nametag fast
18:06 Jhor        : villager who sells
18:06 lolo_lola_69: they despawn 2 mins
18:07 arcosanti   : oh shit
18:07 arcosanti   : omw
18:07 lolo_lola_69: when u get tag just tp
18:07 lolo_lola_69: urs
18:08 lolo_lola_69: wla na wax
18:08 arcosanti   : awww
18:08 arcosanti   : damn
18:08 arcosanti   : i forgot to rename it
18:08 lolo_lola_69: its ok
18:08 lolo_lola_69: next time
18:08 arcosanti   : rip Small Peen
18:08 lolo_lola_69: if the 5%chance spawn will gove
18:08 arcosanti   : ooh just 5%
18:08 arcosanti   : ?
18:08 lolo_lola_69: i was planning to kite it to ur house
18:09 lolo_lola_69: 5% everytime u use a pearl
18:10 lolo_lola_69: i have pearls
18:10 arcosanti   : :o
18:10 lolo_lola_69: lets do it inside ur house lang
18:10 arcosanti   : hahahaha sure
18:11 arcosanti   : downstairs
18:11 Jhor        : using up pearls all for the Small Peen
18:11 arcosanti   : hmm
18:11 lolo_lola_69: OOOOH
18:11 arcosanti   : EYYY
18:12 lolo_lola_69: u need to trap it somewhere
18:12 lolo_lola_69: it keeps fighting
18:12 arcosanti   : WOOO
18:12 arcosanti   : done
18:13 lolo_lola_69: hahaha
18:13 lolo_lola_69: cyutie
18:13 lolo_lola_69: wax how do u open this
18:13 arcosanti   : button on the painting
18:13 lolo_lola_69: chuya
18:13 lolo_lola_69: secret nazi tunnels
18:13 arcosanti   : HAHAHA
18:13 arcosanti   : this is how we transport the jews
18:14 lolo_lola_69: ahhaha wtf
18:14 lolo_lola_69: are any of ur jews librarian
18:14 lolo_lola_69: i need mending
18:14 arcosanti   : HAHAHA
18:14 lolo_lola_69: hahahaha
18:14 arcosanti   : yeah we do
18:14 lolo_lola_69: jk
18:14 arcosanti   : tp to me
18:15 lolo_lola_69: its ok wax
18:15 arcosanti   : aaah
18:21 Jhor        : wax come here
18:21 Jhor        : tp to me
18:22 Jhor        : wait nvm
18:24 arcosanti   : oh slr
18:24 arcosanti   : i have to go now
18:24 arcosanti   : adios amigos
18:24 Jhor        : bye haha
18:24 arcosanti   : also the tunnel entrance is in front of ur nether base
18:24 arcosanti   : on the stairs
19:02 Johann      : wtf
19:02 Johann      : how did you
19:02 lolo_lola_69: i have op
19:02 Johann      : tsk
19:02 lolo_lola_69: since me and joe won the race
19:02 Johann      : okay go
19:02 Johann      : god
19:02 lolo_lola_69: we are tasked to prepare the next race
19:02 Johann      : oooooohhhh
19:02 Johann      : thats a cool part
19:11 arcosanti   : hola
19:55 lolo_lola_69: sup
19:55 arcosanti   : sup
19:56 arcosanti   : just afk farming rn
20:04 lolo_lola_69: wa
20:04 lolo_lola_69: x
20:04 lolo_lola_69: u have a spawner?
20:30 arcosanti   : oh shit
20:30 arcosanti   : i didnt reply to vlad
20:30 arcosanti   : hey kobe
20:36 Kobeboy15   : psssst
20:36 arcosanti   : hola
20:36 Kobeboy15   : psssssssst
20:37 Kobeboy15   : take it ;)
20:37 arcosanti   : HAHAHAHAHA
20:37 arcosanti   : OMG
20:37 arcosanti   : YEEEEEE
20:38 Kobeboy15   : HAHHAHAHAHAH
20:38 arcosanti   : YOOOOOOO
20:38 Kobeboy15   : jesssus christ
20:38 arcosanti   : this is op
20:38 Kobeboy15   : yeah imma take that back
20:38 arcosanti   : easy come easy go -_-
20:39 Kobeboy15   : lol, no one should have this much power
20:41 arcosanti   : ayt imma head out
20:41 arcosanti   : din din
20:41 arcosanti   : dinner
20:41 Kobeboy15   : see ya boi
20:41 arcosanti   : see ya later
21:35 Kobeboy15   :  placed a sign @ world: x706, z116
  ADMIN
  CORNER
21:37 Jhor        : Kobe why am I flying, how do I disable this
21:37 Kobeboy15   : uhhhh?
21:37 Kobeboy15   : type /fly ?
21:37 Jhor        : okay thanks
21:37 Kobeboy15   : lol, np :3
21:37 Jhor        : why was it like that tho
21:37 Kobeboy15   : I dont know though :o
21:39 Boulderballs: joe got a slave that trades rotten flesh XD
21:39 Jhor        : yeah I do
21:39 Jhor        : easy emeralds
21:39 kdremeds    : wanna raid guys?
21:39 Boulderballs: where ill trade some
21:40 Jhor        : just go to my base in the morning, then trade with the purple guy
21:40 Boulderballs: ayts ty
21:40 kdremeds    : wanna raid guys??
21:41 arcosanti   : sure
21:41 arcosanti   : gimma a min
21:41 Jhor        : okay haha
21:42 kdremeds    : shit the bad omen disspaered
21:42 kdremeds    : :(
21:43 Jhor        : awww :(
21:43 kdremeds    : lets look for pillager
21:44 kdremeds    : oh shit
21:44 kdremeds    : it started
21:44 kdremeds    : lol tp to me
21:45 kdremeds    : tp to me
21:48 arcosanti   : where they were last time
21:48 kdremeds    : discord?
21:48 kdremeds    : lets disord
21:48 kdremeds    : discord
21:49 arcosanti   : opening it up now
21:50 Jhor        : down here
21:51 arcosanti   : damnit
21:51 Jhor        : hmmm what if I don't accept?
21:51 arcosanti   : tpa kmremeds
21:51 arcosanti   : hahahaha
21:55 arcosanti   : fuck
21:59 Jhor        : kobe what are you doing haha
21:59 Kobeboy15   : just looking into command blocks
21:59 Jhor        : cool cool
22:03 Jhor        : oh god wtf
22:04 arcosanti   : hahahaha wtf
22:04 arcosanti   : eyyyy
22:04 arcosanti   : round 2
22:04 Jhor        : literally punched him off a cliff and he died
22:04 Jhor        : insta raid
22:05 Jhor        : my house
22:05 kdremeds placed suspicious WATER_BUCKET @ world: x517, z115
22:05 Jhor        : careful with mah animals
22:06 Jhor        : lmao iron golem killed everyone
22:06 Jhor        : down here
22:07 kdremeds placed suspicious WATER_BUCKET @ world: x587, z117
22:07 kdremeds placed suspicious WATER_BUCKET @ world: x586, z117
22:08 Jhor        : ocean here
22:10 Jhor        : back of my house
22:13 Jhor        : up front
22:15 Jhor        : lmao
22:15 kdremeds    : lets go underwater temple
22:15 kdremeds    : lets g
22:15 Jhor        : my poor iron golems
22:15 Jhor        : some died haha
22:15 arcosanti   : f
22:15 arcosanti   : make a shrin
22:15 arcosanti   : e
22:15 Jhor        : the beacon is their shrine
22:18 Jhor        : oh wow, it's Bojo
22:25 kdremeds    : lets go underwter temple
22:26 arcosanti   : joe i can make u a color changer for ur beacon
22:26 Jhor        : nah it's cool fam, I wanna keep it white
22:29 lolo_lola_69: wtf
22:29 lolo_lola_69: the fov
22:30 lolo_lola_69: doh
22:31 kdremeds placed suspicious WATER_BUCKET @ world: x598, z-925
22:32 lolo_lola_69: bojo ./tpa to me
22:32 lolo_lola_69: u can start here
22:32 lolo_lola_69: u can always move
22:33 lolo_lola_69: ./ bojo
22:33 lolo_lola_69: without the dot
22:33 kdremeds    : gio
22:33 lolo_lola_69: ./tpa
22:33 Giniguy     : yo
22:33 kdremeds    : wanna go under water temple
22:33 kdremeds    : we gonna be a lot
22:33 Giniguy     : renovating our base
22:33 arcosanti   : lets go
22:33 Giniguy     : if everyone's ready, i think
22:34 Giniguy     : tell me if everyone's ready
22:34 arcosanti   : im ready
22:34 Giniguy     : we should let bojo join
22:34 Giniguy     : so it'll be fun
22:34 lolo_lola_69: kobe
22:34 lolo_lola_69: stop taht hahaha
22:35 lolo_lola_69: oh shit
22:35 kdremeds    : vlad lets go underwater sea temple
22:35 lolo_lola_69: cant drop yet
22:35 bojoluis    : cacn i have starting gear
22:35 bojoluis    : materials
22:35 bojoluis    : fie
22:35 bojoluis    : fine
22:36 lolo_lola_69: where do u want to stay
22:36 lolo_lola_69: i can flatten the land
22:36 lolo_lola_69: joe
22:36 lolo_lola_69: naa bojo hahaha
22:36 Jhor        : yes sir?
22:36 Jhor        : welcome Cap Boj
22:36 bojoluis    : hello sir
22:37 kdremeds    : vlad we need the conduit
22:37 lolo_lola_69: wait where's the other one
22:38 lolo_lola_69: where was the other temple where we had a conduit
22:38 lolo_lola_69: or who owns it
22:39 big_tasty   : what the fuck
22:39 lolo_lola_69: hanah u need cobble
22:39 big_tasty   : sure haha this is just for layout tho
22:40 lolo_lola_69: aw ok
22:40 big_tasty   : bruh
22:40 Kobeboy15   : HAHAHAHA
22:40 big_tasty   : im the flash
22:40 lolo_lola_69: hahaa
22:40 Kobeboy15   : nah, your not XD
22:41 big_tasty   : the fov is like in anime when someones going crazy
22:41 big_tasty   : jesus kobe
22:41 kdremeds    : kobe
22:41 kdremeds    : help
22:41 arcosanti   : vlad can we borrow conduit
22:41 Kobeboy15   : AHHHH okay coming
22:41 Kobeboy15   : hannah can I have it back?
22:41 bojoluis    : hi hannah
22:41 Kobeboy15   : thank u ;)
22:42 big_tasty   : hello bojo
22:49 arcosanti   : kobe can u give us another
22:49 Johann      : we placed it
22:49 Johann      : and we dk how to use it
22:49 arcosanti   : in the wrong spot
22:49 Johann      : and the mining fatigue wont let us
22:49 Johann      : omg
22:49 Johann      : daddy
22:50 lolo_lola_69: wow jhor
22:50 Jhor        : hahaha
22:52 arcosanti   : eyy
22:52 arcosanti   : joe
22:52 arcosanti   : join us
22:53 Jhor        : you can't run from me boy
22:53 arcosanti   : we're at the sea temple joe
22:54 Jhor        : need impaling for this man haha
22:56 Jhor        : I have aqua affinity, I can help somehow
22:57 Jhor        : kim, do you have impaling on your trident?
22:57 kdremeds    : yeah
22:57 Jhor        : your villagers sell?
22:58 Jhor        : kim your villagers sell impaling?
22:58 Giniguy     : mine does
22:58 kdremeds    : i dont
22:58 kdremeds    : gios has
22:58 Jhor        : what level book?
22:58 Jhor        : I'll buy
22:59 Giniguy     : lemme check
22:59 Giniguy     : oh uhm
22:59 Giniguy     : nvm
23:00 Giniguy     : the guy changed his items sold :/
23:00 Giniguy     : too late to trade
23:00 Jhor        : aww man :(
23:00 Giniguy     : my bad dude
23:00 Jhor        : it's cool haha
23:00 Jhor        : so nobody has any impaling villagers here?
23:00 Giniguy     : T_T
23:03 Jhor        : what breaks sponge, pickaxe?
23:03 Giniguy     : any
23:06 Giniguy     : yikes
23:06 Johann      : oops
23:06 Jhor        : bully
23:10 big_tasty   :  placed a sign @ world: x781, z-2
  Under
  Construction:
  big_tasty
  residence
23:10 Giniguy     : why
23:10 Giniguy     : what's happening
23:11 bojoluis    : hardcore experience
23:11 Giniguy     : lmao
23:12 big_tasty   :  placed a sign @ world: x794, z-10
  HANNAHS
  HORSE
  PLEASE DO NOT
  HURT HER
23:12 Kobeboy15   : I wont hurt her.....
23:12 lolo_lola_69: bojo
23:12 Kobeboy15   : :3
23:12 big_tasty   : thank u kobe
23:12 big_tasty   : hey
23:12 lolo_lola_69: we wont hurt
23:12 Jhor        : maybe I will >:3
23:12 big_tasty   : :(
23:12 big_tasty   : ill hurt the one thing u love most joe
23:12 big_tasty   : your spruce trees
23:13 Jhor        : fuck hannah no pls :(
23:13 big_tasty   : stay away from my horse
23:13 Jhor        : not my wood :(
23:13 big_tasty   : ill snap ur wood in half
23:13 Jhor        : oh my, pls don't am sorry L(
23:14 big_tasty   :  placed a sign @ world: x801, z-21
  kobe best mod
  ;3c
23:14 Kobeboy15   : :3
23:14 big_tasty   : :3
23:14 bojoluis    : :3
23:16 Jhor        : where are we going here
23:17 Jhor        : do you guys still have mining fatigue?
23:21 kdremeds    : use sword
23:37 lolo_lola_69: hanah
23:37 lolo_lola_69: lol
23:37 lolo_lola_69: rip Kobe best mod
23:37 big_tasty   : wassu[
23:37 big_tasty   : hehe
23:37 Kobeboy15   : wait whut??
23:44 arcosanti : i almost died
23:44 arcosanti : ill tp back home in a bit
