00:21 lolo_lola_69:  placed a sign @ world: x474, z199
  Can i ask for sum
  granite ty
  <3<3 xoxo :3
00:21 lolo_lola_69:  placed a sign @ world: x474, z199
  in need of sum
  granite
  *weeb emoticons*
00:26 Giniguy     : yikes
00:26 Giniguy     : ga raid ka?
00:26 big_tasty   : damb
00:26 lolo_lola_69: wla
00:27 lolo_lola_69: akong gisud sa prison
00:27 Giniguy     : aah
00:27 lolo_lola_69: pero kalimot ko change ug floor
00:27 lolo_lola_69: dirt pa
00:27 lolo_lola_69: so nisud kos prison
00:35 Giniguy     : vladi
00:35 lolo_lola_69: oi
00:35 Giniguy     : wanna come to our sex dungeon?
00:35 lolo_lola_69: tara
00:35 Giniguy     : ataya na hack ang system hahahaha
00:35 Giniguy     : so apparently
00:36 Giniguy     : 1 book = 1 emerald
00:36 Giniguy     : then ang isa ka librarian
00:36 Giniguy     : 6 emeralds for 3 bookshelfs = 9 books
00:36 Giniguy     : then mag cge ra kog trade nila, +3 emeralds all the time hahaha
00:36 lolo_lola_69: yee
00:36 Giniguy     : im still looking for a max enchant though
00:37 lolo_lola_69: hahaha
00:37 lolo_lola_69: pina poods
00:37 Giniguy     : wait sud mi discord
00:37 lolo_lola_69: hello evryone
00:37 lolo_lola_69: im gloria boger
01:02 Giniguy     :  placed a sign @ world: x757, z-486
  ===============
  Super Discount
  Merchant
  ===============
01:03 Giniguy     :  placed a sign @ world: x757, z-490
  ===============
  Mending
  Merchant
  ===============
01:03 Giniguy     :  placed a sign @ world: x757, z-492
  ===============
  Bookshelf
  Merchant
  ===============
01:10 Giniguy     :  placed a sign @ world: x771, z-505
  ===============
  Automatic
  Berry Farm
  ===============
01:10 Giniguy     :  placed a sign @ world: x773, z-501
  ===============
  Automatic
  Sugar Cane Farm
  ===============
01:11 Giniguy     :  placed a sign @ world: x757, z-494
  ===============
  Pending
  ===============
01:11 Giniguy     :  placed a sign @ world: x757, z-488
  ===============
  Pending
  ===============
01:11 Giniguy     :  placed a sign @ world: x757, z-484
  ===============
  Pending
  ===============
01:11 Giniguy     :  placed a sign @ world: x757, z-482
  ===============
  Pending
  ===============
01:13 Giniguy     :  placed a sign @ world: x757, z-488
  ===============
  Quick Charge
  Merchant
  ===============
01:18 lolo_lola_69: good night
11:18 Giniguy   :  placed a sign @ world: x757, z-480
  ===============
  Pending
  ===============
11:41 Giniguy   :  placed a sign @ world: x757, z-482
  ===============
  Aqua Affinity
  Merchant
  ===============
11:43 Giniguy   :  placed a sign @ world: x757, z-480
  ===============
  Silk Touch
  Merchant
  ===============
12:14 Giniguy   :  placed a sign @ world: x781, z-499
  ===============
  Cooked Chicken
  Generator
  ===============
12:23 Giniguy   :  placed a sign @ world: x784, z-499
  ===============
  Egg
  Collector
  ===============
12:25 Giniguy   : test
13:40 kdremeds  : kobe
13:40 Kobeboy15 : yo
13:40 kdremeds  : discord?
14:08 Giniguy   :  placed a sign @ world: x757, z-492
  ===============
  Bookshelf
  Merchant
  ===============
