12:05 arcosanti : kobe
12:10 arcosanti : hahahaha
12:10 arcosanti : you better not hit any of the animals
12:18 arcosanti :  placed a sign @ world: x452, z230
  yeee boi
  -wax
20:58 Johann    : oWo
21:12 Johann    : kobe
21:12 Kobeboy15 : yo
21:12 Johann    : oh wut the
21:12 Johann    : i was gonna ask u to sleep lol
21:12 Kobeboy15 : yeah I dont know why it does that
21:12 Kobeboy15 : i didnt change the time
21:13 Johann    : interesting
21:35 Kobeboy15 :  placed a sign @ world: x-925, z-944
  Hope you feel
  better Rimero...
  - Server
21:45 Kobeboy15 :  placed a sign @ world: x707, z118
  Health Chest
21:50 Kobeboy15 :  placed a sign @ world: x-925, z-944
  Hope you
  feel better
  Rimuro. :)
  - Server
