23:57 Mangaboy5398: bring me back
23:58 Kobeboy15   : rob
23:58 Kobeboy15   : wehre u die?
23:58 Mangaboy5398: yes?
00:15 Mangaboy5398: anyone have string
00:15 Kobeboy15   : sorry non here from em
00:15 Kobeboy15   : me
00:21 bigpeen69   : rob is this your wooden pick
00:21 Mangaboy5398: nope
00:21 bigpeen69   : ok
00:21 arcosanti   : that was mine
00:21 arcosanti   : burn it
00:21 Mangaboy5398: kobe do we have sethome here or nah?
00:21 bigpeen69   : i will burn it through friction
00:21 Kobeboy15   : yea we do
00:21 Kobeboy15   : you can use /sethome
00:21 Kobeboy15   : and /home to tp back to it
00:22 Mangaboy5398: you can also name your homes
00:22 Mangaboy5398: how many homes are there kobe?
00:22 Kobeboy15   : 5 or 3?
00:27 Mangaboy5398: ok kobe can I setup perms next time? hahah
00:27 Kobeboy15   : yes
00:27 Kobeboy15   : pls
00:27 Mangaboy5398: like imma sad some stu
00:27 Mangaboy5398: hahaha
00:29 Mangaboy5398: wt
00:29 Mangaboy5398: why is there still no melon
00:30 Mangaboy5398: wax
00:30 Mangaboy5398: why
00:30 Mangaboy5398: look
00:30 Mangaboy5398: there is no melon
00:30 Mangaboy5398: here
00:30 Mangaboy5398: dauq
00:30 arcosanti   : its still growing damnit
00:30 Mangaboy5398: no hbere
00:30 Mangaboy5398: here
00:30 Mangaboy5398: its beent here
00:30 arcosanti   : HAHHAHA
00:31 Mangaboy5398: since we were deforesting
00:31 Mangaboy5398: the uck
00:31 arcosanti   : you dont have the green thumb rob
00:31 Mangaboy5398: hahah fuck you too
00:31 arcosanti   : hahahahahaha
00:36 Mangaboy5398: no
00:36 Mangaboy5398: please
00:36 lolo_lola_69: sry
00:36 lolo_lola_69: oh
00:36 lolo_lola_69: ok
00:38 arcosanti   : niiiice
00:38 Mangaboy5398: what do you want? hahahah
00:38 arcosanti   : i was looking for those shgeep rob
00:38 Mangaboy5398: ah
00:38 Mangaboy5398: sorry
00:38 Mangaboy5398: well they're here now
00:38 Mangaboy5398: just come when you need em
00:38 Mangaboy5398: are my melon's grown?
00:45 Mangaboy5398: maan i need to tweark fishing skill
00:45 Mangaboy5398: oo unbalances
00:45 Mangaboy5398: takes too long
00:47 bigpeen69   : storm kobe's tunnels he can't stop all of us
00:48 Mangaboy5398: what di dja breed?
00:48 Mangaboy5398: pigs?
00:48 Mangaboy5398: cows?
00:48 Mangaboy5398: chickens?
00:48 arcosanti   : cows
00:48 Mangaboy5398: NICE
00:48 arcosanti   : kobe has a cow sweatshop
00:48 arcosanti   : its a fuck hole
00:48 Mangaboy5398: damn
00:48 Mangaboy5398: hahaha
00:48 arcosanti   : its literally a fuck hole rob
00:48 Mangaboy5398: its good
00:48 Mangaboy5398: ex place
00:49 Mangaboy5398: sex place
00:49 Mangaboy5398: cow sex place
00:49 Mangaboy5398: so that's where the cow went
00:49 bigpeen69   : you have yet to see it brother
00:49 bigpeen69   : imagine free ranged except in 4x4
00:49 Mangaboy5398: which is good
00:49 Mangaboy5398: nice one Kobe
00:49 bigpeen69   : ur like
00:50 bigpeen69   : that one chinese farmer who cheaps out on everythingincluding real estate
00:50 bigpeen69   : HAHAHAH
00:50 Mangaboy5398: yeha man
00:50 Mangaboy5398: but my sheep
00:50 arcosanti   : ahahahahahahaha
00:51 Mangaboy5398: we're gonna have a hsit ton of leather
00:51 Mangaboy5398: good
00:51 Mangaboy5398: make some leather armor kobe
00:51 Mangaboy5398: is ti sad
00:51 Mangaboy5398: to just fish
00:52 Mangaboy5398: in mc
00:53 Kobeboy15   : rob how to set more than one homwe/
00:53 Mangaboy5398: di fname
00:53 Mangaboy5398: i think
00:54 Mangaboy5398: like /home <name?
00:54 bigpeen69   : ok thanks
00:54 bigpeen69   : ./sethome nameofplace
00:54 Mangaboy5398: yes
00:56 bigpeen69   : inhumaneinator
01:05 bigpeen69   : is kelp seagrass?
01:05 Mangaboy5398: maybe
01:07 Mangaboy5398: whos place is this?
01:07 Mangaboy5398: here
01:07 lolo_lola_69: mine
01:07 Mangaboy5398: oh it looks really nice
01:07 lolo_lola_69: ty
01:09 Mangaboy5398: what you doing sir? hahah
01:09 lolo_lola_69: gaodanm rob
01:10 Mangaboy5398: what?
01:10 lolo_lola_69: iron block already
01:10 Mangaboy5398: nah I need that
01:10 Mangaboy5398: for repair
01:10 Mangaboy5398: what are ya gonna do wax
01:10 Mangaboy5398: this is my hill
01:10 Mangaboy5398: i am gonna flatten this
01:13 arcosanti   : rob your melon hasnt bore fruit yet
01:13 Mangaboy5398: it did
01:13 Mangaboy5398: i broke it
01:15 Mangaboy5398: wait kobe
01:15 Mangaboy5398: what difficulty is this?
01:15 Kobeboy15   : hard
01:15 Mangaboy5398: nice
01:15 Mangaboy5398: i thought i was getting pwned by easy
03:19 bigpeen69 :  placed a sign @ world: x389, z208
  Under
  Construction
  - bigpeen69
15:06 Kobeboy15 :  placed a sign @ world: x493, z218
  16
  B 3
  Cobblestone
15:53 lolo_lola_69: i made some coffee
15:57 bigpeen69   : hello goys
15:57 Kobeboy15   : hello! <#
15:57 Kobeboy15   : hello <3
15:57 bigpeen69   : yall in discord?
15:57 Kobeboy15   : yuup
15:57 bigpeen69   : SO MANY TURTLES
15:57 lolo_lola_69: wadup
15:57 bigpeen69   : SO MANY
15:58 lolo_lola_69: ye we should kill them
15:58 bigpeen69   : THEY DONT HAVE SPACE HAHAHAHHAHAHAHAHAHA
16:31 lolo_lola_69 placed suspicious COD_BUCKET @ world: x410, z201
16:32 bigpeen69 placed suspicious COD_BUCKET @ world: x411, z195
16:54 Kobeboy15   :  placed a sign @ world: x493, z220
  16
  B 3.5
  Granite
17:00 Kobeboy15   :  placed a sign @ world: x497, z218
  64
  B 1
  Dirt
17:35 bigpeen69 : Hello Jhor
17:35 Jhor      : greetings bigpeen
17:36 bigpeen69 : join discord
17:37 Jhor      : ayt
18:06 arcosanti : hola
18:06 lolo_lola_69: we in discord
18:06 arcosanti   : ye loading it up now
18:06 bigpeen69   : annyeong
18:21 lolo_lola_69:  placed a sign @ world: x453, z233
  ROOM
18:22 lolo_lola_69:  placed a sign @ world: x453, z232
  FURNACES
18:22 lolo_lola_69:  placed a sign @ world: x461, z228
  a
18:23 lolo_lola_69:  placed a sign @ world: x462, z228
  Property of
  lolo_lola_69
18:23 lolo_lola_69:  placed a sign @ world: x462, z228
  Property of
  lolo_lola_69
18:25 bigpeen69   : is everyone sleeping
19:21 Jhor        : I'll brb boyos
19:21 lolo_lola_69: brb
19:52 renzosy     : penis
19:53 bigpeen69   : peen?
20:08 renzosy     : fuck you
20:26 renzosy   : penis
20:54 Kobeboy15 :  placed a sign @ world: x508, z421
  ^^^^
  This way to
  Scary Underwate
  fortress
21:18 lolo_lola_69: ill be afk sa, im preping breakfast for tomorrow
21:18 bigpeen69   : ayt
21:24 lolo_lola_69: they cant lay eggs on tracks
21:26 lolo_lola_69: waht
21:30 lolo_lola_69: i dont wanna leave the server
21:30 lolo_lola_69: history is being made
21:30 lolo_lola_69: bec the turtles
21:31 arcosanti   : can i make the turtles fuck
21:32 arcosanti   : can u trust me gao
21:32 arcosanti   : i cant fuck ur turtles
21:34 Jhor placed suspicious WATER_BUCKET @ world: x418, z96
21:34 Jhor placed suspicious WATER_BUCKET @ world: x426, z98
21:35 lolo_lola_69: nodontkillthem
21:37 Jhor placed suspicious WATER_BUCKET @ world: x450, z87
21:39 Jhor placed suspicious WATER_BUCKET @ world: x426, z98
21:40 lolo_lola_69: canwe farm them after u get ur helm
21:40 lolo_lola_69: hrhr
21:40 lolo_lola_69: hehe
21:40 bigpeen69   : ye thanos em
21:40 lolo_lola_69: we do what gao is doing
21:40 lolo_lola_69: to get our own scales
21:41 lolo_lola_69: y
21:41 lolo_lola_69: es
21:44 lolo_lola_69: in ph sea
21:48 lolo_lola_69: ithink i havea powered rail in mybarrels in myhouse
21:51 Miknuget    : hello
21:51 Mangaboy5398: hi mik
21:51 Miknuget    : hi Rob!
21:51 Mangaboy5398: just imma head to you in a bit
21:51 Miknuget    : my cousin can join right?
21:51 Mangaboy5398: yeah he can if it doens't crash the server
21:51 Miknuget    : haha ok
21:51 Mangaboy5398: tp to me in a while
21:51 Mangaboy5398: i'll tell yo when
21:51 Miknuget    : ok
21:51 Mangaboy5398: hahha
21:51 Miknuget    : that's my cousin
21:52 Mangaboy5398: hello Mik's cousin
21:52 Viggle888   : hi
21:52 Miknuget    : this is a nice spawn
21:52 Mangaboy5398: that was made by Vlad and Joaquin
21:52 Miknuget    : nice
21:52 Mangaboy5398: ptp now hahah
21:53 Mangaboy5398: nic eone mik
21:53 Mangaboy5398: well this is the little community
21:53 Miknuget    : yay!
21:53 Mangaboy5398: find a palce
21:53 Miknuget    : ok
21:53 Mangaboy5398: mayhbe towards the mountains or osmething
21:53 Mangaboy5398: hahah didn't you want that
21:53 Miknuget    : yes
21:53 Mangaboy5398: a hollow mountain
21:54 Mangaboy5398: you gonna go in the discord
21:54 Miknuget    : my cousin can make the house with me
21:54 Miknuget    : *my house
21:54 Mangaboy5398: yeah taht's cool hahah
21:54 Miknuget    : oh btw what's the Discord?
21:54 Mangaboy5398: I placed
21:54 Mangaboy5398: the link in the steam
21:54 Miknuget    : oh ok
21:56 Mangaboy5398: how' sthe lag? hahaha
21:56 Miknuget    : there's a little lag
21:56 Miknuget    : but not too bad I guess
22:00 lolo_lola_69: try the stonecutter inmy house
22:00 lolo_lola_69: for the stone shit
22:06 arcosanti   : oh man im falling hahahaha
22:08 arcosanti   : ill hid in ur house
22:08 arcosanti   : gao cuz im looking for my mouse haha
22:09 arcosanti   : im gonna log off amigos
22:09 arcosanti   : see you muchachos tomorrow
22:13 Miknuget    : thanks
22:13 lolo_lola_69: no prob
22:14 lolo_lola_69: vlad
22:45 Lads        : how do you check the available advancements
22:46 bigpeen69   : if anyone wants turtle shell for helmet just ask
22:57 renzosy     : WHATS NEW
23:00 Kobeboy15   :  placed a sign @ world: x431, z211
  (LEAVE BLANK)
  (No. of items)
  B "N" : S "N"
  (NAME OF ITEM)
23:01 lolo_lola_69:  placed a sign @ world: x545, z159
  lolo_lola_69
  giant spruce
23:03 lolo_lola_69: kobe stop leaving floating tress
23:03 lolo_lola_69: .abandonallclaims
23:04 bigpeen69   :  placed a sign @ world: x432, z211
  20
  S P5000
  Scutes
23:05 bigpeen69   :  placed a sign @ world: x432, z211
  5
  S 999999
  Scute
23:06 lolo_lola_69: what's skill shot
23:06 lolo_lola_69: aw
23:06 lolo_lola_69: noice
23:07 Miknuget    : bye guys
23:07 Mangaboy5398: night mik
23:07 bigpeen69   : night dude
23:07 bigpeen69   : iff nobody has money
23:07 bigpeen69   : how can anyone buy anything
23:09 lolo_lola_69: is pvp on?
23:11 bigpeen69   : i think ppl in diff parties
23:11 bigpeen69   : but if in the same party no pvp
23:11 lolo_lola_69: oh
23:13 lolo_lola_69: it said flying is not allowed
23:13 lolo_lola_69: i was lagging arounds
23:16 bigpeen69   : spiderman is a dummy dum
23:16 renzosy     : fuck you
23:16 bigpeen69   : :>
23:19 bigpeen69   : renzo's life is gonna end in 5mins
23:43 lolo_lola_69:  placed a sign @ world: x467, z230
  lolo_lola_69
  authentic magma
  blocks
23:45 bigpeen69   : gad fakin dammit
