00:02 kdremeds  : WAX GTG
00:02 arcosanti : adios amigo
00:05 Jhor      : yeees, Impaling V
10:48 lolo_lola_69: joh
10:49 Johann      : yo
10:49 lolo_lola_69: bruce lives close to FH office ra man diay hahaha
10:49 Johann      : yeahhh hahahha
10:49 Johann      : and theres lots of videos of him
10:49 Johann      : na wala pa na upload hahahha
10:54 Johann      : rimuro tempest?
10:54 Johann      : hello
10:54 RimuroTempest: hii hehehe johan
14:39 lolo_lola_69: wax u found na the end portal right?
14:39 arcosanti   : ye
14:39 lolo_lola_69: whats the coordinate
14:40 arcosanti   : ah damn i removed the home
14:40 arcosanti   : but i have it on a map
14:40 lolo_lola_69: ayt
14:42 arcosanti   : the stronghold isnt that far
14:43 lolo_lola_69: oh ty
14:43 arcosanti   : np np
14:43 arcosanti   : theres a staircase where the banner is
14:43 arcosanti   : or at least very close to it
14:43 lolo_lola_69: im waiting on others
14:43 arcosanti   : oh tell us when ur gonna fight the ender dragon
14:43 lolo_lola_69: i think it should be scheduled hahaha
14:44 arcosanti   : yeah same hahaha
14:47 arcosanti   : do you still have the map vlad
14:48 lolo_lola_69: nah i gave it to u
14:48 lolo_lola_69: was it map 30?
14:48 arcosanti   : ah okay
14:48 arcosanti   : yep
14:57 arcosanti   :  placed a sign @ world: x-21321, z2014
  d
14:57 arcosanti   :  placed a sign @ world: x-21322, z2014
  dw
15:02 arcosanti   :  placed a sign @ world: x-21316, z2011
  s
16:23 Jhor      : hey can any of you do me a favor an tp to me with a bucket of milk. Wanna get rid of bad omen :)
17:15 arcosanti : a
18:11 Jhor      : Wax
18:11 arcosanti : wasup nibba
18:11 Jhor      : Are you familiar with "I wanna be a star"?
18:12 arcosanti : uh
18:12 arcosanti : what is that exactly
18:12 arcosanti : i dont think i am
18:12 Jhor      : only the best twice song ever
18:14 arcosanti : HAHAHAA
18:14 arcosanti : jesus
18:14 Jhor      : you haven't heard it yet?
18:15 arcosanti : i believe this is the auditory form of heroin
18:15 arcosanti : this is the first time im hearing it
18:15 arcosanti : but dude
18:15 Boulderballs: tbh its aides
18:15 Jhor        : hahahahha
18:15 arcosanti   : dahyuns rap here is really good
18:15 Jhor        : straight fire
18:15 Jhor        : best part is Jeongyeon's no doubt
18:16 arcosanti   : ofc ofc HAHAHAHAAHA
18:16 Jhor        : best hype song man
18:17 arcosanti   : all the oppadeul and eonni's
18:17 arcosanti   : hahahahahahahaha
18:17 Jhor        : HAHAHAHAHAHAHAHAAH
18:17 Jhor        : I swear man, lyrical genius
18:33 Jhor        : vlad kuha ko xp thx hehe
18:55 arcosanti   : \
19:01 Jhor        : man having mending means nobody levels up their repair skill anymore haha
19:01 arcosanti   : hahahaha true true
19:01 arcosanti   : except for smelting
19:01 arcosanti   : but that takes forever
19:03 Jhor        : repair gained from smelting is practically negligable haha
19:18 arcosanti   : got a pillager trapped in the prison
19:19 arcosanti   : F
19:19 big_tasty   : F
19:45 arcosanti   : hola
19:45 lolo_lola_69: wax
19:45 lolo_lola_69: do u have same skin
19:45 arcosanti   : whatup
19:45 lolo_lola_69: as kobegod and savior
19:45 arcosanti   : hahahahaha
19:45 arcosanti   : nah its a different outfit
19:45 arcosanti   : but we're both belle delphine HHAHA
19:46 arcosanti   : omfg
19:46 arcosanti   : is this from kobe
19:46 Kobeboy15   : </3
19:46 Kobeboy15   : hi wax
19:46 arcosanti   : HAHAHA kobeee
19:46 arcosanti   : i told you its cool
19:47 lolo_lola_69: jhor, ikaw lang bhala sa treasure hunt
19:50 Jhor      : is there a public nether wart farm?
19:50 arcosanti : yep
19:50 arcosanti : its a hole beside the cows and ernie
19:55 arcosanti : oh shit kobe
19:55 arcosanti : i planted the flower
19:55 arcosanti : and it turned to a normal flower
19:55 arcosanti : not that i mind
19:55 arcosanti : the sentiment stays
19:55 lolo_lola_69: wax
19:56 arcosanti   : ye?
19:56 lolo_lola_69: i gave the flower back to kobe
19:56 arcosanti   : oooh
19:56 lolo_lola_69: thats op shit man
19:56 arcosanti   : hahaha okay
19:56 arcosanti   : yeah i know
19:56 lolo_lola_69: i mean
19:56 lolo_lola_69: it h-gives advantage
19:56 arcosanti   : yeah i understand
19:57 lolo_lola_69: wooooha
19:57 lolo_lola_69: riptide
19:57 Jhor        : :O
19:58 lolo_lola_69: too bad u cant throw it anymore
19:58 Jhor        : :'(
19:58 Jhor        : good when it rains tho
19:58 lolo_lola_69: jhor, u hve a power 5 bow no?
19:58 Jhor        : yes sir
19:58 lolo_lola_69: doooh riptide with elytra
19:58 lolo_lola_69: is fucking amazing
19:58 lolo_lola_69: and rain
19:58 Jhor        : I have 2 tridents now
20:03 arcosanti   : what does /afk do
20:03 lolo_lola_69: its says Jhor is now afk
20:03 arcosanti   : thats all
20:03 lolo_lola_69: ye
20:03 arcosanti   : ooh
20:03 arcosanti   : okay
20:03 lolo_lola_69: only op has it tho
20:04 arcosanti   : ./afk and /whisper should be allowed
20:04 lolo_lola_69: agree
20:20 arcosanti placed suspicious LAVA_BUCKET @ world: x537, z200
20:58 Kobeboy15   : lol
21:01 big_tasty   : oj jesus kobe
21:01 Kobeboy15   : o j jesus?
21:01 Kobeboy15   : hahaha
21:03 Kobeboy15   : oh hey hannah
21:03 big_tasty   : wassup
21:04 big_tasty   : why is that happening
21:04 Kobeboy15   : cuz I exist
21:04 Kobeboy15   : yeah sorry, what actually do you want XD
21:04 big_tasty   : oh nothing im just watching you
21:04 Kobeboy15   : i mean ya floor XD
21:04 big_tasty   : oh hmm
21:05 big_tasty   : probably birch
21:05 Kobeboy15   : good luck on ya house building :3
21:06 big_tasty   : oh dam thank you
21:06 big_tasty   : uwu
21:06 big_tasty   : cute flowers!
21:07 Kobeboy15   : for ya horse :3
21:10 Kobeboy15   : /describe Kobeboy15 
21:18 kdremeds placed suspicious WATER_BUCKET @ world: x761, z203
21:20 big_tasty   : thats epic
21:22 kdremeds placed suspicious WATER_BUCKET @ world: x760, z203
21:22 kdremeds placed suspicious WATER_BUCKET @ world: x760, z203
21:34 Giniguy     : test
21:36 Boulderballs: /t 
21:37 Boulderballs: t
21:40 kdremeds placed suspicious WATER_BUCKET @ world: x592, z-750
21:52 lolo_lola_69: fio
21:52 lolo_lola_69: gio
21:52 lolo_lola_69: trust sa plox, nakig trade ko
21:54 Giniguy     : yo
21:54 lolo_lola_69: trust
21:55 lolo_lola_69: di gihapon ko ka trade
21:55 Giniguy     : wait
21:55 Giniguy     : slr
21:55 Giniguy     : pwede na
21:55 lolo_lola_69: nc window
21:57 lolo_lola_69: damn hannah
21:58 lolo_lola_69: cool looking house u got here
21:58 big_tasty   : hell yeh
21:59 lolo_lola_69: birch and bone looks nice, good palette
22:00 lolo_lola_69: what are u planning for the roofing hannah
22:01 big_tasty   : probably oak
22:01 lolo_lola_69: oh
22:01 lolo_lola_69: i was expecting like diorite
22:16 lolo_lola_69: oh shit
22:16 lolo_lola_69: hahaha
22:35 Giniguy     : vlad
22:35 lolo_lola_69: yas
22:35 Giniguy     : naa lagi 2 ka trader villager
22:35 Giniguy     : pwede diay na?
22:35 lolo_lola_69: wandering trader?
22:41 lolo_lola_69: sleep?
22:42 lolo_lola_69: pwede mo adto chillhouse
22:42 lolo_lola_69: soo lonely
22:42 Giniguy     : vlad?
22:42 lolo_lola_69: ou
22:42 Giniguy     : tug nami
22:42 lolo_lola_69: aw
22:42 Giniguy     : meow
22:42 lolo_lola_69: discor
22:45 Giniguy     : ngilo
22:54 lolo_lola_69:  placed a sign @ world: x652, z-10
  **********************
  Big_Tasty 
  Residences  ->>
  **********************
23:01 lolo_lola_69:  placed a sign @ world: x652, z-10
  **********************
  Big_Tasty
  Residence ->>
  **********************
23:08 lolo_lola_69:  placed a sign @ world: x698, z-4
  <<---------->>
  DONT TOUCH THIS
  PRIMORDIAL GRASS
  <<---------->>
23:10 lolo_lola_69:  placed a sign @ world: x698, z-3
  <<----------->>
  DONT TOUCH
  PRIMORDIAL GRASS
  <<----------->>
23:14 lolo_lola_69:  placed a sign @ world: x700, z-1
  <<----------->>
  DONT TOUCH THIS
  PRIMORDIAL GRASS
  <<----------->>
23:15 lolo_lola_69:  placed a sign @ world: x696, z-1
  <<----------->>
  DONT TOUCH THIS
  PRIMORDIAL GRASS
  <<----------->>
23:20 lolo_lola_69: waoh
23:20 lolo_lola_69: late gamer
23:20 Johann      : i must withdraw
23:20 Johann      : to my mine
23:20 Johann      : for a looong time
23:20 Johann      : im out of diamonds hahahah
23:20 Giniguy     : lee mao
23:23 lolo_lola_69: joh
23:23 Johann      : yo
23:23 lolo_lola_69: check out hannah house'
23:23 Johann      : i saw the beach
23:23 Johann      : and like the prototype
23:23 Johann      : when i get back to te surface
23:23 lolo_lola_69: its made out of bones
23:23 lolo_lola_69: hahaha
23:23 Johann      : well shit
23:24 Giniguy     : dwarf life
23:24 lolo_lola_69: digi digi hole
23:24 Johann      : RAISED
23:24 Johann      : IN THE DARK
23:43 Johann      : yawa i got like 20 emeralds
23:43 Johann      : no diamonds
23:43 lolo_lola_69: gay
