11:20 Jhor      : Hey Joule, can you do me a favor?
11:20 Arisu21   : Yeah sure
11:20 Jhor      : could you tp to me and watch my dog, I need him to tp and someone has to load the chunk he's in
11:20 Arisu21   : sure
11:21 Jhor      : thanks Joule
11:21 Jhor      : just follow him for a bit until he tps
11:21 Arisu21   : got it
11:21 Jhor      : ayt thanks it worked
11:21 Arisu21   : anytime man
11:21 Jhor      : :D
11:24 Jhor      : Wax, how much is the max mcmmo level per skill?
11:26 arcosanti : i think1k
11:26 arcosanti : slr hahaha
11:26 Jhor      : wtf
11:27 Jhor      : Rob didn't set it to 100 max?
11:27 arcosanti : ooooh
11:27 arcosanti : ah yeah right
11:27 arcosanti : 100 here is 1k normally i think
11:27 Jhor      : I'd shit my pants if it was 1k haha
11:29 Jhor      : Damn the taming skill is so hard to get xp for
11:32 arcosanti : hahahaha yeah
11:47 Jhor      : can one of you help me again hahaha
11:47 arcosanti : hahahahaha sure
11:48 Jhor      : same thing, tp to me haha
11:48 Jhor      : watch my cat
11:48 arcosanti : sure
11:48 arcosanti : oh it tp'd
11:48 Jhor      : ye
11:48 Jhor      : thanks wax
11:49 arcosanti : np np
11:49 Jhor      : this is supposed to level my taming skill
11:49 Jhor      : but I think rob disabled it
