21:48 kdremeds  : archie sleep?
21:48 Arrchiiee : sure
21:49 Arrchiiee : kim
21:49 Arrchiiee : could i visit your spawner?
21:52 kdremeds  : sure
21:52 Arrchiiee : ty heheh
21:52 kdremeds  : imma afk for a bit
21:53 Arrchiiee : sure sure
22:36 Arrchiiee : kim
22:55 Giniguy   : sleep?
22:55 lolo_lola_69: oks
22:55 lolo_lola_69: ana si archei
22:55 lolo_lola_69: huwat sa
22:55 Giniguy     : oh
22:55 Giniguy     : why
22:55 lolo_lola_69: padung pa siya
22:55 Arrchiiee   : making my way home
22:56 Arrchiiee   : with new horse
22:56 lolo_lola_69: di man pwede sleep
22:56 lolo_lola_69: lagi
22:56 Giniguy     : unsa tong lightning?
22:56 Giniguy     : naay skelly trap?
22:56 lolo_lola_69: normal ra
22:56 lolo_lola_69: idk
22:56 Arrchiiee   : yeah
22:56 Arrchiiee   : skelly trap
22:56 Giniguy     : archie?
22:56 lolo_lola_69: aw gi trigger ni arch
22:56 Giniguy     : ayy
23:09 lolo_lola_69: kinsa naa sands pwede mangayu :3
23:09 Giniguy     : waley :/
23:09 lolo_lola_69: gamay kag otin
23:09 lolo_lola_69: AHAHIAHAAHA
23:09 Giniguy     : :(
23:15 Giniguy     :  placed a sign @ world: x759, z-482
  ===============
  Looting III
  Merchant
  ===============
23:21 Arrchiiee   : kim?
23:26 Giniguy     :  placed a sign @ world: x759, z-484
  ===============
  Fire Aspect II
  Merchant
  ===============
23:35 lolo_lola_69: gio naa ka andesites?
23:35 Giniguy     : yes
23:35 lolo_lola_69: akoa na be
23:35 lolo_lola_69: pila
23:35 Giniguy     : w8
23:35 Giniguy     : mga 8 stacks?
23:36 lolo_lola_69: deal
23:36 lolo_lola_69: unsay baligya sa inyong villlager nga pang ems
23:36 Giniguy     : naay white wool
23:36 lolo_lola_69: cge
23:36 lolo_lola_69: visit lang nya ko
23:36 Giniguy     : ge2
23:37 Giniguy     : mo leave nami taud2
23:37 lolo_lola_69: andes
23:37 Giniguy     : nag remodel kos villager hall
23:38 lolo_lola_69: dam
23:38 lolo_lola_69: army
23:38 Giniguy     : librarian 3.0
23:38 Giniguy     : ang walay label ayaw trade
23:38 lolo_lola_69: andesi
23:38 lolo_lola_69: asa
23:41 Giniguy     : diri
23:41 Giniguy     : ang wool
23:41 Giniguy     : oi
23:41 lolo_lola_69: ty
