20:06 kimremedsss: test
20:28 Kobeboy15 : test
20:29 kimremedsss: wew datoa
20:29 lanzkiez123: layo pa
20:30 kimremedsss: thanks kobe
20:30 Kobeboy15  : np <3
20:30 kimremedsss: disc0rd
20:31 kimremedsss: lance discord
20:31 lanzkiez123: ok
20:32 kimremedsss: sturya
20:32 lanzkiez123: naa?
20:32 kimremedsss: wa
20:32 kimremedsss: mute tingali ka
20:32 lanzkiez123: wait
20:33 kimremedsss: e mute and unmute imo self daw
20:46 kimremedsss: test
20:56 kimremedsss: test
21:05 lanzkiez123:  placed a sign @ world: x15016, z14986
  wood
  &
  farming
21:05 lanzkiez123:  placed a sign @ world: x15016, z14986
  stone 
  &
  dirt
21:08 kimremedsss: test
21:08 kimremedsss placed suspicious WATER_BUCKET @ world: x15017, z14980
21:08 kimremedsss placed suspicious WATER_BUCKET @ world: x15016, z14980
21:08 kimremedsss placed suspicious WATER_BUCKET @ world: x15021, z14982
21:08 kimremedsss placed suspicious WATER_BUCKET @ world: x15025, z14985
21:08 kimremedsss placed suspicious WATER_BUCKET @ world: x15028, z14989
21:08 kimremedsss placed suspicious WATER_BUCKET @ world: x15024, z14993
21:16 kimremedsss: test
21:30 kimremedsss: test
21:59 lanzkiez123:  placed a sign @ world: x15016, z14986
  ores
  &
  armor
22:02 lanzkiez123:  placed a sign @ world: x15013, z14994
  aa
22:40 lanzkiez123:  placed a sign @ world: x15016, z14986
  books
