13:51 Kobeboy15 :  placed a sign @ world: x211, z-295
  16
  B 5 : 1 S
  Gold Ingot
14:50 Kobeboy15 :  placed a sign @ world: x210, z-292
  ADMIN SHOP
  64
  B 25
  Iron Ingot
15:00 Kobeboy15 :  placed a sign @ world: x214, z-290
  ADMIN SHOP
  5
  B
15:01 Kobeboy15 :  placed a sign @ world: x214, z-290
  ADMIN SHOP
  5
  B 10 : 5 S
  Gold Ingot
15:03 Kobeboy15 :  placed a sign @ world: x214, z-290
  Admin Shop
  5
  B 10 : 5 S
  Gold Ingot
15:08 Kobeboy15 :  placed a sign @ world: x209, z-288
  Admin Shop
  10
  B10:S5
  Gold Ingot
15:09 Kobeboy15 :  placed a sign @ world: x209, z-289
  Admin Shop
  4
  B10:S5
  Gold Ingot
15:11 Kobeboy15 :  placed a sign @ world: x209, z-289
  Kobeboy15
  4
  B10:S5
  Gold
15:12 Kobeboy15 :  placed a sign @ world: x209, z-289
  Gold
15:13 Kobeboy15 :  placed a sign @ world: x209, z-289
  Admin Shop
  5
  B 10 : S 5
  GOLD_INGOT
15:14 Kobeboy15 :  placed a sign @ world: x209, z-289
  Kobeboy15
  5
  B 10
  gold_ingot
15:15 Kobeboy15 :  placed a sign @ world: x209, z-289
  Admin Shop
  5
  B 10
  Gold
15:16 Kobeboy15 :  placed a sign @ world: x209, z-289
  Admin Shop
  5
  S 10
  Gold Ingot
15:30 Kobeboy15 :  placed a sign @ world: x218, z-295
  Admin Shop
  5
  S 5
  Gold Ingot
15:32 Kobeboy15 :  placed a sign @ world: x212, z-289
  THESE TEST
  ARE KILLING ME
  WHY AM I
  DYING?
15:41 Kobeboy15 :  placed a sign @ world: x223, z-295
  Admin Shop
  5
  S 10
  Gold Ingot
15:48 Kobeboy15 :  placed a sign @ world: x212, z-287
  Tests
  ChestShop
  V3.10 (Build 137)
17:26 Kobeboy15 :  placed a sign @ world: x212, z-296
  Tests for
  ChestShop V3.10
  were performed
  here. 07/20/19
17:44 arcosanti :  placed a sign @ world: x201, z-296
  5
  b 1 : s 20
  grass block
17:45 arcosanti :  placed a sign @ world: x201, z-296
  1
  b 1
  grass block
17:46 arcosanti :  placed a sign @ world: x201, z-296
  1
  b 1
  dirt block
17:46 arcosanti :  placed a sign @ world: x201, z-296
  1
  b 1
  dirt
18:06 Kobeboy15 :  placed a sign @ world: x252, z-256
  Welcome
  to
  CHOCOLOATE
  HILS
18:17 Kobeboy15 :  placed a sign @ world: x252, z-264
  ^
  |
  NORTH
18:22 arcosanti :  placed a sign @ world: x201, z-296
  1
  b 1
  dirt
18:31 Kobeboy15 :  placed a sign @ world: x213, z-290
  1
  S 2
  Dirt
18:32 arcosanti :  placed a sign @ world: x201, z-296
  1
  s 1
  dirt
18:34 Kobeboy15 :  placed a sign @ world: x213, z-290
  Admin Shop
  10
  S 2
  Dirt
18:34 arcosanti :  placed a sign @ world: x201, z-296
  adminshop
  1
  s
18:34 arcosanti :  placed a sign @ world: x201, z-296
  adminshop
  1
  s 1
  dirt
18:56 arcosanti :  placed a sign @ world: x252, z-256
  Welcom
  to
  CHOCOLAT
  HILS
18:57 arcosanti :  placed a sign @ world: x252, z-256
  Welcome
  to
  CHOCOATE
  HILS
21:40 arcosanti : feed
22:24 Mangaboy5398: sdaf
22:33 lolo_lola_69: i cant destroy blocks
22:36 lolo_lola_69: no acces
22:44 Kobeboy15   :  placed a sign @ world: x-7, z210
  WElCuMe
  tO
  ChOcolocote
  HeLS
22:47 bigpeen69   : christian server
22:47 bigpeen69   : ban non-christians
22:47 bigpeen69   : big peen means big peentacostal sunday
22:48 bigpeen69   : and i was baptised on the 9th day of the 6th month :) <3
22:48 bigpeen69   : = bigpeen69
22:50 lolo_lola_69:  placed a sign @ world: x-7, z210
  Welcume
  2
  chocolat
  hells
22:51 bigpeen69   : looks liek a peen head tbh
22:57 bigpeen69   : y not just have smth like SV
22:57 bigpeen69   : where u get to sell shit in the store
22:57 bigpeen69   : no i mean like
22:57 bigpeen69   : transfer items to the chest
22:57 bigpeen69   : then get money instsantly
22:59 Mangaboy5398: so
22:59 Mangaboy5398: wtf
22:59 Mangaboy5398: anyway
22:59 Kobeboy15   : yea?
22:59 bigpeen69   : :>
22:59 Mangaboy5398: what's the plan for the shop
23:00 Mangaboy5398: hahaha
23:01 Mangaboy5398: they gossip now
23:01 Mangaboy5398: and stufff
23:01 Mangaboy5398: it affects trades
23:02 Mangaboy5398: is this too small?
23:03 bigpeen69   : vlad u shud just take architecture
23:03 bigpeen69   : major in minecraft
23:05 Mangaboy5398: how you like it?
23:05 Kobeboy15   : rob this looks like trash
23:05 Mangaboy5398: bad
23:05 Kobeboy15   : hahahahah
23:05 Kobeboy15   : rob im kiddin
23:06 Kobeboy15   : i love it
23:06 Mangaboy5398: damn it kobe
23:06 Mangaboy5398: tell me that beffore I finish destroying it
23:06 Kobeboy15   : if you were here in the voice chat, you'd hear my sarcasm
23:06 Mangaboy5398: have the boyfriend duties
23:06 Kobeboy15   : awww <3
23:08 bigpeen69   : tru
23:08 Mangaboy5398: what is true
23:08 Kobeboy15   : nuttin
23:08 bigpeen69   : :>
23:09 Mangaboy5398: fuck ya'll
23:09 bigpeen69   : nyeeee
23:10 bigpeen69   : wats with osmena
23:12 Mangaboy5398: wait so what is this ffor?
23:13 Mangaboy5398: i thought it was a shop
23:13 Mangaboy5398: looks nice but isnt this suffocating?
23:13 Mangaboy5398: like it's small
23:14 Mangaboy5398: wait actually
23:14 Mangaboy5398: no it's goo
23:14 Mangaboy5398: good
23:15 Mangaboy5398: i placed that there
23:15 Mangaboy5398: so that there will be no mob spawns
23:15 Mangaboy5398: or will you be able to prevent that kobe?
23:15 Mangaboy5398: essentials spawn
23:16 Kobeboy15   : depends on your ranking on the server
23:16 Mangaboy5398: what does
23:16 Mangaboy5398: like no mob spawn
23:16 Mangaboy5398: in the spawn
23:16 Kobeboy15   : ohhhhhh
23:16 Mangaboy5398: so that we don't have to deal with zombie soungs
23:16 Mangaboy5398: sounds*
23:16 Kobeboy15   : is there a plugin for that?
23:16 Mangaboy5398: and stuff like that
23:16 Kobeboy15   : can we just put a fence?
23:16 Mangaboy5398: i think in essentials spawn
23:16 Mangaboy5398: or we can leave it like this
23:17 Mangaboy5398: which is also ok
23:17 Kobeboy15   : rob try doing the essentials spawn thing
23:17 Kobeboy15   : you can set it up
23:17 Kobeboy15   : but im not sure what that means
23:17 Mangaboy5398: alirght
23:17 Mangaboy5398: I'll do taht later
23:18 Mangaboy5398: i think there should be a pier like
23:18 Mangaboy5398: maybe you can dock the boats somewhere
23:18 Mangaboy5398: like there is
23:18 Mangaboy5398: a space for them
23:18 Mangaboy5398: or maybe a fence then lead? does that work?
23:19 bigpeen69   : oh no
23:21 Mangaboy5398: seriously what is this for? hahaha
23:21 Mangaboy5398: he
23:21 Mangaboy5398: he gazeebo
23:21 Kobeboy15   : waht?
23:21 Mangaboy5398: his one
23:21 Kobeboy15   : its for the shop
23:21 arcosanti   : hahahaha
23:21 arcosanti   : i made it cuz i wanted to make another building
23:21 Kobeboy15   : but we didnt set up chests yet
23:21 Mangaboy5398: so it leads left to rightr?
23:21 Mangaboy5398: oh yeah there is this plugin
23:21 Mangaboy5398: where the shop is like
23:22 Mangaboy5398: floating items if you catch my drift
23:22 Mangaboy5398: kinda looks like that
23:23 arcosanti   : rob
23:23 Kobeboy15   : rob
23:23 arcosanti   : come here
23:23 bigpeen69   : rob come here u slut
23:23 Kobeboy15   : ribbon cutting
23:23 arcosanti   : for ribbon cuttin
23:24 bigpeen69   : get ur stone items back
23:24 bigpeen69   : trash the others
23:24 Kobeboy15   : get your stones back
23:24 arcosanti   : break the bed you slept on rob
23:24 Mangaboy5398: wtf is a bad spawn
23:25 Mangaboy5398: so we're gonna make another building?
23:27 Mangaboy5398: so what are you doing?
23:28 Mangaboy5398: wtf is the plan
23:28 Mangaboy5398: oi
23:28 Kobeboy15   : everyone follow wax
23:29 Mangaboy5398: where are they
23:31 Mangaboy5398: wait
23:31 Mangaboy5398: what's happening???
23:31 Mangaboy5398: why are we cutting shit?
23:31 Kobeboy15   : wax has no plan
23:31 Mangaboy5398: oi peen
23:31 Mangaboy5398: wt
23:31 bigpeen69   : wat
23:32 Mangaboy5398: wtf are you doing
23:32 bigpeen69   : chopping trees
23:32 Mangaboy5398: why
23:32 bigpeen69   : wood
23:32 Mangaboy5398: i thought we were gonna do shit yet
23:32 bigpeen69   : wat
23:32 bigpeen69   : it's survival mode na
23:32 Mangaboy5398: what' sth eplan?
23:32 Mangaboy5398: yeah i know
23:32 bigpeen69   : wats wrong with chopping wood i don't get HAHAH
23:32 Kobeboy15   : we see a shipwreck
23:32 Mangaboy5398: oh shiut
23:32 Mangaboy5398: wait
23:33 Mangaboy5398: so are we actually playing now?
23:33 Kobeboy15   : YES
23:33 Mangaboy5398: without lads?
23:33 Kobeboy15   : OMG
23:33 Mangaboy5398: or osmething?
23:33 bigpeen69   : ....
23:33 Mangaboy5398: like Lads wanted to play
23:33 arcosanti   : he cant get in daw
23:33 Mangaboy5398: did you send the IP wax
23:33 Mangaboy5398: wtf
23:33 Mangaboy5398: why
23:33 Mangaboy5398: hmmm tell him to try lemme log out
23:35 Mangaboy5398: hey lads
23:36 Mangaboy5398: no access to tpa kobe
23:36 Mangaboy5398: hahah wtf
23:37 Mangaboy5398: why are you flying Kobe/
23:37 Kobeboy15   : SHOWING ALLADING WERE THE FUCKING WERE ARE
23:37 Mangaboy5398: ok
23:37 Mangaboy5398: just asking
23:37 Mangaboy5398: damn it kobe
23:37 Kobeboy15   : yeah... JUST ASKING :/
23:37 Mangaboy5398: don't be so aggresive
23:38 Mangaboy5398: so.... what do we do?
23:39 Mangaboy5398: hey lads
23:39 Mangaboy5398: wazzap
23:39 Lads        : hey
23:39 Lads        : can i have some food
23:39 Mangaboy5398: i don't have much either haha
23:40 Mangaboy5398: idk what's going on tbh
23:40 bigpeen69   : but ur a mod
23:40 Mangaboy5398: since i'm not in chat
23:41 Mangaboy5398: eyy where are you guys
23:41 Kobeboy15   : WE ARE AT BOAT
23:41 Kobeboy15   : sorry caps
23:41 Mangaboy5398: where is that?
23:41 Kobeboy15   : where the lava is
23:42 Mangaboy5398: wheres the clear water achievement again/
23:42 Mangaboy5398: i mean setting
23:43 Mangaboy5398: do we ahve a base wax?
23:43 Mangaboy5398: or nah?
23:43 arcosanti   : not yet hahaha
23:43 Kobeboy15   : yea?
23:43 Kobeboy15   : kinda?
23:43 Mangaboy5398: ah alright
23:43 arcosanti   : im still looking at the underwater ruins
23:43 bigpeen69   : where do you guys wanna set base
23:44 Mangaboy5398: I feel like wax is gonna log offff soon
23:44 bigpeen69   : he wont
23:46 Mangaboy5398: kobe is this hard mode?
23:47 Kobeboy15   : uhhhhhh idk tbh
23:47 Kobeboy15   : ahhh fuck
23:47 Kobeboy15   : its on easy
23:47 Kobeboy15   : how to make it harder?
23:47 Mangaboy5398: i think its /difficulty?
23:47 Mangaboy5398: then 3
23:50 Kobeboy15   : rob?
23:50 arcosanti   : rob where are you
23:50 Mangaboy5398: yes?
23:50 Mangaboy5398: just here
23:50 Mangaboy5398: no one is talking to me
23:50 Mangaboy5398: so yeah
23:50 Mangaboy5398: idk what everyone's doing
23:50 Mangaboy5398: hahaha
23:50 Kobeboy15   : CUZ TYPING IS PAINFUL
23:50 Lads        : coz i dont know how to type
23:50 arcosanti   : $agreed hahaha
23:50 Mangaboy5398: I AM VIDEO CALLING
23:50 arcosanti   : wbere are you i can pic you up
23:50 Kobeboy15   : rob where are you?
23:51 Mangaboy5398: HAHAH
23:51 Mangaboy5398: here in the
23:51 Mangaboy5398: crating table
23:51 Mangaboy5398: cause we can't tpa
23:51 Kobeboy15   : we found u
23:51 Mangaboy5398: just farming
23:51 Mangaboy5398: osme melons
23:51 Kobeboy15   : follow us
23:51 arcosanti   : get in rob
23:51 Mangaboy5398: i have like 2 hearts
23:51 arcosanti   : pack your shit and come in my boat
23:51 Kobeboy15   : ride one of them bots
23:52 arcosanti   : rob drive
23:52 arcosanti   : jus move forawrd
23:52 arcosanti   : towards the cobble
23:53 arcosanti   : this is where we're setting up base
23:53 Mangaboy5398: oh ok
23:53 Mangaboy5398: nice
23:54 arcosanti   : we're deforesting this part of the land rob
23:54 Mangaboy5398: sure
23:54 Kobeboy15   : like ya chinese ancestors did it
23:54 bigpeen69   : like cancer human beings that we are
23:54 arcosanti   : HAHAHA
23:56 Mangaboy5398: imma get some iron for an iron block
