20:33 lolo_lola_69: henlo
20:33 crystalgem  : hi vlad
20:33 lolo_lola_69: laaaag
20:34 crystalgem  : super
23:05 kimremedsss placed suspicious WATER_BUCKET @ world: x15121, z14670
23:05 kimremedsss placed suspicious WATER_BUCKET @ world: x15121, z14669
23:11 kimremedsss:  placed a sign @ world: x15009, z14993
  OTHERS
23:11 kimremedsss:  placed a sign @ world: x15009, z14993
  FOOD
23:19 kimremedsss placed suspicious WATER_BUCKET @ world: x14975, z14990
23:19 kimremedsss placed suspicious WATER_BUCKET @ world: x14968, z14993
23:19 kimremedsss placed suspicious WATER_BUCKET @ world: x14979, z14985
23:19 kimremedsss placed suspicious WATER_BUCKET @ world: x14974, z14979
23:19 kimremedsss placed suspicious WATER_BUCKET @ world: x14974, z14978
23:20 kimremedsss placed suspicious WATER_BUCKET @ world: x14973, z14978
23:20 kimremedsss placed suspicious WATER_BUCKET @ world: x14974, z14975
23:20 kimremedsss placed suspicious WATER_BUCKET @ world: x14976, z14975
23:20 kimremedsss placed suspicious WATER_BUCKET @ world: x14982, z14972
23:20 kimremedsss placed suspicious WATER_BUCKET @ world: x14983, z14974
23:20 kimremedsss placed suspicious WATER_BUCKET @ world: x14985, z14970
23:20 kimremedsss placed suspicious WATER_BUCKET @ world: x14989, z14971
23:20 kimremedsss placed suspicious WATER_BUCKET @ world: x14986, z14981
23:20 kimremedsss placed suspicious WATER_BUCKET @ world: x14964, z14983
23:20 kimremedsss placed suspicious WATER_BUCKET @ world: x14966, z14981
23:21 kimremedsss placed suspicious WATER_BUCKET @ world: x14966, z14970
23:21 kimremedsss placed suspicious WATER_BUCKET @ world: x14967, z14972
23:21 kimremedsss placed suspicious WATER_BUCKET @ world: x14972, z14967
23:21 kimremedsss placed suspicious WATER_BUCKET @ world: x14973, z14969
23:21 kimremedsss placed suspicious WATER_BUCKET @ world: x14972, z14970
23:21 kimremedsss placed suspicious WATER_BUCKET @ world: x15014, z14958
23:21 kimremedsss placed suspicious WATER_BUCKET @ world: x15019, z14961
23:21 kimremedsss placed suspicious WATER_BUCKET @ world: x15030, z14958
23:21 kimremedsss placed suspicious WATER_BUCKET @ world: x15027, z14964
23:21 kimremedsss placed suspicious WATER_BUCKET @ world: x15036, z14961
23:21 kimremedsss placed suspicious WATER_BUCKET @ world: x15049, z14964
23:22 kimremedsss placed suspicious WATER_BUCKET @ world: x15045, z14969
23:22 kimremedsss placed suspicious WATER_BUCKET @ world: x15044, z14973
23:22 kimremedsss placed suspicious WATER_BUCKET @ world: x15050, z14977
23:22 kimremedsss placed suspicious WATER_BUCKET @ world: x15052, z14981
23:22 kimremedsss placed suspicious WATER_BUCKET @ world: x15051, z14980
23:22 kimremedsss placed suspicious WATER_BUCKET @ world: x15064, z14988
23:22 kimremedsss placed suspicious WATER_BUCKET @ world: x15071, z14995
23:22 kimremedsss placed suspicious WATER_BUCKET @ world: x15062, z14993
23:22 kimremedsss placed suspicious WATER_BUCKET @ world: x15025, z14975
23:22 kimremedsss placed suspicious WATER_BUCKET @ world: x15024, z14976
