00:17 lolo_lola_69: joh
00:17 Johann      : yo
00:17 lolo_lola_69: im gonna sleep na
00:17 Johann      : goodnight
00:18 lolo_lola_69: do u want totem of undying
13:44 lolo_lola_69: joh
13:45 lolo_lola_69: where's the gold horse armor
13:45 lolo_lola_69: ur horse is naked
13:45 Johann      : naara nako
13:45 Johann      : wtfs
13:45 Johann      : no i gave him the iron
13:45 lolo_lola_69: aw
13:46 Johann      : the iron looks like his skin lokl
13:46 lolo_lola_69: yr
13:46 lolo_lola_69: ye
13:46 lolo_lola_69: i wanna explore malakor mine
13:46 Johann      : i will let kylah navigate around sa
13:46 Johann      : she is in control
13:46 lolo_lola_69: hello
13:47 Johann      : hi
13:49 Johann      : wheres ilang gio
13:49 lolo_lola_69: ye, i dont know sad
13:49 Johann      : atay
13:50 Johann      : hahahahhh
13:50 Johann      : the search continues
13:50 lolo_lola_69: i guess it's off the village
13:50 lolo_lola_69: i think i found it
13:51 lolo_lola_69: it's a tree house
13:51 lolo_lola_69: haha
13:51 Johann      : guide me lng nya
13:51 Johann      : ayyy
13:51 Johann      : savage
13:53 lolo_lola_69: i dounf a zombie villager
13:53 Johann      : mamaya na
13:53 Johann      : when im at the helm
13:53 lolo_lola_69: cge
13:53 Johann      : hahahhahah
16:00 lolo_lola_69: joh
16:00 Johann      : lez gooooo
16:00 lolo_lola_69: my infinity bow
16:00 Johann      : salamat babes
16:00 Johann      : what about it?
16:00 lolo_lola_69: it jump to lava
16:00 Johann      : T_T
18:08 Johann    : yawa vlad
18:08 Johann    : the uwan
18:08 Johann    : is making my net slow
18:09 lolo_lola_69: sad
18:09 lolo_lola_69: fibr man ka diba?
18:09 Johann      : yes
18:09 Johann      : oh wait
18:09 Johann      : its getting better
18:09 lolo_lola_69: i dont htink thats uwna
18:09 Johann      : ni hinay mhn shd
18:10 Johann      : oh wait
18:10 Johann      : i found gios house
18:10 Johann      : near the village
18:11 lolo_lola_69: ye
18:11 lolo_lola_69: tree house
18:15 Johann      : naa kay lava?
18:15 lolo_lola_69: wla
18:15 lolo_lola_69: gahimo kog auto exp farm
18:15 Johann      : amazing
18:16 lolo_lola_69: saba lang kaayu
18:16 lolo_lola_69: but im in my secret underwater base
18:20 Johann      : do you feel
18:20 Johann      : the more automated
18:20 Johann      : one makes minecraft
18:20 Johann      : the less one needs to play minecrafT?
18:20 lolo_lola_69: yea
18:20 lolo_lola_69: but im making an exception for this one
18:20 lolo_lola_69: i fucking lost the greatest bow ive ever had
18:21 lolo_lola_69: legit
18:23 Johann placed suspicious LAVA_BUCKET @ world: x754, z-173
18:55 lolo_lola_69: ok
20:39 lolo_lola_69: joh
20:39 Johann      : hello
20:39 lolo_lola_69: do u want to see the shadown in my room
20:39 Johann      : WTF
20:39 lolo_lola_69: my creation
20:39 lolo_lola_69: the monster that is
20:39 lolo_lola_69: my exp farm
20:39 Johann      : oh shit
20:40 Johann      : leggo
20:40 Johann      : show the meow
20:40 lolo_lola_69: tp
20:41 Johann      : oks
20:41 Johann      : yawa
20:41 Johann      : ni ungot
20:41 Johann      : akong
20:42 Johann      : how does it spawn monsters?
20:42 lolo_lola_69: it doesnt
20:42 Johann      : how then?
20:42 lolo_lola_69: its uses cooking cactus for exp
20:42 Johann      : dammnnn
20:42 Johann      : shiet man
20:42 Johann      : GREEN DYE?
20:42 Johann      : I CAN BE AN ORC NOW
20:42 Johann      : hahahhahah
20:42 lolo_lola_69: thats what cooking cactus gives
20:42 Johann      : cool shit bai
20:46 Johann      : u are like Saruman destroying Fangorn Forest Vlad
20:46 lolo_lola_69: why
20:46 Johann      : the wheels of industry
20:46 lolo_lola_69: joh
20:46 Johann      : u are turning our world into steampunk
20:47 lolo_lola_69: why was the orc from like mud placentas
20:47 Johann      : oh shit
20:47 Johann      : til
20:47 Johann      : vladi has not Lord of the Rings'ed yet
20:47 lolo_lola_69: kutob rako tan aw
20:47 lolo_lola_69: haha
20:47 Johann      : aw
20:48 Johann      : thats enough in my book
20:48 Johann      : idk
20:48 Johann      : thats how they reproduce
20:48 Johann      : robert is the true tolkien nerd
20:48 lolo_lola_69: oh
20:48 lolo_lola_69: good movie
20:49 Johann      : GOAT
20:49 lolo_lola_69: did u hear funhaus talk shit about livecraft
20:49 lolo_lola_69: lovecraft
20:49 lolo_lola_69: hahaha
20:50 Johann      : talk shit?
20:50 Johann      : or talk about?
20:50 lolo_lola_69: talk abot
20:50 Johann      : which video?
20:50 lolo_lola_69: mostly talking shit
20:50 lolo_lola_69: haha
20:50 Johann      : ayyyy
20:50 lolo_lola_69: sinking city
20:50 Johann      : oh shieet
20:51 Johann      : mu,tan-aw pa ko
20:51 lolo_lola_69: stinking shity
20:51 Johann      : u can make a lovecraft style warlock bay
20:51 Johann      : baya
20:51 Johann      : in DnD
20:51 lolo_lola_69: ew
20:51 Johann      : tentacles and shiet
20:55 lolo_lola_69: name sa iyang cat kay n1gger
21:02 lolo_lola_69: joh, this is just simple shit
21:02 lolo_lola_69: do u know what people can make using redstones and pistons
21:02 lolo_lola_69: walking houses
21:02 Johann      : aw yeah
21:02 Johann      : true
21:02 lolo_lola_69: aye new FH vid
21:06 lolo_lola_69: have u drank my gift na joh
21:06 Johann      : i will use it
21:06 Johann      : when I most need it
21:06 lolo_lola_69: u will be conqueror
21:06 lolo_lola_69: but never be slaves
21:06 Johann      : Gul'Vlad!
21:06 lolo_lola_69: hahaha
21:06 lolo_lola_69: drink, Hellsknighy
21:07 lolo_lola_69: t
21:07 Johann      : attaayy
21:07 Johann      : ahhaahah
21:11 Johann placed suspicious LAVA_BUCKET @ world: x744, z-189
21:17 Johann placed suspicious WATER_BUCKET @ world: x744, z-184
21:34 arcosanti   : ola
21:56 lolo_lola_69: aye
21:57 Giniguy     : wat
21:58 lolo_lola_69: ga unsa mo gio
21:58 Giniguy     : himo balay
21:58 lolo_lola_69: awe, tree house people haha
21:58 Giniguy     : yes
21:59 Giniguy     : unsaon pag gamit sa ability sa mcmmo?
21:59 lolo_lola_69: ga afk ra ko, naa ko afk exp farm
21:59 lolo_lola_69: RMB ra
21:59 Giniguy     : "you ready your axe"
21:59 Giniguy     : nya sunod?
21:59 lolo_lola_69: unya hit sa kahoy
21:59 lolo_lola_69: or sa kuntra
21:59 Giniguy     : ulol, 4 levels pa
21:59 lolo_lola_69: ye
22:00 lolo_lola_69: grind sa dodong
22:00 Giniguy     : yes po
22:10 lolo_lola_69: ola
22:10 Giniguy     : sup
22:10 big_tasty   : elo
22:10 Giniguy     : why isnt wax and hannah talking
22:10 arcosanti   : hahaha what
22:10 lolo_lola_69: ga discord guro na sila
22:10 Giniguy     : ah ge2
22:10 arcosanti   : yeah we're in a call
22:11 Giniguy     : aah
22:11 lolo_lola_69: 2 couples in the server bai, make your houses
22:11 Giniguy     : HAHAHAHA
22:11 arcosanti   : ahahahaha
22:12 lolo_lola_69: anyone interested in Power3 Flame bow?
22:23 arcosanti   : nice
22:23 Giniguy     : atay renzo na sa
22:23 lolo_lola_69: wao
22:23 lolo_lola_69: ou
22:23 Giniguy     : hahaha ulol
22:23 lolo_lola_69: nice
22:24 lolo_lola_69: haha same
22:24 Giniguy     : unsubscribe sound cloud
22:24 lolo_lola_69: haha
22:24 arcosanti   : the server is gay for renzo
22:24 Giniguy     : XD
22:24 lolo_lola_69: chode
22:24 Giniguy     : test
22:25 Giniguy     : ha
22:25 Giniguy     : hadoken
22:25 lolo_lola_69: u can try in the next restart
22:28 Giniguy     : renz, how did you unsubscribe to pldt?
22:28 Giniguy     : then subscribe to globe?
22:28 Giniguy     : :(
22:31 lolo_lola_69: oh shi
22:32 lolo_lola_69: pillagers, where?
22:32 arcosanti   : near your house haha
22:32 lolo_lola_69: im comig
22:32 lolo_lola_69: dont kill the leader
22:32 arcosanti   : ah we killed them
22:32 arcosanti   : oh shit
22:32 Giniguy     : drink milk
22:32 lolo_lola_69: aw ok
22:32 arcosanti   : vlad wants to farm them
22:32 lolo_lola_69: next time nalang
22:32 Giniguy     : hahaa
22:33 lolo_lola_69: ang pllano namo, kay we leave the leaderalive, then trap him in iron bars
22:33 Giniguy     : wat
22:33 lolo_lola_69: para if gnahan na mi muraid, mu pataay lang mig captain
22:34 lolo_lola_69: naa man cage dira wax, your old small island
22:34 arcosanti   : yah hahaha
22:34 big_tasty   : vlad what are these pistons doing
22:34 Giniguy     : aah nice
22:34 big_tasty   : under ur lake
22:34 lolo_lola_69: im farming exp
22:34 lolo_lola_69: eyo
22:35 lolo_lola_69: go to the house
22:35 lolo_lola_69: ill bring u here
22:35 arcosanti   : eyo
22:35 lolo_lola_69: theres only 1 cart
22:36 big_tasty   : enchanted kingdom
22:36 arcosanti   : i dont have permission HAHA
22:36 arcosanti   : i just pushed the cart
22:37 lolo_lola_69: im using bamboo as fuel
22:37 lolo_lola_69: then im buring cactus for dye
22:37 lolo_lola_69: then dye gives smol xp
22:37 arcosanti   : oooooooh
22:37 arcosanti   : thats good
22:38 lolo_lola_69: u guys are trusted
22:38 arcosanti   : really smart
22:38 lolo_lola_69: i looked it up online ra
22:38 big_tasty   : dats lit
22:38 lolo_lola_69: try taking some dye from the furnaces
22:39 lolo_lola_69: try getting xp daw
22:39 lolo_lola_69: aye
22:39 arcosanti   : oooooh
22:39 arcosanti   : checks out
22:39 arcosanti   : HAHA
22:39 arcosanti   : thats a lot of dye
22:39 lolo_lola_69: ye
22:40 lolo_lola_69: i just have to afk here haha
22:40 arcosanti   : why move the sand tho
22:40 lolo_lola_69: after i get my infinity bow back, ill stop the machine
22:40 arcosanti   : hahaha nice nice
22:40 arcosanti   : you lost it?
22:40 lolo_lola_69: im planning on drying the whole lake from the glass below
22:40 lolo_lola_69: ye
22:40 lolo_lola_69: the bow jumped to lava
22:41 arcosanti   : rip
22:41 lolo_lola_69: its very noisy sa
22:41 arcosanti   : hahaha yeah
22:42 lolo_lola_69: its laaag too
22:42 arcosanti   : oh vlad do you have any extra dark oak saplings
22:42 lolo_lola_69: no, i placed 4 in archies
22:42 arcosanti   : ah kk
22:42 lolo_lola_69: i only have 2 or 3 left
22:42 arcosanti   : ah sayang
22:42 arcosanti   : okay we'll go get some
22:42 arcosanti   : adios
22:42 lolo_lola_69: good luck
22:43 lolo_lola_69: lllool
22:43 lolo_lola_69: hahaha
22:44 big_tasty   : HAHAHA
22:44 lolo_lola_69: the rail is meant for 1 cart only
22:44 lolo_lola_69: that's why
22:44 lolo_lola_69: u guys take turns hehe
22:45 lolo_lola_69: byeee
22:45 arcosanti   : bye dad
22:45 arcosanti   : weeeee
22:45 lolo_lola_69: hahahaha
22:45 arcosanti   : HAHA
22:45 lolo_lola_69: 1 cart wax
22:45 arcosanti   : there was a cart left
22:45 lolo_lola_69: take it
22:46 lolo_lola_69: imo na na
22:46 arcosanti   : hahaha ty
22:46 lolo_lola_69: hey
22:46 lolo_lola_69: no tocuhing
22:46 arcosanti   : hey ;)
22:47 lolo_lola_69: just look
22:47 lolo_lola_69: haha
22:47 arcosanti   : i put ur minecart in there hahaha
22:47 lolo_lola_69: ok ty
22:58 lolo_lola_69: wax im using the green dye to fuel archy's overcomplicated trash can
22:58 arcosanti   : hahahaha
23:02 lolo_lola_69: finally
23:02 Giniguy     : wat
23:02 lolo_lola_69: infinity bow
23:02 Giniguy     : aah haha
23:02 arcosanti   : niiiice
23:04 Giniguy     : halpu
23:04 Giniguy     : 100 zombies
23:06 Giniguy     : kinsay jicoboy haha
23:07 jicoboy     : brother ni alexis
23:07 Giniguy     : ooh
23:07 lolo_lola_69: aw
23:07 jicoboy     : oof
23:07 lolo_lola_69: rip wax
23:07 Giniguy     : hahaha
23:08 Giniguy     : my knight
23:08 FKritz      : hiii
23:08 Johann      : meow
23:09 Johann      : gio
23:09 Giniguy     : hi
23:09 Johann      : can u /trust me
23:09 Johann      : i cant ride my horse
23:09 Giniguy     : done
23:09 Johann      : i have to stop parkking my horse in friends housese
23:09 jicoboy     : MY EXP
23:09 Giniguy     : waiting
23:09 jicoboy     : from 32 to fucking 8
23:10 Giniguy     : ayt2
23:10 Giniguy     : tis ok
23:10 lolo_lola_69: rip
23:10 Giniguy     : go ra
23:10 Giniguy placed suspicious WATER_BUCKET @ world: x781, z-469
23:10 Giniguy     : naa ta koy kanta nimo joh
23:10 Giniguy     : when you arrived with the horse
23:10 Giniguy     : in my time of dilemma
23:10 Giniguy     : "There goes my hero"
23:10 Johann      : atayyy ahhahahah
23:11 Johann      : naa koy saddle
23:11 Johann      : 2 diamonds
23:11 Giniguy     : oooh
23:11 Giniguy     : flex boi
23:11 Johann      : 2 diamonds 4 1 saddle
23:11 jicoboy     : G
23:11 Johann      : g
23:11 Giniguy     : nice flex tape
23:12 Johann      : bringing the party 2 u
23:12 Giniguy     : yes
23:12 lolo_lola_69: kinsa ganahan power 4 flame bow
23:12 lolo_lola_69: 5 dias
23:12 Johann      : ni hao
23:12 jicoboy     : how much diamonmd
23:12 Johann      : 2
23:12 Johann      : add 2 more
23:12 Johann      : for gold armor
23:12 Giniguy placed suspicious WATER_BUCKET @ world: x793, z-463
23:13 jicoboy     : im good
23:13 jicoboy     : thanks anyways
23:13 Johann      : okidoki:)
23:13 Giniguy     : joh
23:13 Johann      : GOLD ARMOR FOR HORSE
23:13 Giniguy     : wanna see a circus act?
23:13 jicoboy     : nc castle btw
23:13 Johann      : ayyyy :D
23:13 Giniguy     : oi
23:13 lolo_lola_69: nice ka renz
23:13 Johann      : oh now rennce
23:13 Giniguy     : bing na na renz
23:13 Giniguy     : fuck google, love bing
23:13 Giniguy     : joh
23:13 Johann      : hiilo
23:13 Giniguy     : come
23:14 Giniguy     : imma flex a true gamer move
23:14 Giniguy     : hello?
23:14 Giniguy     : i thought i was lagging
23:14 Johann      : pdig
23:14 Giniguy     : lmao
23:14 Johann      : pdung
23:14 Giniguy     : and now
23:14 Giniguy     : for the final act
23:15 Giniguy     : watch Giniguy as he survives suicide
23:15 Giniguy placed suspicious WATER_BUCKET @ world: x776, z-466
23:15 Giniguy     : tadaaa
23:15 Giniguy     : HAHAHHAA
23:15 Johann      : atayyy
23:15 lolo_lola_69: atay wa mi kita
23:15 lolo_lola_69: balika
23:15 Giniguy     : wait
23:15 Giniguy     : kuha sa kog wood
23:15 lolo_lola_69: hahaha jk ay nlang
23:16 Giniguy     : hahaha
23:16 Giniguy     : wa mo ga discord lagi?
23:16 lolo_lola_69: naa mi chillhouse
23:21 Giniguy     : test
23:23 big_tasty   : F
23:23 Giniguy     : the lag killed me
23:27 lolo_lola_69: deafen sa ko guys, naa koa parents
23:27 Giniguy placed suspicious WATER_BUCKET @ world: x777, z-475
23:27 lolo_lola_69: hahahah
23:27 lolo_lola_69: luoya
23:28 Johann      : laggg
23:28 lolo_lola_69: atay nas rash
23:28 Giniguy     : hahah
23:28 lolo_lola_69: ahhaha jk
23:28 lolo_lola_69: shh
23:28 Giniguy placed suspicious WATER_BUCKET @ world: x771, z-472
23:44 lolo_lola_69: whats the max unbreaking enchantment
23:44 Giniguy     : 3
23:45 Giniguy     : does the server have auto remove entities?
23:46 big_tasty   : F
23:46 lolo_lola_69: wala
23:46 lolo_lola_69: kay daghan problema katung naa
23:46 lolo_lola_69: gi remove
23:46 Giniguy     : aah
23:48 Giniguy placed suspicious WATER_BUCKET @ world: x779, z-468
23:50 Giniguy placed suspicious WATER_BUCKET @ world: x774, z-479
23:50 Giniguy placed suspicious WATER_BUCKET @ world: x775, z-480
23:51 Giniguy placed suspicious WATER_BUCKET @ world: x775, z-483
23:52 Giniguy     : ha
23:53 Giniguy     : oh my god
23:55 lolo_lola_69: gio, adto kos idk dicsord
23:55 Giniguy     : cge2
