00:05 lolo_lola_69: atay skel hoese sa akoa balay
00:05 lolo_lola_69: aaahah
00:05 Giniguy     : wat
00:05 lolo_lola_69: trpped horse ba
00:05 lolo_lola_69: naa sa balay
00:05 lolo_lola_69: pag gawas jud nako
00:05 lolo_lola_69: kidlat
00:05 Giniguy     : ay mao diay to? hahaha
00:05 Giniguy     : abi kog gauwan sa gawas
00:05 lolo_lola_69: gio naa ko testinga
00:06 lolo_lola_69: pwede ka maigo dri?
00:06 lolo_lola_69: pvp area ba
00:06 Giniguy     : try daw
00:06 lolo_lola_69: testingan nako ang dmg
00:06 lolo_lola_69: padungs kim
00:06 lolo_lola_69: protected
00:06 kdremeds    : what sdis
00:06 Giniguy     : how bout now
00:06 Giniguy     : wtf?
00:07 lolo_lola_69: atdto ta gawas oi
00:07 Giniguy     : now?
00:07 lolo_lola_69: atay
00:07 kdremeds    : ngani ni
00:07 lolo_lola_69: hahahahaha
00:07 Giniguy     : aw ghahaha
00:07 lolo_lola_69: testingan nako ang dmg
00:07 kdremeds    : whats happening
00:07 lolo_lola_69: waoh
00:07 lolo_lola_69: imo gi flat ang ravine??
00:07 Giniguy     : yea
00:07 kdremeds    : uy
00:07 kdremeds    : mao man diay ni
00:08 lolo_lola_69: i think kailangan d,i claimed
00:08 Giniguy     : here
00:08 lolo_lola_69: haah mkita ang painting dris gawas
00:08 Giniguy     : 4 hp
00:08 lolo_lola_69: pial dmg
00:08 Giniguy     : i mean
00:08 lolo_lola_69: aw
00:08 Giniguy     : 8 hp?
00:08 Giniguy     : 8/20
00:08 lolo_lola_69: ok
00:08 kdremeds    : hit me daw
00:09 kdremeds    : 4
00:09 lolo_lola_69: ty
00:09 lolo_lola_69: i conclude wlay gamit ni nga experiment
00:09 lolo_lola_69: hahaha
00:09 kdremeds    : wa lagi mo discord
00:10 Giniguy     : gf call
00:10 lolo_lola_69: naa ko giatanaw
00:10 kdremeds    : pvp tana
00:10 lolo_lola_69: ay sa
00:10 lolo_lola_69: napa ko lvls
00:11 Giniguy     : busy making new device
00:13 lolo_lola_69: kayata ni nihit nalaging creepers
00:13 kdremeds    : naa ko extra gun powder
00:14 lolo_lola_69: :D
00:15 lolo_lola_69: ty
00:15 kdremeds    : way blema haha
00:21 lolo_lola_69: oi pwede raba magamit ang rockets underwater
00:21 lolo_lola_69: ahahaha
00:21 kdremeds    : wtf
00:21 Giniguy     : wtf?
00:21 kdremeds    : unsa mana
00:21 kdremeds    : test
00:21 lolo_lola_69: admin corner
00:21 lolo_lola_69: in time, it will find u
00:22 kdremeds    : zz
00:22 Giniguy     : unsa mana?
00:22 lolo_lola_69: lugar
00:27 kdremeds    : wtf
00:27 lolo_lola_69: oh shiit
00:28 lolo_lola_69: super charged?
00:28 kdremeds    : full dia gear
00:28 kdremeds    : maybe
00:28 kdremeds    : with blast protec
00:28 lolo_lola_69: giluyo ka? haha
00:28 kdremeds    : oo
00:28 kdremeds    : yawa
00:28 lolo_lola_69: daamn
00:28 lolo_lola_69: cge kim
09:15 Giniguy   : hi joh
09:18 Giniguy   : hi joh
09:18 Johann    : nihao
09:18 Giniguy   : what's up
09:19 Johann    : gonna inom later at dittos
09:19 Giniguy   : cant go
09:19 Johann    : how come?
09:44 lolo_lola_69: wow early bird
09:44 Giniguy     : gahuwat kos akung uyab hahaha
09:47 lolo_lola_69: aw
09:47 lolo_lola_69: manglakaw mo? haha
09:47 Giniguy     : ye
11:06 Giniguy   : test
11:06 Giniguy   : lag
18:13 arcosanti : wewwo
18:13 big_tasty : wewwo!
18:39 big_tasty :  placed a sign @ world: x-21295, z1995
  +++++++++++++++
  big_tasty
  mine networks
  +++++++++++++++
18:46 big_tasty : sorry tristan was talking to me
20:56 lolo_lola_69: hkobe
20:56 lolo_lola_69: the phatnnos,s
21:10 lolo_lola_69: hello hannah
21:10 big_tasty   : hewwo
21:10 Kobeboy15   : heWWWWOOOOO
21:10 Kobeboy15   : UwuUUUU
21:10 lolo_lola_69: howo
21:27 Giniguy     : tets
21:27 big_tasty   : tits?!
21:27 lolo_lola_69: nocie
21:27 Giniguy     : my bad
21:36 Kobeboy15   :  placed a sign @ world: x783, z13
  Chest
22:40 lolo_lola_69: mga masasamang words
22:40 big_tasty   : owo
22:40 lolo_lola_69: come to disocrd hannah
22:40 lolo_lola_69: kobe is now bisayaw
22:41 big_tasty   : oh no
22:42 big_tasty   : :(
22:42 big_tasty   : skknfj
22:42 Giniguy     : test
22:42 Giniguy     : hello test
22:49 big_tasty   : HAHAHA ataya
22:51 big_tasty   : how did u find their shop?
22:52 big_tasty   : that was a pro gamer move
22:53 big_tasty   : business strats
22:55 big_tasty   : youtube video "I was SCAMMED today!!! Gone Wrong Gone Violent"
22:56 big_tasty   : bro theyre in cahoots
22:56 big_tasty   : thats their strat so they both get customers
23:03 big_tasty   : mwah
23:04 big_tasty   : nice
23:04 big_tasty   : kobe speak to many languages
23:05 lolo_lola_69: ellesclub
23:05 big_tasty   : so many*
23:07 big_tasty   : i dont know if thats a korean accent
23:07 big_tasty   : yeah
23:07 big_tasty   : im kpopper
23:09 big_tasty   : rip council of water sheep
23:10 big_tasty   : sven is gay
23:10 big_tasty   : gay dogs forever
23:11 big_tasty   : wtf
23:11 big_tasty   : oh my god
23:12 big_tasty   : i cant see half my screen
23:13 big_tasty   : UwU
23:14 Kobeboy15   :  placed a sign @ world: x707, z120
  Sword of
  Sharpness
23:15 big_tasty   : huh
23:17 big_tasty   : i have like 15 rows of hearts
23:19 big_tasty   : oh no
23:19 big_tasty   : dont circumcise me
23:21 big_tasty   : :(
23:22 big_tasty   : yeah
23:24 big_tasty   : savage
23:30 lolo_lola_69: giioo
23:30 lolo_lola_69: in da bed
23:46 Giniguy     : wtf is this
23:46 Kobeboy15   : oh sorry
23:46 Giniguy     : what was that
23:49 Giniguy     : oof
23:49 Kobeboy15   : oof, more like pass the boof
23:50 Giniguy     : wat
23:55 Giniguy     : test
23:55 Kobeboy15   : /w 
23:56 Giniguy     :  placed a sign @ world: x780, z-456
  Giniguy
  B100
  1
  Slime
23:56 Giniguy     :  placed a sign @ world: x780, z-456
  Giniguy
  B200
  1
  Slime
