01:32 Giniguy   : test
12:56 Boulderballs: t
20:20 Giniguy   : Giniguy
20:20 Giniguy   : tet
22:16 Giniguy   : test
22:45 Giniguy   : uhm
22:45 Giniguy   : guys
22:45 Giniguy   : wanna sleep?
22:45 crystalgem: yes lol
22:45 crystalgem: joh?
22:47 Giniguy   : :D
22:47 Giniguy   : nice nice
22:47 crystalgem: ugh so lag sorry
22:47 Giniguy   : its ayt :3
22:50 Giniguy   : ka cool
22:52 Giniguy   : damn
22:52 Giniguy   : johann in his throne again
22:52 Johann    : lag remnant?
22:52 Johann    : hahahhahah
22:53 Giniguy   : oh damn ahahhaa
22:53 Giniguy   : where is the true knight
22:53 Giniguy   : karon pa ko kitag knight nga king kaaug vibe
22:53 Johann    : social climber!
22:53 Johann    : hahahhahahha
22:53 Giniguy   : XD
