00:05 Giniguy     : how long does the restart last?
00:09 arcosanti : oi
00:10 lolo_lola_69: hahaha
00:10 arcosanti   : stop vandalizing
00:14 Giniguy placed suspicious WATER_BUCKET @ world: x776, z-471
00:23 arcosanti   : does anyone have a name tag
00:23 Giniguy     : i dont
00:23 Giniguy     : try fishing it naalang
00:23 lolo_lola_69: i used it na
00:35 lolo_lola_69: woah dark oak
00:35 lolo_lola_69: wax naa paka saplings?
00:35 arcosanti   : ye
00:35 arcosanti   : wait
00:35 arcosanti   : lemme check
00:35 arcosanti   : just 1
00:36 arcosanti   : wait diba this server has afk fishing?
00:36 lolo_lola_69: i thnk
00:36 lolo_lola_69: renzo wanted it man
00:37 lolo_lola_69: u guys interested in a lure 1 fishing rod
00:37 arcosanti   : hmmm
00:38 arcosanti   : tempting
00:38 lolo_lola_69: it had another enchant i forgot
00:50 lolo_lola_69: wax naa mo paper?
00:50 arcosanti   : ye 15
00:50 lolo_lola_69: ay nvm
00:55 lolo_lola_69: ah fuck
00:55 lolo_lola_69: i forgot crossbow
00:56 arcosanti   : oh shit
00:56 arcosanti   : fireworks?
00:57 Giniguy     : does anyone have splash potion of weakness?
00:58 lolo_lola_69: hwo do use fireworks for my crossbow
00:58 arcosanti   : you can do that?
00:58 lolo_lola_69: ye
00:58 arcosanti   : try putting the fire works in ur offhand
00:59 lolo_lola_69: ty
00:59 Giniguy     : any of you got blaze rods?
01:07 arcosanti   : oi
01:07 arcosanti   : that hurts hahaha
01:07 lolo_lola_69: anti phantom hahaa
01:07 lolo_lola_69: oh
01:07 lolo_lola_69: how mnay hearys
01:07 lolo_lola_69: hearts
01:07 arcosanti   : wait
01:08 lolo_lola_69: oh shit
01:08 arcosanti   : HAHA
01:08 lolo_lola_69: wtf
01:08 arcosanti   : i was low health
01:08 arcosanti   : try now
01:08 lolo_lola_69: i forgot i can launch using the ground
01:08 arcosanti   : 2 and a half hearts
01:08 lolo_lola_69: oh
01:08 lolo_lola_69: sry wax hahaha
02:39 B03AMBA60S  : ttt
02:43 ItsNine     : t
02:43 ItsHmood02  : t
07:10 Johann placed suspicious LAVA_BUCKET @ world: x754, z-173
