00:08 Giniguy placed suspicious WATER_BUCKET @ world: x605, z-94
00:10 Giniguy     : hello
00:11 big_tasty   : hewwo
00:11 lolo_lola_69: eyo migos
00:11 lolo_lola_69: u guys should check out the bridge from spawn
00:11 arcosanti   : eyo
00:11 Johann      : or the wall
00:11 Johann      : of
00:11 Johann      : mannieuy
00:12 Giniguy placed suspicious WATER_BUCKET @ world: x606, z-95
00:14 arcosanti   : oh shit when did u guys get sea lamps
00:14 Giniguy     : sea lamps?
00:15 arcosanti   : the uh]]
00:15 arcosanti   : blue light blocks
00:30 arcosanti   : aw man my horse is gone
00:30 Johann      : lawl
00:30 Johann      : :(
00:34 arcosanti   :  placed a sign @ world: x473, z202
  LOST: Skeleton
  horse
  Belonged to:
  Joaquin
00:35 arcosanti   :  placed a sign @ world: x473, z202
  Possible reward
  on return,
  picture of horse
  to the right
00:35 arcosanti   :  placed a sign @ world: x472, z202
  Possible reward
  on return,
  picture of horse
  to the right
00:39 Giniguy placed suspicious WATER_BUCKET @ world: x611, z-117
00:40 Giniguy placed suspicious WATER_BUCKET @ world: x596, z-92
00:41 lolo_lola_69 placed suspicious WATER_BUCKET @ world: x596, z-91
00:42 Johann      :  placed a sign @ world: x601, z-97
  Remember to sit
  like a princess
00:51 Giniguy     : did u buy an acc or skin?
00:51 big_tasty   : i just spawned like this
00:51 Giniguy     : ohohoho
00:59 lolo_lola_69: can we all sleep
00:59 arcosanti   : ye
01:00 lolo_lola_69: im in bed
01:00 Johann      : wp
01:00 Johann      : ty
10:04 Giniguy   :  placed a sign @ world: x555, z-743
  Anti Baby 
  Man Trap
10:17 Giniguy placed suspicious TROPICAL_FISH_BUCKET @ world: x811, z-462
10:17 Giniguy placed suspicious TROPICAL_FISH_BUCKET @ world: x812, z-461
10:17 Giniguy placed suspicious TROPICAL_FISH_BUCKET @ world: x811, z-462
10:17 Giniguy placed suspicious TROPICAL_FISH_BUCKET @ world: x811, z-462
12:00 arcosanti : hola
12:00 Johann    : nihao wax
12:12 Giniguy   : hi joh
12:12 Johann    : nihao
12:12 Giniguy   : konichiwa
12:12 Giniguy   : are you making the wall?
12:12 Johann    : no
12:12 Johann    : im gathering mats
12:12 Giniguy   : ayt2
12:12 Johann    : and looking for diamonds lol
12:35 Johann    : wax
12:35 Johann    : i cannot express
12:35 Johann    : how excited i am
12:36 Johann    : to use the new rash table
15:35 lolo_lola_69: brb
15:43 lolo_lola_69: hello
15:43 Veldanava   : Hullo
15:44 lolo_lola_69: who are u
15:44 lolo_lola_69: how did u find this server
15:45 Veldanava   : In minecraftservers.org
15:45 Veldanava   : Sweet place
15:45 lolo_lola_69: sean
15:45 lolo_lola_69: wtf
15:45 Veldanava   : NO IT's SBNOTw
15:45 Veldanava   : Gahahahaww
15:45 lolo_lola_69: no sean
15:45 lolo_lola_69: use the bridge
15:45 Veldanava   : Ohho
15:46 lolo_lola_69: naay under water rail system
15:46 Veldanava   : What is naay?
15:46 lolo_lola_69: atay
15:46 Veldanava   : Fuehehe
15:46 lolo_lola_69: oh no the minecart is missing
15:46 lolo_lola_69: ill get the minecarf
15:47 Veldanava   : Noice
15:47 lolo_lola_69: if u can wait here
15:55 Veldanava   : sethome
15:55 Veldanava   : Fic
15:55 Veldanava   : fuc
15:57 lolo_lola_69: rikp
15:57 Veldanava   : ;_ D
18:19 Arrchiiee placed suspicious TROPICAL_FISH_BUCKET @ world: x461, z371
18:19 Arrchiiee placed suspicious TROPICAL_FISH_BUCKET @ world: x461, z371
18:19 Arrchiiee placed suspicious TROPICAL_FISH_BUCKET @ world: x461, z372
18:19 Arrchiiee placed suspicious TROPICAL_FISH_BUCKET @ world: x461, z372
19:06 Veldanava : No, UR mum gay >:O
20:03 lolo_lola_69: sean discord ta?
20:04 Veldanava   : Gihuwam akong mic :O
20:04 lolo_lola_69: oh ho ho
20:04 lolo_lola_69: kobe>
20:04 lolo_lola_69: kobe?
20:04 Veldanava   : Nah akong cousin
20:05 lolo_lola_69: aw
20:06 lolo_lola_69 placed suspicious PUFFERFISH_BUCKET @ world: x745, z-45
20:12 Giniguy     : hi vla
20:12 Veldanava   : Waw
20:12 Giniguy     : vlad*
20:12 lolo_lola_69: discord?
20:12 Giniguy     : sure2
20:15 Giniguy     : wtf
20:15 Giniguy     : sean kyle
20:15 Veldanava   : Fueehheheh
20:15 Veldanava   : Hullooo
20:15 Giniguy     : wtf
20:15 Veldanava   : I am not dead :D
20:15 Giniguy     : how are you alive
20:15 Veldanava   : My body is naughty :D
20:15 Giniguy     : how are you sean
20:15 Veldanava   : Very noice
20:15 Giniguy     : been 100 years
20:15 Veldanava   : Waw :O
20:15 Giniguy     : since we saw each other :>
20:15 Veldanava   : I've been in stasis too long :O
20:22 Veldanava   : ;_ D
20:25 lolo_lola_69: hello everyone
20:25 lolo_lola_69: do u have nametag
20:26 Veldanava   : Ya
20:35 Giniguy     : sean
20:35 Giniguy     : sleep
20:35 Veldanava   : :O
20:35 Giniguy     : ta ta ta
20:35 Veldanava   : I'll go to spawn
20:35 Veldanava   : Cuz I got no bed ;_ D
20:35 Giniguy     : phantoms are annoying
20:36 Veldanava   : Wait what
20:36 Veldanava   : I don't see any :O
20:36 lolo_lola_69: sean
20:36 Veldanava   : Sheit
20:36 Veldanava   : No public bed?
20:37 Giniguy     : yikes
20:37 Giniguy     : wait
20:37 Veldanava   : Oh nuu
20:37 lolo_lola_69: tp nila gio sean
20:38 lolo_lola_69: oi sean nakahimo naka houes?
20:38 lolo_lola_69: ayaw palayo ha
20:38 Veldanava   : Wl pa
20:38 Veldanava   : Oh sheit
20:38 Veldanava   : Layo ko XD
20:38 Veldanava   : noicee
20:38 Giniguy     : see ya
20:38 Giniguy     : did u buy an account?
20:38 Veldanava   : Ya
20:38 Giniguy     : huwaw
20:38 Giniguy     : Rimuru Tempest
20:39 Veldanava   : Wott
20:39 Veldanava   : How you knowww
20:39 Giniguy     : i watch ;)
20:39 Veldanava   : Ohhohoo
20:39 Veldanava   : But this character isn't out yet
20:39 Veldanava   : Not even in the manga
20:39 Giniguy     : oh wat
20:39 Veldanava   : AQQQ
20:39 Veldanava   : Awww
20:39 Veldanava   : My skin
20:39 Veldanava   : Phew
20:39 Veldanava   : Don't look up my name ;)
20:39 Giniguy     : wat
20:39 Veldanava   : ;))
20:40 Veldanava   : ((;
20:50 Veldanava   : Slep?
20:50 Giniguy     : its ayt
20:50 Giniguy     : no more phantom
20:50 Veldanava   : NOice
20:51 Giniguy     : if 3 nights no sleep kay phantom appears
20:51 Giniguy     : insomnia personified
20:51 Veldanava   : Spoopy
20:51 Veldanava   : Ahhh
20:51 Veldanava   : So that's why
20:52 Veldanava   : The changed it diay
20:52 Giniguy     : what
20:52 Veldanava   : Last time I saw a phantom
20:52 Veldanava   : They spawned every night
20:52 Giniguy     : aah
20:52 lolo_lola_69: wwew
20:52 Veldanava   : ;_ D
20:52 Veldanava   : I thought they removed them
20:57 Veldanava   : Wot
21:04 Giniguy     : test
21:04 Veldanava   : pong
21:05 lolo_lola_69: pung
21:05 lolo_lola_69: ping
21:05 Veldanava   : dong
21:07 Veldanava   : How do I get more claim?
21:08 Giniguy     : you have to keep running around
21:08 Veldanava   : Ooh
21:09 Giniguy     : or just by staying online
21:09 Giniguy     : afk or chatting doesnt count though
21:09 Veldanava   : Wow so smart >:O
21:09 Veldanava   : The sun is setting
21:09 Veldanava   : And so must the server
21:11 Veldanava   : Yes
21:11 Veldanava   : 1 minuteS
21:11 Veldanava   : SSSSS
21:11 Veldanava   : Wew
21:11 Veldanava   : Bad timing
21:11 Veldanava   : ./server restart code omega zero four
21:31 Giniguy   : test
21:45 lolo_lola_69:  placed a sign @ world: x727, z-70
  Garbage
  Disposal
  Unit
21:46 lolo_lola_69:  placed a sign @ world: x726, z-70
  Garbage
  Disposal
  Unit
21:52 lolo_lola_69 placed suspicious WATER_BUCKET @ world: x693, z-82
22:02 lolo_lola_69 placed suspicious WATER_BUCKET @ world: x714, z-187
22:02 lolo_lola_69 placed suspicious WATER_BUCKET @ world: x718, z-189
22:02 lolo_lola_69 placed suspicious WATER_BUCKET @ world: x717, z-187
22:02 lolo_lola_69 placed suspicious WATER_BUCKET @ world: x717, z-185
22:05 Giniguy     :  placed a sign @ world: x778, z-476
  coal here
22:05 Giniguy     :  placed a sign @ world: x778, z-477
  stone here
22:12 lolo_lola_69: sleep all
22:13 Johann      : tsleepp boiiis
22:14 Johann      : kiimm
22:14 Johann      : tsleep pleaase
22:14 Johann      : :)
22:52 arcosanti   : whos this
22:52 Veldanava   : No!
22:52 Johann      : OMG
22:52 Johann      : SKYl
22:52 Veldanava   : YOUR mum gay
22:52 Veldanava   : Ohoho hulloo
22:52 Veldanava   : Oh noes
22:52 Johann      : yawa
22:52 Veldanava   : You dieded :O
