11:53 lolo_lola_69: wadup
11:54 lolo_lola_69: henlo wax
11:54 arcosanti   : benos dias
11:54 arcosanti   : vlad
12:13 lolo_lola_69: wax
12:13 lolo_lola_69: is this ur house
12:13 arcosanti   : i only have 1 house
12:13 lolo_lola_69: oh
12:13 lolo_lola_69: do u know who is making a house in the plains other than hannah and bojo
12:18 arcosanti   : is that you sean
12:19 lolo_lola_69: thats gio's girlfriend's brother's gilfriend's brother
12:21 lolo_lola_69: wax tp here
12:21 lolo_lola_69: who owns this
12:21 arcosanti   : oh
12:21 arcosanti   : no one claimed this area too
12:22 lolo_lola_69: its like a rich house type
12:22 arcosanti   : hahahaha yeah
12:22 lolo_lola_69: must be kims
12:22 arcosanti   : ah maybe
12:22 arcosanti   : damn im jealous hahahaha
12:22 lolo_lola_69: ehy
12:22 lolo_lola_69: why
12:23 arcosanti   : i never made my house bigger
12:23 lolo_lola_69: haha
12:23 arcosanti   : so its the same size as when i first claimed it using a chest
12:23 lolo_lola_69: idk man, ur house is pretty deep
12:23 lolo_lola_69: no one would know whats beneath it
12:23 arcosanti   : hahaha true
12:24 arcosanti   : oooh
12:24 arcosanti   : nice tree house
12:24 arcosanti   : or like nice outline
12:24 lolo_lola_69: i got bored
12:25 arcosanti   : dude the range of the conduit is so far
12:25 lolo_lola_69: yas
12:26 arcosanti   : ight imma head out
12:26 lolo_lola_69: ayt spongebob
12:46 lolo_lola_69: wax unsaon gani himo brick
12:46 arcosanti   : like normal brick?
12:46 arcosanti   : you smelt clay
12:47 lolo_lola_69: then
12:47 arcosanti   : brick block?
12:47 lolo_lola_69: it became terracota
12:47 arcosanti   : ooooh
12:47 arcosanti   : dont smelt the clay block
12:48 arcosanti   : just smelt the clay
12:48 lolo_lola_69: aw
12:48 lolo_lola_69: u mean the little clays
12:48 arcosanti   : yep
13:18 arcosanti   : s
13:47 lolo_lola_69:  placed a sign @ world: x472, z202
  Easter Eggs
  -bamboopot
14:10 Boulderballs: jhor disc
15:42 Jhor        : does anyone have a villager selling protection?
15:42 arcosanti   : i dont
15:42 arcosanti   : im surprised you dont hahaha
15:43 Jhor        : I have but only protection I so I gotta put this guy 6ft under first
15:43 Jhor        : but am too lazy to do that now
17:08 arcosanti : hello
17:09 arcosanti : ah okay
17:09 big_tasty : np
17:09 arcosanti : oooh
17:09 arcosanti : okay okay
17:09 arcosanti : nah
17:09 arcosanti : theres 5 of us god
17:10 Jhor      : NO, jk go ahead fam
20:45 Kobeboy15 : hey Joe, hope you dont mind a hint of lag
20:46 Jhor      : it's cool, I'll just help test it out or smthn
20:46 Kobeboy15 : thanks fam, lemme know if you start to feel some lag
20:46 Jhor      : so far so good
20:46 Kobeboy15 : im running this on mah laptop
20:47 Jhor      : cool cool, so far it's ayt
20:56 Kobeboy15 : /w 
21:38 Kobeboy15 : /w 
21:38 Kobeboy15 : /w 
21:46 arcosanti :  placed a sign @ world: x-21001, z1775
  Cave Golem
21:50 arcosanti :  placed a sign @ world: x-21002, z1781
  Home of the
  Cave Chickens
21:51 Jhor      : wax
21:51 arcosanti : whatup
21:51 Jhor      : can ya help a brotha out and give me a bucket of milk haha
21:51 Jhor      : I have bad omen on me rn
21:52 Jhor      : and I ain't lookin to raid
21:52 arcosanti : HAHAHAHA
21:52 arcosanti : okay okay
21:52 Jhor      : thanks fam
21:53 Jhor      : take the bucket, and thanks haha
21:53 arcosanti : where is this
21:54 Jhor      : not too far from our bases
21:54 Jhor      : was just mining for coal
21:54 arcosanti : we can give you some coal
21:54 Jhor      : Oh I have loads, these all will be for trading
21:54 arcosanti : ooooh
21:54 arcosanti : damn noice
21:58 Jhor      : yes?
21:58 arcosanti : oh shit wrong tpa hahahaha
21:59 arcosanti : hahahaha ty
21:59 Jhor      : nice
22:04 Jhor      : Wax, mah man, can I ask another favor haha
22:05 arcosanti : oh
22:05 arcosanti : sure dude whats up
22:05 Jhor      : can I loan like 30 emeralds, am at Kim's place rn and I brought too little for a book
22:05 Jhor      : and it's too far for me to run back and forth haha
22:05 arcosanti : okay omw hahaha
22:06 Jhor      : you can just get from the chest outside my trade center too
22:06 arcosanti :  placed a sign @ world: x-21002, z1770
  Home of the
  Cave Chicken
22:06 arcosanti : F
22:06 big_tasty : F
22:07 arcosanti : oh fuck
22:07 Jhor      : kim is a hardworking man
22:08 arcosanti : he is HAHAHA
22:08 Jhor      : ayt thanks wax, where should I return the payment?
22:08 arcosanti : uh
22:08 arcosanti : hannahs new house
22:08 Jhor      : and that is where?
22:08 arcosanti : near vlads house
22:08 arcosanti : behind vlads
22:08 arcosanti : white one
22:08 arcosanti : the white one*
22:09 Jhor      : ayt2
22:09 Jhor      : how much did you give me? 30 right?
22:11 Jhor      : is it this jap looking building;?
22:11 arcosanti : yep
22:11 big_tasty : yes po
22:11 Jhor      : noice
22:11 arcosanti : to both of those hahaha
22:11 Jhor      : chest is full tho
22:12 arcosanti : xie xie
22:12 arcosanti : is this more of ur trash
22:12 Jhor      : uhh no? it's premium goods
22:14 arcosanti : i still count that as littering
22:14 Jhor      : you deny my premium offerings?
22:14 arcosanti : yes
22:14 arcosanti : yes i do
22:14 Jhor      : you'll pay for this mr. lava
22:15 Jhor      : nobody denies my premium goods and lives
22:19 Jhor      : can we sleep?
22:20 Kobeboy15 : in bed now...
22:20 Kobeboy15 : wax? han?
22:20 arcosanti : in bed now
22:20 Jhor      : nice
22:20 Jhor      : arigathanks
22:23 Kobeboy15 : /w 
22:23 Kobeboy15 : /w 
22:23 Kobeboy15 : :3
22:23 big_tasty : creeper
22:24 Kobeboy15 : aWWWwwww maaaAAAAn
22:34 Kobeboy15 : lag
22:34 Kobeboy15 : whoops worry
22:34 Kobeboy15 : sorry*
22:34 Jhor      : ayt I'm done for the night, see yall next time
22:34 Kobeboy15 : <3
22:34 arcosanti : see ya around
22:34 big_tasty : night joe
22:35 Kobeboy15 : so you guys in discord?
22:35 arcosanti : oh not yet
22:35 arcosanti : imma head in now
22:35 Kobeboy15 : ahhh wait
22:35 Kobeboy15 : you guys aren't in a private call???
22:35 Kobeboy15 : how the hell you guys playing?
22:36 arcosanti : hahahaha yeah we are
22:36 Kobeboy15 : ahhhhh I seee
22:36 Kobeboy15 : nah its cool, I dont want to disrupt ya alones time
22:37 arcosanti : ah okay okay hahaha
22:37 arcosanti : we're gonna have to start planning for next week saturday
22:37 Kobeboy15 : yeaa
22:38 arcosanti : hahaha i cant wait
22:41 Kobeboy15 : hope the server holds up, im gonna watch one piece now boyos
22:41 arcosanti : i wont stay in for long
23:16 arcosanti : need milk?
23:17 big_tasty : yup
23:17 big_tasty : im in the prison
23:35 Giniguy   : test
23:40 Giniguy   : te
23:40 Giniguy   : aw
23:40 Giniguy placed suspicious WATER_BUCKET @ world: x780, z-470
