00:01 lolo_lola_69: gio
00:01 Giniguy     : yo
00:01 lolo_lola_69: where u guys at
00:01 Giniguy     : adventure
00:01 lolo_lola_69: tp sa mo namo
00:01 lolo_lola_69: sethome dira
00:01 Giniguy     : we found a temple
00:01 Giniguy     : ok2
00:02 Giniguy     : sent request na
00:02 Kobeboy15   : GIO
00:02 Kobeboy15   : COME HERE
00:02 Giniguy     : what's up
00:02 Kobeboy15   : LETS GO TO SPAWN
00:03 Giniguy     : flying vladi??
00:03 lolo_lola_69: nag creative me kobe
00:04 Kobeboy15   : wHAT dO u think???
00:04 Giniguy     : wtf
00:04 lolo_lola_69: oh shit
00:04 lolo_lola_69: KO
00:04 Giniguy     : omg
00:04 Giniguy     : my 25 xp
00:05 lolo_lola_69: now gio
00:05 Giniguy     : ty :D
00:05 Giniguy     : ye?
00:05 lolo_lola_69: ride the underwater cart
00:05 Giniguy     : hha
00:05 lolo_lola_69: press th button
00:05 Giniguy     : no permission
00:06 Giniguy     : is this half life intro?
00:06 lolo_lola_69: hahhaa
00:06 lolo_lola_69: what do u think daw
00:06 lolo_lola_69: hahahah
00:06 Giniguy     : hmmm
00:06 Giniguy     : you can add some ambiance
00:06 Giniguy     : like
00:06 lolo_lola_69: why u dropeed off there
00:07 Giniguy     : para dili boring ang ride
00:07 Giniguy     : ni bounce ang cart ey
10:41 Giniguy   : what the
10:41 Giniguy   : how long have you been playing
13:01 kdremeds placed suspicious LAVA_BUCKET @ world: x648, z-863
13:01 kdremeds placed suspicious LAVA_BUCKET @ world: x670, z-881
13:01 kdremeds placed suspicious LAVA_BUCKET @ world: x669, z-879
13:01 kdremeds placed suspicious LAVA_BUCKET @ world: x667, z-878
13:01 kdremeds placed suspicious LAVA_BUCKET @ world: x666, z-877
13:02 kdremeds placed suspicious LAVA_BUCKET @ world: x669, z-879
13:02 kdremeds placed suspicious LAVA_BUCKET @ world: x669, z-881
13:02 kdremeds placed suspicious LAVA_BUCKET @ world: x670, z-882
13:02 kdremeds placed suspicious LAVA_BUCKET @ world: x668, z-880
13:02 kdremeds placed suspicious LAVA_BUCKET @ world: x649, z-855
13:02 kdremeds placed suspicious LAVA_BUCKET @ world: x623, z-852
13:03 kdremeds placed suspicious LAVA_BUCKET @ world: x622, z-860
13:04 kdremeds  : sad
13:04 Johann    : tsad
13:05 Johann    : wtf
13:05 kdremeds  : why
13:05 Johann    : thahahhahah
13:05 kdremeds  : whut
13:05 Johann    : binuang
13:06 Johann    : i have to play properly
13:06 kdremeds  : why
13:14 kdremeds  : johan
13:14 kdremeds  : lets go to bed
13:15 kdremeds  : johan?
13:15 Johann    : hold on ahhahha
13:15 Johann    : i am saag with my horse
13:15 Johann    : and if I /home
13:15 kdremeds  : oh lol
13:15 Johann    : my horse will get bilin
13:15 kdremeds  : i have a pla
13:15 Johann    : oh my
13:16 Johann    : <3
13:16 kdremeds  : ty
13:16 Johann    : just leave the money
13:16 Johann    : on the nightstand
13:16 kdremeds  : whut
13:16 Johann    : hahahhahha
13:16 kdremeds  : pisti
13:16 kdremeds  : HAHAHA
13:16 Johann    : pina prostitute bah
13:36 kdremeds placed suspicious WATER_BUCKET @ world: x702, z-874
13:44 Johann    :  placed a sign @ world: x601, z32
  Big wAll
13:44 Johann    :  placed a sign @ world: x600, z-28
  big wall!
13:44 Johann    :  placed a sign @ world: x600, z-73
  Big wall!
13:50 kdremeds  : johan
13:50 Johann    : yo[
13:51 kdremeds  : wann wanna help memake a mob grinder
13:51 Johann    : ayyy
13:51 Johann    : im good dude
13:51 Johann    : im making
13:51 Johann    : like
13:51 Johann    : this great wall of china thing
13:52 kdremeds  : sige sige haha
14:01 kdremeds  : sup dude
14:01 Jhor      : hey man haha
14:01 kdremeds  : by any chance
14:01 kdremeds  : do you wanna help me finish my mob grinder
14:02 kdremeds  : haha
14:02 Jhor      : Mm sure, how can I help?
14:02 kdremeds  : bring all the dirt you have and tp to me
14:02 Jhor      : does it have to be dirt or can I bring anything else?
14:03 kdremeds  : armor? shovels haha
14:03 Jhor      : I don't actually have lots of dirt haha
14:03 Jhor      : I have loads of cobble tho
14:03 kdremeds  : i guess that will work XD
14:04 Jhor      : ayt, coming over
14:04 Jhor      : woah
14:04 kdremeds  : youthe one on top
14:04 kdremeds  : we goota finish the floor
14:05 kdremeds  : this one i built failed
14:05 kdremeds  : so im demolishing it
14:05 kdremeds  : hahah
14:05 Jhor      : hahaha
14:05 kdremeds  : sooo if you help me finish it
14:05 kdremeds  : ill reward you
14:05 kdremeds  : wait here hahah
14:05 Jhor      : can I kill the pillagers?
14:06 kdremeds  : sure
14:06 kdremeds  : ill get milk ahead
14:07 kdremeds  : no bad omen?
14:07 Jhor      : i have
14:07 kdremeds  : to speed things up
14:08 kdremeds  : one sec
14:09 Jhor      : so we breaking all this?
14:09 kdremeds  : yeah XD
14:10 kdremeds  : just tp to me
14:12 kdremeds  : fuck me
14:13 kdremeds  : nowthe walls
14:13 Jhor      : how high?
14:14 kdremeds  : https://www.youtube.com/watch?v=sfrPEOuY70Y
14:14 kdremeds  : skip to 8:42 XD
14:14 kdremeds  : i guess 2?
14:14 Jhor      : let me check haha
14:14 Jhor      : well, can't click the link haha
14:14 Jhor      : oh sht haha
14:15 kdremeds  : wait nvm
14:15 kdremeds  : one sec
14:16 kdremeds  : now how to make it work
14:16 kdremeds  : got enchant table?
14:16 kdremeds  : i mean
14:16 kdremeds  : crafting
14:17 kdremeds  : wait
14:17 kdremeds  : it the tips
14:18 kdremeds  : hmm
14:18 Jhor      : seems off
14:18 kdremeds  : why is the gap 2
14:18 Jhor      : I think it's 1 block too big
14:18 Jhor      : ?
14:19 kdremeds  : yeah lol
14:21 kdremeds  : therewe go
14:26 kdremeds  : one sec
14:26 kdremeds  : ill grab dirt down
14:28 Jhor      : are the dirt platforms supposed to stay there or will you clear it out after?
14:28 kdremeds  : i think this will stay
14:29 kdremeds  : what now
14:30 kdremeds  : haha
14:30 Jhor      : ceiling?
14:30 kdremeds  : it should be like this
14:32 kdremeds  : for safety purposes
14:32 Jhor      : hahah yeah
14:32 kdremeds  : he breaks it
14:32 kdremeds  : lol
14:37 Jhor      : do that on all sides?
14:37 kdremeds  : i guess
14:37 kdremeds  : haha
14:39 kdremeds  : now dispensers
14:39 kdremeds  : ill make some
14:40 Jhor      : what are the dispensers for>
14:40 kdremeds  : not sure yet
14:40 kdremeds  : lol
14:42 kdremeds  : shitwheresthe rest
14:44 Jhor      : hahahaahha
14:44 kdremeds  : fml
14:45 kdremeds  : brb
14:45 kdremeds placed suspicious WATER_BUCKET @ world: x695, z-867
14:54 kdremeds  : roof time
14:54 kdremeds  : one more high
14:55 Jhor      : yo this side doesnt have a dispenser
14:55 kdremeds  : ty
14:56 kdremeds  : oof
14:56 lolo_lola_69: does the creeper do more damage if im mid air?
14:57 lolo_lola_69: wtf 1 hit
14:57 kdremeds    : super creeper
14:57 lolo_lola_69: idk, it wasnt charge
14:57 kdremeds    : ill see if i still have cobble
14:58 lolo_lola_69: kobeiminthediscords
14:58 kdremeds    : one sec
14:59 kdremeds    : now the redstone part shit
14:59 kdremeds    : wait brbr
14:59 kdremeds    : ill put a safe jump
15:00 kdremeds placed suspicious WATER_BUCKET @ world: x696, z-878
15:01 Jhor        : there are creepers here haha
15:01 kdremeds    : lol
15:01 kdremeds    : it works
15:02 kdremeds    : this aint done yet tho
15:04 kdremeds    : hmm
15:04 kdremeds    : time to go up
15:04 Jhor        : you should make scaffolding
15:05 kdremeds    : how
15:05 Jhor        : bamboo and string I think
15:05 Jhor        : useful for high builds
15:05 kdremeds    : i will soon
15:05 kdremeds    : i got no string
15:05 kdremeds    : tp to me
15:07 Jhor        : I'll get more cobble
15:07 kdremeds    : sure sure
15:07 kdremeds    : that was close
15:07 Jhor        : perfectly timed haha
15:08 kdremeds    : care
15:09 Jhor        : what now
15:09 kdremeds    : scary
15:10 Jhor placed suspicious WATER_BUCKET @ world: x689, z-866
15:11 kdremeds    : 22 restone repeater damn
15:11 kdremeds    : one sec
15:12 kdremeds    : can you stay here on top?
15:12 kdremeds placed suspicious WATER_BUCKET @ world: x692, z-866
15:12 Jhor        : okay
15:12 Jhor placed suspicious WATER_BUCKET @ world: x684, z-874
15:12 Jhor placed suspicious WATER_BUCKET @ world: x694, z-890
15:13 Jhor        : just putting some water around for safety, will remove later
15:13 Jhor placed suspicious WATER_BUCKET @ world: x708, z-878
15:13 kdremeds    : sure
15:13 kdremeds    : ty
15:14 kdremeds    : anyone got some cobble?
15:14 kdremeds    : extra?
15:14 Jhor        : yeah I got loads
15:14 kdremeds    : we need more D
15:14 kdremeds    : XD
15:14 Jhor        : you need some?
15:15 kdremeds    : yes pls
15:15 Jhor        : where you at?
15:15 kdremeds    : at the house making 22 repeaters
15:16 Jhor        : how many stacks you need?
15:16 kdremeds    : oh shit uhm just for the walls
15:16 kdremeds    : i mean extensions
15:17 kdremeds    : 15 mins something
15:17 kdremeds    : trying to figure out the restonery
15:17 kdremeds    : oh wait
15:17 kdremeds    : here
15:17 kdremeds    : payment
15:17 kdremeds    : sort of
15:17 Jhor        : woahh thanks haha
15:17 Jhor        : this is a lot
15:17 kdremeds    : nah its cool
15:17 kdremeds    : mining is easy
15:17 kdremeds    : this aint
15:17 Jhor        : hahahaha
15:17 kdremeds    : XD
15:17 Jhor        : gaddem
15:18 Jhor        : which part should I expand?
15:18 Jhor placed suspicious WATER_BUCKET @ world: x684, z-877
15:18 Jhor placed suspicious WATER_BUCKET @ world: x683, z-877
15:18 kdremeds    : uhmm not so sure yet try to continue watching the vid i guess
15:19 Jhor        : alright
15:19 Jhor placed suspicious WATER_BUCKET @ world: x696, z-891
15:20 Jhor        : could you resend the link of the video on discord?
15:21 kdremeds    : sure
15:21 kdremeds    : sent it already
15:23 Jhor        : thanks
15:27 kdremeds    : need a layer here
15:28 Jhor        : okay just watched the video haha
15:28 kdremeds    : cool haha
15:29 Jhor        : I should go to a bed first haha
15:29 Jhor        : brb
15:30 kdremeds    : all go to bed
15:32 kdremeds    : can we all go to bed
15:32 kdremeds    : pls
15:33 kdremeds    : hmm
15:33 kdremeds    : guys
15:33 kdremeds    : you got my bed tho
15:34 kdremeds    : ty
15:35 kdremeds    : brb gotta make more repearter
15:35 Jhor placed suspicious WATER_BUCKET @ world: x709, z-878
15:37 kdremeds    : holy shit daghana diay repeater
15:37 Jhor        : you need a lot of torches pud haha
15:37 kdremeds    : you mean red stone torches
15:37 kdremeds    : ?
15:38 Jhor        : yup
15:47 kdremeds    : ssomthing is up
15:47 kdremeds    : it won turn on hm
15:48 kdremeds placed suspicious WATER_BUCKET @ world: x683, z-868
15:49 Jhor        : the repeaters seem to work now
15:50 Jhor        : brb
15:53 kdremeds    : now buvkets fordispenser
15:59 kdremeds    : hmmm
15:59 kdremeds    : need help
15:59 Jhor        : alright hold on
16:00 kdremeds    : soomething is wrong i guess
16:00 kdremeds    : hmm
16:00 Jhor        : the redstone still?
16:00 kdremeds    : placed buckets of water na sa dispenser
16:00 kdremeds    : i think soo
16:04 Jhor        : how to know if it works?
16:05 kdremeds    : mobs drop?
16:05 kdremeds    : haha
16:05 kdremeds    : try turning lon lever
16:06 kdremeds    : does it work?
16:08 kdremeds    : you found the proble?
16:09 Jhor        : still checking
16:11 kdremeds    : the one on top doesnt work
16:11 kdremeds    : come here
16:12 Jhor        : hmm okay let me check the wiring here
16:13 Jhor        : can you give me redstone dust?
16:13 Jhor        : I found the error
16:16 kdremeds    : oh it works
16:16 Jhor        : is it working now?
16:16 Jhor        : nice
16:16 kdremeds    : 3 at a time
16:16 kdremeds    : like
16:16 kdremeds    : 3 dispensers work each floor
16:16 kdremeds    : basta it doesnt turn on simultaneaously
16:16 Jhor        : I see
16:17 Jhor        : you have repeaters on you?
16:17 kdremeds    : ye
16:18 Jhor        : thanks
16:18 kdremeds    : shit
16:20 kdremeds    : it said\
16:20 kdremeds    : we need to be atleast 24 blocks away
16:20 kdremeds    : so mobs will spawn
16:21 lolo_lola_69: i heard a beep kobe
16:21 lolo_lola_69: yes
16:21 lolo_lola_69: my mom sitiing with my at dinner table
16:22 kdremeds    : is it working
16:22 kdremeds    : ?
16:23 kdremeds    : oh whats up
16:26 Jhor        : okay, they all pour out together now
16:26 kdremeds    : damn you good at redstone dude
16:27 Jhor        : I used to build a lot with a buddy of mine
16:27 Jhor        : we'd build computers and other redstone sht haha
16:27 kdremeds    : damn i havent reached that far
16:27 Jhor        : okay so the way this works is the 2nd floor pours first, then the third pours second
16:28 Jhor        : then they just alternate
16:28 kdremeds    : shall we test it out
16:28 Jhor        : yeah let's go
16:28 kdremeds    : here
16:28 kdremeds    : 24 block away daw
16:28 kdremeds    : hopefull itl work
16:29 kdremeds    : hmm
16:29 Jhor        : I don't see anything haha
16:29 kdremeds    : wtf
16:30 Jhor        : let me check
16:30 kdremeds    : wa lagi
16:30 kdremeds    : pisti
16:30 kdremeds    : HAHAHA
16:31 kdremeds    : maybe naay light source?
16:31 Jhor        : light up the area
16:31 Jhor        : so mobs only spawn
16:31 kdremeds    : inside?
16:32 Jhor        : above
16:32 Jhor        : outside the farm
16:32 kdremeds    : okay
16:34 kdremeds    : nganu mani
16:36 kdremeds    : scam mani uy
16:36 Jhor        : okay the circuit is running fine
16:37 Jhor        : lets try to keep distance
16:37 Jhor        : its day so mobs won't spawn outside the spawner
16:37 kdremeds    : letsgo
16:37 Jhor        : I'll kill mobs around the area
16:39 kdremeds    : come
16:39 kdremeds    : naay luight source
16:39 kdremeds    : awa
16:39 kdremeds    : asa ni gkna
16:39 kdremeds    : hayag lagi
16:39 Jhor        : from outside probably
16:39 Jhor        : you have optifine?
16:39 kdremeds    : ya
16:40 Jhor        : dark now
16:40 kdremeds    : taas ra ang drio?
16:40 kdremeds    : drop?
16:41 Jhor        : I think it should be enough ra
16:41 kdremeds    : stay here daw
16:42 Giniguy     : hi
16:42 lolo_lola_69: oi
16:42 kdremeds    : naa nahug ganiha lagi
16:42 kdremeds    : wtf
16:42 Jhor        : idk pud why haha
16:42 kdremeds    : scam mani haha
16:43 Jhor        : do you have a hopper?
16:43 kdremeds    : naa
16:43 Jhor        : add a hopper at the bottom then let's leave this for a bit
16:43 Jhor        : then let's check after
16:44 Jhor        : if the hopper got something
16:45 Jhor        : I went home for a bit haha
16:45 kdremeds    : ill add hopper haha
16:52 lolo_lola_69: ou
16:53 kdremeds    : ty tho
16:53 kdremeds    : hahaha
16:54 Jhor        : is it working now?
16:54 kdremeds    : ill checl
16:55 kdremeds    : nah hahah
16:56 Jhor        : hmm I wonder why haha
16:56 kdremeds    : maybe server?
17:43 Johann    :  placed a sign @ world: x593, z117
  Future Site:
  Wall MannyUy
17:45 Johann    :  placed a sign @ world: x594, z120
  Feel free to 
  donate some 
  Cobblestone!
17:47 Johann    :  placed a sign @ world: x590, z116
  Future Site
  of the
  Wall of Mannyuy
17:47 Johann    :  placed a sign @ world: x590, z116
  Future Site 
  of the
  Mannie-Uy Wall
18:09 kdremeds placed suspicious WATER_BUCKET @ world: x-288, z-1437
20:00 Giniguy   : Artificer
20:22 lolo_lola_69: ay gio, maka claim na ko 1334 more
20:22 lolo_lola_69: i think ni add
20:23 lolo_lola_69: ay nvm, ako gi unclaim ako old house
20:23 Giniguy     : wat
20:23 lolo_lola_69: abandon
20:23 Giniguy     : so u dont have anyhting?
20:23 Giniguy     : aaah
21:09 Giniguy   : testing
21:14 Giniguy   : dude
21:14 Giniguy   : that lag killed me
21:14 Kobeboy15 : what you lose?
21:14 Giniguy   : xp :(
21:14 Kobeboy15 : how much did you have?
21:14 Giniguy   : 27
21:14 Giniguy   : ARGH huhuhu
21:15 Kobeboy15 : i'll give you 10 for now
21:15 Giniguy   : thanks man :(
21:15 Giniguy   : i'll just go cook some cactus
21:15 Giniguy   : the good cush
21:15 Giniguy   : :>
21:15 Kobeboy15 : *thumbs up*
21:16 Kobeboy15 : ....
21:16 Kobeboy15 : lag?
21:16 Giniguy   : no
21:16 Giniguy   : the creeper followed
21:16 Giniguy   : and killed the horse we were about to tame
21:16 Giniguy   : T_T
21:17 Giniguy   : no
21:17 Kobeboy15 : .......
21:18 Giniguy   : that wasnt lag this time
21:18 Kobeboy15 : you guys havin issues?
21:18 Giniguy   : no issues
21:18 Giniguy   : maybe creeper infested home
21:18 Kobeboy15 : i mean creeper issues
21:18 Kobeboy15 : ah
21:20 Giniguy   : vladi really worked hard on the cobble road huh
21:20 Kobeboy15 : yuup
21:20 Giniguy   : looks beautiful
21:38 Giniguy   : pillager kobe
21:38 Kobeboy15 : ?
21:38 Giniguy   : u wanna trap this?>
21:38 Kobeboy15 : im good fam
22:23 Giniguy   : vlad
22:23 Giniguy   : sleep
22:32 Giniguy   : oh
22:32 Giniguy   : di man
22:33 Giniguy   : oh
22:33 Giniguy   : its lagging now
22:46 Giniguy   : joh
22:46 Giniguy   : wanna join us?
22:46 Johann    : wait sa
22:46 Johann    : i will discord nya
22:46 Giniguy   : mineshaft
22:46 Giniguy   : ge2
23:25 Johann    :  placed a sign @ world: x581, z104
  alec gay
23:35 lolo_lola_69: chuya
23:35 lolo_lola_69: naa ako mama
23:35 lolo_lola_69: ninaog
23:35 lolo_lola_69: hhahaha
23:35 Johann      : chuya guhd
23:35 Johann      : hhthahahhaha
