00:40 RimuroTempest placed suspicious WATER_BUCKET @ world: x-909, z-947
00:47 RimuroTempest placed suspicious WATER_BUCKET @ world: x-899, z-946
00:48 RimuroTempest placed suspicious WATER_BUCKET @ world: x-899, z-940
00:48 RimuroTempest placed suspicious WATER_BUCKET @ world: x-899, z-933
00:48 RimuroTempest placed suspicious WATER_BUCKET @ world: x-899, z-926
00:51 Johann    : there we go
00:51 RimuroTempest placed suspicious WATER_BUCKET @ world: x-910, z-926
00:58 Johann    : shift
01:09 RimuroTempest placed suspicious WATER_BUCKET @ world: x-899, z-941
01:30 Giniguy   : hellooo
01:31 Johann    : nihao
01:31 RimuroTempest: hello kuya musta
01:31 Giniguy      : who's crystalgem?
01:31 Giniguy      : oh wait
01:31 Giniguy      : is that
01:31 Giniguy      : who i think it is
01:31 Johann       : girlffriend
01:31 Giniguy      : OMG
01:31 Giniguy      : I KNEW IT
01:31 Johann       : i am touring
01:31 Giniguy      : HELLO!!!
01:31 Giniguy      : enjoy :D
01:31 crystalgem   : hi
01:31 Giniguy      : :D
01:31 Giniguy      : enjoy :D
01:32 Giniguy      : we shall have a cool raid next time :D
01:32 crystalgem   : thank you!
13:59 RimuroTempest placed suspicious WATER_BUCKET @ world: x-953, z-961
14:16 kdremeds  : test
14:51 kdremeds  : test
15:16 Johann    : "/tpa Johann"
15:29 kdremeds  : test
15:40 Johann    : kim
15:40 kdremeds  : hi
15:40 Johann    : may we sleep sir
15:40 Kobeboy15 : /whisper Johann This is a secret message to you Jo, Who's crystalgem? 
15:41 Johann    : gf kobe
15:41 Kobeboy15 : oh
15:41 Kobeboy15 : hi
15:41 crystalgem: hi
15:41 kdremeds  : what do you need
15:41 kdremeds  : oh opkay
15:41 kdremeds  : its day naman
15:41 Johann    : ops nvm kim it became day time hahahha
15:42 kdremeds  : welp
15:43 Kobeboy15 :  placed a sign @ world: x560, z-51
  ------>
  FIRE!
16:06 Johann    : hoy vlad
16:06 lolo_lola_69: hello
16:06 lolo_lola_69: joooh
16:06 Johann      : tan.awa sa daw dra
16:06 Johann      : ang
16:06 lolo_lola_69: hello krystal
16:06 Johann      : GC sa DnD
16:07 crystalgem  : hello hahaha
16:07 lolo_lola_69: wait sa bago ra ko abut
16:07 Johann      : holy sunday
16:07 Johann      : sayo gyud ta ugma hahahhah
16:10 kdremeds placed suspicious WATER_BUCKET @ world: x660, z-937
16:13 Johann      : "/trust Johann"
16:13 lolo_lola_69: ok
16:13 lolo_lola_69: joh
16:13 Johann      : grrr
16:13 lolo_lola_69: naay siege weapon gawas sa wall
16:14 kdremeds    : hi
16:14 Johann      : hello kim
16:14 Johann      : omg
16:14 Johann      : xie xie bro
16:14 kdremeds    : hi
16:15 crystalgem  : hello
16:15 kdremeds    : whos is u
16:15 crystalgem  : guess
16:15 kdremeds    : johanns gf
16:15 crystalgem  : am i?
16:15 kdremeds    : i wouldnt know
16:15 Johann      : oof town
16:16 Johann      : he dropeed 2 pearls bro
16:16 Johann      : omg 3 diay
16:16 Giniguy     : what's happening
16:16 kdremeds    : nice
16:16 kdremeds    : cool
16:16 Giniguy     : discord bois
16:17 kdremeds    : nice skin
16:17 kdremeds    : you look bad ass
16:17 crystalgem  : thank you
16:17 crystalgem  : it was just like that when i joined
16:19 kdremeds    : how
16:19 Johann      : wowoowowow
16:20 kdremeds    : howd you get a beacon
16:20 Giniguy     : im cool
16:20 Johann      : he suckled Kobe's shaft
16:20 Kobeboy15   : ????
16:20 Kobeboy15   : what?
16:20 kdremeds    : can i have a spot here
16:21 kdremeds    : yo
16:21 Johann      : i guess so dude hahahha
16:21 Johann      : just pick anywhere behind the wall hahaha
16:21 lolo_lola_69: joh we rading
16:22 lolo_lola_69: they're raiding the prison
16:22 Johann      : ill apas
16:22 lolo_lola_69: pls send hepl
16:22 Johann      : wtf hahahha
16:22 lolo_lola_69: the broke out 1 guy
16:22 lolo_lola_69: hahah "lore"
16:23 Johann      : tpa lolo_lola_69
16:29 Johann      : rip
16:30 Johann      : omg kobe
16:30 Kobeboy15   : OMGGGGG
16:30 crystalgem  : u hit me :(
16:31 Kobeboy15   : OMG
16:31 Kobeboy15   : IM SORRRRRRY
16:31 Johann      : yawa
16:31 Johann      : zeus ult
16:31 Johann      : hahahhahahhw
16:31 lolo_lola_69: hahahaa
16:31 Giniguy     : RIP
16:31 kdremeds    : i was lev 42
16:31 lolo_lola_69: i survived
16:32 Kobeboy15   : who had a bunch of xp?
16:32 lolo_lola_69: i had BKB
16:32 Kobeboy15   : i can return it
16:32 Kobeboy15   : sorry rimuro
16:32 Kobeboy15   : sorry crystal
16:32 RimuroTempest: ubos lahat ng villager ko :(
16:33 Kobeboy15    : what did you loose?
16:33 Johann       : kobe
16:33 Kobeboy15    : OMFG
16:33 lolo_lola_69 : damn
16:33 Johann       : can u give back kylahs items
16:33 Johann       : the lighting burned it
16:33 RimuroTempest: my villgers
16:34 Kobeboy15    : can I give you villager spawn egg?
16:34 Kobeboy15    : a bunch of that?
16:34 RimuroTempest: really
16:34 Kobeboy15    : ???
16:34 RimuroTempest: ;)
16:34 lolo_lola_69 : how many villagers u have dong?
16:34 RimuroTempest: 13 mayber
16:34 RimuroTempest: ty :)
16:35 Kobeboy15    : sorry my friends says its too much
16:35 Kobeboy15    : it just gave you 16
16:35 Kobeboy15    : im sorry for the inconvineice
16:35 RimuroTempest: thank youu :*
16:35 RimuroTempest: its okk
16:36 lolo_lola_69 : omg all our horses
16:36 Johann       : OMG
16:36 Johann       : he great dying
16:37 lolo_lola_69 : joh
16:37 lolo_lola_69 : come
16:37 lolo_lola_69 : the gift from the gods
16:37 Johann       : NOOO
16:37 Johann       : MINE TOOOO
16:38 kdremeds     : lets all sleep
16:38 RimuroTempest: in bed
16:38 kdremeds     : same
16:38 kdremeds     : sleep
16:38 Johann       : hol up
16:38 Johann       : omg hahahha
16:39 Johann       : night done
16:39 Johann       : ooof
16:39 RimuroTempest: omg nawa tanan pig og cow og sheep og mga chicken nako
16:40 RimuroTempest: :(
16:42 Kobeboy15    : test
16:42 crystalgem   : han
16:42 Johann       : hello
16:42 crystalgem   : lets go flower picking
16:42 crystalgem   : HAHHAHAHAHAHAHAH
16:42 RimuroTempest: sir kobe my pigs cows sheeps and chicken :(
16:43 RimuroTempest: all gone
16:43 Giniguy      : oh no
16:43 lolo_lola_69 :  placed a sign @ world: x652, z1
  9/8/2019
  Thundergod's
  Wrath
  the living = dead
16:44 Kobeboy15    : dude again, srsly sorry
16:44 crystalgem   : :(((
16:44 RimuroTempest: thank youu its fine
16:45 Kobeboy15    : crystal you okay???
16:45 Giniguy      : hi noble knight
16:45 Giniguy      : DUDE
16:45 Giniguy      : uhm
16:45 Johann       : GODMANIT AHAHAHHAH
16:45 Giniguy      : you can use carpet on top of the fence
16:45 lolo_lola_69 :  placed a sign @ world: x652, z1
  9/8/2019
  Kobeboy15 
  thundergod wrath
  life = death
16:45 Giniguy      : joh come here
16:46 Giniguy      : they cnat walk on that
16:46 Johann       : hmmm
16:46 Johann       : its cool
16:46 Johann       : idk if its aesthetic thooo
16:46 Giniguy      : so brown?
16:46 lolo_lola_69 : kobe idc about my exp, can i have my tropical fishes back, and smol peen
16:47 Giniguy      : hello
16:47 lolo_lola_69 : nindota skin hahahaha
16:47 lolo_lola_69 : Nike
16:47 Johann       : kylah
16:47 Johann       : get ur stuff
16:47 Kobeboy15    : im sorry kyla
16:47 crystalgem   : cool
16:47 crystalgem   : thank you
16:47 RimuroTempest: sir kobe ako pud diay sheeps wala may sheep dri
16:47 Kobeboy15    : omg dont call me sir plsss
16:48 RimuroTempest: ok kuya
16:48 lolo_lola_69 : kobe i had 4 fish, 3 dogs, 1 endermite
16:48 Kobeboy15    : noooooo
16:48 Kobeboy15    : just kobeee
16:48 Kobeboy15    : i dont wanna feel old
16:48 RimuroTempest: thank youuu kobee :)
16:48 Kobeboy15    : <3
16:48 lolo_lola_69 : call him kobe senpai
16:48 Kobeboy15    : NOOOOO
16:48 Kobeboy15    : IGNORE HIM
16:48 RimuroTempest: senpai
16:48 Kobeboy15    : NOOOOOOOOOOOOOOOOOOOOOOOOOOOOOOOO
16:49 RimuroTempest: onichan!
16:49 Kobeboy15    : >/////<
16:49 Kobeboy15    : YAMEROOOO
16:49 RimuroTempest: Nani
16:49 Kobeboy15    : BAKA DEsuka???
16:50 kdremeds     : sleep\
16:50 RimuroTempest: in bed
16:51 kdremeds     : everyone in bed
16:51 Kobeboy15    : im in bed
16:51 kdremeds     : same
16:51 kdremeds     : whos not in bed
16:51 Johann       : hold on hihi
16:52 Kobeboy15    : omg?
16:52 kdremeds     : no
16:52 Johann       : oh my
16:52 Johann       : uhm
16:52 Johann       : i will bring
16:53 Johann       : oops
16:53 Johann       : srry gusy
16:53 Giniguy      : what happened
17:01 Kobeboy15 : test
17:02 lolo_lola_69: kobe
17:02 lolo_lola_69: i lost diamond horse armor
17:02 lolo_lola_69: can u giff iron horse armor nalang
17:02 lolo_lola_69: ok
17:02 lolo_lola_69: ayt
17:03 Kobeboy15   : test
17:05 kdremeds    : who wants diamonds
17:05 kdremeds    : ay wait
17:05 kdremeds    : lantern diay
17:05 kdremeds    : hahaha
17:05 RimuroTempest: me
17:05 RimuroTempest: hehehe
17:06 RimuroTempest: ty :)
17:07 kdremeds     : no worries
17:33 RimuroTempest: ngano mo attack na pirmi ang iron golem bisag ka isa ra nako siya na hit?
17:33 kdremeds     : cause
17:33 kdremeds     : it think you are a threat
17:33 kdremeds     : lol
17:33 RimuroTempest: hahahaha
17:33 kdremeds     : just kill it and make another one nalang hahahah
17:33 RimuroTempest: to money iron golem na ning spawn man
17:38 kdremeds placed suspicious WATER_BUCKET @ world: x619, z-877
17:41 kdremeds     : need help>?
17:42 RimuroTempest: yeah hahaha
17:42 kdremeds     : sure\
17:42 kdremeds     : akopatyon?
17:42 RimuroTempest: ohh
17:44 kdremeds     : gi gukod gihapon ka
17:44 RimuroTempest: lagi nakapatay naman ko sa usa nila
17:44 kdremeds     : okay clear
17:44 kdremeds     : ill make you daw wait sa
17:45 RimuroTempest: thamk youu
17:45 kdremeds     : np
17:46 RimuroTempest: akong mga villager kay dli na piras atong last :<
17:47 kdremeds     : naa ra
17:47 kdremeds     : hahah
17:47 RimuroTempest: daghana hahaha
17:47 RimuroTempest: ty :)
17:48 RimuroTempest: lag
17:48 kdremeds     : wat
17:49 RimuroTempest: ngano? man oy
17:49 RimuroTempest: patyun man ko
17:49 kdremeds     : try
17:49 lolo_lola_69 : patya
17:49 lolo_lola_69 : hahaha
17:50 kdremeds     : wanna see my house?
17:50 RimuroTempest: yess
17:50 kdremeds     : what dick
17:50 kdremeds     : you dont have one
17:50 kdremeds     : tp
17:50 RimuroTempest: `ha?
17:50 kdremeds     : tp nako hahah
17:51 RimuroTempest: chuya dako kaayu
17:51 kdremeds     : not really
17:52 kdremeds     : mas dakol ka gio
17:52 Giniguy      : hi
17:52 RimuroTempest: lagi
17:53 RimuroTempest: wait sa sugon pakong mama
17:53 kdremeds     : gege
17:53 kdremeds placed suspicious WATER_BUCKET @ world: x580, z-900
17:57 kdremeds     : imstuck
17:57 kdremeds     : ops
17:58 kdremeds     : mu work na ang slime place?
17:58 Giniguy      : dili pa
18:00 kdremeds placed suspicious WATER_BUCKET @ world: x737, z-197
18:03 Giniguy placed suspicious WATER_BUCKET @ world: x776, z-420
18:03 Giniguy placed suspicious WATER_BUCKET @ world: x782, z-421
19:55 arcosanti    : what up party rockers
19:56 arcosanti    : holy fucking shit
19:56 Kobeboy15    : man your old
19:56 Giniguy      : whut
19:56 arcosanti    : all my skeleton horses
19:56 Kobeboy15    : OH MY GOD
19:56 arcosanti    : HAHAHAHA theyre all bones
19:56 arcosanti    : wait brb
19:56 Kobeboy15    : WAX COME TO DISCORD
21:09 Johann    : waaaxxx
21:09 arcosanti : hola party rockers
21:09 arcosanti : whatup
21:09 Johann    : we all good for tomorrow mah man?
21:09 arcosanti : hell yeah
21:10 Johann    : hell yeah boiii
21:10 arcosanti : ah robs working
21:10 arcosanti : as usual
21:10 arcosanti : getting that double pay
21:11 arcosanti : oh is thomas g?
21:11 Johann    : yehahhh
21:12 arcosanti : noiiice
21:12 Johann    : but hes so internet deprived
21:12 Johann    : that he will lowkey use it to go to rashes house to minecraft
21:12 arcosanti : HAHAHA
21:56 kdremeds placed suspicious WATER_BUCKET @ world: x525, z-937
22:04 kdremeds placed suspicious WATER_BUCKET @ world: x125, z-1093
22:17 Johann    : vladd
22:17 Johann    : sayo ta ugma?
22:17 lolo_lola_69: ye?
22:17 lolo_lola_69: cge
22:18 Johann      : i kinda had to tell them
22:18 Johann      : ooof
22:18 lolo_lola_69: atay
22:18 lolo_lola_69: wa pa ko nangayo kwarta
22:18 lolo_lola_69: hahaha
22:18 Johann      : they were planning to eat lunch kasi ..
22:18 Johann      : saaaddd
22:18 lolo_lola_69: aw
22:18 lolo_lola_69: ok ok
22:18 Johann      : pero na andam na nako ang super car
22:18 Johann      : super card
22:19 lolo_lola_69: super car pls
22:19 Johann      : one day
22:21 Giniguy     : yikes
22:21 kdremeds    : oof
22:21 Johann      : why in my house
22:21 Johann      : sad
22:22 kdremeds    : is there home invite ba here?
22:24 Giniguy     : test
22:24 kdremeds    : lag
22:24 Johann      : yeahh its lag town now
22:26 kdremeds    : johann?
22:26 Johann      : yo
22:26 kdremeds    : cani build near the wall
22:26 Johann      : yeah lol go ahead bro hahahah
22:26 kdremeds    : okay hahah
22:26 kdremeds    : gio
22:26 Giniguy     : yo
22:26 kdremeds    : do you want a skelly spawner?
22:27 Johann      : YES PLS
22:27 Giniguy     : johann oh hahaha
22:27 kdremeds    : you cant bring the spawner
22:27 kdremeds    : bu its under ground
22:27 kdremeds    : i need to free up a home
22:27 kdremeds    : lol
22:27 Giniguy     : let johann use it
22:28 kdremeds    : why doors
22:28 Johann      : like windows hahahha
22:28 Johann      : welcome to the ______ tavern
22:28 kdremeds    : ay lol
22:28 kdremeds    : where can i build
22:28 Johann      : anywhere dude
22:28 kdremeds    : cool thanks
22:29 Johann      : "tpaccept
22:29 Giniguy     : accepted
22:30 Giniguy placed suspicious WATER_BUCKET @ world: x781, z-414
22:30 Giniguy placed suspicious WATER_BUCKET @ world: x774, z-419
22:32 Giniguy placed suspicious WATER_BUCKET @ world: x779, z-415
22:33 kdremeds placed suspicious WATER_BUCKET @ world: x829, z-119
22:33 kdremeds placed suspicious WATER_BUCKET @ world: x822, z-116
22:33 kdremeds placed suspicious WATER_BUCKET @ world: x824, z-115
22:33 kdremeds placed suspicious WATER_BUCKET @ world: x822, z-119
22:33 kdremeds placed suspicious WATER_BUCKET @ world: x818, z-121
22:33 Giniguy placed suspicious WATER_BUCKET @ world: x784, z-418
22:33 kdremeds placed suspicious WATER_BUCKET @ world: x825, z-106
22:33 kdremeds placed suspicious WATER_BUCKET @ world: x829, z-110
22:34 kdremeds placed suspicious WATER_BUCKET @ world: x823, z-115
22:34 kdremeds placed suspicious WATER_BUCKET @ world: x824, z-114
22:34 kdremeds placed suspicious WATER_BUCKET @ world: x825, z-115
22:34 kdremeds placed suspicious WATER_BUCKET @ world: x827, z-113
22:34 kdremeds placed suspicious WATER_BUCKET @ world: x824, z-112
22:34 Giniguy placed suspicious WATER_BUCKET @ world: x782, z-422
22:34 Giniguy placed suspicious WATER_BUCKET @ world: x774, z-419
22:35 kdremeds placed suspicious WATER_BUCKET @ world: x808, z-113
22:35 Giniguy placed suspicious WATER_BUCKET @ world: x774, z-425
22:35 kdremeds placed suspicious WATER_BUCKET @ world: x809, z-109
22:35 kdremeds placed suspicious WATER_BUCKET @ world: x810, z-108
22:35 kdremeds placed suspicious WATER_BUCKET @ world: x809, z-106
22:35 kdremeds placed suspicious WATER_BUCKET @ world: x809, z-105
22:35 kdremeds placed suspicious WATER_BUCKET @ world: x808, z-106
22:35 Giniguy placed suspicious WATER_BUCKET @ world: x764, z-424
22:38 Giniguy     : test
22:38 kdremeds    : how to rename a home?
22:39 Giniguy     : delete a home first
22:41 kdremeds    : unsa ni?
22:41 kdremeds    : this house
22:41 lolo_lola_69: tavern
22:46 Giniguy     : i wanna adventure
22:46 Giniguy     : can we raid
22:46 Giniguy     : hahaha
22:46 Giniguy     : lolo_lola_69
22:47 Giniguy     : vlad
22:47 lolo_lola_69: oks
22:47 Giniguy     : where to
22:48 Giniguy     : wats dis
22:48 lolo_lola_69: tavern
22:48 Giniguy     : aah
22:48 Giniguy     : raid ta na
22:48 lolo_lola_69: lag man
22:48 Giniguy     : yawa laga
22:48 kdremeds    : lag
22:49 kdremeds    : hi
22:49 Giniguy     : unsa mani
22:49 lolo_lola_69: balay ni bojo
22:49 Giniguy     : this japanese looking area?
22:49 lolo_lola_69: kang hannah
22:50 Giniguy     : kaning treehouse?
22:50 lolo_lola_69: kinsay nay sharpness book
22:50 lolo_lola_69: akoa
22:50 lolo_lola_69: pina lookout2
22:50 Giniguy     : raid ta naaa
22:50 Giniguy     : giatay
22:50 Giniguy     : endermite
22:50 Giniguy     : hahaha
22:51 lolo_lola_69: tp daw gio
22:51 Giniguy     : wala koy bad omen man
22:51 lolo_lola_69: ay
22:51 Giniguy     : ngita tag pillagers na
22:51 Giniguy     : ay vlad, naa didto sa spawn
22:51 lolo_lola_69: adto sa bridge
22:51 lolo_lola_69: ta
22:52 Giniguy     : ge2
22:52 lolo_lola_69: asa ka
22:52 Giniguy     : here
22:53 lolo_lola_69: wla lagi
22:53 Giniguy     : naa didto
22:54 Giniguy     : nawala lagi
22:54 Giniguy     : ni despawn?
22:54 Giniguy     : naa toy daghan diri
22:54 lolo_lola_69: hahahaa
22:54 lolo_lola_69: adto tas wall oi
22:55 lolo_lola_69: nasiguro sa sud
22:57 lolo_lola_69: wla
22:57 Giniguy     : atay
22:57 Giniguy     : awa vlad
22:58 Giniguy     : diri vlad
22:58 Giniguy     : kim
22:58 Giniguy     : kim, ali
22:59 Giniguy     : hahaha
22:59 Giniguy     : that shit's fucked up
22:59 RimuroTempest placed suspicious WATER_BUCKET @ world: x-937, z-871
22:59 lolo_lola_69: wal ko kita
22:59 Giniguy     : atayag trip
22:59 Giniguy     : ahahaah
23:00 Giniguy     : feels so high
23:00 lolo_lola_69: haha
23:00 lolo_lola_69: akong tanawon sa map ni wax
23:00 lolo_lola_69: adto ta stronghold na
23:00 lolo_lola_69: awas mapa
23:01 Giniguy     : why
23:01 Giniguy     : ngano naay 2 ka green
23:01 lolo_lola_69: sea base, nya plains
23:01 Giniguy     : ang kanang brown, unexplored
23:01 lolo_lola_69: ou
23:01 Giniguy     : ohohooo
23:01 Giniguy     : cge2
23:01 Giniguy     : lakaw ta na
23:01 Giniguy     : nahan ta kog raid
23:01 Giniguy     : :(
23:02 lolo_lola_69: ta
23:02 Giniguy     : naa kay prisoner?
23:02 lolo_lola_69: wla
23:02 lolo_lola_69: adto
23:03 Giniguy     : lead the way
23:05 Giniguy     : testing
23:06 lolo_lola_69: atay wa tay ma
23:06 lolo_lola_69: map
23:06 lolo_lola_69: stay lang sa
23:07 kdremeds    : lagtest
23:08 Giniguy     : vlad
23:08 lolo_lola_69: we need the boat pa
23:08 Giniguy     : will bojo still dota?
23:08 lolo_lola_69: i think
23:08 lolo_lola_69: ga poe ra siya
23:09 Giniguy     : as aka
23:09 lolo_lola_69: east
23:10 lolo_lola_69: ali gahuwat ko
23:11 lolo_lola_69: duola ra oi
23:11 Giniguy     : sa?
23:11 Giniguy     : lamia idota oi haha
23:11 lolo_lola_69: duwa ta
23:11 Giniguy     : ge2
23:11 lolo_lola_69: pangitaon sa ni nako
23:12 RimuroTempest: apil ko dota kuya
23:12 Giniguy      : woho
23:12 lolo_lola_69 : dawmn
23:12 Giniguy      : naa ko drug den
23:12 lolo_lola_69 : cge
23:14 Giniguy      : naa mi drug den
23:15 lolo_lola_69 : dara gio
23:27 Giniguy      : apil ka dota?
23:28 RimuroTempest: karun mo mag dota kuya
23:28 Giniguy      : yep2
23:28 RimuroTempest: wait sa ngita sako sa kwarta nako
23:29 Giniguy      : cge
23:30 RimuroTempest: kuya add ko sa fb real name nako joshua kenth hoylar
23:34 Giniguy      : cge2
23:34 RimuroTempest: kuya padung nako computeran huwata ko ha
23:55 Giniguy      : yo
