00:10 kdremeds    : sup guys
00:11 arcosanti   : hola
00:11 kdremeds    : i fixed the spawner
00:11 kdremeds    : hehe
00:11 arcosanti   : hahaha it wasnt fixed before?
00:11 kdremeds    : nah now its one hit with the sword hahaha
00:11 kdremeds    : also cleaned it up
00:11 kdremeds    : can we sleep guys hahah
00:12 arcosanti   : yeah sure
00:12 kdremeds    : also cleaned it up so it looks decent hehe
00:12 kdremeds    : im in bed
00:12 kdremeds    : thanks
00:12 arcosanti   : np
00:21 kdremeds    : ouch'
00:21 arcosanti   : oof
00:21 kdremeds    : speaking of harassment
00:22 arcosanti   : hahaha what
00:22 big_tasty   : im so sorry
00:45 arcosanti   : sleep?
02:27 arcosanti   : sleep?
02:50 kdremeds  : nice
02:50 big_tasty : hell yeah
02:50 kdremeds  : how are you guys still awake tho
02:51 arcosanti : messed up sleeping patterns hahaha
02:51 kdremeds  : god imagine me
02:51 arcosanti : hahahaha
02:51 kdremeds  : i got class at 7:30
02:51 kdremeds  : rip
02:51 arcosanti : oh fuck
02:51 kdremeds  : mc is life
02:51 arcosanti : f
02:51 arcosanti : that dedication
02:51 kdremeds  : or addiction
02:52 kdremeds  : lol
03:05 arcosanti : sleep?
03:05 arcosanti : kim
03:05 kdremeds  : sure
03:06 kdremeds  : sleeping
03:06 kdremeds  : in mc
03:06 big_tasty : hahaha
03:06 arcosanti : HAHAHA
03:11 kdremeds  : night guys really need to sleep
03:11 big_tasty : hahaha night kim
03:11 arcosanti : hahaha okay dude
03:11 arcosanti : nite
03:12 arcosanti : good luck with school tom
03:12 kdremeds  : thanks dude night!
10:27 Johann placed suspicious LAVA_BUCKET @ world: x754, z-171
10:27 Johann placed suspicious LAVA_BUCKET @ world: x753, z-174
