00:01 Giniguy     : yo
00:01 Giniguy     : im here
00:01 Giniguy     : joh?
00:01 Giniguy     : someone took my sponge
00:01 Johann      : ohhh
00:01 Johann      : i did
00:01 Johann      : hihi
00:02 Johann      : come to me
00:03 lolo_lola_69: gio
00:03 Giniguy     : yo
00:03 lolo_lola_69: dots
00:03 Giniguy     : ge2
00:03 Giniguy     : ingna laz pud
00:03 lolo_lola_69: oks
00:17 Giniguy     : do you go deaf with coduit?
00:42 Arrchiiee   : i found a panda
00:42 kdremeds    : oh shit
00:42 kdremeds    : where
00:51 Arrchiiee : yus
00:51 kdremeds  : ye
00:51 kdremeds  : I can you give you the moon
00:57 Arrchiiee : imong mama star
01:28 Arrchiiee : home
01:32 kdremeds  : hes gone
01:55 arcosanti :  placed a sign @ world: x474, z199
  kim is accepting
01:55 arcosanti :  placed a sign @ world: x474, z199
  kim is looking
  for granite
13:58 Giniguy placed suspicious WATER_BUCKET @ world: x785, z-465
13:59 Giniguy placed suspicious WATER_BUCKET @ world: x784, z-463
14:18 Giniguy placed suspicious WATER_BUCKET @ world: x784, z-463
14:21 Giniguy placed suspicious WATER_BUCKET @ world: x784, z-463
14:23 Giniguy placed suspicious WATER_BUCKET @ world: x784, z-463
14:32 Giniguy   : kim?
14:32 kdremeds  : hi
14:32 Giniguy   : nice
14:32 kdremeds  : discord
14:36 Giniguy placed suspicious WATER_BUCKET @ world: x784, z-463
15:28 Giniguy   : how did a zombie go here
15:28 Giniguy   : wwtf
15:28 kdremeds  : irdk
15:28 Giniguy   : bye
15:28 kdremeds  : bye
16:33 kdremeds placed suspicious WATER_BUCKET @ world: x751, z-482
16:38 kdremeds placed suspicious WATER_BUCKET @ world: x621, z-875
19:18 Jhor      :  placed a sign @ world_nether: x164, z-82
  Be advised:
  Fortess has been
  detorched 
19:18 Jhor      :  placed a sign @ world_nether: x164, z-81
  to allow wither
  skeleton spawning
  -Joe
19:26 Jhor      :  placed a sign @ world_nether: x160, z-79
  Overworld
  Coors
  X: 1270
  Z: -620
19:27 Jhor      :  placed a sign @ world_nether: x160, z-79
  Overworld
  Coordinates
  X: 1270
  Z: -620
20:53 lolo_lola_69: halu gais
20:56 Giniguy     :  placed a sign @ world: x759, z-502
  SSSSSSSSSSSS
21:53 Giniguy   : bois
21:53 Giniguy   : we gotem
21:53 Kobeboy15 : ?????/
21:54 Giniguy   : fritzie found slime chunks
21:54 lolo_lola_69: congrats
21:54 Giniguy     : ali vlad
21:54 Giniguy     : you do the honors
21:54 Giniguy     : of killing them
21:54 lolo_lola_69: atay
21:54 lolo_lola_69: kamo man naningkamot
21:54 Giniguy     : ali oi
21:54 lolo_lola_69: naa mi gibuhat ni kobes
22:06 lolo_lola_69: oi gio
22:06 Giniguy     : wt
22:06 Giniguy     : wat
22:06 lolo_lola_69: nana ko endermite
22:06 Giniguy     : u have the nametag?
22:06 lolo_lola_69: ou mana
22:06 lolo_lola_69: named na
22:06 Giniguy     : niceeee
22:08 lolo_lola_69:  placed a sign @ world: x737, z-54
  Smol Peen
  Enclosure
22:08 lolo_lola_69: pakita inyo project
22:09 Kobeboy15   :  placed a sign @ world: x289, z309
  VERY RARE
22:09 Kobeboy15   :  placed a sign @ world: x289, z310
  VERY RARE
22:10 Kobeboy15   :  placed a sign @ world: x290, z311
  VERY RARE
22:10 Kobeboy15   :  placed a sign @ world: x291, z311
  VERY RARE
22:10 Kobeboy15   :  placed a sign @ world: x292, z310
  VERY RARED
22:10 Kobeboy15   :  placed a sign @ world: x292, z310
  VERY RARE
22:10 Kobeboy15   :  placed a sign @ world: x292, z309
  VERY RARE
22:10 Kobeboy15   :  placed a sign @ world: x291, z308
  VERY RARE
22:10 Kobeboy15   :  placed a sign @ world: x290, z308
  VERY RARE
22:10 Giniguy     : slr
22:10 Giniguy     : ni afk ko
22:10 lolo_lola_69: asa
22:11 Giniguy     : naa to diri
22:11 Giniguy     : 16 blocks away daw ta
22:11 Giniguy     : wait for a few secs
22:11 Giniguy     : or minutes
22:11 Giniguy     : gi patay na namo
22:11 Giniguy     : wait tan.awn nako ang spawn rate
22:11 lolo_lola_69: watch ra ko
22:12 Giniguy     : tehy dont spawn 24 blocks near a playter daw
22:13 Giniguy     : tawgon lang tika if naa na
22:13 Kobeboy15   :  placed a sign @ world: x288, z309
  Admin Shop
  1
  B : 25000
  Trident
22:13 Kobeboy15   :  placed a sign @ world: x288, z309
  A
22:13 lolo_lola_69: oi gio
22:13 Giniguy     : yo
22:13 lolo_lola_69: nag plano si kobe mamaligya trident sa new shop
22:13 Giniguy     : ooh
22:13 Giniguy     : tag pila
22:13 Kobeboy15   :  placed a sign @ world: x288, z309
  Admin Shop
  1
  B : 25000
  Trident
22:14 lolo_lola_69: 25k pesos daw
22:14 Giniguy     : wait
22:14 Giniguy     : atay 0 ra po
22:14 Giniguy     : pa ko
22:14 Giniguy     : hahaha
22:14 Giniguy     : unsaon gani pag sell?
22:14 lolo_lola_69: hes gonna make a way so that we can earn credits
22:15 Giniguy     : aah
22:15 Kobeboy15   :  placed a sign @ world: x288, z309
  1
  B:25000
  Trident
22:15 Giniguy     : explore2 lang sa vlad
22:15 Giniguy     : murag dugay2 pa ning slimes
22:15 Giniguy     : but ni spawn 3 ka buok
22:15 Giniguy     : 2 ka dagko, 1 ka medium
22:15 Kobeboy15   :  placed a sign @ world: x288, z309
  Admin Shop
  1
  B:25000
  Trident
22:16 lolo_lola_69: ni spawn ai
22:16 Giniguy     : :>
22:16 lolo_lola_69: cyudies
22:16 lolo_lola_69: deds na
22:16 lolo_lola_69: hahahahaDS
22:17 lolo_lola_69: gnahan mo kita ni Smol Peen
22:17 Kobeboy15   :  placed a sign @ world: x288, z310
  Admin Shop
  1
  B:
22:18 Kobeboy15   :  placed a sign @ world: x288, z310
  Admin Shop
  1
  B:15000
  Enchant
22:18 lolo_lola_69: discord joh
22:18 Kobeboy15   :  placed a sign @ world: x288, z310
  Admin Shop
  1
  B:15000
  EnchaGoldenApple
22:19 lolo_lola_69: joh discord
22:20 Johann      : absolute
22:20 Johann      : mad
22:20 Johann      : vld
22:20 Johann      : vlad
22:20 lolo_lola_69: haaha
22:22 Kobeboy15   :  placed a sign @ world: x290, z311
  VERY RARE
22:22 Kobeboy15   :  placed a sign @ world: x290, z312
  Admin Shop
  1
  B:25000
  Beacon
22:23 Kobeboy15   :  placed a sign @ world: x290, z308
  RARE
22:24 Kobeboy15   :  placed a sign @ world: x290, z307
  Admin Shop
  1
  B:6500
  WitherSkeletoSkull
22:26 Kobeboy15   :  placed a sign @ world: x284, z314
  Admin Shop
  1
  B:2500
  VillagerSpawnEgg
22:27 Kobeboy15   :  placed a sign @ world: x282, z314
  Admin Shop
  1
  B:
22:28 Kobeboy15   :  placed a sign @ world: x282, z314
  Admin Shop
  1
  B:650
  Ender Pearl
22:37 lolo_lola_69: if u guys want to see smol peen just visit my house
22:37 Kobeboy15   :  placed a sign @ world: x282, z305
  Admin Shop
  10
  B:200 S:90
  Smooth Stone
22:38 Kobeboy15   :  placed a sign @ world: x282, z305
  Admin Shop
  10
  B 200 : S 90
22:38 Kobeboy15   :  placed a sign @ world: x282, z305
  Admin Shop
  10
  B 200 : S 90
  Smooth Stone
22:39 Giniguy     : btw
22:39 Giniguy     : vlad
22:39 Giniguy     : naa nami 2 ka iro
22:39 Giniguy     : if nahan ka, i.breed ni
22:39 lolo_lola_69: oh yea
22:39 Kobeboy15   :  placed a sign @ world: x284, z305
  Admin Shop
  10
  B 150 : S 90
  Smooth Andersite
22:39 Giniguy     : all sleep?
22:40 Giniguy     : annoying phantoms
22:40 lolo_lola_69: cge
22:40 Johann      : inbed bb
22:40 Kobeboy15   : im in bed
22:40 Kobeboy15   :  placed a sign @ world: x284, z305
  Admin Shop
  10
  B 150 : S 90
  PolishedAndersite
22:41 Kobeboy15   :  placed a sign @ world: x284, z305
  Admin Shop
  10
  B 150 : S 90
  Polished Andesite
22:42 Giniguy     : wat
22:42 Giniguy     : dogs?
22:42 lolo_lola_69: summoning eru
22:43 Giniguy     : meat oi
22:43 Giniguy     : ayaw bones
22:43 lolo_lola_69: aw
22:43 Giniguy     : i think
22:43 lolo_lola_69: ikaw lang breed
22:43 lolo_lola_69: wal ko perms
22:43 Giniguy     : ikaw man dapat
22:43 Giniguy     : ali
22:43 Kobeboy15   :  placed a sign @ world: x281, z313
  Admin Shop
  10
  B 100
  Pork
22:44 Giniguy     : tanga2 imo shield
22:44 lolo_lola_69: di siyag fish
22:44 lolo_lola_69: arti iroa
22:44 Giniguy     : kana
22:44 Kobeboy15   :  placed a sign @ world: x281, z313
  Admin Shop
  10
  B 100
  Steak
22:44 Giniguy     : nice
22:44 lolo_lola_69: bb ty
22:44 Giniguy     : atay lead oi
22:44 Giniguy     : hahaha
22:44 lolo_lola_69: bye2
22:44 Giniguy     : di namana need ug lead oi hahaha
22:44 Kobeboy15   :  placed a sign @ world: x281, z313
  Admin Shop
  10
  B 100
  Cooked Beef
22:44 lolo_lola_69: aok lang dalhon sa place
22:45 Giniguy     : ka nipis iroa, mura mag askal hahaha
22:45 lolo_lola_69: hahaha
22:45 Giniguy     : pakan.a sad na oi
22:45 Giniguy     : cgeg hilak
22:45 Giniguy     : utog na
22:45 lolo_lola_69: atay
22:46 Kobeboy15   :  placed a sign @ world: x291, z311
  RARE
22:47 Kobeboy15   :  placed a sign @ world: x291, z312
  Admin Shop
  1
  B 10000
  EnchantedBook#1
22:48 lolo_lola_69: atay ni tp ang eru
22:48 Giniguy     : asa
22:48 lolo_lola_69: i think sa inyoha
22:48 Kobeboy15   :  placed a sign @ world: x291, z311
  RARE
  Enchant : Mending
22:49 Giniguy     : i dont see it
22:49 Giniguy     : imo man gud gi lead
22:49 lolo_lola_69: ok ra
22:50 lolo_lola_69: nana man ko dog dri
22:50 Giniguy     : wala may iro diri oi haha
22:50 lolo_lola_69: dugay na ni, pero wlay gawas2 balay
23:12 lolo_lola_69: ur mining gravel joh
23:31 lolo_lola_69: gio dota
23:31 Giniguy     : amaw
23:31 Giniguy     : trabaho ko ugma
23:31 Giniguy     : haha
23:31 lolo_lola_69: aw mao
23:31 lolo_lola_69: hahahascge2
23:39 Giniguy     : my bro is here
23:40 lolo_lola_69: kinsay naa andesite
